APPLICATION	Car_Generic &lt;insert.your.version.no&gt; #6 (win64-10.2)
COMPILED	Tessa-Vis-PC@desktop-t7rv54h 2022-06-22 17:18:30
 
FIRST_INIT	(internal default used)	2023-03-11 13:36:21
TIME	0.000
		Sender started with UDP Configuration: 
 IP-Adress: 127.0.0.1 
 Port: 8051 
		UDP_Client started on port 8051Connection closed... 
SIM_END			0s	0m
IDLE	13:36:21
SIM_START	Masterarbeit_CarMaker_2023	2023-03-11 13:36:22
TIME	0.001
		Connection closed...Sender started with UDP Configuration: 
 IP-Adress: 127.0.0.1 
 Port: 8051 
TIME	0.000
SIMULATE	Masterarbeit_CarMaker_2023

TIME	25.092
		UDP_Client started on port 8051Connection closed... 
SIM_END		Masterarbeit_CarMaker_2023	25.089s	308.794m
SIM_START	Masterarbeit_CarMaker_2023	2023-03-11 13:37:02
TIME	26.488
		Connection closed...Sender started with UDP Configuration: 
 IP-Adress: 127.0.0.1 
 Port: 8051 
TIME	0.000
SIMULATE	Masterarbeit_CarMaker_2023

TIME	31.558
		UDP_Client started on port 8051Connection closed... 
SIM_END		Masterarbeit_CarMaker_2023	31.553s	398.572m
TIME	49.987
SIM_START	Masterarbeit_CarMaker_2023	2023-03-11 13:40:38
TIME	0.001
		Connection closed...Sender started with UDP Configuration: 
 IP-Adress: 127.0.0.1 
 Port: 8051 
TIME	0.000
SIMULATE	Masterarbeit_CarMaker_2023

TIME	29.780
		UDP_Client started on port 8051Connection closed... 
SIM_END		Masterarbeit_CarMaker_2023	29.777s	373.905m
TIME	37.808
SIM_START	Masterarbeit_CarMaker_2023	2023-03-11 13:42:29
TIME	37.808
		Connection closed...Sender started with UDP Configuration: 
 IP-Adress: 127.0.0.1 
 Port: 8051 
TIME	0.000
SIMULATE	Masterarbeit_CarMaker_2023

TIME	29.137
		UDP_Client started on port 8051Connection closed... 
SIM_END		Masterarbeit_CarMaker_2023	29.133s	364.961m
TIME	40.623
SIM_START	Masterarbeit_CarMaker_2023	2023-03-11 13:44:55
TIME	40.623
		Connection closed...Sender started with UDP Configuration: 
 IP-Adress: 127.0.0.1 
 Port: 8051 
TIME	0.000
SIMULATE	Masterarbeit_CarMaker_2023

TIME	35.239
		UDP_Client started on port 8051Connection closed... 
SIM_END		Masterarbeit_CarMaker_2023	35.236s	446.281m
SIM_START	Masterarbeit_CarMaker_2023	2023-03-11 13:45:51
TIME	0.001
		Connection closed...Sender started with UDP Configuration: 
 IP-Adress: 127.0.0.1 
 Port: 8051 
TIME	0.000
SIMULATE	Masterarbeit_CarMaker_2023

TIME	37.130
		UDP_Client started on port 8051Connection closed... 
SIM_END		Masterarbeit_CarMaker_2023	37.126s	472.512m
TIME	39.990
SIM_START	Masterarbeit_CarMaker_2023	2023-03-11 13:46:58
TIME	39.990
		Connection closed...Sender started with UDP Configuration: 
 IP-Adress: 127.0.0.1 
 Port: 8051 
TIME	0.000
SIMULATE	Masterarbeit_CarMaker_2023

TIME	6.060
		UDP_Client started on port 8051Connection closed... 
SIM_END		Masterarbeit_CarMaker_2023	6.056s	45.2093m
TIME	11.760
SIM_START	Masterarbeit_CarMaker_2023	2023-03-11 13:48:03
TIME	11.760
		Connection closed...Sender started with UDP Configuration: 
 IP-Adress: 127.0.0.1 
 Port: 8051 
TIME	0.000
SIMULATE	Masterarbeit_CarMaker_2023

TIME	4.643
		UDP_Client started on port 8051Connection closed... 
SIM_END		Masterarbeit_CarMaker_2023	4.639s	27.1625m
TIME	36.809
SIM_START	Masterarbeit_CarMaker_2023	2023-03-11 13:53:31
TIME	0.001
		Connection closed...Sender started with UDP Configuration: 
 IP-Adress: 127.0.0.1 
 Port: 8051 
TIME	0.000
SIMULATE	Masterarbeit_CarMaker_2023

TIME	29.136
		UDP_Client started on port 8051Connection closed... 
SIM_END		Masterarbeit_CarMaker_2023	29.132s	358.151m
TIME	36.741
SIM_START	Masterarbeit_CarMaker_2023	2023-03-11 13:55:18
TIME	0.001
		Connection closed...Sender started with UDP Configuration: 
 IP-Adress: 127.0.0.1 
 Port: 8051 
TIME	0.000
SIMULATE	Masterarbeit_CarMaker_2023

TIME	21.393
		UDP_Client started on port 8051Connection closed... 
SIM_END		Masterarbeit_CarMaker_2023	21.39s	257.016m
TIME	0.001
SIM_START	Masterarbeit_CarMaker_2023	2023-03-11 13:57:00
TIME	0.001
		Connection closed...Sender started with UDP Configuration: 
 IP-Adress: 127.0.0.1 
 Port: 8051 
TIME	0.000
SIMULATE	Masterarbeit_CarMaker_2023

TIME	25.951
		UDP_Client started on port 8051Connection closed... 
SIM_END		Masterarbeit_CarMaker_2023	25.948s	310.818m
TIME	49.687
SIM_START	Masterarbeit_CarMaker_2023	2023-03-11 14:01:25
TIME	0.001
		Connection closed...Sender started with UDP Configuration: 
 IP-Adress: 127.0.0.1 
 Port: 8051 
TIME	0.000
SIMULATE	Masterarbeit_CarMaker_2023

TIME	28.738
		UDP_Client started on port 8051Connection closed... 
SIM_END		Masterarbeit_CarMaker_2023	28.73s	352.049m
TIME	38.680
SIM_START	Masterarbeit_CarMaker_2023	2023-03-11 14:03:36
TIME	0.001
		Connection closed...Sender started with UDP Configuration: 
 IP-Adress: 127.0.0.1 
 Port: 8051 
TIME	0.000
SIMULATE	Masterarbeit_CarMaker_2023

TIME	18.319
		UDP_Client started on port 8051Connection closed... 
SIM_END		Masterarbeit_CarMaker_2023	18.314s	214.697m
TIME	24.946
SIM_START	Masterarbeit_CarMaker_2023	2023-03-11 14:05:02
TIME	0.003
		Connection closed...Sender started with UDP Configuration: 
 IP-Adress: 127.0.0.1 
 Port: 8051 
TIME	0.000
SIMULATE	Masterarbeit_CarMaker_2023

TIME	15.362
		UDP_Client started on port 8051Connection closed... 
SIM_END		Masterarbeit_CarMaker_2023	15.359s	173.655m
TIME	20.605
SIM_START	Masterarbeit_CarMaker_2023	2023-03-11 14:06:12
TIME	20.605
		Connection closed...Sender started with UDP Configuration: 
 IP-Adress: 127.0.0.1 
 Port: 8051 
TIME	0.000
SIMULATE	Masterarbeit_CarMaker_2023

TIME	36.913
		UDP_Client started on port 8051Connection closed... 
SIM_END		Masterarbeit_CarMaker_2023	36.909s	469.499m
SIM_START	Masterarbeit_CarMaker_2023	2023-03-11 14:07:05
TIME	0.001
		Connection closed...Sender started with UDP Configuration: 
 IP-Adress: 127.0.0.1 
 Port: 8051 
TIME	0.000
SIMULATE	Masterarbeit_CarMaker_2023

TIME	9.488
		UDP_Client started on port 8051Connection closed... 
SIM_END		Masterarbeit_CarMaker_2023	9.481s	92.0547m
SIM_START	Masterarbeit_CarMaker_2023	2023-03-11 14:07:26
TIME	10.442
		Connection closed...Sender started with UDP Configuration: 
 IP-Adress: 127.0.0.1 
 Port: 8051 
TIME	0.000
SIMULATE	Masterarbeit_CarMaker_2023

TIME	29.329
		UDP_Client started on port 8051Connection closed... 
SIM_END		Masterarbeit_CarMaker_2023	29.324s	361.07m
TIME	93.773
SIM_START	Masterarbeit_CarMaker_2023	2023-03-11 14:18:41
TIME	93.773
		Connection closed...Sender started with UDP Configuration: 
 IP-Adress: 127.0.0.1 
 Port: 8051 
TIME	2.998
		UDP_Client started on port 8051Connection closed... 
SIM_END		Masterarbeit_CarMaker_2023	0s	0m
SIM_START	Masterarbeit_CarMaker_2023	2023-03-11 14:19:14
TIME	0.001
		Connection closed...Sender started with UDP Configuration: 
 IP-Adress: 127.0.0.1 
 Port: 8051 
TIME	0.000
SIMULATE	Masterarbeit_CarMaker_2023

TIME	42.459
		UDP_Client started on port 8051Connection closed... 
SIM_END		Masterarbeit_CarMaker_2023	42.456s	310.369m
TIME	50.694
SIM_START	Masterarbeit_CarMaker_2023	2023-03-11 14:21:22
TIME	0.003
		Connection closed...Sender started with UDP Configuration: 
 IP-Adress: 127.0.0.1 
 Port: 8051 
TIME	0.000
SIMULATE	Masterarbeit_CarMaker_2023

TIME	43.018
		UDP_Client started on port 8051Connection closed... 
SIM_END		Masterarbeit_CarMaker_2023	43.013s	522.501m
TIME	0.001
TIME	47.158
SIM_START	Masterarbeit_CarMaker_2023	2023-03-11 14:22:50
TIME	0.001
		Connection closed...Sender started with UDP Configuration: 
 IP-Adress: 127.0.0.1 
 Port: 8051 
TIME	0.000
SIMULATE	Masterarbeit_CarMaker_2023

TIME	33.728
		UDP_Client started on port 8051Connection closed... 
SIM_END		Masterarbeit_CarMaker_2023	33.724s	426.315m
TIME	37.578
SIM_START	Masterarbeit_CarMaker_2023	2023-03-11 14:24:04
TIME	0.001
		Connection closed...Sender started with UDP Configuration: 
 IP-Adress: 127.0.0.1 
 Port: 8051 
TIME	0.000
SIMULATE	Masterarbeit_CarMaker_2023

TIME	40.690
		UDP_Client started on port 8051Connection closed... 
SIM_END		Masterarbeit_CarMaker_2023	40.686s	522.307m
TIME	46.196
SIM_START	Masterarbeit_CarMaker_2023	2023-03-11 14:25:43
TIME	46.196
		Connection closed...Sender started with UDP Configuration: 
 IP-Adress: 127.0.0.1 
 Port: 8051 
TIME	0.000
SIMULATE	Masterarbeit_CarMaker_2023

TIME	27.547
		UDP_Client started on port 8051Connection closed... 
SIM_END		Masterarbeit_CarMaker_2023	27.542s	332.414m
SIM_START	Masterarbeit_CarMaker_2023	2023-03-11 14:26:27
TIME	0.001
		Connection closed...Sender started with UDP Configuration: 
 IP-Adress: 127.0.0.1 
 Port: 8051 
TIME	0.000
SIMULATE	Masterarbeit_CarMaker_2023

TIME	30.830
		UDP_Client started on port 8051Connection closed... 
SIM_END		Masterarbeit_CarMaker_2023	30.826s	383.812m
TIME	32.856
SIM_START	Masterarbeit_CarMaker_2023	2023-03-11 14:27:19
TIME	32.856
		Connection closed...Sender started with UDP Configuration: 
 IP-Adress: 127.0.0.1 
 Port: 8051 
TIME	0.000
SIMULATE	Masterarbeit_CarMaker_2023

TIME	32.451
		UDP_Client started on port 8051Connection closed... 
SIM_END		Masterarbeit_CarMaker_2023	32.448s	407.499m
TIME	35.185
SIM_START	Masterarbeit_CarMaker_2023	2023-03-11 14:28:20
TIME	35.185
		Connection closed...Sender started with UDP Configuration: 
 IP-Adress: 127.0.0.1 
 Port: 8051 
TIME	0.000
SIMULATE	Masterarbeit_CarMaker_2023

TIME	30.515
		UDP_Client started on port 8051Connection closed... 
SIM_END		Masterarbeit_CarMaker_2023	30.512s	379.097m
TIME	35.988
SIM_START	Masterarbeit_CarMaker_2023	2023-03-11 14:29:47
TIME	35.988
		Connection closed...Sender started with UDP Configuration: 
 IP-Adress: 127.0.0.1 
 Port: 8051 
TIME	0.000
SIMULATE	Masterarbeit_CarMaker_2023

TIME	33.758
		UDP_Client started on port 8051Connection closed... 
SIM_END		Masterarbeit_CarMaker_2023	33.755s	425.767m
TIME	0.001
SIM_START	Masterarbeit_CarMaker_2023	2023-03-11 14:30:43
TIME	0.001
		Connection closed...Sender started with UDP Configuration: 
 IP-Adress: 127.0.0.1 
 Port: 8051 
TIME	0.000
SIMULATE	Masterarbeit_CarMaker_2023

TIME	27.132
		UDP_Client started on port 8051Connection closed... 
SIM_END		Masterarbeit_CarMaker_2023	27.127s	327.95m
SIM_START	Masterarbeit_CarMaker_2023	2023-03-11 14:31:18
TIME	27.691
		Connection closed...Sender started with UDP Configuration: 
 IP-Adress: 127.0.0.1 
 Port: 8051 
TIME	0.000
SIMULATE	Masterarbeit_CarMaker_2023

TIME	29.085
		UDP_Client started on port 8051Connection closed... 
SIM_END		Masterarbeit_CarMaker_2023	29.081s	357.376m
TIME	0.001
SIM_START	Masterarbeit_CarMaker_2023	2023-03-11 14:32:11
TIME	0.001
		Connection closed...Sender started with UDP Configuration: 
 IP-Adress: 127.0.0.1 
 Port: 8051 
TIME	0.000
SIMULATE	Masterarbeit_CarMaker_2023

TIME	29.130
		UDP_Client started on port 8051Connection closed... 
SIM_END		Masterarbeit_CarMaker_2023	29.126s	358.06m
TIME	222.770
SIM_START	Masterarbeit_CarMaker_2023	2023-03-11 16:05:43
TIME	0.006
		Connection closed...Sender started with UDP Configuration: 
 IP-Adress: 127.0.0.1 
 Port: 8051 
TIME	0.000
SIMULATE	Masterarbeit_CarMaker_2023

TIME	38.449
		UDP_Client started on port 8051Connection closed... 
SIM_END		Masterarbeit_CarMaker_2023	38.445s	490.829m
TIME	212.403
SIM_START	Masterarbeit_CarMaker_2023	2023-03-11 16:35:24
TIME	212.403
		Connection closed...Sender started with UDP Configuration: 
 IP-Adress: 127.0.0.1 
 Port: 8051 
TIME	0.000
SIMULATE	Masterarbeit_CarMaker_2023

TIME	12.170
		UDP_Client started on port 8051Connection closed... 
SIM_END		Masterarbeit_CarMaker_2023	12.166s	129.311m
TIME	0.001
TIME	28.251
SIM_START	Masterarbeit_CarMaker_2023	2023-03-11 16:38:18
TIME	0.001
		Connection closed...Sender started with UDP Configuration: 
 IP-Adress: 127.0.0.1 
 Port: 8051 
TIME	0.000
SIMULATE	Masterarbeit_CarMaker_2023

TIME	30.775
		UDP_Client started on port 8051Connection closed... 
SIM_END		Masterarbeit_CarMaker_2023	30.771s	382.989m
TIME	0.001
TIME	36.739
SIM_START	Masterarbeit_CarMaker_2023	2023-03-11 16:39:50
TIME	0.001
		Connection closed...Sender started with UDP Configuration: 
 IP-Adress: 127.0.0.1 
 Port: 8051 
TIME	0.000
SIMULATE	Masterarbeit_CarMaker_2023

TIME	32.890
		UDP_Client started on port 8051Connection closed... 
SIM_END		Masterarbeit_CarMaker_2023	32.886s	413.676m
TIME	36.430
SIM_START	Masterarbeit_CarMaker_2023	2023-03-11 16:41:00
TIME	36.430
		Connection closed...Sender started with UDP Configuration: 
 IP-Adress: 127.0.0.1 
 Port: 8051 
TIME	0.000
SIMULATE	Masterarbeit_CarMaker_2023

TIME	29.942
		UDP_Client started on port 8051Connection closed... 
SIM_END		Masterarbeit_CarMaker_2023	29.937s	370.391m
TIME	360.230
SIM_START	Masterarbeit_CarMaker_2023	2023-03-11 17:36:34
TIME	0.003
		Connection closed...Sender started with UDP Configuration: 
 IP-Adress: 127.0.0.1 
 Port: 8051 
TIME	0.000
SIMULATE	Masterarbeit_CarMaker_2023

TIME	40.714
		UDP_Client started on port 8051Connection closed... 
SIM_END		Masterarbeit_CarMaker_2023	40.711s	522.301m
TIME	48.542
SIM_START	Masterarbeit_CarMaker_2023	2023-03-11 17:38:34
TIME	48.542
		Connection closed...Sender started with UDP Configuration: 
 IP-Adress: 127.0.0.1 
 Port: 8051 
TIME	0.000
SIMULATE	Masterarbeit_CarMaker_2023

TIME	10.667
		UDP_Client started on port 8051Connection closed... 
SIM_END		Masterarbeit_CarMaker_2023	10.663s	108.445m
TIME	29.729
SIM_START	Masterarbeit_CarMaker_2023	2023-03-11 17:41:57
TIME	29.729
		Connection closed...Sender started with UDP Configuration: 
 IP-Adress: 127.0.0.1 
 Port: 8051 
TIME	0.000
SIMULATE	Masterarbeit_CarMaker_2023

TIME	12.435
		UDP_Client started on port 8051Connection closed... 
SIM_END		Masterarbeit_CarMaker_2023	12.432s	133.004m
TIME	15.617
SIM_START	Masterarbeit_CarMaker_2023	2023-03-11 17:42:43
TIME	15.617
		Connection closed...Sender started with UDP Configuration: 
 IP-Adress: 127.0.0.1 
 Port: 8051 
TIME	0.000
SIMULATE	Masterarbeit_CarMaker_2023

TIME	9.182
		UDP_Client started on port 8051Connection closed... 
SIM_END		Masterarbeit_CarMaker_2023	9.178s	87.8587m
TIME	0.001
SIM_START	Masterarbeit_CarMaker_2023	2023-03-11 17:44:10
TIME	0.001
		Connection closed...Sender started with UDP Configuration: 
 IP-Adress: 127.0.0.1 
 Port: 8051 
TIME	0.000
SIMULATE	Masterarbeit_CarMaker_2023

TIME	29.813
		UDP_Client started on port 8051Connection closed... 
SIM_END		Masterarbeit_CarMaker_2023	29.809s	368.446m
TIME	33.169
SIM_START	Masterarbeit_CarMaker_2023	2023-03-11 17:45:15
TIME	33.169
		Connection closed...Sender started with UDP Configuration: 
 IP-Adress: 127.0.0.1 
 Port: 8051 
TIME	0.000
SIMULATE	Masterarbeit_CarMaker_2023

TIME	2.771
		UDP_Client started on port 8051Connection closed... 
SIM_END		Masterarbeit_CarMaker_2023	2.768s	8.72138m
TIME	879.674
SIM_START	Masterarbeit_CarMaker_2023	2023-03-12 12:56:43
TIME	879.674
		Connection closed...Sender started with UDP Configuration: 
 IP-Adress: 127.0.0.1 
 Port: 8051 
TIME	0.000
SIMULATE	Masterarbeit_CarMaker_2023

TIME	40.714
		UDP_Client started on port 8051Connection closed... 
SIM_END		Masterarbeit_CarMaker_2023	40.711s	522.301m
TIME	708.043
SIM_START	Masterarbeit_CarMaker_2023	2023-03-12 14:48:42
TIME	708.043
		Connection closed...Sender started with UDP Configuration: 
 IP-Adress: 127.0.0.1 
 Port: 8051 
TIME	0.000
SIMULATE	Masterarbeit_CarMaker_2023

TIME	40.714
		UDP_Client started on port 8051Connection closed... 
SIM_END		Masterarbeit_CarMaker_2023	40.711s	522.301m
TIME	43.473
SIM_START	Masterarbeit_CarMaker_2023	2023-03-12 14:49:51
TIME	43.473
		Connection closed...Sender started with UDP Configuration: 
 IP-Adress: 127.0.0.1 
 Port: 8051 
TIME	0.000
SIMULATE	Masterarbeit_CarMaker_2023

TIME	28.510
		UDP_Client started on port 8051Connection closed... 
SIM_END		Masterarbeit_CarMaker_2023	28.505s	348.64m
TIME	0.001
SIM_START	Masterarbeit_CarMaker_2023	2023-03-12 14:53:56
TIME	0.001
		Connection closed...Sender started with UDP Configuration: 
 IP-Adress: 127.0.0.1 
 Port: 8051 
TIME	0.000
SIMULATE	Masterarbeit_CarMaker_2023

TIME	20.239
		UDP_Client started on port 8051Connection closed... 
SIM_END		Masterarbeit_CarMaker_2023	20.236s	241.387m
TIME	0.001
SIM_START	Masterarbeit_CarMaker_2023	2023-03-12 14:55:11
TIME	0.001
		Connection closed...Sender started with UDP Configuration: 
 IP-Adress: 127.0.0.1 
 Port: 8051 
TIME	0.000
SIMULATE	Masterarbeit_CarMaker_2023

TIME	15.119
		UDP_Client started on port 8051Connection closed... 
SIM_END		Masterarbeit_CarMaker_2023	15.114s	170.252m
TIME	19.509
SIM_START	Masterarbeit_CarMaker_2023	2023-03-12 14:56:11
TIME	19.509
		Connection closed...Sender started with UDP Configuration: 
 IP-Adress: 127.0.0.1 
 Port: 8051 
TIME	0.000
SIMULATE	Masterarbeit_CarMaker_2023

TIME	24.448
		UDP_Client started on port 8051Connection closed... 
SIM_END		Masterarbeit_CarMaker_2023	24.445s	291.063m
TIME	34.956
SIM_START	Masterarbeit_CarMaker_2023	2023-03-12 14:58:22
TIME	34.956
		Connection closed...Sender started with UDP Configuration: 
 IP-Adress: 127.0.0.1 
 Port: 8051 
TIME	0.000
SIMULATE	Masterarbeit_CarMaker_2023

TIME	40.714
		UDP_Client started on port 8051Connection closed... 
SIM_END		Masterarbeit_CarMaker_2023	40.711s	522.301m
TIME	47.912
SIM_START	Masterarbeit_CarMaker_2023	2023-03-12 15:00:16
TIME	0.001
		Connection closed...Sender started with UDP Configuration: 
 IP-Adress: 127.0.0.1 
 Port: 8051 
TIME	0.000
SIMULATE	Masterarbeit_CarMaker_2023

TIME	31.923
		UDP_Client started on port 8051Connection closed... 
SIM_END		Masterarbeit_CarMaker_2023	31.92s	399.945m
TIME	0.001
SIM_START	Masterarbeit_CarMaker_2023	2023-03-12 15:01:11
TIME	0.001
		Connection closed...Sender started with UDP Configuration: 
 IP-Adress: 127.0.0.1 
 Port: 8051 
TIME	0.000
SIMULATE	Masterarbeit_CarMaker_2023

TIME	26.468
		UDP_Client started on port 8051Connection closed... 
SIM_END		Masterarbeit_CarMaker_2023	26.465s	318.226m
SIM_START	Masterarbeit_CarMaker_2023	2023-03-12 15:01:53
TIME	0.001
		Connection closed...Sender started with UDP Configuration: 
 IP-Adress: 127.0.0.1 
 Port: 8051 
TIME	0.000
SIMULATE	Masterarbeit_CarMaker_2023

TIME	28.017
		UDP_Client started on port 8051Connection closed... 
SIM_END		Masterarbeit_CarMaker_2023	28.014s	341.223m
SIM_START	Masterarbeit_CarMaker_2023	2023-03-12 15:02:36
TIME	29.368
		Connection closed...Sender started with UDP Configuration: 
 IP-Adress: 127.0.0.1 
 Port: 8051 
TIME	0.000
SIMULATE	Masterarbeit_CarMaker_2023

TIME	32.245
		UDP_Client started on port 8051Connection closed... 
SIM_END		Masterarbeit_CarMaker_2023	32.24s	404.54m
SIM_START	Masterarbeit_CarMaker_2023	2023-03-12 15:03:21
TIME	33.414
		Connection closed...Sender started with UDP Configuration: 
 IP-Adress: 127.0.0.1 
 Port: 8051 
TIME	0.000
SIMULATE	Masterarbeit_CarMaker_2023

TIME	31.524
		UDP_Client started on port 8051Connection closed... 
SIM_END		Masterarbeit_CarMaker_2023	31.519s	394.099m
TIME	0.001
SIM_START	Masterarbeit_CarMaker_2023	2023-03-12 15:04:12
TIME	0.001
		Connection closed...Sender started with UDP Configuration: 
 IP-Adress: 127.0.0.1 
 Port: 8051 
TIME	0.000
SIMULATE	Masterarbeit_CarMaker_2023

TIME	31.091
		UDP_Client started on port 8051Connection closed... 
SIM_END		Masterarbeit_CarMaker_2023	31.088s	387.722m
SIM_START	Masterarbeit_CarMaker_2023	2023-03-12 15:04:52
TIME	31.874
		Connection closed...Sender started with UDP Configuration: 
 IP-Adress: 127.0.0.1 
 Port: 8051 
TIME	0.000
SIMULATE	Masterarbeit_CarMaker_2023

TIME	31.512
		UDP_Client started on port 8051Connection closed... 
SIM_END		Masterarbeit_CarMaker_2023	31.509s	393.952m
TIME	316.934
SIM_START	Masterarbeit_CarMaker_2023	2023-03-12 16:07:11
TIME	316.934
		Connection closed...Sender started with UDP Configuration: 
 IP-Adress: 127.0.0.1 
 Port: 8051 
TIME	0.000
SIMULATE	Masterarbeit_CarMaker_2023

TIME	40.714
		UDP_Client started on port 8051Connection closed... 
SIM_END		Masterarbeit_CarMaker_2023	40.711s	522.301m
TIME	45.662
SIM_START	Masterarbeit_CarMaker_2023	2023-03-12 16:08:42
TIME	0.001
		Connection closed...Sender started with UDP Configuration: 
 IP-Adress: 127.0.0.1 
 Port: 8051 
TIME	0.000
SIMULATE	Masterarbeit_CarMaker_2023

TIME	6.235
		UDP_Client started on port 8051Connection closed... 
SIM_END		Masterarbeit_CarMaker_2023	6.23s	47.5239m
TIME	0.001
SIM_START	Masterarbeit_CarMaker_2023	2023-03-12 16:09:06
TIME	0.001
		Connection closed...Sender started with UDP Configuration: 
 IP-Adress: 127.0.0.1 
 Port: 8051 
TIME	0.000
SIMULATE	Masterarbeit_CarMaker_2023

TIME	18.477
		UDP_Client started on port 8051Connection closed... 
SIM_END		Masterarbeit_CarMaker_2023	18.474s	216.919m
TIME	25.749
SIM_START	Masterarbeit_CarMaker_2023	2023-03-12 16:10:39
TIME	25.749
		Connection closed...Sender started with UDP Configuration: 
 IP-Adress: 127.0.0.1 
 Port: 8051 
TIME	0.000
SIMULATE	Masterarbeit_CarMaker_2023

		UDP_Client started on port 8051Connection closed... 
SIM_END		Masterarbeit_CarMaker_2023	0.415s	0.0310872m
TIME	105.945
SIM_START	Masterarbeit_CarMaker_2023	2023-03-12 16:28:16
TIME	0.001
		Connection closed...Sender started with UDP Configuration: 
 IP-Adress: 127.0.0.1 
 Port: 8051 
TIME	0.000
SIMULATE	Masterarbeit_CarMaker_2023

TIME	15.602
		UDP_Client started on port 8051Connection closed... 
SIM_END		Masterarbeit_CarMaker_2023	15.599s	176.989m
TIME	234.757
SIM_START	Masterarbeit_CarMaker_2023	2023-03-12 17:05:04
TIME	234.757
		Connection closed...Sender started with UDP Configuration: 
 IP-Adress: 127.0.0.1 
 Port: 8051 
TIME	0.000
SIMULATE	Masterarbeit_CarMaker_2023

TIME	34.330
		UDP_Client started on port 8051Connection closed... 
SIM_END		Masterarbeit_CarMaker_2023	34.327s	433.684m
SIM_START	Masterarbeit_CarMaker_2023	2023-03-12 17:06:00
TIME	36.281
		Connection closed...Sender started with UDP Configuration: 
 IP-Adress: 127.0.0.1 
 Port: 8051 
TIME	0.000
SIMULATE	Masterarbeit_CarMaker_2023

TIME	31.815
		UDP_Client started on port 8051Connection closed... 
SIM_END		Masterarbeit_CarMaker_2023	31.811s	398.365m
TIME	87.973
SHUTDOWN	CarMaker quick shutdown initiated

