APPLICATION	Car_Generic &lt;insert.your.version.no&gt; #6 (win64-10.2)
COMPILED	Tessa-Vis-PC@desktop-t7rv54h 2022-06-22 17:18:30
 
FIRST_INIT	(internal default used)	2023-03-10 12:28:30
TIME	0.000
		Sender started with UDP Configuration: 
 IP-Adress: 127.0.0.1 
 Port: 8051 
		UDP_Client started on port 8051Connection closed... 
SIM_END			0s	0m
IDLE	12:28:31
SIM_START	Masterarbeit_CarMaker	2023-03-10 12:28:32
TIME	0.101
		Connection closed...Sender started with UDP Configuration: 
 IP-Adress: 127.0.0.1 
 Port: 8051 
TIME	0.000
SIMULATE	Masterarbeit_CarMaker

TIME	33.844
		UDP_Client started on port 8051Connection closed... 
SIM_END		Masterarbeit_CarMaker	33.839s	428.488m
TIME	36.745
SIM_START	Masterarbeit_CarMaker	2023-03-10 12:29:36
TIME	0.001
		Connection closed...Sender started with UDP Configuration: 
 IP-Adress: 127.0.0.1 
 Port: 8051 
TIME	0.000
SIMULATE	Masterarbeit_CarMaker

TIME	25.066
		UDP_Client started on port 8051Connection closed... 
SIM_END		Masterarbeit_CarMaker	25.063s	299.909m
TIME	28.394
SIM_START	Masterarbeit_CarMaker	2023-03-10 12:30:36
TIME	28.394
		Connection closed...Sender started with UDP Configuration: 
 IP-Adress: 127.0.0.1 
 Port: 8051 
TIME	0.000
SIMULATE	Masterarbeit_CarMaker

TIME	33.988
		UDP_Client started on port 8051Connection closed... 
SIM_END		Masterarbeit_CarMaker	33.984s	430.495m
TIME	62.530
SIM_START	Masterarbeit_CarMaker	2023-03-10 12:35:56
TIME	0.026
		Connection closed...Sender started with UDP Configuration: 
 IP-Adress: 127.0.0.1 
 Port: 8051 
TIME	0.000
SIMULATE	Masterarbeit_CarMaker

TIME	18.560
		UDP_Client started on port 8051Connection closed... 
SIM_END		Masterarbeit_CarMaker	18.557s	218.072m
TIME	40.666
SIM_START	Masterarbeit_CarMaker	2023-03-10 12:39:57
TIME	40.666
		Connection closed...Sender started with UDP Configuration: 
 IP-Adress: 127.0.0.1 
 Port: 8051 
TIME	0.000
SIMULATE	Masterarbeit_CarMaker

TIME	20.946
		UDP_Client started on port 8051Connection closed... 
SIM_END		Masterarbeit_CarMaker	20.941s	251.063m
TIME	152.459
SIM_START	Masterarbeit_CarMaker	2023-03-10 13:02:14
TIME	152.459
		Connection closed...Sender started with UDP Configuration: 
 IP-Adress: 127.0.0.1 
 Port: 8051 
TIME	0.000
SIMULATE	Masterarbeit_CarMaker

TIME	23.156
		UDP_Client started on port 8051Connection closed... 
SIM_END		Masterarbeit_CarMaker	23.152s	277.206m
TIME	26.107
SIM_START	Masterarbeit_CarMaker	2023-03-10 13:03:08
TIME	26.107
		Connection closed...Sender started with UDP Configuration: 
 IP-Adress: 127.0.0.1 
 Port: 8051 
TIME	0.000
SIMULATE	Masterarbeit_CarMaker

TIME	36.157
		UDP_Client started on port 8051Connection closed... 
SIM_END		Masterarbeit_CarMaker	36.154s	460.581m
TIME	176.494
SIM_START	Masterarbeit_CarMaker	2023-03-10 13:27:08
TIME	176.494
		Connection closed...Sender started with UDP Configuration: 
 IP-Adress: 127.0.0.1 
 Port: 8051 
TIME	0.000
SIMULATE	Masterarbeit_CarMaker

TIME	39.549
		UDP_Client started on port 8051Connection closed... 
SIM_END		Masterarbeit_CarMaker	39.546s	507.684m
TIME	54.540
SIM_START	Masterarbeit_CarMaker	2023-03-10 13:30:19
TIME	0.003
		Connection closed...Sender started with UDP Configuration: 
 IP-Adress: 127.0.0.1 
 Port: 8051 
TIME	0.000
SIMULATE	Masterarbeit_CarMaker

TIME	39.550
		UDP_Client started on port 8051Connection closed... 
SIM_END		Masterarbeit_CarMaker	39.546s	507.684m
TIME	95.945
SIM_START	Masterarbeit_CarMaker	2023-03-10 13:40:24
TIME	95.945
		Connection closed...Sender started with UDP Configuration: 
 IP-Adress: 127.0.0.1 
 Port: 8051 
TIME	0.000
SIMULATE	Masterarbeit_CarMaker

TIME	39.549
		UDP_Client started on port 8051Connection closed... 
SIM_END		Masterarbeit_CarMaker	39.546s	507.684m
SIM_START	Masterarbeit_CarMaker	2023-03-10 13:41:21
TIME	41.177
		Connection closed...Sender started with UDP Configuration: 
 IP-Adress: 127.0.0.1 
 Port: 8051 
TIME	0.000
SIMULATE	Masterarbeit_CarMaker

TIME	39.549
		UDP_Client started on port 8051Connection closed... 
SIM_END		Masterarbeit_CarMaker	39.546s	507.684m
TIME	43.091
SIM_START	Masterarbeit_CarMaker	2023-03-10 13:42:38
TIME	0.001
		Connection closed...Sender started with UDP Configuration: 
 IP-Adress: 127.0.0.1 
 Port: 8051 
TIME	0.000
SIMULATE	Masterarbeit_CarMaker

TIME	14.345
		UDP_Client started on port 8051Connection closed... 
SIM_END		Masterarbeit_CarMaker	14.342s	159.53m
SIM_START	Masterarbeit_CarMaker	2023-03-10 13:43:08
TIME	0.001
		Connection closed...Sender started with UDP Configuration: 
 IP-Adress: 127.0.0.1 
 Port: 8051 
TIME	0.000
SIMULATE	Masterarbeit_CarMaker

TIME	31.178
		UDP_Client started on port 8051Connection closed... 
SIM_END		Masterarbeit_CarMaker	31.175s	390.689m
TIME	0.001
SIM_START	Masterarbeit_CarMaker	2023-03-10 13:44:18
TIME	0.003
		Connection closed...Sender started with UDP Configuration: 
 IP-Adress: 127.0.0.1 
 Port: 8051 
TIME	0.000
SIMULATE	Masterarbeit_CarMaker

TIME	39.549
		UDP_Client started on port 8051Connection closed... 
SIM_END		Masterarbeit_CarMaker	39.546s	507.684m
TIME	68.795
SIM_START	Masterarbeit_CarMaker	2023-03-10 13:49:52
TIME	0.001
		Connection closed...Sender started with UDP Configuration: 
 IP-Adress: 127.0.0.1 
 Port: 8051 
TIME	0.000
SIMULATE	Masterarbeit_CarMaker

TIME	39.550
		UDP_Client started on port 8051Connection closed... 
SIM_END		Masterarbeit_CarMaker	39.546s	507.684m
TIME	0.001
SIM_START	Masterarbeit_CarMaker	2023-03-10 13:51:17
TIME	0.001
		Connection closed...Sender started with UDP Configuration: 
 IP-Adress: 127.0.0.1 
 Port: 8051 
TIME	0.000
SIMULATE	Masterarbeit_CarMaker

TIME	39.550
		UDP_Client started on port 8051Connection closed... 
SIM_END		Masterarbeit_CarMaker	39.546s	507.684m
TIME	49.044
SIM_START	Masterarbeit_CarMaker	2023-03-10 13:53:33
TIME	49.044
		Connection closed...Sender started with UDP Configuration: 
 IP-Adress: 127.0.0.1 
 Port: 8051 
TIME	0.000
SIMULATE	Masterarbeit_CarMaker

TIME	39.549
		UDP_Client started on port 8051Connection closed... 
SIM_END		Masterarbeit_CarMaker	39.546s	507.684m
SIM_START	Masterarbeit_CarMaker	2023-03-10 13:54:25
TIME	0.001
		Connection closed...Sender started with UDP Configuration: 
 IP-Adress: 127.0.0.1 
 Port: 8051 
TIME	0.000
SIMULATE	Masterarbeit_CarMaker

TIME	36.056
		UDP_Client started on port 8051Connection closed... 
SIM_END		Masterarbeit_CarMaker	36.052s	459.165m
TIME	42.514
SIM_START	Masterarbeit_CarMaker	2023-03-10 13:56:06
TIME	42.514
		Connection closed...Sender started with UDP Configuration: 
 IP-Adress: 127.0.0.1 
 Port: 8051 
TIME	0.000
SIMULATE	Masterarbeit_CarMaker

TIME	9.315
		UDP_Client started on port 8051Connection closed... 
SIM_END		Masterarbeit_CarMaker	9.311s	89.7001m
TIME	11.495
SIM_START	Masterarbeit_CarMaker	2023-03-10 13:56:38
TIME	11.495
		Connection closed...Sender started with UDP Configuration: 
 IP-Adress: 127.0.0.1 
 Port: 8051 
TIME	0.000
SIMULATE	Masterarbeit_CarMaker

TIME	12.843
		UDP_Client started on port 8051Connection closed... 
SIM_END		Masterarbeit_CarMaker	12.84s	138.67m
TIME	15.324
SIM_START	Masterarbeit_CarMaker	2023-03-10 13:57:17
TIME	0.001
		Connection closed...Sender started with UDP Configuration: 
 IP-Adress: 127.0.0.1 
 Port: 8051 
TIME	0.000
SIMULATE	Masterarbeit_CarMaker

TIME	18.419
		UDP_Client started on port 8051Connection closed... 
SIM_END		Masterarbeit_CarMaker	18.416s	216.114m
SIM_START	Masterarbeit_CarMaker	2023-03-10 13:57:55
TIME	0.001
		Connection closed...Sender started with UDP Configuration: 
 IP-Adress: 127.0.0.1 
 Port: 8051 
TIME	0.000
SIMULATE	Masterarbeit_CarMaker

TIME	30.234
		UDP_Client started on port 8051Connection closed... 
SIM_END		Masterarbeit_CarMaker	30.23s	376.543m
TIME	0.001
SIM_START	Masterarbeit_CarMaker	2023-03-10 14:06:27
TIME	0.001
		Connection closed...Sender started with UDP Configuration: 
 IP-Adress: 127.0.0.1 
 Port: 8051 
TIME	0.000
SIMULATE	Masterarbeit_CarMaker

TIME	11.462
		UDP_Client started on port 8051Connection closed... 
SIM_END		Masterarbeit_CarMaker	11.459s	119.494m
TIME	15.794
SIM_START	Masterarbeit_CarMaker	2023-03-10 14:07:23
TIME	15.794
		Connection closed...Sender started with UDP Configuration: 
 IP-Adress: 127.0.0.1 
 Port: 8051 
TIME	0.000
SIMULATE	Masterarbeit_CarMaker

TIME	29.476
		UDP_Client started on port 8051Connection closed... 
SIM_END		Masterarbeit_CarMaker	29.471s	365.017m
TIME	34.309
SIM_START	Masterarbeit_CarMaker	2023-03-10 14:08:41
TIME	34.309
		Connection closed...Sender started with UDP Configuration: 
 IP-Adress: 127.0.0.1 
 Port: 8051 
TIME	0.000
SIMULATE	Masterarbeit_CarMaker

TIME	23.596
		UDP_Client started on port 8051Connection closed... 
SIM_END		Masterarbeit_CarMaker	23.592s	281.925m
TIME	0.001
SIM_START	Masterarbeit_CarMaker	2023-03-10 14:09:26
TIME	0.001
		Connection closed...Sender started with UDP Configuration: 
 IP-Adress: 127.0.0.1 
 Port: 8051 
TIME	0.000
SIMULATE	Masterarbeit_CarMaker

TIME	24.023
		UDP_Client started on port 8051Connection closed... 
SIM_END		Masterarbeit_CarMaker	24.02s	286.758m
SIM_START	Masterarbeit_CarMaker	2023-03-10 14:10:09
TIME	25.805
		Connection closed...Sender started with UDP Configuration: 
 IP-Adress: 127.0.0.1 
 Port: 8051 
TIME	0.000
SIMULATE	Masterarbeit_CarMaker

TIME	9.288
		UDP_Client started on port 8051Connection closed... 
SIM_END		Masterarbeit_CarMaker	9.285s	89.34m
TIME	11.329
SIM_START	Masterarbeit_CarMaker	2023-03-10 14:10:40
TIME	0.001
		Connection closed...Sender started with UDP Configuration: 
 IP-Adress: 127.0.0.1 
 Port: 8051 
TIME	0.000
SIMULATE	Masterarbeit_CarMaker

TIME	30.671
		UDP_Client started on port 8051Connection closed... 
SIM_END		Masterarbeit_CarMaker	30.667s	383.121m
TIME	38.681
SIM_START	Masterarbeit_CarMaker	2023-03-10 14:12:31
TIME	0.001
		Connection closed...Sender started with UDP Configuration: 
 IP-Adress: 127.0.0.1 
 Port: 8051 
TIME	0.000
SIMULATE	Masterarbeit_CarMaker

TIME	35.351
		UDP_Client started on port 8051Connection closed... 
SIM_END		Masterarbeit_CarMaker	35.347s	449.383m
SIM_START	Masterarbeit_CarMaker	2023-03-10 14:13:15
TIME	36.086
		Connection closed...Sender started with UDP Configuration: 
 IP-Adress: 127.0.0.1 
 Port: 8051 
TIME	0.000
SIMULATE	Masterarbeit_CarMaker

TIME	13.301
		UDP_Client started on port 8051Connection closed... 
SIM_END		Masterarbeit_CarMaker	13.297s	145.017m
TIME	18.155
SIM_START	Masterarbeit_CarMaker	2023-03-10 14:14:18
TIME	0.001
		Connection closed...Sender started with UDP Configuration: 
 IP-Adress: 127.0.0.1 
 Port: 8051 
TIME	0.000
SIMULATE	Masterarbeit_CarMaker

TIME	26.187
		UDP_Client started on port 8051Connection closed... 
SIM_END		Masterarbeit_CarMaker	26.183s	315.643m
TIME	43.266
SIM_START	Masterarbeit_CarMaker	2023-03-10 14:17:36
TIME	0.001
		Connection closed...Sender started with UDP Configuration: 
 IP-Adress: 127.0.0.1 
 Port: 8051 
TIME	0.000
SIMULATE	Masterarbeit_CarMaker

TIME	9.188
		UDP_Client started on port 8051Connection closed... 
SIM_END		Masterarbeit_CarMaker	9.183s	87.9279m
TIME	50.285
SIM_START	Masterarbeit_CarMaker	2023-03-10 14:24:37
TIME	50.285
		Connection closed...Sender started with UDP Configuration: 
 IP-Adress: 127.0.0.1 
 Port: 8051 
TIME	0.000
SIMULATE	Masterarbeit_CarMaker

TIME	39.550
		UDP_Client started on port 8051Connection closed... 
SIM_END		Masterarbeit_CarMaker	39.546s	507.684m
SIM_START	Masterarbeit_CarMaker	2023-03-10 14:25:31
TIME	40.885
		Connection closed...Sender started with UDP Configuration: 
 IP-Adress: 127.0.0.1 
 Port: 8051 
TIME	0.000
SIMULATE	Masterarbeit_CarMaker

TIME	3.144
		UDP_Client started on port 8051Connection closed... 
SIM_END		Masterarbeit_CarMaker	3.141s	11.6187m
TIME	12.945
SIM_START	Masterarbeit_CarMaker	2023-03-10 14:27:13
TIME	0.001
		Connection closed...Sender started with UDP Configuration: 
 IP-Adress: 127.0.0.1 
 Port: 8051 
TIME	0.000
SIMULATE	Masterarbeit_CarMaker

TIME	16.293
		UDP_Client started on port 8051Connection closed... 
SIM_END		Masterarbeit_CarMaker	16.29s	186.586m
TIME	32.202
SIM_START	Masterarbeit_CarMaker	2023-03-10 14:30:09
TIME	32.202
		Connection closed...Sender started with UDP Configuration: 
 IP-Adress: 127.0.0.1 
 Port: 8051 
TIME	0.000
SIMULATE	Masterarbeit_CarMaker

TIME	38.351
		UDP_Client started on port 8051Connection closed... 
SIM_END		Masterarbeit_CarMaker	38.347s	491.032m
TIME	0.001
SIM_START	Masterarbeit_CarMaker	2023-03-10 14:41:54
TIME	0.004
		Connection closed...Sender started with UDP Configuration: 
 IP-Adress: 127.0.0.1 
 Port: 8051 
TIME	0.000
SIMULATE	Masterarbeit_CarMaker

TIME	24.616
		UDP_Client started on port 8051Connection closed... 
SIM_END		Masterarbeit_CarMaker	24.611s	293.985m
TIME	32.013
SIM_START	Masterarbeit_CarMaker	2023-03-10 14:43:34
TIME	32.013
		Connection closed...Sender started with UDP Configuration: 
 IP-Adress: 127.0.0.1 
 Port: 8051 
TIME	0.000
SIMULATE	Masterarbeit_CarMaker

TIME	26.264
		UDP_Client started on port 8051Connection closed... 
SIM_END		Masterarbeit_CarMaker	26.26s	316.762m
TIME	134.585
SHUTDOWN	CarMaker quick shutdown initiated

