APPLICATION	Car_Generic &lt;insert.your.version.no&gt; #6 (win64-10.2)
COMPILED	Tessa-Vis-PC@desktop-t7rv54h 2022-06-22 17:18:30
 
FIRST_INIT	(internal default used)	2023-03-02 10:43:13
TIME	0.000
		Sender started with UDP Configuration: 
 IP-Adress: 127.0.0.1 
 Port: 8051 
		UDP_Client started on port 8051Connection closed... 
SIM_END			0s	0m
IDLE	10:43:13
SIM_START	New_MA_CM	2023-03-02 10:43:15
TIME	0.162
		Connection closed...Sender started with UDP Configuration: 
 IP-Adress: 127.0.0.1 
 Port: 8051 
TIME	0.000
SIMULATE	New_MA_CM

TIME	20.655
		UDP_Client started on port 8051Connection closed... 
SIM_END		New_MA_CM	20.652s	192.589m
TIME	24.502
SIM_START	New_MA_CM	2023-03-02 10:44:15
TIME	24.502
		Connection closed...Sender started with UDP Configuration: 
 IP-Adress: 127.0.0.1 
 Port: 8051 
TIME	0.000
SIMULATE	New_MA_CM

TIME	44.862
		UDP_Client started on port 8051Connection closed... 
SIM_END		New_MA_CM	44.858s	463.115m
TIME	760.250
SIM_START	New_MA_CM	2023-03-02 13:20:10
TIME	0.003
		Connection closed...Sender started with UDP Configuration: 
 IP-Adress: 127.0.0.1 
 Port: 8051 
TIME	0.000
SIMULATE	New_MA_CM

TIME	47.105
		UDP_Client started on port 8051Connection closed... 
SIM_END		New_MA_CM	47.102s	488.194m
TIME	137.968
SHUTDOWN	CarMaker quick shutdown initiated

