APPLICATION	Car_Generic &lt;insert.your.version.no&gt; #6 (win64-10.2)
COMPILED	Tessa-Vis-PC@desktop-t7rv54h 2022-06-22 17:18:30
 
FIRST_INIT	(internal default used)	2023-02-20 11:38:10
TIME	0.000
		Sender started with UDP Configuration: 
 IP-Adress: 127.0.0.1 
 Port: 8051 
		UDP_Client started on port 8051Connection closed... 
SIM_END			0s	0m
IDLE	11:38:11
SIM_START	scenario_1_and_2	2023-02-20 11:38:16
TIME	0.001
		Connection closed...Sender started with UDP Configuration: 
 IP-Adress: 127.0.0.1 
 Port: 8051 
TIME	0.000
SIMULATE	scenario_1_and_2

TIME	38.446
		UDP_Client started on port 8051Connection closed... 
SIM_END		scenario_1_and_2	38.441s	157.371m
TIME	0.000
SIM_START	scenario_1_and_2	2023-02-20 11:43:01
TIME	0.013
		Connection closed...Sender started with UDP Configuration: 
 IP-Adress: 127.0.0.1 
 Port: 8051 
TIME	0.000
SIMULATE	scenario_1_and_2

TIME	20.955
		UDP_Client started on port 8051Connection closed... 
SIM_END		scenario_1_and_2	20.951s	84.4952m
TIME	0.001
SIM_START	scenario_1_and_2	2023-02-20 11:45:32
TIME	0.006
		Connection closed...Sender started with UDP Configuration: 
 IP-Adress: 127.0.0.1 
 Port: 8051 
TIME	0.000
SIMULATE	scenario_1_and_2

TIME	71.264
		UDP_Client started on port 8051Connection closed... 
SIM_END		scenario_1_and_2	71.261s	503.719m
TIME	1820.488
SHUTDOWN	CarMaker quick shutdown initiated

