APPLICATION	CarMaker 9.1.1 - Car_Generic #475 (win64-9.1.1)
COMPILED	fh@obelix.ipg 2020-12-18 15:49:20
 
FIRST_INIT	(internal default used)	2021-04-18 13:22:13
TIME	0.000
SIM_END			0s	0m
IDLE	13:22:14
SIM_START	unknown	2021-04-18 13:22:15
TIME	0.000
SIMULATE	unknown

TIME	25.995
SIM_END		unknown	25.986s	200.93m
SIM_START	unknown	2021-04-18 13:22:21
TIME	0.000
SIMULATE	unknown

TIME	25.995
SIM_END		unknown	25.986s	200.93m
SIM_START	unknown	2021-04-18 13:22:26
TIME	0.000
SIMULATE	unknown

TIME	25.995
SIM_END		unknown	25.986s	200.93m
SIM_START	unknown	2021-04-18 13:22:46
TIME	0.000
SIMULATE	unknown

TIME	25.995
SIM_END		unknown	25.986s	200.93m
TIME	50.312
SIM_START	unknown	2021-04-18 13:26:52
TIME	0.000
SIMULATE	unknown

TIME	57.696
SIM_END		unknown	57.687s	660.797m
TIME	64.746
SIM_START	unknown	2021-04-18 13:28:07
TIME	0.000
SIMULATE	unknown

TIME	57.289
SIM_END		unknown	57.28s	660.899m
SIM_START	unknown	2021-04-18 13:28:17
TIME	0.000
SIMULATE	unknown

TIME	57.289
SIM_END		unknown	57.28s	660.899m
SIM_START	unknown	2021-04-18 13:28:23
TIME	0.000
SIMULATE	unknown

TIME	57.289
SIM_END		unknown	57.28s	660.899m
SIM_START	unknown	2021-04-18 13:28:47
TIME	0.000
SIMULATE	unknown

TIME	57.289
SIM_END		unknown	57.28s	660.899m
TIME	426.196
SIM_START	unknown	2021-04-18 14:30:20
TIME	0.000
SIMULATE	unknown

TIME	57.289
SIM_END		unknown	57.28s	660.899m
SIM_START	unknown	2021-04-18 14:30:38
TIME	0.000
SIMULATE	unknown

TIME	57.289
SIM_END		unknown	57.28s	660.899m
TIME	345.742
SIM_START	unknown	2021-04-18 15:18:46
TIME	0.000
SIMULATE	unknown

TIME	2.829
SIM_END		unknown	2.824s	3.07866m
SIM_START	unknown	2021-04-18 15:19:16
TIME	0.000
SIMULATE	unknown

TIME	57.285
SIM_END		unknown	57.28s	660.899m
TIME	373.704
SIM_START	unknown	2021-04-18 16:13:58
TIME	0.000
SIMULATE	unknown

TIME	14.378
SIM_END		unknown	14.375s	95.4718m
SIM_START	unknown	2021-04-18 16:14:35
TIME	0.000
SIMULATE	unknown

TIME	22.272
SIM_END		unknown	22.269s	183.59m
TIME	632.100
SIM_START	unknown	2021-04-18 17:57:02
TIME	0.000
SIMULATE	unknown

TIME	32.417
SIM_END		unknown	32.412s	296.834m
TIME	36.437
SIM_START	unknown	2021-04-18 17:58:49
TIME	0.000
SIMULATE	unknown

TIME	32.415
SIM_END		unknown	32.412s	296.834m
TIME	1972.027
SHUTDOWN	CarMaker quick shutdown initiated

