APPLICATION	CarMaker 9.1.1 - Car_Generic #475 (win64-9.1.1)
COMPILED	fh@obelix.ipg 2020-12-18 15:49:20
 
FIRST_INIT	(internal default used)	2021-04-21 18:05:46
TIME	0.000
SIM_END			0s	0m
IDLE	18:05:46
SIM_START	unknown	2021-04-21 18:05:47
TIME	0.000
SIMULATE	unknown

TIME	4.282
SIM_END		unknown	4.278s	9.4998m
TIME	0.001
SIM_START	unknown	2021-04-21 18:06:44
TIME	0.000
SIMULATE	unknown

TIME	4.281
SIM_END		unknown	4.278s	9.4998m
TIME	45.064
SIM_START	unknown	2021-04-21 18:13:40
TIME	0.000
SIMULATE	unknown

TIME	4.281
SIM_END		unknown	4.278s	9.4998m
TIME	442.870
SIM_START	unknown	2021-04-21 19:26:54
TIME	0.000
SIMULATE	unknown

TIME	70.038
SIM_END		unknown	70.035s	944.005m
TIME	112.684
SIM_START	unknown	2021-04-21 19:35:13
TIME	0.000
SIMULATE	unknown

TIME	59.513
SIM_END		unknown	59.509s	844.956m
TIME	211.328
SIM_START	unknown	2021-04-21 20:01:34
TIME	0.000
SIMULATE	unknown

TIME	22.959
SIM_END		unknown	22.954s	316.737m
TIME	27.186
SIM_START	unknown	2021-04-21 20:02:42
TIME	0.000
SIMULATE	unknown

TIME	22.959
SIM_END		unknown	22.954s	316.737m
