APPLICATION	CarMaker 9.1.1 - Car_Generic #475 (win64-9.1.1)
COMPILED	fh@obelix.ipg 2020-12-18 15:49:20
 
FIRST_INIT	(internal default used)	2021-04-26 20:21:18
TIME	0.000
SIM_END			0s	0m
IDLE	20:21:19
SIM_START	unknown	2021-04-26 20:21:28
TIME	0.000
SIMULATE	unknown

TIME	40.091
SIM_END		unknown	40.086s	403.531m
SIM_START	unknown	2021-04-26 20:22:17
TIME	0.000
SIMULATE	unknown

TIME	13.731
SIM_END		unknown	13.726s	110.038m
TIME	26.839
SIM_START	unknown	2021-04-26 20:24:45
TIME	0.000
SIMULATE	unknown

TIME	75.875
SIM_END		unknown	75.869s	764.038m
TIME	4747.170
SIM_START	scenario 1	2021-04-27 22:20:46
TIME	0.000
SIMULATE	scenario 1

TIME	70.206
SIM_END		scenario 1	70.035s	944.005m
TIME	313.457
SIM_START	scenario_2	2021-04-27 23:02:32
TIME	0.000
SIMULATE	scenario_2

TIME	39.279
SIM_END		scenario_2	39.276s	7.35657e-006m
SIM_START	scenario_2	2021-04-27 23:03:34
TIME	0.000
SIMULATE	scenario_2

TIME	13.431
SIM_END		scenario_2	13.428s	11.6408m
TIME	35.502
SIM_START	scenario_2	2021-04-27 23:07:31
TIME	0.000
SIMULATE	scenario_2

TIME	9.437
SIM_END		scenario_2	9.434s	11.6395m
TIME	18.532
SIM_START	scenario_2	2021-04-27 23:09:13
TIME	0.000
SIMULATE	scenario_2

TIME	14.470
SIM_END		scenario_2	14.467s	11.6411m
SIM_START	scenario_2	2021-04-27 23:09:49
TIME	0.000
SIMULATE	scenario_2

TIME	48.443
SIM_END		scenario_2	48.44s	557.851m
TIME	60.843
SIM_START	scenario_2	2021-04-27 23:12:43
TIME	0.000
SIMULATE	scenario_2

TIME	41.004
SIM_END		scenario_2	41.001s	466.194m
TIME	389.364
SIM_START	unknown	2021-04-28 00:11:33
TIME	0.000
SIMULATE	unknown

TIME	22.970
SIM_END		unknown	22.954s	316.737m
TIME	30.482
SIM_START	unknown	2021-04-28 00:13:15
TIME	0.000
SIMULATE	unknown

TIME	22.958
SIM_END		unknown	22.954s	316.737m
TIME	880.423
SIM_START	scenario_3	2021-04-28 09:45:34
TIME	0.000
SIMULATE	scenario_3

TIME	48.887
SIM_END		scenario_3	48.881s	754.309m
TIME	96.664
SIM_START	scenario_3	2021-04-28 09:54:25
TIME	0.000
SIMULATE	scenario_3

TIME	59.514
SIM_END		scenario_3	59.509s	844.956m
TIME	106.322
SIM_START	scenario_3	2021-04-28 10:03:17
TIME	0.000
SIMULATE	scenario_3

TIME	20.551
SIM_END		scenario_3	20.546s	273.668m
SIM_START	scenario_3	2021-04-28 10:03:45
TIME	0.000
SIMULATE	scenario_3

TIME	47.134
SIM_END		scenario_3	47.13s	723.064m
TIME	92.288
SIM_START	scenario_3	2021-04-28 10:12:07
TIME	0.052
ERROR		Traffic object 0: Invalid subsequent dynamic path object Id 44593
ERROR		Can't get parameters of traffic object 0 (2)
SIM_ABORT	scenario_3	0s	723.064m
TIME	58.006
SIM_START	scenario_3	2021-04-28 10:21:48
TIME	0.000
SIMULATE	scenario_3

TIME	51.316
SIM_END		scenario_3	51.311s	788.373m
TIME	65.669
SIM_START	scenario_3	2021-04-28 10:25:06
TIME	0.000
SIMULATE	scenario_3

TIME	59.514
SIM_END		scenario_3	59.509s	844.956m
TIME	64.965
SIM_START	scenario_3	2021-04-28 10:27:03
TIME	0.000
SIMULATE	scenario_3

TIME	28.980
SIM_END		scenario_3	28.976s	400.915m
TIME	48.123
SIM_START	scenario_3	2021-04-28 10:30:47
TIME	0.000
SIMULATE	scenario_3

TIME	59.514
SIM_END		scenario_3	59.509s	844.956m
TIME	156.886
SIM_START	scenario_2	2021-04-28 10:48:04
TIME	0.000
SIMULATE	scenario_2

TIME	75.778
SIM_END		scenario_2	75.775s	943.937m
TIME	133.603
SIM_START	scenario_2	2021-04-28 10:59:01
TIME	0.000
SIMULATE	scenario_2

TIME	59.955
SIM_END		scenario_2	59.951s	538.908m
TIME	66.537
SIM_START	scenario_2	2021-04-28 11:01:15
TIME	0.000
SIMULATE	scenario_2

TIME	32.821
SIM_END		scenario_2	32.818s	182.901m
TIME	35.932
SIM_START	scenario_2	2021-04-28 11:02:25
TIME	0.000
SIMULATE	scenario_2

TIME	179.698
SIM_END		scenario_2	179.695s	944.276m
TIME	998.821
SIM_START	scenario_3	2021-04-28 13:22:01
TIME	0.000
SIMULATE	scenario_3

TIME	59.518
SIM_END		scenario_3	59.509s	844.956m
TIME	87.787
SIM_START	scenario_3	2021-04-28 13:27:45
TIME	0.000
SIMULATE	scenario_3

TIME	59.517
SIM_END		scenario_3	59.509s	844.956m
TIME	142.492
SIM_START	scenario_3	2021-04-28 13:42:36
TIME	0.000
SIMULATE	scenario_3

TIME	59.517
SIM_END		scenario_3	59.509s	844.956m
TIME	170.911
SIM_START	scenario 1	2021-04-28 14:02:15
TIME	0.000
SIMULATE	scenario 1

TIME	70.040
SIM_END		scenario 1	70.035s	944.003m
TIME	0.001
TIME	84.561
SIM_START	scenario_2	2021-04-28 14:05:52
TIME	0.000
SIMULATE	scenario_2

TIME	174.589
SIM_END		scenario_2	174.584s	944.185m
TIME	178.279
SIM_START	scenario_3	2021-04-28 14:09:38
TIME	0.000
SIMULATE	scenario_3

TIME	59.516
SIM_END		scenario_3	59.509s	844.956m
TIME	153.608
SHUTDOWN	CarMaker quick shutdown initiated

