APPLICATION	Car_Generic &lt;insert.your.version.no&gt; #24 (win64-10.0)
COMPILED	Students@pc-mib-mobile 2021-07-06 17:16:41
 
FIRST_INIT	(internal default used)	2022-06-14 16:06:49
TIME	0.000
		Sender started with UDP Configuration: 
 IP-Adress: 127.0.0.1 
 Port: 8051 
		UDP_Client started on port 8051Connection closed... 
SIM_END			0s	0m
IDLE	16:06:50
SIM_START	scenario 1	2022-06-14 16:06:50
TIME	0.044
		Connection closed...Sender started with UDP Configuration: 
 IP-Adress: 127.0.0.1 
 Port: 8051 
TIME	0.000
SIMULATE	scenario 1

TIME	26.288
		UDP_Client started on port 8051Connection closed... 
SIM_END		scenario 1	26.284s	92.4615m
SIM_START	scenario 1	2022-06-14 16:07:23
TIME	26.799
		Connection closed...Sender started with UDP Configuration: 
 IP-Adress: 127.0.0.1 
 Port: 8051 
TIME	0.000
SIMULATE	scenario 1

TIME	116.803
		UDP_Client started on port 8051Connection closed... 
SIM_END		scenario 1	116.8s	469.639m
TIME	130.078
SHUTDOWN	CarMaker quick shutdown initiated

