APPLICATION	Car_Generic &lt;insert.your.version.no&gt; #24 (win64-10.0)
COMPILED	Students@pc-mib-mobile 2021-07-06 17:16:41
 
FIRST_INIT	(internal default used)	2022-06-13 13:52:40
TIME	0.000
		Sender started with UDP Configuration: 
 IP-Adress: 127.0.0.1 
 Port: 8051 
		UDP_Client started on port 8051Connection closed... 
SIM_END			0s	0m
IDLE	13:52:40
SIM_START	scenario 1	2022-06-13 13:52:41
TIME	0.022
		Connection closed...Sender started with UDP Configuration: 
 IP-Adress: 127.0.0.1 
 Port: 8051 
TIME	0.000
SIMULATE	scenario 1

TIME	57.351
		UDP_Client started on port 8051Connection closed... 
SIM_END		scenario 1	57.342s	661.022m
SIM_START	scenario 1	2022-06-13 13:52:53
TIME	58.233
		Connection closed...Sender started with UDP Configuration: 
 IP-Adress: 127.0.0.1 
 Port: 8051 
TIME	0.000
SIMULATE	scenario 1

TIME	33.267
		UDP_Client started on port 8051Connection closed... 
SIM_END		scenario 1	33.258s	319.004m
TIME	49.960
SHUTDOWN	CarMaker quick shutdown initiated

