APPLICATION	Car_Generic &lt;insert.your.version.no&gt; #24 (win64-10.0)
COMPILED	Students@pc-mib-mobile 2021-07-06 17:16:41
 
FIRST_INIT	(internal default used)	2022-06-14 15:42:41
TIME	0.000
		Sender started with UDP Configuration: 
 IP-Adress: 127.0.0.1 
 Port: 8051 
		UDP_Client started on port 8051Connection closed... 
SIM_END			0s	0m
IDLE	15:42:42
SIM_START	scenario_3	2022-06-14 15:42:44
TIME	0.008
		Connection closed...Sender started with UDP Configuration: 
 IP-Adress: 127.0.0.1 
 Port: 8051 
ERROR		DrivMan Startposition: failed to get start position on route (ObjId=3, s=0m)
		UDP_Client started on port 8051Connection closed... 
SIM_ABORT	scenario_3	0s	0m
TIME	51.427
SIM_START	Scenario_3_4	2022-06-14 15:51:18
TIME	0.033
		Connection closed...Sender started with UDP Configuration: 
 IP-Adress: 127.0.0.1 
 Port: 8051 
ERROR		DrivMan Startposition: failed to get start position on route (ObjId=3, s=0m)
		UDP_Client started on port 8051Connection closed... 
SIM_ABORT	Scenario_3_4	0s	0m
SIM_START	Test	2022-06-14 15:51:33
TIME	1.481
		Connection closed...Sender started with UDP Configuration: 
 IP-Adress: 127.0.0.1 
 Port: 8051 
TIME	0.089
		UDP_Client started on port 8051Traffic.0.AutoDrv.Lat: Long. autonomous model 'Generic' not recommended
		Traffic.1.AutoDrv.Lat: Long. autonomous model 'Generic' not recommended
		Current random seed value = 1655214693
TIME	2.476
		Connection closed... 
SIM_END		Test	0s	0m
SIM_START	Test	2022-06-14 15:52:00
TIME	2.657
		Connection closed...Sender started with UDP Configuration: 
 IP-Adress: 127.0.0.1 
 Port: 8051 
TIME	0.046
		UDP_Client started on port 8051Traffic.0.AutoDrv.Lat: Long. autonomous model 'Generic' not recommended
		Traffic.1.AutoDrv.Lat: Long. autonomous model 'Generic' not recommended
		Current random seed value = 1655214720
TIME	0.000
SIMULATE	Test

TIME	35.196
		Connection closed... 
SIM_END		Test	35.192s	246.465m
TIME	38.690
SIM_START	Test	2022-06-14 15:53:11
TIME	0.022
		Connection closed...Sender started with UDP Configuration: 
 IP-Adress: 127.0.0.1 
 Port: 8051 
		UDP_Client started on port 8051Traffic.0.AutoDrv.Lat: Long. autonomous model 'Generic' not recommended
		Traffic.1.AutoDrv.Lat: Long. autonomous model 'Generic' not recommended
		Current random seed value = 1655214791
TIME	0.000
SIMULATE	Test

TIME	25.386
		Connection closed... 
SIM_END		Test	25.382s	130.325m
TIME	37.591
SIM_START	Scenario_4	2022-06-14 15:55:40
TIME	37.591
		Connection closed...Sender started with UDP Configuration: 
 IP-Adress: 127.0.0.1 
 Port: 8051 
TIME	0.042
ERROR		DrivMan Startposition: failed to get start position on route (ObjId=18544, s=0m)
		UDP_Client started on port 8051Connection closed... 
SIM_ABORT	Scenario_4	0s	130.325m
TIME	52.047
SHUTDOWN	CarMaker quick shutdown initiated

