APPLICATION	Car_Generic &lt;insert.your.version.no&gt; #24 (win64-10.0)
COMPILED	Students@pc-mib-mobile 2021-07-06 17:16:41
 
FIRST_INIT	(internal default used)	2022-06-21 09:29:01
TIME	0.000
		Sender started with UDP Configuration: 
 IP-Adress: 127.0.0.1 
 Port: 8051 
		UDP_Client started on port 8051Connection closed... 
SIM_END			0s	0m
IDLE	09:29:02
SIM_START	scenario 1	2022-06-21 09:29:03
TIME	0.108
		Connection closed...Sender started with UDP Configuration: 
 IP-Adress: 127.0.0.1 
 Port: 8051 
TIME	0.000
SIMULATE	scenario 1

TIME	67.904
		UDP_Client started on port 8051Connection closed... 
SIM_END		scenario 1	67.9s	470.82m
TIME	77.671
SIM_START	scenario 1	2022-06-21 09:31:50
TIME	77.671
		Connection closed...Sender started with UDP Configuration: 
 IP-Adress: 127.0.0.1 
 Port: 8051 
TIME	0.000
SIMULATE	scenario 1

TIME	60.732
		UDP_Client started on port 8051Connection closed... 
SIM_END		scenario 1	60.728s	440.936m
TIME	76.499
SIM_START	scenario 1	2022-06-21 09:35:29
TIME	76.499
		Connection closed...Sender started with UDP Configuration: 
 IP-Adress: 127.0.0.1 
 Port: 8051 
TIME	0.000
SIMULATE	scenario 1

TIME	67.903
		UDP_Client started on port 8051Connection closed... 
SIM_END		scenario 1	67.9s	470.82m
TIME	70.569
SIM_START	scenario 1	2022-06-21 09:37:04
TIME	70.569
		Connection closed...Sender started with UDP Configuration: 
 IP-Adress: 127.0.0.1 
 Port: 8051 
TIME	0.000
SIMULATE	scenario 1

TIME	67.904
		UDP_Client started on port 8051Connection closed... 
SIM_END		scenario 1	67.9s	470.82m
TIME	83.338
SIM_START	scenario 1	2022-06-21 09:40:47
TIME	83.338
		Connection closed...Sender started with UDP Configuration: 
 IP-Adress: 127.0.0.1 
 Port: 8051 
TIME	0.000
SIMULATE	scenario 1

TIME	67.904
		UDP_Client started on port 8051Connection closed... 
SIM_END		scenario 1	67.9s	470.82m
SIM_START	scenario 1	2022-06-21 09:42:03
TIME	68.601
		Connection closed...Sender started with UDP Configuration: 
 IP-Adress: 127.0.0.1 
 Port: 8051 
TIME	0.000
SIMULATE	scenario 1

TIME	67.903
		UDP_Client started on port 8051Connection closed... 
SIM_END		scenario 1	67.9s	470.82m
TIME	80.289
SIM_START	scenario 1	2022-06-21 09:45:16
TIME	80.289
		Connection closed...Sender started with UDP Configuration: 
 IP-Adress: 127.0.0.1 
 Port: 8051 
TIME	0.000
SIMULATE	scenario 1

TIME	67.903
		UDP_Client started on port 8051Connection closed... 
SIM_END		scenario 1	67.9s	470.82m
SIM_START	scenario 1	2022-06-21 09:46:30
TIME	68.415
		Connection closed...Sender started with UDP Configuration: 
 IP-Adress: 127.0.0.1 
 Port: 8051 
TIME	0.000
SIMULATE	scenario 1

TIME	67.903
		UDP_Client started on port 8051Connection closed... 
SIM_END		scenario 1	67.9s	470.82m
SIM_START	scenario 1	2022-06-21 09:47:50
TIME	69.059
		Connection closed...Sender started with UDP Configuration: 
 IP-Adress: 127.0.0.1 
 Port: 8051 
TIME	0.000
SIMULATE	scenario 1

TIME	67.904
		UDP_Client started on port 8051Connection closed... 
SIM_END		scenario 1	67.9s	470.82m
TIME	82.966
SIM_START	scenario_2	2022-06-21 09:51:30
TIME	82.966
		Connection closed...Sender started with UDP Configuration: 
 IP-Adress: 127.0.0.1 
 Port: 8051 
TIME	0.000
SIMULATE	scenario_2

TIME	11.004
		UDP_Client started on port 8051Connection closed... 
SIM_END		scenario_2	11s	68.429m
SIM_START	scenario_2	2022-06-21 09:51:49
TIME	11.691
		Connection closed...Sender started with UDP Configuration: 
 IP-Adress: 127.0.0.1 
 Port: 8051 
TIME	0.000
SIMULATE	scenario_2

TIME	11.003
		UDP_Client started on port 8051Connection closed... 
SIM_END		scenario_2	11s	68.429m
TIME	39.381
SIM_START	scenario_2	2022-06-21 09:56:45
TIME	39.381
		Connection closed...Sender started with UDP Configuration: 
 IP-Adress: 127.0.0.1 
 Port: 8051 
TIME	0.000
SIMULATE	scenario_2

TIME	11.004
		UDP_Client started on port 8051Connection closed... 
SIM_END		scenario_2	11s	68.429m
TIME	78.589
SIM_START	scenario_2	2022-06-21 10:08:13
TIME	78.589
		Connection closed...Sender started with UDP Configuration: 
 IP-Adress: 127.0.0.1 
 Port: 8051 
TIME	0.000
SIMULATE	scenario_2

TIME	11.003
		UDP_Client started on port 8051Connection closed... 
SIM_END		scenario_2	11s	68.429m
SIM_START	scenario_2	2022-06-21 10:08:43
TIME	12.870
		Connection closed...Sender started with UDP Configuration: 
 IP-Adress: 127.0.0.1 
 Port: 8051 
TIME	0.000
SIMULATE	scenario_2

TIME	11.003
		UDP_Client started on port 8051Connection closed... 
SIM_END		scenario_2	11s	68.429m
SIM_START	scenario_2	2022-06-21 10:08:58
TIME	11.281
		Connection closed...Sender started with UDP Configuration: 
 IP-Adress: 127.0.0.1 
 Port: 8051 
TIME	0.000
SIMULATE	scenario_2

TIME	11.003
		UDP_Client started on port 8051Connection closed... 
SIM_END		scenario_2	11s	68.429m
TIME	15.595
SIM_START	scenario_2	2022-06-21 10:09:56
TIME	15.595
		Connection closed...Sender started with UDP Configuration: 
 IP-Adress: 127.0.0.1 
 Port: 8051 
TIME	0.000
SIMULATE	scenario_2

TIME	11.004
		UDP_Client started on port 8051Connection closed... 
SIM_END		scenario_2	11s	68.429m
TIME	13.190
SIM_START	scenario_2	2022-06-21 10:10:29
TIME	13.190
		Connection closed...Sender started with UDP Configuration: 
 IP-Adress: 127.0.0.1 
 Port: 8051 
TIME	0.000
SIMULATE	scenario_2

TIME	11.003
		UDP_Client started on port 8051Connection closed... 
SIM_END		scenario_2	11s	68.429m
SIM_START	scenario_2	2022-06-21 10:11:00
TIME	12.871
		Connection closed...Sender started with UDP Configuration: 
 IP-Adress: 127.0.0.1 
 Port: 8051 
TIME	0.000
SIMULATE	scenario_2

TIME	11.003
		UDP_Client started on port 8051Connection closed... 
SIM_END		scenario_2	11s	68.429m
TIME	18.511
SIM_START	scenario_2	2022-06-21 10:12:27
TIME	18.511
		Connection closed...Sender started with UDP Configuration: 
 IP-Adress: 127.0.0.1 
 Port: 8051 
TIME	0.000
SIMULATE	scenario_2

TIME	11.003
		UDP_Client started on port 8051Connection closed... 
SIM_END		scenario_2	11s	68.429m
TIME	14.072
SIM_START	scenario_2	2022-06-21 10:13:09
TIME	14.072
		Connection closed...Sender started with UDP Configuration: 
 IP-Adress: 127.0.0.1 
 Port: 8051 
TIME	0.000
SIMULATE	scenario_2

TIME	11.003
		UDP_Client started on port 8051Connection closed... 
SIM_END		scenario_2	11s	68.429m
TIME	26.614
SIM_START	scenario_2	2022-06-21 10:15:57
TIME	26.614
		Connection closed...Sender started with UDP Configuration: 
 IP-Adress: 127.0.0.1 
 Port: 8051 
TIME	0.000
SIMULATE	scenario_2

TIME	11.003
		UDP_Client started on port 8051Connection closed... 
SIM_END		scenario_2	11s	68.429m
TIME	17.414
SIM_START	scenario_2	2022-06-21 10:17:13
TIME	17.414
		Connection closed...Sender started with UDP Configuration: 
 IP-Adress: 127.0.0.1 
 Port: 8051 
TIME	0.000
SIMULATE	scenario_2

TIME	11.003
		UDP_Client started on port 8051Connection closed... 
SIM_END		scenario_2	11s	68.429m
TIME	32.423
SIM_START	scenario_2	2022-06-21 10:20:59
TIME	32.423
		Connection closed...Sender started with UDP Configuration: 
 IP-Adress: 127.0.0.1 
 Port: 8051 
TIME	0.000
SIMULATE	scenario_2

TIME	11.004
		UDP_Client started on port 8051Connection closed... 
SIM_END		scenario_2	11s	68.429m
TIME	13.342
SIM_START	scenario_2	2022-06-21 10:21:35
TIME	13.342
		Connection closed...Sender started with UDP Configuration: 
 IP-Adress: 127.0.0.1 
 Port: 8051 
TIME	0.000
SIMULATE	scenario_2

TIME	11.004
		UDP_Client started on port 8051Connection closed... 
SIM_END		scenario_2	11s	68.429m
TIME	20.322
SIM_START	scenario_2	2022-06-21 10:23:20
TIME	20.322
		Connection closed...Sender started with UDP Configuration: 
 IP-Adress: 127.0.0.1 
 Port: 8051 
TIME	0.000
SIMULATE	scenario_2

TIME	11.003
		UDP_Client started on port 8051Connection closed... 
SIM_END		scenario_2	11s	68.429m
SIM_START	scenario_2	2022-06-21 10:23:33
TIME	11.173
		Connection closed...Sender started with UDP Configuration: 
 IP-Adress: 127.0.0.1 
 Port: 8051 
TIME	0.539
		UDP_Client started on port 8051Connection closed... 
SIM_END		scenario_2	0s	0m
SIM_START	scenario_2	2022-06-21 10:23:35
TIME	0.680
		Connection closed...Sender started with UDP Configuration: 
 IP-Adress: 127.0.0.1 
 Port: 8051 
TIME	0.000
SIMULATE	scenario_2

TIME	11.003
		UDP_Client started on port 8051Connection closed... 
SIM_END		scenario_2	11s	68.429m
TIME	14.305
SIM_START	scenario_2	2022-06-21 10:24:20
TIME	14.305
		Connection closed...Sender started with UDP Configuration: 
 IP-Adress: 127.0.0.1 
 Port: 8051 
TIME	0.000
SIMULATE	scenario_2

TIME	11.003
		UDP_Client started on port 8051Connection closed... 
SIM_END		scenario_2	11s	68.429m
TIME	15.356
SIM_START	scenario_2	2022-06-21 10:25:16
TIME	15.356
		Connection closed...Sender started with UDP Configuration: 
 IP-Adress: 127.0.0.1 
 Port: 8051 
TIME	0.000
SIMULATE	scenario_2

TIME	11.004
		UDP_Client started on port 8051Connection closed... 
SIM_END		scenario_2	11s	68.429m
TIME	14.480
SIM_START	scenario_2	2022-06-21 10:26:02
TIME	14.480
		Connection closed...Sender started with UDP Configuration: 
 IP-Adress: 127.0.0.1 
 Port: 8051 
TIME	0.000
SIMULATE	scenario_2

TIME	11.004
		UDP_Client started on port 8051Connection closed... 
SIM_END		scenario_2	11s	68.429m
TIME	14.218
SIM_START	scenario_2	2022-06-21 10:26:46
TIME	14.218
		Connection closed...Sender started with UDP Configuration: 
 IP-Adress: 127.0.0.1 
 Port: 8051 
TIME	0.000
SIMULATE	scenario_2

TIME	11.003
		UDP_Client started on port 8051Connection closed... 
SIM_END		scenario_2	11s	68.429m
TIME	13.664
SIM_START	scenario_2	2022-06-21 10:27:25
TIME	13.664
		Connection closed...Sender started with UDP Configuration: 
 IP-Adress: 127.0.0.1 
 Port: 8051 
TIME	0.000
SIMULATE	scenario_2

TIME	11.004
		UDP_Client started on port 8051Connection closed... 
SIM_END		scenario_2	11s	68.429m
TIME	13.761
SIM_START	scenario_2	2022-06-21 10:28:04
TIME	13.761
		Connection closed...Sender started with UDP Configuration: 
 IP-Adress: 127.0.0.1 
 Port: 8051 
TIME	0.000
SIMULATE	scenario_2

TIME	11.003
		UDP_Client started on port 8051Connection closed... 
SIM_END		scenario_2	11s	68.429m
TIME	13.220
SIM_START	scenario_2	2022-06-21 10:28:38
TIME	13.220
		Connection closed...Sender started with UDP Configuration: 
 IP-Adress: 127.0.0.1 
 Port: 8051 
TIME	0.000
SIMULATE	scenario_2

TIME	11.003
		UDP_Client started on port 8051Connection closed... 
SIM_END		scenario_2	11s	68.429m
SIM_START	scenario_2	2022-06-21 10:28:54
TIME	11.405
		Connection closed...Sender started with UDP Configuration: 
 IP-Adress: 127.0.0.1 
 Port: 8051 
TIME	0.000
SIMULATE	scenario_2

TIME	11.003
		UDP_Client started on port 8051Connection closed... 
SIM_END		scenario_2	11s	68.429m
TIME	14.237
SIM_START	scenario_2	2022-06-21 10:29:39
TIME	14.237
		Connection closed...Sender started with UDP Configuration: 
 IP-Adress: 127.0.0.1 
 Port: 8051 
TIME	0.000
SIMULATE	scenario_2

TIME	11.003
		UDP_Client started on port 8051Connection closed... 
SIM_END		scenario_2	11s	68.429m
TIME	24.171
SIM_START	scenario_2	2022-06-21 10:32:02
TIME	24.171
		Connection closed...Sender started with UDP Configuration: 
 IP-Adress: 127.0.0.1 
 Port: 8051 
TIME	0.000
SIMULATE	scenario_2

TIME	11.003
		UDP_Client started on port 8051Connection closed... 
SIM_END		scenario_2	11s	68.429m
TIME	28.542
SIM_START	scenario_2	2022-06-21 10:35:09
TIME	28.542
		Connection closed...Sender started with UDP Configuration: 
 IP-Adress: 127.0.0.1 
 Port: 8051 
TIME	0.000
SIMULATE	scenario_2

TIME	11.004
		UDP_Client started on port 8051Connection closed... 
SIM_END		scenario_2	11s	68.429m
TIME	22.369
SIM_START	scenario_2	2022-06-21 10:37:15
TIME	22.369
		Connection closed...Sender started with UDP Configuration: 
 IP-Adress: 127.0.0.1 
 Port: 8051 
TIME	0.000
SIMULATE	scenario_2

TIME	11.004
		UDP_Client started on port 8051Connection closed... 
SIM_END		scenario_2	11s	68.429m
TIME	18.174
SIM_START	scenario_2	2022-06-21 10:38:39
TIME	18.174
		Connection closed...Sender started with UDP Configuration: 
 IP-Adress: 127.0.0.1 
 Port: 8051 
TIME	0.000
SIMULATE	scenario_2

TIME	11.004
		UDP_Client started on port 8051Connection closed... 
SIM_END		scenario_2	11s	68.429m
TIME	30.282
SIM_START	scenario_2	2022-06-21 10:42:03
TIME	30.282
		Connection closed...Sender started with UDP Configuration: 
 IP-Adress: 127.0.0.1 
 Port: 8051 
TIME	0.000
SIMULATE	scenario_2

TIME	5.397
		UDP_Client started on port 8051Connection closed... 
SIM_END		scenario_2	5.392s	29.4829m
SIM_START	scenario_2	2022-06-21 10:42:10
TIME	5.494
		Connection closed...Sender started with UDP Configuration: 
 IP-Adress: 127.0.0.1 
 Port: 8051 
TIME	0.000
SIMULATE	scenario_2

TIME	11.003
		UDP_Client started on port 8051Connection closed... 
SIM_END		scenario_2	11s	68.429m
TIME	27.694
SIM_START	scenario_2	2022-06-21 10:45:09
TIME	27.694
		Connection closed...Sender started with UDP Configuration: 
 IP-Adress: 127.0.0.1 
 Port: 8051 
TIME	0.000
SIMULATE	scenario_2

TIME	11.005
		UDP_Client started on port 8051Connection closed... 
SIM_END		scenario_2	11s	68.429m
TIME	20.880
SIM_START	scenario_2	2022-06-21 10:47:00
TIME	20.880
		Connection closed...Sender started with UDP Configuration: 
 IP-Adress: 127.0.0.1 
 Port: 8051 
TIME	0.000
SIMULATE	scenario_2

TIME	11.004
		UDP_Client started on port 8051Connection closed... 
SIM_END		scenario_2	11s	68.429m
TIME	21.723
SIM_START	scenario_2	2022-06-21 10:48:59
TIME	21.723
		Connection closed...Sender started with UDP Configuration: 
 IP-Adress: 127.0.0.1 
 Port: 8051 
TIME	0.000
SIMULATE	scenario_2

TIME	11.004
		UDP_Client started on port 8051Connection closed... 
SIM_END		scenario_2	11s	68.429m
TIME	14.016
SIM_START	scenario_2	2022-06-21 10:49:41
TIME	14.016
		Connection closed...Sender started with UDP Configuration: 
 IP-Adress: 127.0.0.1 
 Port: 8051 
TIME	0.000
SIMULATE	scenario_2

TIME	11.003
		UDP_Client started on port 8051Connection closed... 
SIM_END		scenario_2	11s	68.429m
TIME	18.630
SIM_START	scenario_2	2022-06-21 10:51:09
TIME	18.630
		Connection closed...Sender started with UDP Configuration: 
 IP-Adress: 127.0.0.1 
 Port: 8051 
TIME	0.000
SIMULATE	scenario_2

TIME	11.003
		UDP_Client started on port 8051Connection closed... 
SIM_END		scenario_2	11s	68.429m
TIME	24.233
SIM_START	scenario_2	2022-06-21 10:53:33
TIME	24.233
		Connection closed...Sender started with UDP Configuration: 
 IP-Adress: 127.0.0.1 
 Port: 8051 
TIME	0.000
SIMULATE	scenario_2

TIME	11.004
		UDP_Client started on port 8051Connection closed... 
SIM_END		scenario_2	11s	68.429m
TIME	22.711
SIM_START	scenario_2	2022-06-21 10:55:42
TIME	22.711
		Connection closed...Sender started with UDP Configuration: 
 IP-Adress: 127.0.0.1 
 Port: 8051 
TIME	0.000
SIMULATE	scenario_2

TIME	11.004
		UDP_Client started on port 8051Connection closed... 
SIM_END		scenario_2	11s	68.429m
TIME	18.099
SIM_START	scenario_2	2022-06-21 10:57:05
TIME	18.099
		Connection closed...Sender started with UDP Configuration: 
 IP-Adress: 127.0.0.1 
 Port: 8051 
TIME	0.000
SIMULATE	scenario_2

TIME	11.004
		UDP_Client started on port 8051Connection closed... 
SIM_END		scenario_2	11s	68.429m
TIME	15.738
SIM_START	scenario_2	2022-06-21 10:58:04
TIME	15.738
		Connection closed...Sender started with UDP Configuration: 
 IP-Adress: 127.0.0.1 
 Port: 8051 
TIME	0.000
SIMULATE	scenario_2

TIME	11.003
		UDP_Client started on port 8051Connection closed... 
SIM_END		scenario_2	11s	68.429m
TIME	14.669
SIM_START	scenario_2	2022-06-21 10:58:53
TIME	14.669
		Connection closed...Sender started with UDP Configuration: 
 IP-Adress: 127.0.0.1 
 Port: 8051 
TIME	0.000
SIMULATE	scenario_2

TIME	11.004
		UDP_Client started on port 8051Connection closed... 
SIM_END		scenario_2	11s	68.429m
TIME	15.461
SIM_START	scenario_2	2022-06-21 10:59:49
TIME	15.461
		Connection closed...Sender started with UDP Configuration: 
 IP-Adress: 127.0.0.1 
 Port: 8051 
TIME	0.000
SIMULATE	scenario_2

TIME	11.004
		UDP_Client started on port 8051Connection closed... 
SIM_END		scenario_2	11s	68.429m
TIME	17.099
SIM_START	scenario_2	2022-06-21 11:01:02
TIME	17.099
		Connection closed...Sender started with UDP Configuration: 
 IP-Adress: 127.0.0.1 
 Port: 8051 
TIME	0.000
SIMULATE	scenario_2

TIME	11.004
		UDP_Client started on port 8051Connection closed... 
SIM_END		scenario_2	11s	68.429m
TIME	21.326
SIM_START	scenario_2	2022-06-21 11:02:57
TIME	21.326
		Connection closed...Sender started with UDP Configuration: 
 IP-Adress: 127.0.0.1 
 Port: 8051 
TIME	0.000
SIMULATE	scenario_2

TIME	11.004
		UDP_Client started on port 8051Connection closed... 
SIM_END		scenario_2	11s	68.429m
SIM_START	scenario_2	2022-06-21 11:03:12
TIME	11.320
		Connection closed...Sender started with UDP Configuration: 
 IP-Adress: 127.0.0.1 
 Port: 8051 
TIME	0.000
SIMULATE	scenario_2

TIME	3.660
		UDP_Client started on port 8051Connection closed... 
SIM_END		scenario_2	3.657s	17.461m
SIM_START	scenario_2	2022-06-21 11:03:22
TIME	4.161
		Connection closed...Sender started with UDP Configuration: 
 IP-Adress: 127.0.0.1 
 Port: 8051 
TIME	0.000
SIMULATE	scenario_2

TIME	11.005
		UDP_Client started on port 8051Connection closed... 
SIM_END		scenario_2	11s	68.429m
TIME	16.566
SIM_START	scenario_2	2022-06-21 11:04:29
TIME	16.566
		Connection closed...Sender started with UDP Configuration: 
 IP-Adress: 127.0.0.1 
 Port: 8051 
TIME	0.000
SIMULATE	scenario_2

TIME	11.003
		UDP_Client started on port 8051Connection closed... 
SIM_END		scenario_2	11s	68.429m
TIME	26.677
SIM_START	scenario_2	2022-06-21 11:07:18
TIME	26.677
		Connection closed...Sender started with UDP Configuration: 
 IP-Adress: 127.0.0.1 
 Port: 8051 
TIME	0.000
SIMULATE	scenario_2

TIME	11.005
		UDP_Client started on port 8051Connection closed... 
SIM_END		scenario_2	11s	68.429m
TIME	16.686
SIM_START	scenario_2	2022-06-21 11:08:27
TIME	16.686
		Connection closed...Sender started with UDP Configuration: 
 IP-Adress: 127.0.0.1 
 Port: 8051 
TIME	0.000
SIMULATE	scenario_2

TIME	11.003
		UDP_Client started on port 8051Connection closed... 
SIM_END		scenario_2	11s	68.429m
TIME	17.988
SIM_START	scenario_2	2022-06-21 11:09:48
TIME	17.988
		Connection closed...Sender started with UDP Configuration: 
 IP-Adress: 127.0.0.1 
 Port: 8051 
TIME	0.000
SIMULATE	scenario_2

TIME	11.003
		UDP_Client started on port 8051Connection closed... 
SIM_END		scenario_2	11s	68.429m
TIME	32.382
SIM_START	scenario_2	2022-06-21 11:13:34
TIME	32.382
		Connection closed...Sender started with UDP Configuration: 
 IP-Adress: 127.0.0.1 
 Port: 8051 
TIME	0.000
SIMULATE	scenario_2

TIME	11.004
		UDP_Client started on port 8051Connection closed... 
SIM_END		scenario_2	11s	68.429m
TIME	15.091
SIM_START	scenario_2	2022-06-21 11:14:27
TIME	15.091
		Connection closed...Sender started with UDP Configuration: 
 IP-Adress: 127.0.0.1 
 Port: 8051 
TIME	0.000
SIMULATE	scenario_2

TIME	11.003
		UDP_Client started on port 8051Connection closed... 
SIM_END		scenario_2	11s	68.429m
TIME	37.447
SIM_START	scenario_2	2022-06-21 11:19:03
TIME	37.447
		Connection closed...Sender started with UDP Configuration: 
 IP-Adress: 127.0.0.1 
 Port: 8051 
TIME	0.000
SIMULATE	scenario_2

TIME	11.003
		UDP_Client started on port 8051Connection closed... 
SIM_END		scenario_2	11s	68.429m
TIME	29.917
SIM_START	scenario_2	2022-06-21 11:22:24
TIME	29.917
		Connection closed...Sender started with UDP Configuration: 
 IP-Adress: 127.0.0.1 
 Port: 8051 
TIME	0.000
SIMULATE	scenario_2

TIME	11.003
		UDP_Client started on port 8051Connection closed... 
SIM_END		scenario_2	11s	68.429m
SIM_START	scenario_2	2022-06-21 11:22:53
TIME	12.658
		Connection closed...Sender started with UDP Configuration: 
 IP-Adress: 127.0.0.1 
 Port: 8051 
TIME	0.000
SIMULATE	scenario_2

TIME	11.003
		UDP_Client started on port 8051Connection closed... 
SIM_END		scenario_2	11s	68.429m
TIME	21.648
SIM_START	scenario_2	2022-06-21 11:24:51
TIME	21.648
		Connection closed...Sender started with UDP Configuration: 
 IP-Adress: 127.0.0.1 
 Port: 8051 
TIME	0.000
SIMULATE	scenario_2

TIME	11.004
		UDP_Client started on port 8051Connection closed... 
SIM_END		scenario_2	11s	68.429m
TIME	15.221
SIM_START	scenario_2	2022-06-21 11:25:45
TIME	15.221
		Connection closed...Sender started with UDP Configuration: 
 IP-Adress: 127.0.0.1 
 Port: 8051 
TIME	0.000
SIMULATE	scenario_2

TIME	11.003
		UDP_Client started on port 8051Connection closed... 
SIM_END		scenario_2	11s	68.429m
TIME	15.994
SIM_START	scenario_2	2022-06-21 11:26:47
TIME	15.994
		Connection closed...Sender started with UDP Configuration: 
 IP-Adress: 127.0.0.1 
 Port: 8051 
TIME	0.000
SIMULATE	scenario_2

TIME	11.004
		UDP_Client started on port 8051Connection closed... 
SIM_END		scenario_2	11s	68.429m
TIME	17.434
SIM_START	scenario_2	2022-06-21 11:28:03
TIME	17.434
		Connection closed...Sender started with UDP Configuration: 
 IP-Adress: 127.0.0.1 
 Port: 8051 
TIME	0.000
SIMULATE	scenario_2

TIME	11.003
		UDP_Client started on port 8051Connection closed... 
SIM_END		scenario_2	11s	68.429m
TIME	22.598
SIM_START	scenario_2	2022-06-21 11:30:11
TIME	22.598
		Connection closed...Sender started with UDP Configuration: 
 IP-Adress: 127.0.0.1 
 Port: 8051 
TIME	0.000
SIMULATE	scenario_2

TIME	11.004
		UDP_Client started on port 8051Connection closed... 
SIM_END		scenario_2	11s	68.429m
TIME	15.272
SIM_START	scenario_2	2022-06-21 11:31:05
TIME	15.272
		Connection closed...Sender started with UDP Configuration: 
 IP-Adress: 127.0.0.1 
 Port: 8051 
TIME	0.000
SIMULATE	scenario_2

TIME	11.003
		UDP_Client started on port 8051Connection closed... 
SIM_END		scenario_2	11s	68.429m
SIM_START	scenario_2	2022-06-21 11:31:35
TIME	12.740
		Connection closed...Sender started with UDP Configuration: 
 IP-Adress: 127.0.0.1 
 Port: 8051 
TIME	0.000
SIMULATE	scenario_2

TIME	11.003
		UDP_Client started on port 8051Connection closed... 
SIM_END		scenario_2	11s	68.429m
TIME	15.489
SIM_START	scenario_2	2022-06-21 11:32:31
TIME	15.489
		Connection closed...Sender started with UDP Configuration: 
 IP-Adress: 127.0.0.1 
 Port: 8051 
TIME	0.000
SIMULATE	scenario_2

TIME	11.004
		UDP_Client started on port 8051Connection closed... 
SIM_END		scenario_2	11s	68.429m
TIME	15.279
SIM_START	scenario_2	2022-06-21 11:33:26
TIME	15.279
		Connection closed...Sender started with UDP Configuration: 
 IP-Adress: 127.0.0.1 
 Port: 8051 
TIME	0.000
SIMULATE	scenario_2

TIME	11.003
		UDP_Client started on port 8051Connection closed... 
SIM_END		scenario_2	11s	68.429m
TIME	43.854
SIM_START	scenario_2	2022-06-21 11:39:06
TIME	43.854
		Connection closed...Sender started with UDP Configuration: 
 IP-Adress: 127.0.0.1 
 Port: 8051 
TIME	0.000
SIMULATE	scenario_2

TIME	11.003
		UDP_Client started on port 8051Connection closed... 
SIM_END		scenario_2	11s	68.429m
TIME	17.811
SIM_START	scenario_2	2022-06-21 11:40:26
TIME	17.811
		Connection closed...Sender started with UDP Configuration: 
 IP-Adress: 127.0.0.1 
 Port: 8051 
TIME	0.000
SIMULATE	scenario_2

TIME	11.005
		UDP_Client started on port 8051Connection closed... 
SIM_END		scenario_2	11s	68.429m
TIME	14.240
SIM_START	scenario_2	2022-06-21 11:41:11
TIME	14.240
		Connection closed...Sender started with UDP Configuration: 
 IP-Adress: 127.0.0.1 
 Port: 8051 
TIME	0.000
SIMULATE	scenario_2

TIME	11.004
		UDP_Client started on port 8051Connection closed... 
SIM_END		scenario_2	11s	68.429m
TIME	13.259
SIM_START	scenario_2	2022-06-21 11:41:45
TIME	13.259
		Connection closed...Sender started with UDP Configuration: 
 IP-Adress: 127.0.0.1 
 Port: 8051 
TIME	0.000
SIMULATE	scenario_2

TIME	11.004
		UDP_Client started on port 8051Connection closed... 
SIM_END		scenario_2	11s	68.429m
SIM_START	scenario_2	2022-06-21 11:42:10
TIME	12.308
		Connection closed...Sender started with UDP Configuration: 
 IP-Adress: 127.0.0.1 
 Port: 8051 
TIME	0.000
SIMULATE	scenario_2

TIME	11.005
		UDP_Client started on port 8051Connection closed... 
SIM_END		scenario_2	11s	68.429m
TIME	59.743
SIM_START	scenario_2	2022-06-21 11:50:29
TIME	59.743
		Connection closed...Sender started with UDP Configuration: 
 IP-Adress: 127.0.0.1 
 Port: 8051 
TIME	0.000
SIMULATE	scenario_2

TIME	11.004
		UDP_Client started on port 8051Connection closed... 
SIM_END		scenario_2	11s	68.429m
TIME	15.722
SIM_START	scenario_2	2022-06-21 11:51:28
TIME	15.722
		Connection closed...Sender started with UDP Configuration: 
 IP-Adress: 127.0.0.1 
 Port: 8051 
TIME	0.000
SIMULATE	scenario_2

TIME	11.004
		UDP_Client started on port 8051Connection closed... 
SIM_END		scenario_2	11s	68.429m
TIME	0.001
SIM_START	scenario_2	2022-06-21 11:52:03
TIME	0.001
		Connection closed...Sender started with UDP Configuration: 
 IP-Adress: 127.0.0.1 
 Port: 8051 
TIME	0.000
SIMULATE	scenario_2

TIME	11.104
		UDP_Client started on port 8051Connection closed... 
SIM_END		scenario_2	11.1s	69.1234m
TIME	13.178
SIM_START	scenario_2	2022-06-21 11:52:36
TIME	13.178
		Connection closed...Sender started with UDP Configuration: 
 IP-Adress: 127.0.0.1 
 Port: 8051 
TIME	0.000
SIMULATE	scenario_2

TIME	11.403
		UDP_Client started on port 8051Connection closed... 
SIM_END		scenario_2	11.4s	71.2068m
SIM_START	scenario_2	2022-06-21 11:53:05
TIME	13.116
		Connection closed...Sender started with UDP Configuration: 
 IP-Adress: 127.0.0.1 
 Port: 8051 
TIME	0.000
SIMULATE	scenario_2

TIME	11.103
		UDP_Client started on port 8051Connection closed... 
SIM_END		scenario_2	11.1s	69.1234m
TIME	17.280
SIM_START	scenario_2	2022-06-21 11:54:19
TIME	17.280
		Connection closed...Sender started with UDP Configuration: 
 IP-Adress: 127.0.0.1 
 Port: 8051 
TIME	0.000
SIMULATE	scenario_2

TIME	11.103
		UDP_Client started on port 8051Connection closed... 
SIM_END		scenario_2	11.1s	69.1234m
TIME	13.982
SIM_START	scenario_2	2022-06-21 11:55:00
TIME	13.982
		Connection closed...Sender started with UDP Configuration: 
 IP-Adress: 127.0.0.1 
 Port: 8051 
TIME	0.000
SIMULATE	scenario_2

TIME	11.104
		UDP_Client started on port 8051Connection closed... 
SIM_END		scenario_2	11.1s	69.1234m
TIME	16.434
SIM_START	scenario_2	2022-06-21 11:56:05
TIME	16.434
		Connection closed...Sender started with UDP Configuration: 
 IP-Adress: 127.0.0.1 
 Port: 8051 
TIME	0.000
SIMULATE	scenario_2

TIME	11.104
		UDP_Client started on port 8051Connection closed... 
SIM_END		scenario_2	11.1s	69.1234m
SIM_START	scenario_2	2022-06-21 11:56:29
TIME	12.344
		Connection closed...Sender started with UDP Configuration: 
 IP-Adress: 127.0.0.1 
 Port: 8051 
TIME	0.000
SIMULATE	scenario_2

TIME	11.104
		UDP_Client started on port 8051Connection closed... 
SIM_END		scenario_2	11.1s	69.1234m
TIME	13.657
SIM_START	scenario_2	2022-06-21 11:57:07
TIME	13.657
		Connection closed...Sender started with UDP Configuration: 
 IP-Adress: 127.0.0.1 
 Port: 8051 
TIME	0.000
SIMULATE	scenario_2

TIME	11.105
		UDP_Client started on port 8051Connection closed... 
SIM_END		scenario_2	11.1s	69.1234m
TIME	20.582
SIM_START	scenario 1	2022-06-21 11:58:53
TIME	20.582
		Connection closed...Sender started with UDP Configuration: 
 IP-Adress: 127.0.0.1 
 Port: 8051 
TIME	0.000
SIMULATE	scenario 1

TIME	67.903
		UDP_Client started on port 8051Connection closed... 
SIM_END		scenario 1	67.9s	470.82m
TIME	70.489
SIM_START	scenario_2	2022-06-21 12:00:28
TIME	70.489
		Connection closed...Sender started with UDP Configuration: 
 IP-Adress: 127.0.0.1 
 Port: 8051 
TIME	0.000
SIMULATE	scenario_2

TIME	11.103
		UDP_Client started on port 8051Connection closed... 
SIM_END		scenario_2	11.1s	69.1234m
TIME	15.086
SIM_START	scenario_2	2022-06-21 12:01:20
TIME	15.086
		Connection closed...Sender started with UDP Configuration: 
 IP-Adress: 127.0.0.1 
 Port: 8051 
TIME	0.000
SIMULATE	scenario_2

TIME	11.104
		UDP_Client started on port 8051Connection closed... 
SIM_END		scenario_2	11.1s	69.1234m
TIME	19.160
SIM_START	scenario_2	2022-06-21 12:02:52
TIME	19.160
		Connection closed...Sender started with UDP Configuration: 
 IP-Adress: 127.0.0.1 
 Port: 8051 
TIME	0.000
SIMULATE	scenario_2

TIME	11.103
		UDP_Client started on port 8051Connection closed... 
SIM_END		scenario_2	11.1s	69.1234m
TIME	15.312
SIM_START	scenario_2	2022-06-21 12:03:46
TIME	15.312
		Connection closed...Sender started with UDP Configuration: 
 IP-Adress: 127.0.0.1 
 Port: 8051 
TIME	0.000
SIMULATE	scenario_2

TIME	11.104
		UDP_Client started on port 8051Connection closed... 
SIM_END		scenario_2	11.1s	69.1234m
TIME	13.300
SIM_START	scenario_2	2022-06-21 12:04:20
TIME	13.300
		Connection closed...Sender started with UDP Configuration: 
 IP-Adress: 127.0.0.1 
 Port: 8051 
TIME	0.000
SIMULATE	scenario_2

TIME	11.105
		UDP_Client started on port 8051Connection closed... 
SIM_END		scenario_2	11.1s	69.1234m
TIME	15.340
SIM_START	scenario_2	2022-06-21 12:05:15
TIME	15.340
		Connection closed...Sender started with UDP Configuration: 
 IP-Adress: 127.0.0.1 
 Port: 8051 
TIME	0.000
SIMULATE	scenario_2

TIME	11.103
		UDP_Client started on port 8051Connection closed... 
SIM_END		scenario_2	11.1s	69.1234m
TIME	13.663
SIM_START	scenario_2	2022-06-21 12:05:52
TIME	13.663
		Connection closed...Sender started with UDP Configuration: 
 IP-Adress: 127.0.0.1 
 Port: 8051 
TIME	0.000
SIMULATE	scenario_2

TIME	10.803
		UDP_Client started on port 8051Connection closed... 
SIM_END		scenario_2	10.8s	67.0401m
TIME	43.436
SIM_START	scenario_3_test	2022-06-21 12:11:30
TIME	43.436
		Connection closed...Sender started with UDP Configuration: 
 IP-Adress: 127.0.0.1 
 Port: 8051 
TIME	0.000
SIMULATE	scenario_3_test

TIME	22.604
		UDP_Client started on port 8051Connection closed... 
SIM_END		scenario_3_test	22.6s	161.394m
TIME	27.681
SIM_START	scenario_3_test	2022-06-21 12:12:45
TIME	27.681
		Connection closed...Sender started with UDP Configuration: 
 IP-Adress: 127.0.0.1 
 Port: 8051 
TIME	0.000
SIMULATE	scenario_3_test

TIME	22.604
		UDP_Client started on port 8051Connection closed... 
SIM_END		scenario_3_test	22.6s	161.394m
TIME	26.673
SIM_START	scenario_3_test	2022-06-21 12:13:50
TIME	26.673
		Connection closed...Sender started with UDP Configuration: 
 IP-Adress: 127.0.0.1 
 Port: 8051 
TIME	0.000
SIMULATE	scenario_3_test

TIME	22.603
		UDP_Client started on port 8051Connection closed... 
SIM_END		scenario_3_test	22.6s	161.394m
TIME	26.981
SIM_START	scenario_3_test	2022-06-21 12:14:57
TIME	26.981
		Connection closed...Sender started with UDP Configuration: 
 IP-Adress: 127.0.0.1 
 Port: 8051 
TIME	0.000
SIMULATE	scenario_3_test

TIME	22.603
		UDP_Client started on port 8051Connection closed... 
SIM_END		scenario_3_test	22.6s	161.394m
TIME	28.535
SIM_START	scenario_3_test	2022-06-21 12:16:20
TIME	28.535
		Connection closed...Sender started with UDP Configuration: 
 IP-Adress: 127.0.0.1 
 Port: 8051 
TIME	0.000
SIMULATE	scenario_3_test

TIME	22.604
		UDP_Client started on port 8051Connection closed... 
SIM_END		scenario_3_test	22.6s	161.394m
TIME	35.360
SIM_START	scenario_3_test	2022-06-21 12:18:52
TIME	35.360
		Connection closed...Sender started with UDP Configuration: 
 IP-Adress: 127.0.0.1 
 Port: 8051 
TIME	0.000
SIMULATE	scenario_3_test

TIME	10.886
		UDP_Client started on port 8051Connection closed... 
SIM_END		scenario_3_test	10.882s	84.5639m
TIME	14.798
SIM_START	scenario_3_test	2022-06-21 12:19:43
TIME	14.798
		Connection closed...Sender started with UDP Configuration: 
 IP-Adress: 127.0.0.1 
 Port: 8051 
TIME	0.000
SIMULATE	scenario_3_test

TIME	14.304
		UDP_Client started on port 8051Connection closed... 
SIM_END		scenario_3_test	14.3s	121.453m
TIME	31.777
SIM_START	scenario_3_test	2022-06-21 12:22:53
TIME	31.777
		Connection closed...Sender started with UDP Configuration: 
 IP-Adress: 127.0.0.1 
 Port: 8051 
TIME	0.000
SIMULATE	scenario_3_test

TIME	14.303
		UDP_Client started on port 8051Connection closed... 
SIM_END		scenario_3_test	14.3s	121.453m
TIME	21.702
SIM_START	scenario_3_test	2022-06-21 12:24:23
TIME	21.702
		Connection closed...Sender started with UDP Configuration: 
 IP-Adress: 127.0.0.1 
 Port: 8051 
TIME	0.000
SIMULATE	scenario_3_test

TIME	14.303
		UDP_Client started on port 8051Connection closed... 
SIM_END		scenario_3_test	14.3s	121.453m
TIME	19.873
SIM_START	scenario_3_test	2022-06-21 12:25:34
TIME	19.873
		Connection closed...Sender started with UDP Configuration: 
 IP-Adress: 127.0.0.1 
 Port: 8051 
TIME	0.000
SIMULATE	scenario_3_test

TIME	14.303
		UDP_Client started on port 8051Connection closed... 
SIM_END		scenario_3_test	14.3s	121.453m
TIME	21.040
SIM_START	scenario_3_test	2022-06-21 12:26:57
TIME	21.040
		Connection closed...Sender started with UDP Configuration: 
 IP-Adress: 127.0.0.1 
 Port: 8051 
TIME	0.000
SIMULATE	scenario_3_test

TIME	14.303
		UDP_Client started on port 8051Connection closed... 
SIM_END		scenario_3_test	14.3s	121.453m
SIM_START	scenario_3_test	2022-06-21 12:27:30
TIME	16.044
		Connection closed...Sender started with UDP Configuration: 
 IP-Adress: 127.0.0.1 
 Port: 8051 
TIME	0.000
SIMULATE	scenario_3_test

TIME	14.303
		UDP_Client started on port 8051Connection closed... 
SIM_END		scenario_3_test	14.3s	121.453m
SIM_START	scenario_3_test	2022-06-21 12:27:59
TIME	15.626
		Connection closed...Sender started with UDP Configuration: 
 IP-Adress: 127.0.0.1 
 Port: 8051 
TIME	0.000
SIMULATE	scenario_3_test

TIME	14.303
		UDP_Client started on port 8051Connection closed... 
SIM_END		scenario_3_test	14.3s	121.453m
SIM_START	scenario_3_test	2022-06-21 12:28:28
TIME	15.598
		Connection closed...Sender started with UDP Configuration: 
 IP-Adress: 127.0.0.1 
 Port: 8051 
TIME	0.000
SIMULATE	scenario_3_test

TIME	14.303
		UDP_Client started on port 8051Connection closed... 
SIM_END		scenario_3_test	14.3s	121.453m
SIM_START	scenario_3_test	2022-06-21 12:28:55
TIME	15.456
		Connection closed...Sender started with UDP Configuration: 
 IP-Adress: 127.0.0.1 
 Port: 8051 
TIME	0.000
SIMULATE	scenario_3_test

TIME	14.303
		UDP_Client started on port 8051Connection closed... 
SIM_END		scenario_3_test	14.3s	121.453m
TIME	16.561
SIM_START	scenario_3_test	2022-06-21 12:29:33
TIME	16.561
		Connection closed...Sender started with UDP Configuration: 
 IP-Adress: 127.0.0.1 
 Port: 8051 
TIME	0.000
SIMULATE	scenario_3_test

TIME	14.203
		UDP_Client started on port 8051Connection closed... 
SIM_END		scenario_3_test	14.2s	120.204m
SIM_START	scenario_3_test	2022-06-21 12:30:04
TIME	15.688
		Connection closed...Sender started with UDP Configuration: 
 IP-Adress: 127.0.0.1 
 Port: 8051 
TIME	0.000
SIMULATE	scenario_3_test

TIME	9.672
		UDP_Client started on port 8051Connection closed... 
SIM_END		scenario_3_test	9.668s	63.7356m
SIM_START	scenario_3_test	2022-06-21 12:30:15
TIME	9.744
		Connection closed...Sender started with UDP Configuration: 
 IP-Adress: 127.0.0.1 
 Port: 8051 
TIME	0.000
SIMULATE	scenario_3_test

TIME	14.253
		UDP_Client started on port 8051Connection closed... 
SIM_END		scenario_3_test	14.25s	120.829m
TIME	50.473
SIM_START	scenario_3_test	2022-06-21 12:36:33
TIME	50.473
		Connection closed...Sender started with UDP Configuration: 
 IP-Adress: 127.0.0.1 
 Port: 8051 
TIME	0.000
SIMULATE	scenario_3_test

TIME	14.254
		UDP_Client started on port 8051Connection closed... 
SIM_END		scenario_3_test	14.25s	120.829m
TIME	16.280
SIM_START	scenario_3_test	2022-06-21 12:37:09
TIME	16.280
		Connection closed...Sender started with UDP Configuration: 
 IP-Adress: 127.0.0.1 
 Port: 8051 
TIME	0.000
SIMULATE	scenario_3_test

TIME	10.787
		UDP_Client started on port 8051Connection closed... 
SIM_END		scenario_3_test	10.783s	77.5653m
SIM_START	scenario_3_test	2022-06-21 12:37:21
TIME	10.857
		Connection closed...Sender started with UDP Configuration: 
 IP-Adress: 127.0.0.1 
 Port: 8051 
TIME	0.000
SIMULATE	scenario_3_test

TIME	14.253
		UDP_Client started on port 8051Connection closed... 
SIM_END		scenario_3_test	14.25s	120.829m
TIME	16.986
SIM_START	scenario_3_test	2022-06-21 12:38:04
TIME	16.986
		Connection closed...Sender started with UDP Configuration: 
 IP-Adress: 127.0.0.1 
 Port: 8051 
TIME	0.000
SIMULATE	scenario_3_test

TIME	14.253
		UDP_Client started on port 8051Connection closed... 
SIM_END		scenario_3_test	14.25s	120.829m
TIME	16.915
SIM_START	scenario_3_test	2022-06-21 12:38:46
TIME	16.915
		Connection closed...Sender started with UDP Configuration: 
 IP-Adress: 127.0.0.1 
 Port: 8051 
TIME	0.000
SIMULATE	scenario_3_test

TIME	14.253
		UDP_Client started on port 8051Connection closed... 
SIM_END		scenario_3_test	14.25s	120.829m
TIME	48.583
SIM_START	scenario_4_testt	2022-06-21 12:44:45
TIME	48.583
		Connection closed...Sender started with UDP Configuration: 
 IP-Adress: 127.0.0.1 
 Port: 8051 
TIME	0.000
SIMULATE	scenario_4_testt

TIME	20.011
		UDP_Client started on port 8051Connection closed... 
SIM_END		scenario_4_testt	20.007s	145.548m
SIM_START	scenario_3_test	2022-06-21 12:45:15
TIME	20.851
		Connection closed...Sender started with UDP Configuration: 
 IP-Adress: 127.0.0.1 
 Port: 8051 
TIME	0.000
SIMULATE	scenario_3_test

TIME	14.254
		UDP_Client started on port 8051Connection closed... 
SIM_END		scenario_3_test	14.25s	120.829m
TIME	16.260
SIM_START	scenario_3_test	2022-06-21 12:45:50
TIME	16.260
		Connection closed...Sender started with UDP Configuration: 
 IP-Adress: 127.0.0.1 
 Port: 8051 
TIME	0.000
SIMULATE	scenario_3_test

TIME	14.303
		UDP_Client started on port 8051Connection closed... 
SIM_END		scenario_3_test	14.3s	121.453m
SIM_START	scenario_3_test	2022-06-21 12:46:18
TIME	15.442
		Connection closed...Sender started with UDP Configuration: 
 IP-Adress: 127.0.0.1 
 Port: 8051 
TIME	0.000
SIMULATE	scenario_3_test

TIME	14.304
		UDP_Client started on port 8051Connection closed... 
SIM_END		scenario_3_test	14.3s	121.453m
TIME	27.181
SIM_START	scenario_3_test	2022-06-21 12:48:42
TIME	27.181
		Connection closed...Sender started with UDP Configuration: 
 IP-Adress: 127.0.0.1 
 Port: 8051 
TIME	0.000
SIMULATE	scenario_3_test

TIME	14.304
		UDP_Client started on port 8051Connection closed... 
SIM_END		scenario_3_test	14.3s	121.453m
TIME	16.775
SIM_START	scenario_4_testt	2022-06-21 12:49:22
TIME	16.775
		Connection closed...Sender started with UDP Configuration: 
 IP-Adress: 127.0.0.1 
 Port: 8051 
TIME	0.000
SIMULATE	scenario_4_testt

TIME	22.603
		UDP_Client started on port 8051Connection closed... 
SIM_END		scenario_4_testt	22.6s	161.394m
TIME	29.335
SIM_START	scenario_4_testt	2022-06-21 12:50:53
TIME	29.335
		Connection closed...Sender started with UDP Configuration: 
 IP-Adress: 127.0.0.1 
 Port: 8051 
TIME	0.000
SIMULATE	scenario_4_testt

TIME	22.403
		UDP_Client started on port 8051Connection closed... 
SIM_END		scenario_4_testt	22.4s	160.172m
TIME	26.477
SIM_START	scenario_4_testt	2022-06-21 12:51:58
TIME	26.477
		Connection closed...Sender started with UDP Configuration: 
 IP-Adress: 127.0.0.1 
 Port: 8051 
TIME	0.000
SIMULATE	scenario_4_testt

TIME	22.403
		UDP_Client started on port 8051Connection closed... 
SIM_END		scenario_4_testt	22.4s	160.172m
TIME	24.840
SIM_START	scenario_4_testt	2022-06-21 12:52:46
TIME	24.840
		Connection closed...Sender started with UDP Configuration: 
 IP-Adress: 127.0.0.1 
 Port: 8051 
TIME	0.000
SIMULATE	scenario_4_testt

TIME	22.403
		UDP_Client started on port 8051Connection closed... 
SIM_END		scenario_4_testt	22.4s	160.172m
TIME	27.670
SIM_START	scenario_4_testt	2022-06-21 12:54:02
TIME	27.670
		Connection closed...Sender started with UDP Configuration: 
 IP-Adress: 127.0.0.1 
 Port: 8051 
TIME	0.000
SIMULATE	scenario_4_testt

TIME	22.403
		UDP_Client started on port 8051Connection closed... 
SIM_END		scenario_4_testt	22.4s	160.172m
TIME	29.743
SIM_START	scenario_4_testt	2022-06-21 12:55:39
TIME	0.002
		Connection closed...Sender started with UDP Configuration: 
 IP-Adress: 127.0.0.1 
 Port: 8051 
TIME	0.000
SIMULATE	scenario_4_testt

TIME	22.403
		UDP_Client started on port 8051Connection closed... 
SIM_END		scenario_4_testt	22.4s	160.172m
TIME	25.355
SIM_START	scenario_4_testt	2022-06-21 12:56:33
TIME	25.355
		Connection closed...Sender started with UDP Configuration: 
 IP-Adress: 127.0.0.1 
 Port: 8051 
TIME	0.000
SIMULATE	scenario_4_testt

TIME	22.403
		UDP_Client started on port 8051Connection closed... 
SIM_END		scenario_4_testt	22.4s	160.172m
TIME	67.838
SIM_START	scenario_4_testt	2022-06-21 13:04:31
TIME	67.838
		Connection closed...Sender started with UDP Configuration: 
 IP-Adress: 127.0.0.1 
 Port: 8051 
TIME	0.000
SIMULATE	scenario_4_testt

TIME	22.404
		UDP_Client started on port 8051Connection closed... 
SIM_END		scenario_4_testt	22.4s	160.172m
TIME	51.556
SIM_START	scenario_4_testt	2022-06-21 13:09:44
TIME	51.556
		Connection closed...Sender started with UDP Configuration: 
 IP-Adress: 127.0.0.1 
 Port: 8051 
TIME	0.000
SIMULATE	scenario_4_testt

TIME	22.403
		UDP_Client started on port 8051Connection closed... 
SIM_END		scenario_4_testt	22.4s	160.172m
TIME	26.142
SIM_START	scenario_4_testt	2022-06-21 13:10:45
TIME	26.142
		Connection closed...Sender started with UDP Configuration: 
 IP-Adress: 127.0.0.1 
 Port: 8051 
TIME	0.000
SIMULATE	scenario_4_testt

TIME	22.404
		UDP_Client started on port 8051Connection closed... 
SIM_END		scenario_4_testt	22.4s	160.172m
TIME	35.754
SIM_START	scenario_3_test	2022-06-21 13:13:22
TIME	35.754
		Connection closed...Sender started with UDP Configuration: 
 IP-Adress: 127.0.0.1 
 Port: 8051 
TIME	0.000
SIMULATE	scenario_3_test

		UDP_Client started on port 8051Connection closed... 
SIM_END		scenario_3_test	0.992s	0.000912744m
TIME	8.759
SIM_START	scenario_3_test	2022-06-21 13:14:42
TIME	8.759
		Connection closed...Sender started with UDP Configuration: 
 IP-Adress: 127.0.0.1 
 Port: 8051 
TIME	0.000
SIMULATE	scenario_3_test

TIME	14.304
		UDP_Client started on port 8051Connection closed... 
SIM_END		scenario_3_test	14.3s	121.453m
TIME	30.923
SIM_START	scenario 1	2022-06-21 13:17:44
TIME	30.923
		Connection closed...Sender started with UDP Configuration: 
 IP-Adress: 127.0.0.1 
 Port: 8051 
TIME	0.000
SIMULATE	scenario 1

TIME	67.903
		UDP_Client started on port 8051Connection closed... 
SIM_END		scenario 1	67.9s	470.82m
TIME	80.317
SIM_START	scenario 1	2022-06-21 13:20:57
TIME	80.317
		Connection closed...Sender started with UDP Configuration: 
 IP-Adress: 127.0.0.1 
 Port: 8051 
TIME	0.000
SIMULATE	scenario 1

TIME	17.098
		UDP_Client started on port 8051Connection closed... 
SIM_END		scenario 1	17.095s	54.1573m
TIME	21.086
SIM_START	scenario 1	2022-06-21 13:21:55
TIME	21.086
		Connection closed...Sender started with UDP Configuration: 
 IP-Adress: 127.0.0.1 
 Port: 8051 
TIME	0.000
SIMULATE	scenario 1

TIME	33.375
		UDP_Client started on port 8051Connection closed... 
SIM_END		scenario 1	33.371s	121.974m
TIME	36.326
SIM_START	scenario 1	2022-06-21 13:22:59
TIME	36.326
		Connection closed...Sender started with UDP Configuration: 
 IP-Adress: 127.0.0.1 
 Port: 8051 
TIME	0.000
SIMULATE	scenario 1

TIME	33.503
		UDP_Client started on port 8051Connection closed... 
SIM_END		scenario 1	33.5s	122.511m
TIME	46.317
SIM_START	scenario_2	2022-06-21 13:25:41
TIME	46.317
		Connection closed...Sender started with UDP Configuration: 
 IP-Adress: 127.0.0.1 
 Port: 8051 
TIME	0.000
SIMULATE	scenario_2

TIME	10.804
		UDP_Client started on port 8051Connection closed... 
SIM_END		scenario_2	10.8s	67.0401m
TIME	16.264
SIM_START	scenario_2	2022-06-21 13:26:48
TIME	16.264
		Connection closed...Sender started with UDP Configuration: 
 IP-Adress: 127.0.0.1 
 Port: 8051 
TIME	0.000
SIMULATE	scenario_2

TIME	10.803
		UDP_Client started on port 8051Connection closed... 
SIM_END		scenario_2	10.8s	67.0401m
TIME	13.880
SIM_START	scenario_2	2022-06-21 13:27:30
TIME	13.880
		Connection closed...Sender started with UDP Configuration: 
 IP-Adress: 127.0.0.1 
 Port: 8051 
TIME	0.000
SIMULATE	scenario_2

TIME	10.803
		UDP_Client started on port 8051Connection closed... 
SIM_END		scenario_2	10.8s	67.0401m
TIME	28.086
SIM_START	scenario 1	2022-06-21 13:30:35
TIME	28.086
		Connection closed...Sender started with UDP Configuration: 
 IP-Adress: 127.0.0.1 
 Port: 8051 
TIME	0.000
SIMULATE	scenario 1

TIME	33.504
		UDP_Client started on port 8051Connection closed... 
SIM_END		scenario 1	33.5s	122.511m
TIME	36.017
SIM_START	scenario_2	2022-06-21 13:31:34
TIME	36.017
		Connection closed...Sender started with UDP Configuration: 
 IP-Adress: 127.0.0.1 
 Port: 8051 
TIME	0.000
SIMULATE	scenario_2

TIME	10.804
		UDP_Client started on port 8051Connection closed... 
SIM_END		scenario_2	10.8s	67.0401m
TIME	187.077
SIM_START	scenario_3_test	2022-06-21 14:01:09
TIME	187.077
		Connection closed...Sender started with UDP Configuration: 
 IP-Adress: 127.0.0.1 
 Port: 8051 
TIME	0.000
SIMULATE	scenario_3_test

TIME	95.479
		UDP_Client started on port 8051Connection closed... 
SIM_END		scenario_3_test	95.476s	1091.32m
TIME	110.844
SIM_START	scenario_3_test	2022-06-21 14:05:19
TIME	110.844
		Connection closed...Sender started with UDP Configuration: 
 IP-Adress: 127.0.0.1 
 Port: 8051 
TIME	0.000
SIMULATE	scenario_3_test

TIME	18.847
		UDP_Client started on port 8051Connection closed... 
SIM_END		scenario_3_test	18.843s	138.433m
SIM_START	scenario_3_test	2022-06-21 14:05:45
TIME	19.484
		Connection closed...Sender started with UDP Configuration: 
 IP-Adress: 127.0.0.1 
 Port: 8051 
TIME	0.000
SIMULATE	scenario_3_test

TIME	35.653
		UDP_Client started on port 8051Connection closed... 
SIM_END		scenario_3_test	35.649s	180.371m
SIM_START	scenario_3_test	2022-06-21 14:06:33
TIME	36.671
		Connection closed...Sender started with UDP Configuration: 
 IP-Adress: 127.0.0.1 
 Port: 8051 
TIME	0.000
SIMULATE	scenario_3_test

TIME	31.685
		UDP_Client started on port 8051Connection closed... 
SIM_END		scenario_3_test	31.681s	171.424m
SIM_START	scenario_3_test	2022-06-21 14:07:18
TIME	32.911
		Connection closed...Sender started with UDP Configuration: 
 IP-Adress: 127.0.0.1 
 Port: 8051 
TIME	0.000
SIMULATE	scenario_3_test

TIME	95.289
		UDP_Client started on port 8051Connection closed... 
SIM_END		scenario_3_test	95.285s	953.47m
TIME	100.639
SIM_START	scenario_3_test	2022-06-21 14:09:48
TIME	100.639
		Connection closed...Sender started with UDP Configuration: 
 IP-Adress: 127.0.0.1 
 Port: 8051 
TIME	0.000
SIMULATE	scenario_3_test

TIME	105.230
		UDP_Client started on port 8051Connection closed... 
SIM_END		scenario_3_test	105.226s	1091.32m
TIME	110.581
SIM_START	scenario_3_test	2022-06-21 14:12:28
TIME	110.581
		Connection closed...Sender started with UDP Configuration: 
 IP-Adress: 127.0.0.1 
 Port: 8051 
TIME	0.000
SIMULATE	scenario_3_test

TIME	106.214
		UDP_Client started on port 8051Connection closed... 
SIM_END		scenario_3_test	106.211s	1091.33m
TIME	108.579
SIM_START	scenario_3_test	2022-06-21 14:14:39
TIME	108.579
		Connection closed...Sender started with UDP Configuration: 
 IP-Adress: 127.0.0.1 
 Port: 8051 
TIME	0.000
SIMULATE	scenario_3_test

TIME	30.395
		UDP_Client started on port 8051Connection closed... 
SIM_END		scenario_3_test	30.391s	159.219m
SIM_START	scenario_3_test	2022-06-21 14:15:21
TIME	31.391
		Connection closed...Sender started with UDP Configuration: 
 IP-Adress: 127.0.0.1 
 Port: 8051 
TIME	0.000
SIMULATE	scenario_3_test

TIME	103.604
		UDP_Client started on port 8051Connection closed... 
SIM_END		scenario_3_test	103.6s	1058.69m
TIME	106.673
SIM_START	scenario_3_test	2022-06-21 14:17:37
TIME	106.673
		Connection closed...Sender started with UDP Configuration: 
 IP-Adress: 127.0.0.1 
 Port: 8051 
TIME	0.000
SIMULATE	scenario_3_test

TIME	103.804
		UDP_Client started on port 8051Connection closed... 
SIM_END		scenario_3_test	103.8s	1061.19m
TIME	114.223
SIM_START	scenario_3_and_4	2022-06-21 14:21:06
TIME	114.223
		Connection closed...Sender started with UDP Configuration: 
 IP-Adress: 127.0.0.1 
 Port: 8051 
TIME	0.000
SIMULATE	scenario_3_and_4

TIME	6.032
		UDP_Client started on port 8051Connection closed... 
SIM_END		scenario_3_and_4	6.028s	21.1461m
SIM_START	scenario_3_and_4	2022-06-21 14:21:31
TIME	7.817
		Connection closed...Sender started with UDP Configuration: 
 IP-Adress: 127.0.0.1 
 Port: 8051 
TIME	0.000
SIMULATE	scenario_3_and_4

TIME	103.803
		UDP_Client started on port 8051Connection closed... 
SIM_END		scenario_3_and_4	103.8s	1061.19m
TIME	119.668
SIM_START	scenario_3_and_4	2022-06-21 14:25:55
TIME	119.668
		Connection closed...Sender started with UDP Configuration: 
 IP-Adress: 127.0.0.1 
 Port: 8051 
TIME	0.000
SIMULATE	scenario_3_and_4

TIME	103.803
		UDP_Client started on port 8051Connection closed... 
SIM_END		scenario_3_and_4	103.8s	1061.19m
TIME	146.863
SIM_START	scenario_1_and_2	2022-06-21 14:34:50
TIME	0.002
		Connection closed...Sender started with UDP Configuration: 
 IP-Adress: 127.0.0.1 
 Port: 8051 
TIME	0.000
SIMULATE	scenario_1_and_2

TIME	6.474
		UDP_Client started on port 8051Connection closed... 
SIM_END		scenario_1_and_2	6.471s	54.9888m
TIME	15.030
SIM_START	scenario_1_and_2	2022-06-21 14:36:23
TIME	15.030
		Connection closed...Sender started with UDP Configuration: 
 IP-Adress: 127.0.0.1 
 Port: 8051 
TIME	0.000
SIMULATE	scenario_1_and_2

TIME	76.369
		UDP_Client started on port 8051Connection closed... 
SIM_END		scenario_1_and_2	76.366s	859.378m
TIME	79.252
SIM_START	scenario_1_and_2	2022-06-21 14:38:10
TIME	79.252
		Connection closed...Sender started with UDP Configuration: 
 IP-Adress: 127.0.0.1 
 Port: 8051 
TIME	0.000
SIMULATE	scenario_1_and_2

TIME	53.719
		UDP_Client started on port 8051Connection closed... 
SIM_END		scenario_1_and_2	53.714s	585.797m
TIME	56.658
SIM_START	scenario_1_and_2	2022-06-21 14:39:34
TIME	56.658
		Connection closed...Sender started with UDP Configuration: 
 IP-Adress: 127.0.0.1 
 Port: 8051 
TIME	0.000
SIMULATE	scenario_1_and_2

TIME	59.879
		UDP_Client started on port 8051Connection closed... 
SIM_END		scenario_1_and_2	59.875s	632.365m
TIME	70.814
SIM_START	scenario_1_and_2	2022-06-21 14:42:24
TIME	70.814
		Connection closed...Sender started with UDP Configuration: 
 IP-Adress: 127.0.0.1 
 Port: 8051 
TIME	0.000
SIMULATE	scenario_1_and_2

TIME	63.776
		UDP_Client started on port 8051Connection closed... 
SIM_END		scenario_1_and_2	63.773s	803.494m
TIME	74.579
SIM_START	scenario_1_and_2	2022-06-21 14:45:16
TIME	74.579
		Connection closed...Sender started with UDP Configuration: 
 IP-Adress: 127.0.0.1 
 Port: 8051 
TIME	0.000
SIMULATE	scenario_1_and_2

TIME	97.609
		UDP_Client started on port 8051Connection closed... 
SIM_END		scenario_1_and_2	97.605s	676.419m
TIME	101.882
SIM_START	scenario_1_and_2	2022-06-21 14:47:38
TIME	101.882
		Connection closed...Sender started with UDP Configuration: 
 IP-Adress: 127.0.0.1 
 Port: 8051 
TIME	0.000
SIMULATE	scenario_1_and_2

TIME	85.075
		UDP_Client started on port 8051Connection closed... 
SIM_END		scenario_1_and_2	85.071s	597.665m
TIME	89.847
SIM_START	scenario_1_and_2	2022-06-21 14:49:51
TIME	89.847
		Connection closed...Sender started with UDP Configuration: 
 IP-Adress: 127.0.0.1 
 Port: 8051 
TIME	0.000
SIMULATE	scenario_1_and_2

TIME	85.203
		UDP_Client started on port 8051Connection closed... 
SIM_END		scenario_1_and_2	85.2s	606.417m
TIME	90.419
SIM_START	scenario_1_and_2	2022-06-21 14:52:10
TIME	90.419
		Connection closed...Sender started with UDP Configuration: 
 IP-Adress: 127.0.0.1 
 Port: 8051 
TIME	0.000
SIMULATE	scenario_1_and_2

TIME	85.204
		UDP_Client started on port 8051Connection closed... 
SIM_END		scenario_1_and_2	85.2s	577.404m
TIME	90.284
SIM_START	scenario_1_and_2	2022-06-21 14:54:26
TIME	90.284
		Connection closed...Sender started with UDP Configuration: 
 IP-Adress: 127.0.0.1 
 Port: 8051 
TIME	0.000
SIMULATE	scenario_1_and_2

TIME	83.203
		UDP_Client started on port 8051Connection closed... 
SIM_END		scenario_1_and_2	83.2s	592.831m
TIME	86.620
SIM_START	scenario_1_and_2	2022-06-21 14:56:25
TIME	86.620
		Connection closed...Sender started with UDP Configuration: 
 IP-Adress: 127.0.0.1 
 Port: 8051 
TIME	0.000
SIMULATE	scenario_1_and_2

TIME	83.203
		UDP_Client started on port 8051Connection closed... 
SIM_END		scenario_1_and_2	83.2s	592.831m
TIME	85.658
SIM_START	scenario_1_and_2	2022-06-21 14:58:13
TIME	85.658
		Connection closed...Sender started with UDP Configuration: 
 IP-Adress: 127.0.0.1 
 Port: 8051 
TIME	0.000
SIMULATE	scenario_1_and_2

TIME	83.704
		UDP_Client started on port 8051Connection closed... 
SIM_END		scenario_1_and_2	83.7s	596.303m
TIME	86.180
SIM_START	scenario_1_and_2	2022-06-21 15:00:03
TIME	86.180
		Connection closed...Sender started with UDP Configuration: 
 IP-Adress: 127.0.0.1 
 Port: 8051 
TIME	0.000
SIMULATE	scenario_1_and_2

TIME	84.303
		UDP_Client started on port 8051Connection closed... 
SIM_END		scenario_1_and_2	84.3s	600.47m
TIME	91.141
SHUTDOWN	CarMaker quick shutdown initiated

