APPLICATION	Car_Generic &lt;insert.your.version.no&gt; #6 (win64-10.2)
COMPILED	Tessa-Vis-PC@desktop-t7rv54h 2022-06-22 17:18:30
 
FIRST_INIT	(internal default used)	2023-04-20 15:36:40
TIME	0.000
		Sender started with UDP Configuration: 
 IP-Adress: 127.0.0.1 
 Port: 8051 
		UDP_Client started on port 8051Connection closed... 
SIM_END			0s	0m
IDLE	15:36:41
SIM_START	Masterarbeit_CarMaker	2023-04-20 15:36:42
TIME	0.162
		Connection closed...Sender started with UDP Configuration: 
 IP-Adress: 127.0.0.1 
 Port: 8051 
TIME	0.000
SIMULATE	Masterarbeit_CarMaker

		UDP_Client started on port 8051Connection closed... 
SIM_END		Masterarbeit_CarMaker	0.847s	0.404528m
SIM_START	Masterarbeit_CarMaker_2023	2023-04-20 15:36:54
TIME	1.808
		Connection closed...Sender started with UDP Configuration: 
 IP-Adress: 127.0.0.1 
 Port: 8051 
TIME	0.000
SIMULATE	Masterarbeit_CarMaker_2023

TIME	27.142
		UDP_Client started on port 8051Connection closed... 
SIM_END		Masterarbeit_CarMaker_2023	27.138s	329.983m
SIM_START	Masterarbeit_CarMaker_2023	2023-04-20 15:37:26
TIME	28.624
		Connection closed...Sender started with UDP Configuration: 
 IP-Adress: 127.0.0.1 
 Port: 8051 
TIME	0.000
SIMULATE	Masterarbeit_CarMaker_2023

TIME	27.142
		UDP_Client started on port 8051Connection closed... 
SIM_END		Masterarbeit_CarMaker_2023	27.138s	329.983m
TIME	167.577
SHUTDOWN	CarMaker quick shutdown initiated

