APPLICATION	Car_Generic &lt;insert.your.version.no&gt; #6 (win64-10.2)
COMPILED	Tessa-Vis-PC@desktop-t7rv54h 2022-06-22 17:18:30
 
FIRST_INIT	(internal default used)	2023-04-21 10:04:51
TIME	0.000
		Sender started with UDP Configuration: 
 IP-Adress: 127.0.0.1 
 Port: 8051 
		UDP_Client started on port 8051Connection closed... 
SIM_END			0s	0m
IDLE	10:04:51
SIM_START	Masterarbeit_CarMaker	2023-04-21 10:04:51
TIME	0.020
		Connection closed...Sender started with UDP Configuration: 
 IP-Adress: 127.0.0.1 
 Port: 8051 
TIME	0.000
SIMULATE	Masterarbeit_CarMaker

		UDP_Client started on port 8051Connection closed... 
SIM_END		Masterarbeit_CarMaker	0.998s	0.658843m
TIME	3.733
SIM_START	Masterarbeit_CarMaker_2023	2023-04-21 10:05:21
TIME	3.733
		Connection closed...Sender started with UDP Configuration: 
 IP-Adress: 127.0.0.1 
 Port: 8051 
TIME	0.000
SIMULATE	Masterarbeit_CarMaker_2023

		UDP_Client started on port 8051Connection closed... 
SIM_END		Masterarbeit_CarMaker_2023	1.261s	1.26326m
TIME	194.465
SIM_START	Masterarbeit_CarMaker_2023	2023-04-21 10:37:35
TIME	194.465
		Connection closed...Sender started with UDP Configuration: 
 IP-Adress: 127.0.0.1 
 Port: 8051 
TIME	0.000
SIMULATE	Masterarbeit_CarMaker_2023

TIME	27.186
		UDP_Client started on port 8051Connection closed... 
SIM_END		Masterarbeit_CarMaker_2023	27.181s	329.992m
TIME	53.792
SIM_START	Masterarbeit_CarMaker_2023	2023-04-21 10:42:29
TIME	53.792
		Connection closed...Sender started with UDP Configuration: 
 IP-Adress: 127.0.0.1 
 Port: 8051 
TIME	0.000
SIMULATE	Masterarbeit_CarMaker_2023

TIME	27.185
		UDP_Client started on port 8051Connection closed... 
SIM_END		Masterarbeit_CarMaker_2023	27.181s	329.992m
TIME	29.473
SIM_START	Masterarbeit_CarMaker_2023	2023-04-21 10:43:20
TIME	29.473
		Connection closed...Sender started with UDP Configuration: 
 IP-Adress: 127.0.0.1 
 Port: 8051 
TIME	0.000
SIMULATE	Masterarbeit_CarMaker_2023

TIME	27.185
		UDP_Client started on port 8051Connection closed... 
SIM_END		Masterarbeit_CarMaker_2023	27.181s	329.992m
TIME	32.865
SIM_START	Masterarbeit_CarMaker_2023	2023-04-21 10:44:45
TIME	32.865
		Connection closed...Sender started with UDP Configuration: 
 IP-Adress: 127.0.0.1 
 Port: 8051 
TIME	0.000
SIMULATE	Masterarbeit_CarMaker_2023

TIME	27.185
		UDP_Client started on port 8051Connection closed... 
SIM_END		Masterarbeit_CarMaker_2023	27.181s	329.992m
TIME	34.234
SIM_START	Masterarbeit_CarMaker_2023	2023-04-21 10:46:23
TIME	34.234
		Connection closed...Sender started with UDP Configuration: 
 IP-Adress: 127.0.0.1 
 Port: 8051 
TIME	0.000
SIMULATE	Masterarbeit_CarMaker_2023

TIME	27.185
		UDP_Client started on port 8051Connection closed... 
SIM_END		Masterarbeit_CarMaker_2023	27.181s	329.992m
SIM_START	Masterarbeit_CarMaker_2023	2023-04-21 10:47:03
TIME	28.356
		Connection closed...Sender started with UDP Configuration: 
 IP-Adress: 127.0.0.1 
 Port: 8051 
TIME	0.000
SIMULATE	Masterarbeit_CarMaker_2023

TIME	27.186
		UDP_Client started on port 8051Connection closed... 
SIM_END		Masterarbeit_CarMaker_2023	27.181s	329.992m
SIM_START	Masterarbeit_CarMaker_2023	2023-04-21 10:47:46
TIME	28.641
		Connection closed...Sender started with UDP Configuration: 
 IP-Adress: 127.0.0.1 
 Port: 8051 
TIME	0.000
SIMULATE	Masterarbeit_CarMaker_2023

TIME	27.184
		UDP_Client started on port 8051Connection closed... 
SIM_END		Masterarbeit_CarMaker_2023	27.181s	329.992m
TIME	37.612
SIM_START	Masterarbeit_CarMaker_2023	2023-04-21 10:49:58
TIME	37.612
		Connection closed...Sender started with UDP Configuration: 
 IP-Adress: 127.0.0.1 
 Port: 8051 
TIME	0.000
SIMULATE	Masterarbeit_CarMaker_2023

TIME	27.186
		UDP_Client started on port 8051Connection closed... 
SIM_END		Masterarbeit_CarMaker_2023	27.181s	329.992m
TIME	30.341
SIM_START	Masterarbeit_CarMaker_2023	2023-04-21 10:50:58
TIME	30.341
		Connection closed...Sender started with UDP Configuration: 
 IP-Adress: 127.0.0.1 
 Port: 8051 
TIME	0.000
SIMULATE	Masterarbeit_CarMaker_2023

TIME	27.184
		UDP_Client started on port 8051Connection closed... 
SIM_END		Masterarbeit_CarMaker_2023	27.181s	329.992m
TIME	30.822
SIM_START	Masterarbeit_CarMaker_2023	2023-04-21 10:52:02
TIME	30.822
		Connection closed...Sender started with UDP Configuration: 
 IP-Adress: 127.0.0.1 
 Port: 8051 
TIME	0.000
SIMULATE	Masterarbeit_CarMaker_2023

TIME	27.185
		UDP_Client started on port 8051Connection closed... 
SIM_END		Masterarbeit_CarMaker_2023	27.181s	329.992m
SIM_START	Masterarbeit_CarMaker_2023	2023-04-21 10:52:44
TIME	28.607
		Connection closed...Sender started with UDP Configuration: 
 IP-Adress: 127.0.0.1 
 Port: 8051 
TIME	0.000
SIMULATE	Masterarbeit_CarMaker_2023

TIME	27.184
		UDP_Client started on port 8051Connection closed... 
SIM_END		Masterarbeit_CarMaker_2023	27.181s	329.992m
TIME	31.973
SIM_START	Masterarbeit_CarMaker_2023	2023-04-21 10:54:00
TIME	31.973
		Connection closed...Sender started with UDP Configuration: 
 IP-Adress: 127.0.0.1 
 Port: 8051 
TIME	0.000
SIMULATE	Masterarbeit_CarMaker_2023

TIME	27.185
		UDP_Client started on port 8051Connection closed... 
SIM_END		Masterarbeit_CarMaker_2023	27.181s	329.992m
TIME	29.647
SIM_START	Masterarbeit_CarMaker_2023	2023-04-21 10:54:53
TIME	29.647
		Connection closed...Sender started with UDP Configuration: 
 IP-Adress: 127.0.0.1 
 Port: 8051 
TIME	0.000
SIMULATE	Masterarbeit_CarMaker_2023

TIME	27.185
		UDP_Client started on port 8051Connection closed... 
SIM_END		Masterarbeit_CarMaker_2023	27.181s	329.992m
TIME	31.421
SIM_START	Masterarbeit_CarMaker_2023	2023-04-21 10:56:04
TIME	31.421
		Connection closed...Sender started with UDP Configuration: 
 IP-Adress: 127.0.0.1 
 Port: 8051 
TIME	0.000
SIMULATE	Masterarbeit_CarMaker_2023

TIME	27.186
		UDP_Client started on port 8051Connection closed... 
SIM_END		Masterarbeit_CarMaker_2023	27.181s	329.992m
TIME	30.035
SIM_START	Masterarbeit_CarMaker_2023	2023-04-21 10:57:00
TIME	30.035
		Connection closed...Sender started with UDP Configuration: 
 IP-Adress: 127.0.0.1 
 Port: 8051 
TIME	0.000
SIMULATE	Masterarbeit_CarMaker_2023

TIME	27.185
		UDP_Client started on port 8051Connection closed... 
SIM_END		Masterarbeit_CarMaker_2023	27.181s	329.992m
SIM_START	Masterarbeit_CarMaker_2023	2023-04-21 10:57:44
TIME	28.727
		Connection closed...Sender started with UDP Configuration: 
 IP-Adress: 127.0.0.1 
 Port: 8051 
TIME	0.000
SIMULATE	Masterarbeit_CarMaker_2023

TIME	27.185
		UDP_Client started on port 8051Connection closed... 
SIM_END		Masterarbeit_CarMaker_2023	27.181s	329.992m
TIME	35.210
SIM_START	Masterarbeit_CarMaker_2023	2023-04-21 10:59:32
TIME	35.210
		Connection closed...Sender started with UDP Configuration: 
 IP-Adress: 127.0.0.1 
 Port: 8051 
TIME	0.000
SIMULATE	Masterarbeit_CarMaker_2023

TIME	27.184
		UDP_Client started on port 8051Connection closed... 
SIM_END		Masterarbeit_CarMaker_2023	27.181s	329.992m
TIME	31.577
SIM_START	Masterarbeit_CarMaker_2023	2023-04-21 11:00:44
TIME	31.577
		Connection closed...Sender started with UDP Configuration: 
 IP-Adress: 127.0.0.1 
 Port: 8051 
TIME	0.000
SIMULATE	Masterarbeit_CarMaker_2023

TIME	27.184
		UDP_Client started on port 8051Connection closed... 
SIM_END		Masterarbeit_CarMaker_2023	27.181s	329.992m
TIME	32.110
SIM_START	Masterarbeit_CarMaker_2023	2023-04-21 11:02:01
TIME	32.110
		Connection closed...Sender started with UDP Configuration: 
 IP-Adress: 127.0.0.1 
 Port: 8051 
TIME	0.000
SIMULATE	Masterarbeit_CarMaker_2023

TIME	27.185
		UDP_Client started on port 8051Connection closed... 
SIM_END		Masterarbeit_CarMaker_2023	27.181s	329.992m
TIME	34.218
SIM_START	Masterarbeit_CarMaker_2023	2023-04-21 11:03:40
TIME	34.218
		Connection closed...Sender started with UDP Configuration: 
 IP-Adress: 127.0.0.1 
 Port: 8051 
TIME	0.000
SIMULATE	Masterarbeit_CarMaker_2023

TIME	27.186
		UDP_Client started on port 8051Connection closed... 
SIM_END		Masterarbeit_CarMaker_2023	27.181s	329.992m
TIME	30.794
SIM_START	Masterarbeit_CarMaker_2023	2023-04-21 11:04:44
TIME	30.794
		Connection closed...Sender started with UDP Configuration: 
 IP-Adress: 127.0.0.1 
 Port: 8051 
TIME	0.000
SIMULATE	Masterarbeit_CarMaker_2023

TIME	27.185
		UDP_Client started on port 8051Connection closed... 
SIM_END		Masterarbeit_CarMaker_2023	27.181s	329.992m
TIME	32.404
SIM_START	Masterarbeit_CarMaker_2023	2023-04-21 11:06:04
TIME	32.404
		Connection closed...Sender started with UDP Configuration: 
 IP-Adress: 127.0.0.1 
 Port: 8051 
TIME	0.000
SIMULATE	Masterarbeit_CarMaker_2023

TIME	13.490
		UDP_Client started on port 8051Connection closed... 
SIM_END		Masterarbeit_CarMaker_2023	13.486s	147.642m
SIM_START	Masterarbeit_CarMaker_2023	2023-04-21 11:06:24
TIME	14.086
		Connection closed...Sender started with UDP Configuration: 
 IP-Adress: 127.0.0.1 
 Port: 8051 
TIME	0.000
SIMULATE	Masterarbeit_CarMaker_2023

TIME	27.185
		UDP_Client started on port 8051Connection closed... 
SIM_END		Masterarbeit_CarMaker_2023	27.181s	329.992m
SIM_START	Masterarbeit_CarMaker_2023	2023-04-21 11:07:11
TIME	29.053
		Connection closed...Sender started with UDP Configuration: 
 IP-Adress: 127.0.0.1 
 Port: 8051 
TIME	0.000
SIMULATE	Masterarbeit_CarMaker_2023

TIME	27.185
		UDP_Client started on port 8051Connection closed... 
SIM_END		Masterarbeit_CarMaker_2023	27.181s	329.992m
TIME	277.092
SIM_START	Masterarbeit_CarMaker_2023	2023-04-21 11:49:18
TIME	277.092
		Connection closed...Sender started with UDP Configuration: 
 IP-Adress: 127.0.0.1 
 Port: 8051 
TIME	0.000
SIMULATE	Masterarbeit_CarMaker_2023

TIME	27.185
		UDP_Client started on port 8051Connection closed... 
SIM_END		Masterarbeit_CarMaker_2023	27.181s	329.992m
TIME	30.130
SIM_START	Masterarbeit_CarMaker_2023	2023-04-21 11:50:16
TIME	30.130
		Connection closed...Sender started with UDP Configuration: 
 IP-Adress: 127.0.0.1 
 Port: 8051 
TIME	0.000
SIMULATE	Masterarbeit_CarMaker_2023

TIME	27.184
		UDP_Client started on port 8051Connection closed... 
SIM_END		Masterarbeit_CarMaker_2023	27.181s	329.992m
TIME	29.195
SIM_START	Masterarbeit_CarMaker_2023	2023-04-21 11:51:04
TIME	29.195
		Connection closed...Sender started with UDP Configuration: 
 IP-Adress: 127.0.0.1 
 Port: 8051 
TIME	0.000
SIMULATE	Masterarbeit_CarMaker_2023

TIME	27.185
		UDP_Client started on port 8051Connection closed... 
SIM_END		Masterarbeit_CarMaker_2023	27.181s	329.992m
TIME	29.470
SIM_START	Masterarbeit_CarMaker_2023	2023-04-21 11:51:55
TIME	29.470
		Connection closed...Sender started with UDP Configuration: 
 IP-Adress: 127.0.0.1 
 Port: 8051 
TIME	0.000
SIMULATE	Masterarbeit_CarMaker_2023

TIME	27.184
		UDP_Client started on port 8051Connection closed... 
SIM_END		Masterarbeit_CarMaker_2023	27.181s	329.992m
SIM_START	Masterarbeit_CarMaker_2023	2023-04-21 11:52:40
TIME	28.911
		Connection closed...Sender started with UDP Configuration: 
 IP-Adress: 127.0.0.1 
 Port: 8051 
TIME	0.000
SIMULATE	Masterarbeit_CarMaker_2023

TIME	27.185
		UDP_Client started on port 8051Connection closed... 
SIM_END		Masterarbeit_CarMaker_2023	27.181s	329.992m
SIM_START	Masterarbeit_CarMaker_2023	2023-04-21 11:53:21
TIME	28.468
		Connection closed...Sender started with UDP Configuration: 
 IP-Adress: 127.0.0.1 
 Port: 8051 
TIME	0.000
SIMULATE	Masterarbeit_CarMaker_2023

TIME	27.185
		UDP_Client started on port 8051Connection closed... 
SIM_END		Masterarbeit_CarMaker_2023	27.181s	329.992m
TIME	32.704
SIM_START	Masterarbeit_CarMaker_2023	2023-04-21 11:54:44
TIME	32.704
		Connection closed...Sender started with UDP Configuration: 
 IP-Adress: 127.0.0.1 
 Port: 8051 
TIME	0.000
SIMULATE	Masterarbeit_CarMaker_2023

TIME	27.185
		UDP_Client started on port 8051Connection closed... 
SIM_END		Masterarbeit_CarMaker_2023	27.181s	329.992m
TIME	29.862
SIM_START	Masterarbeit_CarMaker_2023	2023-04-21 11:55:39
TIME	29.862
		Connection closed...Sender started with UDP Configuration: 
 IP-Adress: 127.0.0.1 
 Port: 8051 
TIME	0.000
SIMULATE	Masterarbeit_CarMaker_2023

TIME	27.184
		UDP_Client started on port 8051Connection closed... 
SIM_END		Masterarbeit_CarMaker_2023	27.181s	329.992m
SIM_START	Masterarbeit_CarMaker_2023	2023-04-21 11:56:25
TIME	29.006
		Connection closed...Sender started with UDP Configuration: 
 IP-Adress: 127.0.0.1 
 Port: 8051 
TIME	0.000
SIMULATE	Masterarbeit_CarMaker_2023

TIME	27.185
		UDP_Client started on port 8051Connection closed... 
SIM_END		Masterarbeit_CarMaker_2023	27.181s	329.992m
TIME	30.374
SIM_START	Masterarbeit_CarMaker_2023	2023-04-21 11:57:25
TIME	30.374
		Connection closed...Sender started with UDP Configuration: 
 IP-Adress: 127.0.0.1 
 Port: 8051 
TIME	0.000
SIMULATE	Masterarbeit_CarMaker_2023

TIME	27.185
		UDP_Client started on port 8051Connection closed... 
SIM_END		Masterarbeit_CarMaker_2023	27.181s	329.992m
TIME	134.783
SIM_START	Masterarbeit_CarMaker_2023	2023-04-21 12:15:49
TIME	134.783
		Connection closed...Sender started with UDP Configuration: 
 IP-Adress: 127.0.0.1 
 Port: 8051 
TIME	0.000
SIMULATE	Masterarbeit_CarMaker_2023

TIME	27.184
		UDP_Client started on port 8051Connection closed... 
SIM_END		Masterarbeit_CarMaker_2023	27.181s	329.992m
TIME	36.165
SIM_START	Masterarbeit_CarMaker_2023	2023-04-21 12:17:47
TIME	36.165
		Connection closed...Sender started with UDP Configuration: 
 IP-Adress: 127.0.0.1 
 Port: 8051 
TIME	0.000
SIMULATE	Masterarbeit_CarMaker_2023

TIME	27.186
		UDP_Client started on port 8051Connection closed... 
SIM_END		Masterarbeit_CarMaker_2023	27.181s	329.992m
TIME	44.532
SIM_START	Masterarbeit_CarMaker_2023	2023-04-21 12:21:09
TIME	44.532
		Connection closed...Sender started with UDP Configuration: 
 IP-Adress: 127.0.0.1 
 Port: 8051 
TIME	0.000
SIMULATE	Masterarbeit_CarMaker_2023

TIME	27.186
		UDP_Client started on port 8051Connection closed... 
SIM_END		Masterarbeit_CarMaker_2023	27.181s	329.992m
TIME	43.144
SIM_START	Masterarbeit_CarMaker_2023	2023-04-21 12:24:17
TIME	43.144
		Connection closed...Sender started with UDP Configuration: 
 IP-Adress: 127.0.0.1 
 Port: 8051 
TIME	0.000
SIMULATE	Masterarbeit_CarMaker_2023

TIME	27.186
		UDP_Client started on port 8051Connection closed... 
SIM_END		Masterarbeit_CarMaker_2023	27.181s	329.992m
TIME	35.690
SIM_START	Masterarbeit_CarMaker_2023	2023-04-21 12:26:10
TIME	35.690
		Connection closed...Sender started with UDP Configuration: 
 IP-Adress: 127.0.0.1 
 Port: 8051 
TIME	0.000
SIMULATE	Masterarbeit_CarMaker_2023

TIME	27.185
		UDP_Client started on port 8051Connection closed... 
SIM_END		Masterarbeit_CarMaker_2023	27.181s	329.992m
TIME	55.743
SIM_START	Masterarbeit_CarMaker_2023	2023-04-21 12:31:23
TIME	55.743
		Connection closed...Sender started with UDP Configuration: 
 IP-Adress: 127.0.0.1 
 Port: 8051 
TIME	0.000
SIMULATE	Masterarbeit_CarMaker_2023

TIME	6.644
		UDP_Client started on port 8051Connection closed... 
SIM_END		Masterarbeit_CarMaker_2023	6.64s	53.0273m
TIME	14.815
SIM_START	Masterarbeit_CarMaker_2023	2023-04-21 12:32:53
TIME	14.815
		Connection closed...Sender started with UDP Configuration: 
 IP-Adress: 127.0.0.1 
 Port: 8051 
TIME	0.000
SIMULATE	Masterarbeit_CarMaker_2023

TIME	24.953
		UDP_Client started on port 8051Connection closed... 
SIM_END		Masterarbeit_CarMaker_2023	24.948s	298.554m
TIME	28.935
SIM_START	Masterarbeit_CarMaker_2023	2023-04-21 12:33:58
TIME	28.935
		Connection closed...Sender started with UDP Configuration: 
 IP-Adress: 127.0.0.1 
 Port: 8051 
TIME	0.000
SIMULATE	Masterarbeit_CarMaker_2023

TIME	27.185
		UDP_Client started on port 8051Connection closed... 
SIM_END		Masterarbeit_CarMaker_2023	27.181s	329.992m
SIM_START	Masterarbeit_CarMaker_2023	2023-04-21 12:34:35
TIME	28.056
		Connection closed...Sender started with UDP Configuration: 
 IP-Adress: 127.0.0.1 
 Port: 8051 
TIME	0.000
SIMULATE	Masterarbeit_CarMaker_2023

TIME	27.184
		UDP_Client started on port 8051Connection closed... 
SIM_END		Masterarbeit_CarMaker_2023	27.181s	329.992m
TIME	139.666
SIM_START	Masterarbeit_CarMaker_2023	2023-04-21 12:53:48
TIME	139.666
		Connection closed...Sender started with UDP Configuration: 
 IP-Adress: 127.0.0.1 
 Port: 8051 
TIME	0.000
SIMULATE	Masterarbeit_CarMaker_2023

TIME	27.184
		UDP_Client started on port 8051Connection closed... 
SIM_END		Masterarbeit_CarMaker_2023	27.181s	329.992m
SHUTDOWN	CarMaker quick shutdown initiated

