APPLICATION	Car_Generic &lt;insert.your.version.no&gt; #6 (win64-10.2)
COMPILED	Tessa-Vis-PC@desktop-t7rv54h 2022-06-22 17:18:30
 
FIRST_INIT	(internal default used)	2023-05-25 15:57:51
TIME	0.000
		Sender started with UDP Configuration: 
 IP-Adress: 127.0.0.1 
 Port: 8051 
		UDP_Client started on port 8051Connection closed... 
SIM_END			0s	0m
IDLE	15:57:52
SIM_START	04Newalkar_CarMaker	2023-05-25 15:57:53
TIME	0.001
		Connection closed...Sender started with UDP Configuration: 
 IP-Adress: 127.0.0.1 
 Port: 8051 
TIME	0.000
SIMULATE	04Newalkar_CarMaker

TIME	9.656
		UDP_Client started on port 8051Connection closed... 
SIM_END		04Newalkar_CarMaker	9.651s	83.3107m
TIME	165.761
SIM_START	04Newalkar_CarMaker	2023-05-25 16:24:04
TIME	165.761
		Connection closed...Sender started with UDP Configuration: 
 IP-Adress: 127.0.0.1 
 Port: 8051 
TIME	0.000
SIMULATE	04Newalkar_CarMaker

TIME	9.655
		UDP_Client started on port 8051Connection closed... 
SIM_END		04Newalkar_CarMaker	9.651s	83.3107m
TIME	120.297
SIM_START	04Newalkar_CarMaker	2023-05-25 16:42:41
TIME	0.001
		Connection closed...Sender started with UDP Configuration: 
 IP-Adress: 127.0.0.1 
 Port: 8051 
TIME	0.000
SIMULATE	04Newalkar_CarMaker

TIME	9.656
		UDP_Client started on port 8051Connection closed... 
SIM_END		04Newalkar_CarMaker	9.651s	83.3107m
TIME	82.526
SHUTDOWN	CarMaker quick shutdown initiated

