APPLICATION	Car_Generic &lt;insert.your.version.no&gt; #6 (win64-10.2)
COMPILED	Tessa-Vis-PC@desktop-t7rv54h 2022-06-22 17:18:30
 
FIRST_INIT	(internal default used)	2023-04-13 15:57:05
TIME	0.000
		Sender started with UDP Configuration: 
 IP-Adress: 127.0.0.1 
 Port: 8051 
		UDP_Client started on port 8051Connection closed... 
SIM_END			0s	0m
IDLE	15:57:05
SIM_START	Masterarbeit_CarMaker	2023-04-13 15:57:07
TIME	0.204
		Connection closed...Sender started with UDP Configuration: 
 IP-Adress: 127.0.0.1 
 Port: 8051 
TIME	0.000
SIMULATE	Masterarbeit_CarMaker

TIME	5.012
		UDP_Client started on port 8051Connection closed... 
SIM_END		Masterarbeit_CarMaker	5.008s	31.6763m
TIME	8.350
SIM_START	Masterarbeit_CarMaker_2023	2023-04-13 15:57:46
TIME	8.350
		Connection closed...Sender started with UDP Configuration: 
 IP-Adress: 127.0.0.1 
 Port: 8051 
TIME	0.000
SIMULATE	Masterarbeit_CarMaker_2023

TIME	27.141
		UDP_Client started on port 8051Connection closed... 
SIM_END		Masterarbeit_CarMaker_2023	27.138s	329.983m
TIME	82.749
SHUTDOWN	CarMaker quick shutdown initiated

