APPLICATION	Car_Generic &lt;insert.your.version.no&gt; #6 (win64-10.2)
COMPILED	Tessa-Vis-PC@desktop-t7rv54h 2022-06-22 17:18:30
 
FIRST_INIT	(internal default used)	2023-03-31 10:52:21
TIME	0.000
		Sender started with UDP Configuration: 
 IP-Adress: 127.0.0.1 
 Port: 8051 
		UDP_Client started on port 8051Connection closed... 
SIM_END			0s	0m
IDLE	10:52:22
SIM_START	Masterarbeit_CarMaker	2023-03-31 10:52:22
TIME	0.032
		Connection closed...Sender started with UDP Configuration: 
 IP-Adress: 127.0.0.1 
 Port: 8051 
TIME	0.000
SIMULATE	Masterarbeit_CarMaker

TIME	2.285
		UDP_Client started on port 8051Connection closed... 
SIM_END		Masterarbeit_CarMaker	2.282s	5.57225m
SIM_START	Masterarbeit_CarMaker_2023	2023-03-31 10:52:45
TIME	4.250
		Connection closed...Sender started with UDP Configuration: 
 IP-Adress: 127.0.0.1 
 Port: 8051 
TIME	0.000
SIMULATE	Masterarbeit_CarMaker_2023

TIME	27.142
		UDP_Client started on port 8051Connection closed... 
SIM_END		Masterarbeit_CarMaker_2023	27.138s	329.983m
TIME	1468.827
SIM_START	Masterarbeit_CarMaker_2023	2023-03-31 14:53:30
TIME	1468.827
		Connection closed...Sender started with UDP Configuration: 
 IP-Adress: 127.0.0.1 
 Port: 8051 
TIME	0.000
SIMULATE	Masterarbeit_CarMaker_2023

TIME	27.143
		UDP_Client started on port 8051Connection closed... 
SIM_END		Masterarbeit_CarMaker_2023	27.138s	329.983m
TIME	29.996
SIM_START	Masterarbeit_CarMaker_2023	2023-03-31 14:54:28
TIME	0.020
		Connection closed...Sender started with UDP Configuration: 
 IP-Adress: 127.0.0.1 
 Port: 8051 
TIME	0.000
SIMULATE	Masterarbeit_CarMaker_2023

TIME	27.142
		UDP_Client started on port 8051Connection closed... 
SIM_END		Masterarbeit_CarMaker_2023	27.138s	329.983m
TIME	84.998
SIM_START	Masterarbeit_CarMaker_2023	2023-03-31 15:04:35
TIME	84.998
		Connection closed...Sender started with UDP Configuration: 
 IP-Adress: 127.0.0.1 
 Port: 8051 
TIME	0.000
SIMULATE	Masterarbeit_CarMaker_2023

TIME	4.898
		UDP_Client started on port 8051Connection closed... 
SIM_END		Masterarbeit_CarMaker_2023	4.895s	30.2758m
TIME	10.784
SIM_START	Masterarbeit_CarMaker_2023	2023-03-31 15:05:42
TIME	10.784
		Connection closed...Sender started with UDP Configuration: 
 IP-Adress: 127.0.0.1 
 Port: 8051 
TIME	0.000
SIMULATE	Masterarbeit_CarMaker_2023

TIME	27.141
		UDP_Client started on port 8051Connection closed... 
SIM_END		Masterarbeit_CarMaker_2023	27.138s	329.983m
TIME	31.049
SHUTDOWN	CarMaker quick shutdown initiated

