APPLICATION	Car_Generic &lt;insert.your.version.no&gt; #6 (win64-10.2)
COMPILED	Tessa-Vis-PC@desktop-t7rv54h 2022-06-22 17:18:30
 
FIRST_INIT	(internal default used)	2022-07-15 13:42:31
TIME	0.000
		Sender started with UDP Configuration: 
 IP-Adress: 127.0.0.1 
 Port: 8051 
		UDP_Client started on port 8051Connection closed... 
SIM_END			0s	0m
IDLE	13:42:31
SIM_START	scenario_1_and_2_extended	2022-07-15 13:42:33
TIME	0.173
		Connection closed...Sender started with UDP Configuration: 
 IP-Adress: 127.0.0.1 
 Port: 8051 
TIME	0.000
SIMULATE	scenario_1_and_2_extended

TIME	51.054
		UDP_Client started on port 8051DM.Brake, 1.000000, 1000.000000DM.Brake, 0.000000, 0.000000Connection closed... 
SIM_END		scenario_1_and_2_extended	51.05s	191.454m
TIME	87.846
SIM_START	scenario_1_and_2_extended	2022-07-15 13:49:33
TIME	87.846
		Connection closed...Sender started with UDP Configuration: 
 IP-Adress: 127.0.0.1 
 Port: 8051 
TIME	0.000
SIMULATE	scenario_1_and_2_extended

TIME	80.532
		UDP_Client started on port 8051DM.Brake, 1.000000, 1000.000000DM.Brake, 0.000000, 0.000000Connection closed... 
SIM_END		scenario_1_and_2_extended	80.528s	314.566m
TIME	529.652
SHUTDOWN	CarMaker quick shutdown initiated

