APPLICATION	Car_Generic &lt;insert.your.version.no&gt; #6 (win64-10.2)
COMPILED	Tessa-Vis-PC@desktop-t7rv54h 2022-06-22 17:18:30
 
FIRST_INIT	(internal default used)	2022-12-05 14:54:50
TIME	0.000
		Sender started with UDP Configuration: 
 IP-Adress: 127.0.0.1 
 Port: 8051 
		UDP_Client started on port 8051Connection closed... 
SIM_END			0s	0m
IDLE	14:54:50
SIM_START	scenario_1_and_2_extended	2022-12-05 14:54:53
TIME	0.317
		Connection closed...Sender started with UDP Configuration: 
 IP-Adress: 127.0.0.1 
 Port: 8051 
TIME	0.000
SIMULATE	scenario_1_and_2_extended

		UDP_Client started on port 8051Connection closed... 
SIM_END		scenario_1_and_2_extended	1.25s	3.71421m
TIME	153.335
SHUTDOWN	CarMaker quick shutdown initiated

