APPLICATION	Car_Generic &lt;insert.your.version.no&gt; #6 (win64-10.2)
COMPILED	Tessa-Vis-PC@desktop-t7rv54h 2022-06-22 17:18:30
 
FIRST_INIT	(internal default used)	2022-11-22 16:06:43
TIME	0.000
		Sender started with UDP Configuration: 
 IP-Adress: 127.0.0.1 
 Port: 8051 
		UDP_Client started on port 8051Connection closed... 
SIM_END			0s	0m
IDLE	16:06:44
SIM_START	scenario_3_and_4	2022-11-22 16:06:50
TIME	0.604
		Connection closed...Sender started with UDP Configuration: 
 IP-Adress: 127.0.0.1 
 Port: 8051 
TIME	0.000
SIMULATE	scenario_3_and_4

TIME	107.037
		UDP_Client started on port 8051DM.Brake, 1.000000, 5000.000000DM.Brake, 0.000000, 0.000000Connection closed... 
SIM_END		scenario_3_and_4	107.033s	1091.4m
TIME	139.551
SIM_START	scenario_3_and_4	2022-11-22 16:14:04
TIME	139.551
		Connection closed...Sender started with UDP Configuration: 
 IP-Adress: 127.0.0.1 
 Port: 8051 
TIME	0.000
SIMULATE	scenario_3_and_4

TIME	17.561
		UDP_Client started on port 8051Connection closed... 
SIM_END		scenario_3_and_4	17.557s	140.296m
TIME	32.505
SIM_START	scenario_3_and_4	2022-11-22 16:16:52
TIME	32.505
		Connection closed...Sender started with UDP Configuration: 
 IP-Adress: 127.0.0.1 
 Port: 8051 
TIME	0.000
SIMULATE	scenario_3_and_4

TIME	99.833
		UDP_Client started on port 8051Connection closed... 
SIM_END		scenario_3_and_4	99.83s	1091.38m
TIME	142.880
SIM_START	scenario_3_and_4	2022-11-22 16:25:43
TIME	142.880
		Connection closed...Sender started with UDP Configuration: 
 IP-Adress: 127.0.0.1 
 Port: 8051 
TIME	0.000
SIMULATE	scenario_3_and_4

TIME	23.534
		UDP_Client started on port 8051DM.Brake, 1.000000, 5000.000000Connection closed... 
SIM_END		scenario_3_and_4	23.53s	161.491m
TIME	30.465
SIM_START	scenario_3_and_4	2022-11-22 16:27:18
TIME	30.465
		Connection closed...Sender started with UDP Configuration: 
 IP-Adress: 127.0.0.1 
 Port: 8051 
TIME	0.000
SIMULATE	scenario_3_and_4

TIME	11.724
		UDP_Client started on port 8051DM.Brake, 0.000000, 0.000000Connection closed... 
SIM_END		scenario_3_and_4	11.72s	96.6109m
SIM_START	scenario_3_and_4	2022-11-22 16:27:43
TIME	12.962
		Connection closed...Sender started with UDP Configuration: 
 IP-Adress: 127.0.0.1 
 Port: 8051 
TIME	0.000
SIMULATE	scenario_3_and_4

TIME	8.689
		UDP_Client started on port 8051Connection closed... 
SIM_END		scenario_3_and_4	8.685s	54.6977m
TIME	14.755
SIM_START	scenario_3_and_4	2022-11-22 16:28:54
TIME	14.755
		Connection closed...Sender started with UDP Configuration: 
 IP-Adress: 127.0.0.1 
 Port: 8051 
TIME	0.000
SIMULATE	scenario_3_and_4

TIME	99.833
		UDP_Client started on port 8051Connection closed... 
SIM_END		scenario_3_and_4	99.83s	1091.38m
TIME	107.565
SIM_START	scenario_3_and_4	2022-11-22 16:31:53
TIME	107.565
		Connection closed...Sender started with UDP Configuration: 
 IP-Adress: 127.0.0.1 
 Port: 8051 
TIME	0.000
SIMULATE	scenario_3_and_4

TIME	40.291
		UDP_Client started on port 8051DM.Brake, 1.000000, 5000.000000DM.Brake, 0.000000, 0.000000Connection closed... 
SIM_END		scenario_3_and_4	40.287s	320.709m
TIME	44.073
SIM_START	scenario_3_and_4	2022-11-22 16:33:12
TIME	44.073
		Connection closed...Sender started with UDP Configuration: 
 IP-Adress: 127.0.0.1 
 Port: 8051 
TIME	0.000
SIMULATE	scenario_3_and_4

TIME	20.331
		UDP_Client started on port 8051Connection closed... 
SIM_END		scenario_3_and_4	20.327s	157.228m
SIM_START	scenario_3_and_4	2022-11-22 16:33:49
TIME	21.842
		Connection closed...Sender started with UDP Configuration: 
 IP-Adress: 127.0.0.1 
 Port: 8051 
TIME	0.000
SIMULATE	scenario_3_and_4

TIME	66.788
		UDP_Client started on port 8051DM.Brake, 1.000000, 5000.000000DM.Brake, 0.000000, 0.000000Connection closed... 
SIM_END		scenario_3_and_4	66.784s	688.604m
TIME	68.950
SIM_START	scenario_3_and_4	2022-11-22 16:35:19
TIME	68.950
		Connection closed...Sender started with UDP Configuration: 
 IP-Adress: 127.0.0.1 
 Port: 8051 
TIME	0.000
SIMULATE	scenario_3_and_4

TIME	30.245
		UDP_Client started on port 8051DM.Brake, 1.000000, 5000.000000DM.Brake, 0.000000, 0.000000Connection closed... 
SIM_END		scenario_3_and_4	30.241s	184.272m
TIME	86.087
SIM_START	scenario_3_and_4	2022-11-22 16:45:09
TIME	86.087
		Connection closed...Sender started with UDP Configuration: 
 IP-Adress: 127.0.0.1 
 Port: 8051 
TIME	0.000
SIMULATE	scenario_3_and_4

TIME	63.273
		UDP_Client started on port 8051DM.Brake, 1.000000, 5000.000000DM.Brake, 0.000000, 0.000000Connection closed... 
SIM_END		scenario_3_and_4	63.269s	643.901m
TIME	73.078
SIM_START	scenario_3_and_4	2022-11-22 16:47:51
TIME	73.078
		Connection closed...Sender started with UDP Configuration: 
 IP-Adress: 127.0.0.1 
 Port: 8051 
TIME	0.000
SIMULATE	scenario_3_and_4

TIME	5.505
		UDP_Client started on port 8051Connection closed... 
SIM_END		scenario_3_and_4	5.501s	15.7441m
TIME	27.499
SIM_START	scenario_3_and_4	2022-11-22 16:51:38
TIME	27.499
		Connection closed...Sender started with UDP Configuration: 
 IP-Adress: 127.0.0.1 
 Port: 8051 
TIME	0.000
SIMULATE	scenario_3_and_4

TIME	102.681
		UDP_Client started on port 8051DM.Brake, 1.000000, 1000.000000DM.Brake, 0.000000, 0.000000Connection closed... 
SIM_END		scenario_3_and_4	102.678s	1091.39m
TIME	108.430
SIM_START	scenario_3_and_4	2022-11-22 16:54:20
TIME	108.430
		Connection closed...Sender started with UDP Configuration: 
 IP-Adress: 127.0.0.1 
 Port: 8051 
TIME	0.000
SIMULATE	scenario_3_and_4

TIME	15.516
		UDP_Client started on port 8051Connection closed... 
SIM_END		scenario_3_and_4	15.512s	127.765m
TIME	20.246
SIM_START	scenario_3_and_4	2022-11-22 16:55:24
TIME	20.246
		Connection closed...Sender started with UDP Configuration: 
 IP-Adress: 127.0.0.1 
 Port: 8051 
TIME	0.000
SIMULATE	scenario_3_and_4

TIME	18.317
		UDP_Client started on port 8051Connection closed... 
SIM_END		scenario_3_and_4	18.313s	144.918m
TIME	20.740
SIM_START	scenario_3_and_4	2022-11-22 16:56:08
TIME	20.740
		Connection closed...Sender started with UDP Configuration: 
 IP-Adress: 127.0.0.1 
 Port: 8051 
TIME	0.000
SIMULATE	scenario_3_and_4

TIME	106.713
		UDP_Client started on port 8051DM.Brake, 1.000000, 5000.000000Connection closed... 
SIM_END		scenario_3_and_4	106.709s	1091.4m
TIME	109.871
SIM_START	scenario_3_and_4	2022-11-22 16:58:28
TIME	0.002
		Connection closed...Sender started with UDP Configuration: 
 IP-Adress: 127.0.0.1 
 Port: 8051 
TIME	0.000
SIMULATE	scenario_3_and_4

TIME	99.833
		UDP_Client started on port 8051DM.Brake, 0.000000, 0.000000Connection closed... 
SIM_END		scenario_3_and_4	99.83s	1091.38m
SIM_START	scenario_3_and_4	2022-11-22 17:00:24
TIME	101.274
		Connection closed...Sender started with UDP Configuration: 
 IP-Adress: 127.0.0.1 
 Port: 8051 
TIME	0.000
SIMULATE	scenario_3_and_4

TIME	45.740
		UDP_Client started on port 8051DM.Brake, 1.000000, 5000.000000DM.Brake, 0.000000, 0.000000Connection closed... 
SIM_END		scenario_3_and_4	45.736s	396.343m
TIME	48.683
SIM_START	scenario_3_and_4	2022-11-22 17:01:40
TIME	48.683
		Connection closed...Sender started with UDP Configuration: 
 IP-Adress: 127.0.0.1 
 Port: 8051 
TIME	0.000
SIMULATE	scenario_3_and_4

TIME	42.019
		UDP_Client started on port 8051DM.Brake, 1.000000, 5000.000000DM.Brake, 0.000000, 0.000000Connection closed... 
SIM_END		scenario_3_and_4	42.015s	348.898m
SIM_START	scenario_3_and_4	2022-11-22 17:02:39
TIME	43.522
		Connection closed...Sender started with UDP Configuration: 
 IP-Adress: 127.0.0.1 
 Port: 8051 
TIME	0.000
SIMULATE	scenario_3_and_4

TIME	81.803
		UDP_Client started on port 8051DM.Brake, 1.000000, 5000.000000DM.Brake, 0.000000, 0.000000Connection closed... 
SIM_END		scenario_3_and_4	81.799s	878.279m
SHUTDOWN	CarMaker quick shutdown initiated

