APPLICATION	Car_Generic &lt;insert.your.version.no&gt; #6 (win64-10.2)
COMPILED	Tessa-Vis-PC@desktop-t7rv54h 2022-06-22 17:18:30
 
FIRST_INIT	(internal default used)	2022-10-17 15:35:38
TIME	0.000
		Sender started with UDP Configuration: 
 IP-Adress: 127.0.0.1 
 Port: 8051 
		UDP_Client started on port 8051Connection closed... 
SIM_END			0s	0m
IDLE	15:35:38
SIM_START	scenario_1_and_2	2022-10-17 15:35:42
TIME	0.391
		Connection closed...Sender started with UDP Configuration: 
 IP-Adress: 127.0.0.1 
 Port: 8051 
TIME	0.000
SIMULATE	scenario_1_and_2

TIME	67.738
		UDP_Client started on port 8051Connection closed... 
SIM_END		scenario_1_and_2	67.734s	499.348m
TIME	70.821
SIM_START	scenario_1_and_2	2022-10-17 15:37:22
TIME	70.821
		Connection closed...Sender started with UDP Configuration: 
 IP-Adress: 127.0.0.1 
 Port: 8051 
TIME	0.000
SIMULATE	scenario_1_and_2

TIME	80.553
		UDP_Client started on port 8051Connection closed... 
SIM_END		scenario_1_and_2	80.55s	597.924m
TIME	82.922
SIM_START	scenario_1_and_2	2022-10-17 15:39:07
TIME	82.922
		Connection closed...Sender started with UDP Configuration: 
 IP-Adress: 127.0.0.1 
 Port: 8051 
TIME	0.000
SIMULATE	scenario_1_and_2

TIME	60.357
		UDP_Client started on port 8051Connection closed... 
SIM_END		scenario_1_and_2	60.354s	437.393m
TIME	63.106
SIM_START	scenario_1_and_2	2022-10-17 15:40:35
TIME	63.106
		Connection closed...Sender started with UDP Configuration: 
 IP-Adress: 127.0.0.1 
 Port: 8051 
TIME	0.000
SIMULATE	scenario_1_and_2

TIME	66.274
		UDP_Client started on port 8051Connection closed... 
SIM_END		scenario_1_and_2	66.27s	487.848m
TIME	672.681
SHUTDOWN	CarMaker quick shutdown initiated

