APPLICATION	Car_Generic &lt;insert.your.version.no&gt; #6 (win64-10.2)
COMPILED	Tessa-Vis-PC@desktop-t7rv54h 2022-06-22 17:18:30
 
FIRST_INIT	(internal default used)	2022-11-22 10:35:20
TIME	0.000
		Sender started with UDP Configuration: 
 IP-Adress: 127.0.0.1 
 Port: 8051 
		UDP_Client started on port 8051Connection closed... 
SIM_END			0s	0m
IDLE	10:35:21
SIM_START	scenario_1_and_2_extended	2022-11-22 10:35:23
TIME	0.001
		Connection closed...Sender started with UDP Configuration: 
 IP-Adress: 127.0.0.1 
 Port: 8051 
TIME	0.000
SIMULATE	scenario_1_and_2_extended

TIME	182.344
		UDP_Client started on port 8051DM.Brake, 1.000000, 1000.000000DM.Brake, 0.000000, 0.000000DM.Brake, 1.000000, 1000.000000DM.Brake, 0.000000, 0.000000DM.Brake, 1.000000, 4000.000000DM.Brake, 0.000000, 0.000000Connection closed... 
SIM_END		scenario_1_and_2_extended	182.341s	1255.09m
TIME	277.360
SIM_START	scenario_1_and_2_extended	2022-11-22 10:54:17
TIME	277.360
		Connection closed...Sender started with UDP Configuration: 
 IP-Adress: 127.0.0.1 
 Port: 8051 
TIME	0.000
SIMULATE	scenario_1_and_2_extended

TIME	161.239
		UDP_Client started on port 8051DM.Brake, 1.000000, 1000.000000DM.Brake, 0.000000, 0.000000DM.Brake, 1.000000, 1000.000000DM.Brake, 0.000000, 0.000000DM.Brake, 1.000000, 4000.000000DM.Brake, 0.000000, 0.000000Connection closed... 
SIM_END		scenario_1_and_2_extended	161.236s	1105.08m
TIME	322.016
SIM_START	scenario_1_and_2_extended	2022-11-22 11:23:47
TIME	322.016
		Connection closed...Sender started with UDP Configuration: 
 IP-Adress: 127.0.0.1 
 Port: 8051 
TIME	0.000
SIMULATE	scenario_1_and_2_extended

TIME	73.635
		UDP_Client started on port 8051Connection closed... 
SIM_END		scenario_1_and_2_extended	73.631s	490.801m
SIM_START	scenario_1_and_2_extended	2022-11-22 11:25:19
TIME	75.445
		Connection closed...Sender started with UDP Configuration: 
 IP-Adress: 127.0.0.1 
 Port: 8051 
TIME	0.000
SIMULATE	scenario_1_and_2_extended

TIME	47.546
		UDP_Client started on port 8051Connection closed... 
SIM_END		scenario_1_and_2_extended	47.542s	329.393m
TIME	978.503
SIM_START	scenario_1_and_2_extended	2022-11-22 14:01:18
TIME	978.503
		Connection closed...Sender started with UDP Configuration: 
 IP-Adress: 127.0.0.1 
 Port: 8051 
TIME	0.000
SIMULATE	scenario_1_and_2_extended

TIME	141.396
		UDP_Client started on port 8051DM.Brake, 1.000000, 1000.000000DM.Brake, 0.000000, 0.000000DM.Brake, 1.000000, 1000.000000DM.Brake, 0.000000, 0.000000Connection closed... 
SIM_END		scenario_1_and_2_extended	141.393s	1005.07m
