APPLICATION	Car_Generic &lt;insert.your.version.no&gt; #6 (win64-10.2)
COMPILED	Tessa-Vis-PC@desktop-t7rv54h 2022-06-22 17:18:30
 
FIRST_INIT	(internal default used)	2022-07-12 09:41:39
TIME	0.000
		Sender started with UDP Configuration: 
 IP-Adress: 127.0.0.1 
 Port: 8051 
		UDP_Client started on port 8051Connection closed... 
SIM_END			0s	0m
IDLE	09:41:39
SIM_START	scenario_1_and_2	2022-07-12 09:41:41
TIME	0.119
		Connection closed...Sender started with UDP Configuration: 
 IP-Adress: 127.0.0.1 
 Port: 8051 
TIME	0.000
SIMULATE	scenario_1_and_2

TIME	39.094
		UDP_Client started on port 8051Connection closed... 
SIM_END		scenario_1_and_2	39.09s	160.184m
SIM_START	scenario_1_and_2	2022-07-12 09:42:26
TIME	39.689
		Connection closed...Sender started with UDP Configuration: 
 IP-Adress: 127.0.0.1 
 Port: 8051 
TIME	0.000
SIMULATE	scenario_1_and_2

TIME	28.454
		UDP_Client started on port 8051Connection closed... 
SIM_END		scenario_1_and_2	28.451s	115.746m
TIME	659.805
SIM_START	scenario_1_and_2	2022-07-12 11:28:09
TIME	659.805
		Connection closed...Sender started with UDP Configuration: 
 IP-Adress: 127.0.0.1 
 Port: 8051 
TIME	0.000
SIMULATE	scenario_1_and_2

TIME	70.319
		UDP_Client started on port 8051Connection closed... 
SIM_END		scenario_1_and_2	70.315s	526.71m
TIME	108.003
SIM_START	scenario_1_and_2	2022-07-12 11:35:37
TIME	108.003
		Connection closed...Sender started with UDP Configuration: 
 IP-Adress: 127.0.0.1 
 Port: 8051 
TIME	0.000
SIMULATE	scenario_1_and_2

TIME	10.273
		UDP_Client started on port 8051Connection closed... 
SIM_END		scenario_1_and_2	10.269s	39.9899m
SIM_START	scenario_1_and_2	2022-07-12 11:35:56
TIME	10.998
		Connection closed...Sender started with UDP Configuration: 
 IP-Adress: 127.0.0.1 
 Port: 8051 
TIME	0.000
SIMULATE	scenario_1_and_2

TIME	14.718
		UDP_Client started on port 8051Connection closed... 
SIM_END		scenario_1_and_2	14.714s	58.5076m
TIME	38.546
SIM_START	scenario_1_and_2	2022-07-12 11:40:10
TIME	38.546
		Connection closed...Sender started with UDP Configuration: 
 IP-Adress: 127.0.0.1 
 Port: 8051 
TIME	0.000
SIMULATE	scenario_1_and_2

		UDP_Client started on port 8051Connection closed... 
SIM_END		scenario_1_and_2	1.483s	4.12724m
TIME	100.745
SIM_START	scenario_1_and_2	2022-07-12 11:56:45
TIME	100.745
		Connection closed...Sender started with UDP Configuration: 
 IP-Adress: 127.0.0.1 
 Port: 8051 
TIME	0.000
SIMULATE	scenario_1_and_2

TIME	2.309
		UDP_Client started on port 8051Connection closed... 
SIM_END		scenario_1_and_2	2.305s	6.86357m
SIM_START	scenario_1_and_2	2022-07-12 11:57:03
TIME	3.823
		Connection closed...Sender started with UDP Configuration: 
 IP-Adress: 127.0.0.1 
 Port: 8051 
TIME	0.000
SIMULATE	scenario_1_and_2

TIME	40.848
		UDP_Client started on port 8051Connection closed... 
SIM_END		scenario_1_and_2	40.844s	172.951m
TIME	404.912
SIM_START	scenario_1_and_2	2022-07-12 12:58:26
TIME	404.912
		Connection closed...Sender started with UDP Configuration: 
 IP-Adress: 127.0.0.1 
 Port: 8051 
TIME	0.000
SIMULATE	scenario_1_and_2

TIME	4.642
		UDP_Client started on port 8051Connection closed... 
SIM_END		scenario_1_and_2	4.638s	16.362m
SIM_START	scenario_1_and_2	2022-07-12 12:58:37
TIME	5.216
		Connection closed...Sender started with UDP Configuration: 
 IP-Adress: 127.0.0.1 
 Port: 8051 
TIME	0.000
SIMULATE	scenario_1_and_2

TIME	74.353
		UDP_Client started on port 8051Connection closed... 
SIM_END		scenario_1_and_2	74.349s	555.992m
TIME	81.036
SIM_START	scenario_1_and_2	2022-07-12 13:00:59
TIME	81.036
		Connection closed...Sender started with UDP Configuration: 
 IP-Adress: 127.0.0.1 
 Port: 8051 
TIME	0.000
SIMULATE	scenario_1_and_2

TIME	74.895
		UDP_Client started on port 8051Connection closed... 
SIM_END		scenario_1_and_2	74.891s	560.307m
SIM_START	scenario_1_and_2	2022-07-12 13:02:25
TIME	75.912
		Connection closed...Sender started with UDP Configuration: 
 IP-Adress: 127.0.0.1 
 Port: 8051 
TIME	0.000
SIMULATE	scenario_1_and_2

TIME	2.671
		UDP_Client started on port 8051Connection closed... 
SIM_END		scenario_1_and_2	2.667s	8.20183m
TIME	8.220
SIM_START	scenario_1_and_2	2022-07-12 13:03:24
TIME	8.220
		Connection closed...Sender started with UDP Configuration: 
 IP-Adress: 127.0.0.1 
 Port: 8051 
TIME	0.000
SIMULATE	scenario_1_and_2

TIME	37.880
		UDP_Client started on port 8051Connection closed... 
SIM_END		scenario_1_and_2	37.876s	155.017m
SIM_START	scenario_1_and_2	2022-07-12 13:04:05
TIME	38.069
		Connection closed...Sender started with UDP Configuration: 
 IP-Adress: 127.0.0.1 
 Port: 8051 
TIME	0.000
SIMULATE	scenario_1_and_2

TIME	71.355
		UDP_Client started on port 8051Connection closed... 
SIM_END		scenario_1_and_2	71.351s	534.663m
TIME	123.533
SIM_START	scenario_1_and_2	2022-07-12 13:13:59
TIME	123.533
		Connection closed...Sender started with UDP Configuration: 
 IP-Adress: 127.0.0.1 
 Port: 8051 
TIME	0.000
SIMULATE	scenario_1_and_2

TIME	69.368
		UDP_Client started on port 8051Connection closed... 
SIM_END		scenario_1_and_2	69.364s	517.529m
TIME	72.600
SIM_START	scenario_1_and_2	2022-07-12 13:15:41
TIME	72.600
		Connection closed...Sender started with UDP Configuration: 
 IP-Adress: 127.0.0.1 
 Port: 8051 
TIME	0.000
SIMULATE	scenario_1_and_2

TIME	80.554
		UDP_Client started on port 8051Connection closed... 
SIM_END		scenario_1_and_2	80.55s	597.924m
TIME	99.191
SIM_START	scenario_1_and_2	2022-07-12 13:20:09
TIME	99.191
		Connection closed...Sender started with UDP Configuration: 
 IP-Adress: 127.0.0.1 
 Port: 8051 
TIME	0.000
SIMULATE	scenario_1_and_2

TIME	42.695
		UDP_Client started on port 8051Connection closed... 
SIM_END		scenario_1_and_2	42.691s	194.676m
TIME	59.758
SIM_START	scenario_1_and_2	2022-07-12 13:23:43
TIME	59.758
		Connection closed...Sender started with UDP Configuration: 
 IP-Adress: 127.0.0.1 
 Port: 8051 
TIME	0.000
SIMULATE	scenario_1_and_2

TIME	50.870
		UDP_Client started on port 8051Connection closed... 
SIM_END		scenario_1_and_2	50.866s	305.739m
TIME	61.441
SIM_START	scenario_1_and_2	2022-07-12 13:26:21
TIME	61.441
		Connection closed...Sender started with UDP Configuration: 
 IP-Adress: 127.0.0.1 
 Port: 8051 
TIME	0.000
SIMULATE	scenario_1_and_2

TIME	30.665
		UDP_Client started on port 8051Connection closed... 
SIM_END		scenario_1_and_2	30.661s	124.954m
TIME	37.339
SIM_START	scenario_1_and_2	2022-07-12 13:27:59
TIME	37.339
		Connection closed...Sender started with UDP Configuration: 
 IP-Adress: 127.0.0.1 
 Port: 8051 
TIME	0.000
SIMULATE	scenario_1_and_2

TIME	10.434
		UDP_Client started on port 8051Connection closed... 
SIM_END		scenario_1_and_2	10.43s	40.6603m
TIME	19.113
SIM_START	scenario_1_and_2	2022-07-12 13:29:37
TIME	19.113
		Connection closed...Sender started with UDP Configuration: 
 IP-Adress: 127.0.0.1 
 Port: 8051 
TIME	0.000
SIMULATE	scenario_1_and_2

TIME	80.553
		UDP_Client started on port 8051Connection closed... 
SIM_END		scenario_1_and_2	80.55s	597.924m
TIME	85.849
SHUTDOWN	CarMaker quick shutdown initiated

