APPLICATION	Car_Generic &lt;insert.your.version.no&gt; #24 (win64-10.0)
COMPILED	Students@pc-mib-mobile 2021-07-06 17:16:41
 
FIRST_INIT	(internal default used)	2022-06-20 14:40:06
TIME	0.000
		Sender started with UDP Configuration: 
 IP-Adress: 127.0.0.1 
 Port: 8051 
		UDP_Client started on port 8051Connection closed... 
SIM_END			0s	0m
IDLE	14:40:06
SIM_START	scenario 1	2022-06-20 14:40:08
TIME	0.166
		Connection closed...Sender started with UDP Configuration: 
 IP-Adress: 127.0.0.1 
 Port: 8051 
TIME	0.016
		UDP_Client started on port 8051Traffic.0.AutoDrv.Lat: Long. autonomous model 'Generic' not recommended
		Traffic.1.AutoDrv.Lat: Long. autonomous model 'Generic' not recommended
		Traffic.2.AutoDrv.Lat: Long. autonomous model 'Generic' not recommended
		Traffic.3.AutoDrv.Lat: Long. autonomous model 'Generic' not recommended
		Current random seed value = 1655728808
TIME	0.000
SIMULATE	scenario 1

TIME	96.611
		Connection closed... 
SIM_END		scenario 1	96.607s	473.833m
TIME	292.240
SIM_START	scenario 1	2022-06-20 15:14:23
TIME	0.001
		Connection closed...Sender started with UDP Configuration: 
 IP-Adress: 127.0.0.1 
 Port: 8051 
		UDP_Client started on port 8051Traffic.0.AutoDrv.Lat: Long. autonomous model 'Generic' not recommended
		Traffic.1.AutoDrv.Lat: Long. autonomous model 'Generic' not recommended
		Traffic.2.AutoDrv.Lat: Long. autonomous model 'Generic' not recommended
		Traffic.3.AutoDrv.Lat: Long. autonomous model 'Generic' not recommended
		Current random seed value = 1655730863
TIME	0.000
SIMULATE	scenario 1

TIME	53.059
		Connection closed... 
SIM_END		scenario 1	53.055s	251.515m
SIM_START	scenario 1	2022-06-20 15:15:18
TIME	53.120
		Connection closed...Sender started with UDP Configuration: 
 IP-Adress: 127.0.0.1 
 Port: 8051 
TIME	0.014
		UDP_Client started on port 8051Traffic.0.AutoDrv.Lat: Long. autonomous model 'Generic' not recommended
		Traffic.1.AutoDrv.Lat: Long. autonomous model 'Generic' not recommended
		Traffic.2.AutoDrv.Lat: Long. autonomous model 'Generic' not recommended
		Traffic.3.AutoDrv.Lat: Long. autonomous model 'Generic' not recommended
		Current random seed value = 1655730918
TIME	0.000
SIMULATE	scenario 1

TIME	236.852
		Connection closed... 
SIM_END		scenario 1	236.848s	505.09m
SIM_START	scenario 1	2022-06-20 15:19:19
TIME	237.227
		Connection closed...Sender started with UDP Configuration: 
 IP-Adress: 127.0.0.1 
 Port: 8051 
TIME	0.013
		UDP_Client started on port 8051Traffic.0.AutoDrv.Lat: Long. autonomous model 'Generic' not recommended
		Traffic.1.AutoDrv.Lat: Long. autonomous model 'Generic' not recommended
		Traffic.2.AutoDrv.Lat: Long. autonomous model 'Generic' not recommended
		Traffic.3.AutoDrv.Lat: Long. autonomous model 'Generic' not recommended
		Current random seed value = 1655731159
TIME	0.000
SIMULATE	scenario 1

TIME	58.043
		Connection closed... 
SIM_END		scenario 1	58.039s	280.868m
SIM_START	scenario 1	2022-06-20 15:20:30
TIME	59.189
		Connection closed...Sender started with UDP Configuration: 
 IP-Adress: 127.0.0.1 
 Port: 8051 
TIME	0.011
		UDP_Client started on port 8051Traffic.0.AutoDrv.Lat: Long. autonomous model 'Generic' not recommended
		Traffic.1.AutoDrv.Lat: Long. autonomous model 'Generic' not recommended
		Traffic.2.AutoDrv.Lat: Long. autonomous model 'Generic' not recommended
		Traffic.3.AutoDrv.Lat: Long. autonomous model 'Generic' not recommended
		Current random seed value = 1655731230
TIME	0.000
SIMULATE	scenario 1

TIME	53.174
		Connection closed... 
SIM_END		scenario 1	53.17s	252.187m
TIME	891.881
SIM_START	scenario 1	2022-06-20 17:41:12
TIME	891.881
		Connection closed...Sender started with UDP Configuration: 
 IP-Adress: 127.0.0.1 
 Port: 8051 
TIME	0.014
		UDP_Client started on port 8051Traffic.0.AutoDrv.Lat: Long. autonomous model 'Generic' not recommended
		Traffic.1.AutoDrv.Lat: Long. autonomous model 'Generic' not recommended
		Traffic.2.AutoDrv.Lat: Long. autonomous model 'Generic' not recommended
		Traffic.3.AutoDrv.Lat: Long. autonomous model 'Generic' not recommended
		Current random seed value = 1655739672
TIME	0.000
SIMULATE	scenario 1

TIME	59.515
		Connection closed... 
SIM_END		scenario 1	59.511s	289.65m
TIME	110.177
SIM_START	scenario 1	2022-06-20 17:50:39
TIME	110.177
		Connection closed...Sender started with UDP Configuration: 
 IP-Adress: 127.0.0.1 
 Port: 8051 
TIME	0.014
		UDP_Client started on port 8051Traffic.0.AutoDrv.Lat: Long. autonomous model 'Generic' not recommended
		Traffic.1.AutoDrv.Lat: Long. autonomous model 'Generic' not recommended
		Traffic.2.AutoDrv.Lat: Long. autonomous model 'Generic' not recommended
		Traffic.3.AutoDrv.Lat: Long. autonomous model 'Generic' not recommended
		Current random seed value = 1655740239
TIME	0.000
SIMULATE	scenario 1

TIME	21.732
		Connection closed... 
SIM_END		scenario 1	21.729s	66.0106m
TIME	27.498
SIM_START	scenario 1	2022-06-20 17:51:59
TIME	27.498
		Connection closed...Sender started with UDP Configuration: 
 IP-Adress: 127.0.0.1 
 Port: 8051 
TIME	0.016
		UDP_Client started on port 8051Traffic.0.AutoDrv.Lat: Long. autonomous model 'Generic' not recommended
		Traffic.1.AutoDrv.Lat: Long. autonomous model 'Generic' not recommended
		Traffic.2.AutoDrv.Lat: Long. autonomous model 'Generic' not recommended
		Traffic.3.AutoDrv.Lat: Long. autonomous model 'Generic' not recommended
		Current random seed value = 1655740319
TIME	0.000
SIMULATE	scenario 1

TIME	500.003
		Connection closed... 
SIM_END		scenario 1	500s	505.09m
