

SYSTEM_START	-	DESKTOP-T7RV54H	DESKTOP-T7RV54H	2022-06-08 16:18:50


SYSTEM_INFO	Car_Generic &lt;insert.your.version.no&gt; #24	Students@pc-mib-mobile 2021-07-06 17:16:41	(10.0 fh@obelix.ipg 2021-04-01 16:39:43)
SIM	1654697930	DESKTOP-T7RV54H			0	0	0
SIM	1654697944	DESKTOP-T7RV54H	Tessa-Vis-PC	scenario_2	0	9.516	48.8611
SIM	1654697953	DESKTOP-T7RV54H	Tessa-Vis-PC	scenario_2	0	14.306	93.9369
SIM	1654698002	DESKTOP-T7RV54H	Tessa-Vis-PC	scenario_2	0	82.873	902.758
SIM	1654698024	DESKTOP-T7RV54H	Tessa-Vis-PC	scenario_2	0	6.707	21.6613
SIM	1654698041	DESKTOP-T7RV54H	Tessa-Vis-PC	scenario_2	0	77.265	817.783
SIM	1654698697	DESKTOP-T7RV54H	Tessa-Vis-PC	scenario_2	0	82.873	902.758
SIM	1654699418	DESKTOP-T7RV54H	Tessa-Vis-PC	Scenario_1_2	0	30	216.999
SIM	1654699438	DESKTOP-T7RV54H	Tessa-Vis-PC	Scenario_1_2	0	84.434	660.546
SIM	1654699469	DESKTOP-T7RV54H	Tessa-Vis-PC	Scenario_1_2	0	84.434	660.546
SIM	1654699885	DESKTOP-T7RV54H	Tessa-Vis-PC	Scenario_1_2	0	271.171	2184.2
SIM	1654701398	DESKTOP-T7RV54H	Tessa-Vis-PC	Scenario_1_2	0	23.048	159.069


SYSTEM_START	-	DESKTOP-T7RV54H	DESKTOP-T7RV54H	2022-06-09 11:15:55


SYSTEM_INFO	Car_Generic &lt;insert.your.version.no&gt; #24	Students@pc-mib-mobile 2021-07-06 17:16:41	(10.0 fh@obelix.ipg 2021-04-01 16:39:43)
SIM	1654766155	DESKTOP-T7RV54H			0	0	0
SIM	1654766156	DESKTOP-T7RV54H	Tessa-Vis-PC	scenario_1	0	134.279	1754.14
SIM	1654766209	DESKTOP-T7RV54H	Tessa-Vis-PC	scenario_1	0	29.885	228.225
SIM	1654766222	DESKTOP-T7RV54H	Tessa-Vis-PC	scenario_1	0	500	986.542
SIM	1654775177	DESKTOP-T7RV54H	Tessa-Vis-PC	scenario_1	0	83.397	766.618
SIM	1654783256	DESKTOP-T7RV54H	Tessa-Vis-PC	scenario_1	0	3.632	0.00167671
SIM	1654783334	DESKTOP-T7RV54H	Tessa-Vis-PC	scenario_1	0	2.142	0.00156503
SIM	1654783512	DESKTOP-T7RV54H	Tessa-Vis-PC	scenario_1	0	6.18	0.0149319
SIM	1654783560	DESKTOP-T7RV54H	Tessa-Vis-PC	scenario_1	0	1.835	0.00117847


SYSTEM_START	-	DESKTOP-T7RV54H	DESKTOP-T7RV54H	2022-06-09 16:08:37


SYSTEM_INFO	Car_Generic &lt;insert.your.version.no&gt; #24	Students@pc-mib-mobile 2021-07-06 17:16:41	(10.0 fh@obelix.ipg 2021-04-01 16:39:43)
SIM	1654783717	DESKTOP-T7RV54H			0	0	0
SIM	1654783719	DESKTOP-T7RV54H	Tessa-Vis-PC	scenario_1	0	179.623	986.541
SIM	1654783900	DESKTOP-T7RV54H	Tessa-Vis-PC	scenario_1	0	3.825	0.00168135
SIM	1654784290	DESKTOP-T7RV54H	Tessa-Vis-PC	scenario_1	0	3.143	0.00166191
SIM	1654785378	DESKTOP-T7RV54H	Tessa-Vis-PC	scenario_1	0	0.578	2.54308e-005


SYSTEM_START	-	DESKTOP-T7RV54H	DESKTOP-T7RV54H	2022-06-09 16:37:24


SYSTEM_INFO	Car_Generic &lt;insert.your.version.no&gt; #24	Students@pc-mib-mobile 2021-07-06 17:16:41	(10.0 fh@obelix.ipg 2021-04-01 16:39:43)
SIM	1654785445	DESKTOP-T7RV54H			0	0	0
SIM	1654785446	DESKTOP-T7RV54H	Tessa-Vis-PC	scenario_1	0	19.239	111.665
SIM	1654785485	DESKTOP-T7RV54H	Tessa-Vis-PC	scenario_1	0	243.709	986.542


SYSTEM_START	-	DESKTOP-T7RV54H	DESKTOP-T7RV54H	2022-06-15 13:04:13


SYSTEM_INFO	Car_Generic &lt;insert.your.version.no&gt; #24	Students@pc-mib-mobile 2021-07-06 17:16:41	(10.0 fh@obelix.ipg 2021-04-01 16:39:43)
SIM	1655291053	DESKTOP-T7RV54H			0	0	0
SIM	1655291054	DESKTOP-T7RV54H	Tessa-Vis-PC	scenario_1	0	91.434	880.205
SIM	1655291162	DESKTOP-T7RV54H	Tessa-Vis-PC	scenario_1	0	11.908	38.8523
SIM	1655291234	DESKTOP-T7RV54H	Tessa-Vis-PC	scenario_1	0	21.932	229.642
SIM	1655291659	DESKTOP-T7RV54H	Tessa-Vis-PC	scenario_1	0	22.883	246.434
SIM	1655294749	DESKTOP-T7RV54H	Tessa-Vis-PC	scenario_1	0	54.514	550.831
SIM	1655294945	DESKTOP-T7RV54H	Tessa-Vis-PC	scenario_1	0	0.413	5.6419e-006
SIM	1655294948	DESKTOP-T7RV54H	Tessa-Vis-PC	scenario_1	0	20.013	184.827
SIM	1655294998	DESKTOP-T7RV54H	Tessa-Vis-PC	scenario_1	0	37.331	270.936
SIM	1655295102	DESKTOP-T7RV54H	Tessa-Vis-PC	scenario_1	0	18.15	51.6873
SIM	1655295123	DESKTOP-T7RV54H	Tessa-Vis-PC	scenario_1	0	5.198	3.57153e-006
SIM	1655295158	DESKTOP-T7RV54H	Tessa-Vis-PC	scenario_1	0	37.955	215.98
SIM	1655295226	DESKTOP-T7RV54H	Tessa-Vis-PC	scenario_1	0	23.698	75.434
SIM	1655295251	DESKTOP-T7RV54H	Tessa-Vis-PC	scenario_1	0	51.382	241.565
SIM	1655296516	DESKTOP-T7RV54H	Tessa-Vis-PC	scenario_1	0	64.643	317.282
SIM	1655297454	DESKTOP-T7RV54H	Tessa-Vis-PC	scenario_1	0	500	505.09
SIM	1655298880	DESKTOP-T7RV54H	Tessa-Vis-PC	scenario_1	0	132.659	505.088
SIM	1655299034	DESKTOP-T7RV54H	Tessa-Vis-PC	scenario_1	0	500	505.09


SYSTEM_START	-	DESKTOP-T7RV54H	DESKTOP-T7RV54H	2022-06-20 14:40:06


SYSTEM_INFO	Car_Generic &lt;insert.your.version.no&gt; #24	Students@pc-mib-mobile 2021-07-06 17:16:41	(10.0 fh@obelix.ipg 2021-04-01 16:39:43)
SIM	1655728806	DESKTOP-T7RV54H			0	0	0
SIM	1655728808	DESKTOP-T7RV54H	Tessa-Vis-PC	scenario_1	0	96.607	473.833
SIM	1655730863	DESKTOP-T7RV54H	Tessa-Vis-PC	scenario_1	0	53.055	251.515
SIM	1655730918	DESKTOP-T7RV54H	Tessa-Vis-PC	scenario_1	0	236.848	505.09
SIM	1655731159	DESKTOP-T7RV54H	Tessa-Vis-PC	scenario_1	0	58.039	280.868
SIM	1655731230	DESKTOP-T7RV54H	Tessa-Vis-PC	scenario_1	0	53.17	252.187
SIM	1655739672	DESKTOP-T7RV54H	Tessa-Vis-PC	scenario_1	0	59.511	289.65
SIM	1655740239	DESKTOP-T7RV54H	Tessa-Vis-PC	scenario_1	0	21.729	66.0106
SIM	1655740319	DESKTOP-T7RV54H	Tessa-Vis-PC	scenario_1	0	500	505.09


SYSTEM_START	-	DESKTOP-T7RV54H	DESKTOP-T7RV54H	2022-06-21 12:33:26


SYSTEM_INFO	Car_Generic &lt;insert.your.version.no&gt; #24	Students@pc-mib-mobile 2021-07-06 17:16:41	(10.0 fh@obelix.ipg 2021-04-01 16:39:43)
SIM	1655807606	DESKTOP-T7RV54H			0	0	0
SIM	1655807609	DESKTOP-T7RV54H	Tessa-Vis-PC	scenario_1	0	15.871	102.563
SIM	1655807708	DESKTOP-T7RV54H	Tessa-Vis-PC	scenario_1	0	137.472	1080.68
SIM	1655807847	DESKTOP-T7RV54H	Tessa-Vis-PC	scenario_1	0	9.155	46.754
SIM	1655807883	DESKTOP-T7RV54H	Tessa-Vis-PC	scenario_1	0	9.034	45.7521
SIM	1655807921	DESKTOP-T7RV54H	Tessa-Vis-PC	scenario_1	0	221.104	1777.62
SIM	1655810204	DESKTOP-T7RV54H	Tessa-Vis-PC	scenario_1	0	21.7	150.754
SIM	1655810296	DESKTOP-T7RV54H	Tessa-Vis-PC	scenario_1	0	15.724	101.367
SIM	1655810690	DESKTOP-T7RV54H	Tessa-Vis-PC	scenario_1	0	221.104	1777.62
SIM	1655812482	DESKTOP-T7RV54H	Tessa-Vis-PC	scenario_1	0	92.505	705.958
SIM	1655812576	DESKTOP-T7RV54H	Tessa-Vis-PC	scenario_1	0	221.104	1777.62
SIM	1655813211	DESKTOP-T7RV54H	Tessa-Vis-PC	scenario_1	0	32.563	241.28
SIM	1655813257	DESKTOP-T7RV54H	Tessa-Vis-PC	scenario_1	0	21.81	151.671
SIM	1655813376	DESKTOP-T7RV54H	Tessa-Vis-PC	scenario_1	0	59.564	451.47
SIM	1655813439	DESKTOP-T7RV54H	Tessa-Vis-PC	scenario_1	0	15.067	95.9611
SIM	1655813544	DESKTOP-T7RV54H	Tessa-Vis-PC	scenario_1	0	70.563	542.444
SIM	1655813617	DESKTOP-T7RV54H	Tessa-Vis-PC	scenario_1	0	36.903	277.447
SIM	1655813948	DESKTOP-T7RV54H	Tessa-Vis-PC	scenario_1	0	20.861	143.763
SIM	1655814043	DESKTOP-T7RV54H	Tessa-Vis-PC	scenario_1	0	129.171	1011.51
SIM	1655814176	DESKTOP-T7RV54H	Tessa-Vis-PC	scenario_1	0	25.359	181.247
SIM	1655814245	DESKTOP-T7RV54H	Tessa-Vis-PC	scenario_1	0	25.878	185.572
SIM	1655814637	DESKTOP-T7RV54H	Tessa-Vis-PC	scenario_1	0	25.663	183.78
SIM	1655814665	DESKTOP-T7RV54H	Tessa-Vis-PC	scenario_1	0	13.142	79.921
SIM	1655814816	DESKTOP-T7RV54H	Tessa-Vis-PC	scenario_1	0	50.577	376.586
SIM	1655814970	DESKTOP-T7RV54H	Tessa-Vis-PC	scenario_1	0	29.962	219.603
SIM	1655815052	DESKTOP-T7RV54H	Tessa-Vis-PC	scenario_1	0	38.988	293.188
SIM	1655815311	DESKTOP-T7RV54H	Tessa-Vis-PC	scenario_1	0	113.649	882.158
SIM	1655815426	DESKTOP-T7RV54H	Tessa-Vis-PC	scenario_1	0	165.758	1316.4
SIM	1655815593	DESKTOP-T7RV54H	Tessa-Vis-PC	scenario_1	0	94.355	721.374
SIM	1655815690	DESKTOP-T7RV54H	Tessa-Vis-PC	scenario_1	0	132.431	1038.67
SIM	1655815824	DESKTOP-T7RV54H	Tessa-Vis-PC	scenario_1	0	221.104	1777.62
SIM	1655816992	DESKTOP-T7RV54H	Tessa-Vis-PC	scenario_1	0	45.596	335.624
SIM	1655817130	DESKTOP-T7RV54H	Tessa-Vis-PC	scenario_1	0	13.03	78.9878
SIM	1655817286	DESKTOP-T7RV54H	Tessa-Vis-PC	scenario_1	0	19.002	128.288
SIM	1655818152	DESKTOP-T7RV54H	Tessa-Vis-PC	scenario_1	0	221.104	1777.62
SIM	1655818503	DESKTOP-T7RV54H	Tessa-Vis-PC	scenario_1	0	18.073	120.582
SIM	1655819046	DESKTOP-T7RV54H	Tessa-Vis-PC	scenario_1	0	23.665	167.13


SYSTEM_START	-	DESKTOP-T7RV54H	DESKTOP-T7RV54H	2022-06-21 15:50:44


SYSTEM_INFO	Car_Generic &lt;insert.your.version.no&gt; #24	Students@pc-mib-mobile 2021-07-06 17:16:41	(10.0 fh@obelix.ipg 2021-04-01 16:39:43)
SIM	1655819444	DESKTOP-T7RV54H			0	0	0
SIM	1655819447	DESKTOP-T7RV54H	Tessa-Vis-PC	scenario_1	0	1.342	0.000205458
SIM	1655819455	DESKTOP-T7RV54H	Tessa-Vis-PC	scenario_1	0	13.6	83.737
SIM	1655819490	DESKTOP-T7RV54H	Tessa-Vis-PC	scenario_1	0	9.975	53.5573
SIM	1655819582	DESKTOP-T7RV54H	Tessa-Vis-PC	scenario_1	0	10.887	61.1411
SIM	1655819654	DESKTOP-T7RV54H	Tessa-Vis-PC	scenario_1	0	28.709	209.162
SIM	1655819925	DESKTOP-T7RV54H	Tessa-Vis-PC	scenario_1	0	130.535	1022.87
SIM	1655820101	DESKTOP-T7RV54H	Tessa-Vis-PC	scenario_1	0	8.878	44.4614


SYSTEM_START	-	DESKTOP-T7RV54H	DESKTOP-T7RV54H	2022-06-22 07:56:28


SYSTEM_INFO	Car_Generic &lt;insert.your.version.no&gt; #24	Students@pc-mib-mobile 2021-07-06 17:16:41	(10.0 fh@obelix.ipg 2021-04-01 16:39:43)
SIM	1655877388	DESKTOP-T7RV54H			0	0	0
SIM	1655877389	DESKTOP-T7RV54H	Tessa-Vis-PC	scenario_1	0	21.893	152.363
SIM	1655877469	DESKTOP-T7RV54H	Tessa-Vis-PC	scenario_1	0	62.352	419.96
SIM	1655877913	DESKTOP-T7RV54H	Tessa-Vis-PC	scenario_1	0	8.919	44.8005
SIM	1655877945	DESKTOP-T7RV54H	Tessa-Vis-PC	scenario_1	0	11.896	69.5414
SIM	1655878111	DESKTOP-T7RV54H	Tessa-Vis-PC	scenario_1	0	17.113	112.672
SIM	1655878180	DESKTOP-T7RV54H	Tessa-Vis-PC	scenario_1	0	142.153	1105.38
SIM	1655879721	DESKTOP-T7RV54H	Tessa-Vis-PC	scenario_1	0	2.71	1.10548
SIM	1655879778	DESKTOP-T7RV54H	Tessa-Vis-PC	scenario_1	0	23.355	164.546
SIM	1655880376	DESKTOP-T7RV54H	Tessa-Vis-PC	scenario_1	0	41.743	308.407
SIM	1655880420	DESKTOP-T7RV54H	Tessa-Vis-PC	scenario_1	0	23.115	162.546
SIM	1655880467	DESKTOP-T7RV54H	Tessa-Vis-PC	scenario_1	0	0.797	4.77851e-005


SYSTEM_START	-	DESKTOP-T7RV54H	DESKTOP-T7RV54H	2022-06-22 08:48:40


SYSTEM_INFO	Car_Generic &lt;insert.your.version.no&gt; #24	Students@pc-mib-mobile 2021-07-06 17:16:41	(10.0 fh@obelix.ipg 2021-04-01 16:39:43)


SYSTEM_START	-	DESKTOP-T7RV54H	DESKTOP-T7RV54H	2022-06-22 08:49:01


SYSTEM_INFO	Car_Generic &lt;insert.your.version.no&gt; #24	Students@pc-mib-mobile 2021-07-06 17:16:41	(10.0 fh@obelix.ipg 2021-04-01 16:39:43)


SYSTEM_START	-	DESKTOP-T7RV54H	DESKTOP-T7RV54H	2022-06-22 08:49:18


SYSTEM_INFO	Car_Generic &lt;insert.your.version.no&gt; #24	Students@pc-mib-mobile 2021-07-06 17:16:41	(10.0 fh@obelix.ipg 2021-04-01 16:39:43)
SIM	1655880558	DESKTOP-T7RV54H			0	0	0
SIM	1655880560	DESKTOP-T7RV54H	Tessa-Vis-PC	scenario_1	0	31.398	231.571


SYSTEM_START	-	DESKTOP-T7RV54H	DESKTOP-T7RV54H	2022-06-22 17:11:15


SYSTEM_INFO	Car_Generic &lt;insert.your.version.no&gt; #2	Tessa-Vis-PC@desktop-t7rv54h 2022-06-22 17:08:47	(10.2 fh@obelix.ipg 2021-10-26 11:17:53)


SYSTEM_START	-	DESKTOP-T7RV54H	DESKTOP-T7RV54H	2022-06-22 17:11:36


SYSTEM_INFO	Car_Generic &lt;insert.your.version.no&gt; #2	Tessa-Vis-PC@desktop-t7rv54h 2022-06-22 17:08:47	(10.2 fh@obelix.ipg 2021-10-26 11:17:53)


SYSTEM_START	-	DESKTOP-T7RV54H	DESKTOP-T7RV54H	2022-06-22 17:12:02


SYSTEM_INFO	Car_Generic &lt;insert.your.version.no&gt; #2	Tessa-Vis-PC@desktop-t7rv54h 2022-06-22 17:08:47	(10.2 fh@obelix.ipg 2021-10-26 11:17:53)


SYSTEM_START	-	DESKTOP-T7RV54H	DESKTOP-T7RV54H	2022-06-22 17:19:52


SYSTEM_INFO	Car_Generic &lt;insert.your.version.no&gt; #6	Tessa-Vis-PC@desktop-t7rv54h 2022-06-22 17:18:30	(10.2 fh@obelix.ipg 2021-10-26 11:17:53)
SIM	1655911192	DESKTOP-T7RV54H			0	0	0
SIM	1655911195	DESKTOP-T7RV54H	Tessa-Vis-PC	scenario_1	0	11.896	69.5414


SYSTEM_START	-	DESKTOP-T7RV54H	DESKTOP-T7RV54H	2022-06-22 17:20:30


SYSTEM_INFO	Car_Generic &lt;insert.your.version.no&gt; #6	Tessa-Vis-PC@desktop-t7rv54h 2022-06-22 17:18:30	(10.2 fh@obelix.ipg 2021-10-26 11:17:53)


SYSTEM_START	-	DESKTOP-T7RV54H	DESKTOP-T7RV54H	2022-07-04 09:32:31


SYSTEM_INFO	Car_Generic &lt;insert.your.version.no&gt; #6	Tessa-Vis-PC@desktop-t7rv54h 2022-06-22 17:18:30	(10.2 fh@obelix.ipg 2021-10-26 11:17:53)
SIM	1656919951	DESKTOP-T7RV54H			0	0	0
SIM	1656919954	DESKTOP-T7RV54H	Tessa-Vis-PC	scenario_1	0	0.798	4.78853e-005
SIM	1656919968	DESKTOP-T7RV54H	Tessa-Vis-PC	scenario_1	0	5.35	16.2331
SIM	1656920092	DESKTOP-T7RV54H	Tessa-Vis-PC	scenario_1	0	4.032	7.18104


SYSTEM_START	-	DESKTOP-T7RV54H	DESKTOP-T7RV54H	2022-07-04 09:38:58


SYSTEM_INFO	Car_Generic &lt;insert.your.version.no&gt; #6	Tessa-Vis-PC@desktop-t7rv54h 2022-06-22 17:18:30	(10.2 fh@obelix.ipg 2021-10-26 11:17:53)
SIM	1656920338	DESKTOP-T7RV54H			0	0	0
SIM	1656920340	DESKTOP-T7RV54H	Tessa-Vis-PC	scenario_1	0	2.82	1.42664
SIM	1656920569	DESKTOP-T7RV54H	Tessa-Vis-PC	scenario_1	0	61.22	465.268
SIM	1656920632	DESKTOP-T7RV54H	Tessa-Vis-PC	scenario_1	0	19.573	133.037
SIM	1656920654	DESKTOP-T7RV54H	Tessa-Vis-PC	scenario_1	0	221.048	1776.88
SIM	1656920931	DESKTOP-T7RV54H	Tessa-Vis-PC	scenario_1	0	4.147	7.88929
SIM	1656921502	DESKTOP-T7RV54H	Tessa-Vis-PC	scenario_1	0	13.555	83.3621
SIM	1656921562	DESKTOP-T7RV54H	Tessa-Vis-PC	scenario_1	0	23.233	163.53
SIM	1656921587	DESKTOP-T7RV54H	Tessa-Vis-PC	scenario_1	0	15.602	100.37
SIM	1656921770	DESKTOP-T7RV54H	Tessa-Vis-PC	scenario_1	0	155.793	1233.08
SIM	1656921928	DESKTOP-T7RV54H	Tessa-Vis-PC	scenario_1	0	38.09	286.879
SIM	1656922085	DESKTOP-T7RV54H	Tessa-Vis-PC	scenario_1	0	18.957	127.914
SIM	1656922105	DESKTOP-T7RV54H	Tessa-Vis-PC	scenario_1	0	30.745	226.128
SIM	1656922623	DESKTOP-T7RV54H	Tessa-Vis-PC	scenario_1	0	18.929	127.681
SIM	1656922683	DESKTOP-T7RV54H	Tessa-Vis-PC	scenario_1	0	141.487	965.485
SIM	1656923126	DESKTOP-T7RV54H	Tessa-Vis-PC	scenario_1	0	69.833	409.84
SIM	1656925150	DESKTOP-T7RV54H	Tessa-Vis-PC	scenario_1	0	28.655	208.712
SIM	1656925184	DESKTOP-T7RV54H	Tessa-Vis-PC	scenario_1	0	8.021	37.3984
SIM	1656925247	DESKTOP-T7RV54H	Tessa-Vis-PC	scenario_1	0	15.494	99.4854
SIM	1656925487	DESKTOP-T7RV54H	Tessa-Vis-PC	scenario_1	0	18.809	126.684


SYSTEM_START	-	DESKTOP-T7RV54H	DESKTOP-T7RV54H	2022-07-04 11:13:08


SYSTEM_INFO	Car_Generic &lt;insert.your.version.no&gt; #6	Tessa-Vis-PC@desktop-t7rv54h 2022-06-22 17:18:30	(10.2 fh@obelix.ipg 2021-10-26 11:17:53)
SIM	1656925988	DESKTOP-T7RV54H			0	0	0
SIM	1656925991	DESKTOP-T7RV54H	Tessa-Vis-PC	scenario_1	0	1.138	3.23636e-005
SIM	1656926022	DESKTOP-T7RV54H	Tessa-Vis-PC	scenario_1	0	33.5	122.511
SIM	1656926097	DESKTOP-T7RV54H	Tessa-Vis-PC	scenario_1_and_2	0	80.55	597.924
SIM	1656927323	DESKTOP-T7RV54H	Tessa-Vis-PC	scenario_1_and_2	0	40.048	165.906
SIM	1656927364	DESKTOP-T7RV54H	Tessa-Vis-PC	scenario_1_and_2	0	59.239	421.928
SIM	1656931634	DESKTOP-T7RV54H	Tessa-Vis-PC	scenario_1_and_2	0	80.55	574.074


SYSTEM_START	-	DESKTOP-T7RV54H	DESKTOP-T7RV54H	2022-07-04 14:50:05


SYSTEM_INFO	Car_Generic &lt;insert.your.version.no&gt; #6	Tessa-Vis-PC@desktop-t7rv54h 2022-06-22 17:18:30	(10.2 fh@obelix.ipg 2021-10-26 11:17:53)


SYSTEM_START	-	DESKTOP-T7RV54H	DESKTOP-T7RV54H	2022-07-04 14:50:29


SYSTEM_INFO	Car_Generic &lt;insert.your.version.no&gt; #6	Tessa-Vis-PC@desktop-t7rv54h 2022-06-22 17:18:30	(10.2 fh@obelix.ipg 2021-10-26 11:17:53)


SYSTEM_START	-	DESKTOP-T7RV54H	DESKTOP-T7RV54H	2022-07-04 14:50:43


SYSTEM_INFO	Car_Generic &lt;insert.your.version.no&gt; #6	Tessa-Vis-PC@desktop-t7rv54h 2022-06-22 17:18:30	(10.2 fh@obelix.ipg 2021-10-26 11:17:53)


SYSTEM_START	-	DESKTOP-T7RV54H	DESKTOP-T7RV54H	2022-07-04 14:51:16


SYSTEM_INFO	Car_Generic &lt;insert.your.version.no&gt; #6	Tessa-Vis-PC@desktop-t7rv54h 2022-06-22 17:18:30	(10.2 fh@obelix.ipg 2021-10-26 11:17:53)


SYSTEM_START	-	DESKTOP-T7RV54H	DESKTOP-T7RV54H	2022-07-04 14:52:38


SYSTEM_INFO	Car_Generic &lt;insert.your.version.no&gt; #6	Tessa-Vis-PC@desktop-t7rv54h 2022-06-22 17:18:30	(10.2 fh@obelix.ipg 2021-10-26 11:17:53)
SIM	1656939158	DESKTOP-T7RV54H			0	0	0
SIM	1656939160	DESKTOP-T7RV54H	Tessa-Vis-PC	scenario_1_and_2	0	64.609	391.168
SIM	1656939484	DESKTOP-T7RV54H	Tessa-Vis-PC	scenario_1_and_2	0	80.55	597.924
SIM	1656939586	DESKTOP-T7RV54H	Tessa-Vis-PC	scenario_1_and_2	0	41.372	153.059
SIM	1656941164	DESKTOP-T7RV54H	Tessa-Vis-PC	scenario_1_and_2	0	80.55	597.924
SIM	1656941650	DESKTOP-T7RV54H	Tessa-Vis-PC	scenario_1_and_2	0	79.639	490.94
SIM	1656941748	DESKTOP-T7RV54H	Tessa-Vis-PC	scenario_1_and_2	0	80.55	330.791
SIM	1656941841	DESKTOP-T7RV54H	Tessa-Vis-PC	scenario_1_and_2	0	26.366	107.059
SIM	1656941882	DESKTOP-T7RV54H	Tessa-Vis-PC	scenario_1_and_2	0	32.627	133.146
SIM	1656941927	DESKTOP-T7RV54H	Tessa-Vis-PC	scenario_1_and_2	0	10.003	38.8825
SIM	1656941986	DESKTOP-T7RV54H	Tessa-Vis-PC	scenario_1_and_2	0	66.957	278.882
SIM	1656942095	DESKTOP-T7RV54H	Tessa-Vis-PC	scenario_1_and_2	1	56.232	315.632
SIM	1656942179	DESKTOP-T7RV54H	Tessa-Vis-PC	scenario_1_and_2	0	80.55	277.123
SIM	1656942265	DESKTOP-T7RV54H	Tessa-Vis-PC	scenario_1_and_2	0	80.55	141.442
SIM	1656942358	DESKTOP-T7RV54H	Tessa-Vis-PC	scenario_1_and_2	0	43.408	81.3211
SIM	1656942451	DESKTOP-T7RV54H	Tessa-Vis-PC	scenario_1_and_2	0	80.55	253.517
SIM	1656942761	DESKTOP-T7RV54H	Tessa-Vis-PC	scenario_1_and_2	0	80.55	251.877
SIM	1656942846	DESKTOP-T7RV54H	Tessa-Vis-PC	scenario_1_and_2	0	62.894	271.925
SIM	1656943149	DESKTOP-T7RV54H	Tessa-Vis-PC	scenario_1_and_2	0	80.55	240.725
SIM	1656943318	DESKTOP-T7RV54H	Tessa-Vis-PC	scenario_1_and_2	0	34.66	81.266
SIM	1656943389	DESKTOP-T7RV54H	Tessa-Vis-PC	scenario_1_and_2	0	80.55	483.957
SIM	1656943485	DESKTOP-T7RV54H	Tessa-Vis-PC	scenario_1_and_2	0	80.55	573.992
SIM	1656943829	DESKTOP-T7RV54H	Tessa-Vis-PC	scenario_1_and_2	0	80.55	573.995
SIM	1656943987	DESKTOP-T7RV54H	Tessa-Vis-PC	scenario_1_and_2	0	80.55	573.785
SIM	1656944310	DESKTOP-T7RV54H	Tessa-Vis-PC	scenario_1_and_2	0	80.55	574.305
SIM	1656944414	DESKTOP-T7RV54H	Tessa-Vis-PC	scenario_1_and_2	0	80.55	527.096
SIM	1656944521	DESKTOP-T7RV54H	Tessa-Vis-PC	scenario_1_and_2	0	44.373	191.563
SIM	1656944600	DESKTOP-T7RV54H	Tessa-Vis-PC	scenario_1_and_2	0	80.55	549.658
SIM	1656946699	DESKTOP-T7RV54H	Tessa-Vis-PC	scenario_1_and_2	0	80.55	548.864


SYSTEM_START	-	DESKTOP-T7RV54H	DESKTOP-T7RV54H	2022-07-05 09:33:07


SYSTEM_INFO	Car_Generic &lt;insert.your.version.no&gt; #6	Tessa-Vis-PC@desktop-t7rv54h 2022-06-22 17:18:30	(10.2 fh@obelix.ipg 2021-10-26 11:17:53)
SIM	1657006387	DESKTOP-T7RV54H			0	0	0
SIM	1657006388	DESKTOP-T7RV54H	Tessa-Vis-PC	scenario_1_and_2	0	41.056	149.818
SIM	1657006713	DESKTOP-T7RV54H	Tessa-Vis-PC	scenario_1_and_2	0	9.921	38.5411
SIM	1657006753	DESKTOP-T7RV54H	Tessa-Vis-PC	scenario_1_and_2	0	80.55	574.434


SYSTEM_START	-	DESKTOP-T7RV54H	DESKTOP-T7RV54H	2022-07-05 10:29:43


SYSTEM_INFO	Car_Generic &lt;insert.your.version.no&gt; #6	Tessa-Vis-PC@desktop-t7rv54h 2022-06-22 17:18:30	(10.2 fh@obelix.ipg 2021-10-26 11:17:53)
SIM	1657009783	DESKTOP-T7RV54H			0	0	0
SIM	1657009785	DESKTOP-T7RV54H	Tessa-Vis-PC	scenario_1_and_2	0	59.6	402.147
SIM	1657009932	DESKTOP-T7RV54H	Tessa-Vis-PC	scenario_1_and_2	0	22.104	89.2994
SIM	1657010109	DESKTOP-T7RV54H	Tessa-Vis-PC	scenario_1_and_2	0	19.904	80.1328
SIM	1657010181	DESKTOP-T7RV54H	Tessa-Vis-PC	scenario_1_and_2	0	9.49	36.7469
SIM	1657010549	DESKTOP-T7RV54H	Tessa-Vis-PC	scenario_1_and_2	0	8.619	33.1207
SIM	1657010606	DESKTOP-T7RV54H	Tessa-Vis-PC	scenario_1_and_2	0	80.55	597.924
SIM	1657010885	DESKTOP-T7RV54H	Tessa-Vis-PC	scenario_1_and_2	0	80.55	574.034
SIM	1657010991	DESKTOP-T7RV54H	Tessa-Vis-PC	scenario_1_and_2	0	22.191	89.6619
SIM	1657011067	DESKTOP-T7RV54H	Tessa-Vis-PC	scenario_1_and_2	0	80.55	573.876
SIM	1657011447	DESKTOP-T7RV54H	Tessa-Vis-PC	scenario_1_and_2	0	40.277	141.59
SIM	1657011571	DESKTOP-T7RV54H	Tessa-Vis-PC	scenario_1_and_2	0	16.214	64.7578
SIM	1657011695	DESKTOP-T7RV54H	Tessa-Vis-PC	scenario_1_and_2	0	17.995	72.1787
SIM	1657011772	DESKTOP-T7RV54H	Tessa-Vis-PC	scenario_1_and_2	0	32.946	119.715
SIM	1657011907	DESKTOP-T7RV54H	Tessa-Vis-PC	scenario_1_and_2	0	31.821	115.381
SIM	1657011970	DESKTOP-T7RV54H	Tessa-Vis-PC	scenario_1_and_2	0	15.568	62.0661
SIM	1657012029	DESKTOP-T7RV54H	Tessa-Vis-PC	scenario_1_and_2	0	24.872	100.833
SIM	1657012093	DESKTOP-T7RV54H	Tessa-Vis-PC	scenario_1_and_2	0	80.55	574.011
SIM	1657012343	DESKTOP-T7RV54H	Tessa-Vis-PC	scenario_1_and_2	0	34.583	121.184
SIM	1657012409	DESKTOP-T7RV54H	Tessa-Vis-PC	scenario_1_and_2	0	20.798	73.3213
SIM	1657012465	DESKTOP-T7RV54H	Tessa-Vis-PC	scenario_1_and_2	0	32.086	118.575
SIM	1657012542	DESKTOP-T7RV54H	Tessa-Vis-PC	scenario_1_and_2	0	11.594	31.0496
SIM	1657012571	DESKTOP-T7RV54H	Tessa-Vis-PC	scenario_1_and_2	0	3.995	13.6179
SIM	1657012581	DESKTOP-T7RV54H	Tessa-Vis-PC	scenario_1_and_2	0	39.703	137.115
SIM	1657012637	DESKTOP-T7RV54H	Tessa-Vis-PC	scenario_1_and_2	0	72.4	518.022
SIM	1657012717	DESKTOP-T7RV54H	Tessa-Vis-PC	scenario_1_and_2	0	22.217	89.7703
SIM	1657012761	DESKTOP-T7RV54H	Tessa-Vis-PC	scenario_1_and_2	0	80.55	574.519
SIM	1657012847	DESKTOP-T7RV54H	Tessa-Vis-PC	scenario_1_and_2	0	80.55	574.164
SIM	1657012961	DESKTOP-T7RV54H	Tessa-Vis-PC	scenario_1_and_2	0	32.906	119.629
SIM	1657013011	DESKTOP-T7RV54H	Tessa-Vis-PC	scenario_1_and_2	0	27.553	112.004
SIM	1657013078	DESKTOP-T7RV54H	Tessa-Vis-PC	scenario_1_and_2	0	80.55	573.816
SIM	1657013169	DESKTOP-T7RV54H	Tessa-Vis-PC	scenario_1_and_2	0	80.55	574.117
SIM	1657013262	DESKTOP-T7RV54H	Tessa-Vis-PC	scenario_1_and_2	0	80.55	574.077
SIM	1657016340	DESKTOP-T7RV54H	Tessa-Vis-PC	scenario_1_and_2	0	44.681	195.828
SIM	1657016386	DESKTOP-T7RV54H	Tessa-Vis-PC	scenario_1_and_2	0	80.55	573.91
SIM	1657016504	DESKTOP-T7RV54H	Tessa-Vis-PC	scenario_1_and_2	0	49.191	257.843
SIM	1657016555	DESKTOP-T7RV54H	Tessa-Vis-PC	scenario_1_and_2	0	80.55	574.202


SYSTEM_START	-	DESKTOP-T7RV54H	DESKTOP-T7RV54H	2022-07-07 08:01:59


SYSTEM_INFO	Car_Generic &lt;insert.your.version.no&gt; #6	Tessa-Vis-PC@desktop-t7rv54h 2022-06-22 17:18:30	(10.2 fh@obelix.ipg 2021-10-26 11:17:53)
SIM	1657173719	DESKTOP-T7RV54H			0	0	0
SIM	1657173720	DESKTOP-T7RV54H	Tessa-Vis-PC	scenario_1_and_2	0	63.816	457.795
SIM	1657173792	DESKTOP-T7RV54H	Tessa-Vis-PC	scenario_1_and_2	0	51.203	285.386
SIM	1657173884	DESKTOP-T7RV54H	Tessa-Vis-PC	scenario_1_and_2	0	80.55	573.204
SIM	1657180959	DESKTOP-T7RV54H	Tessa-Vis-PC	scenario_1_and_2	0	56.095	378.262
SIM	1657181017	DESKTOP-T7RV54H	Tessa-Vis-PC	scenario_1_and_2	0	3.327	10.8207
SIM	1657181154	DESKTOP-T7RV54H	Tessa-Vis-PC	scenario_1_and_2	0	80.55	597.924
SIM	1657188792	DESKTOP-T7RV54H	Tessa-Vis-PC	scenario_1_and_2	0	80.55	597.924
SIM	1657189062	DESKTOP-T7RV54H	Tessa-Vis-PC	scenario_1_and_2	0	80.55	579.261
SIM	1657205690	DESKTOP-T7RV54H	Tessa-Vis-PC	scenario_1_and_2	0	41.005	174.62
SIM	1657205887	DESKTOP-T7RV54H	Tessa-Vis-PC	scenario_1_and_2	0	80.55	597.924
SIM	1657208043	DESKTOP-T7RV54H	Tessa-Vis-PC	scenario_1_and_2	0	67.975	501.72


SYSTEM_START	-	DESKTOP-T7RV54H	DESKTOP-T7RV54H	2022-07-08 08:32:22


SYSTEM_INFO	Car_Generic &lt;insert.your.version.no&gt; #6	Tessa-Vis-PC@desktop-t7rv54h 2022-06-22 17:18:30	(10.2 fh@obelix.ipg 2021-10-26 11:17:53)
SIM	1657261942	DESKTOP-T7RV54H			0	0	0
SIM	1657261944	DESKTOP-T7RV54H	Tessa-Vis-PC	scenario_1_and_2	0	80.55	597.924
SIM	1657262067	DESKTOP-T7RV54H	Tessa-Vis-PC	scenario_1_and_2	0	60.76	442.954


SYSTEM_START	-	DESKTOP-T7RV54H	DESKTOP-T7RV54H	2022-07-11 14:09:36


SYSTEM_INFO	Car_Generic &lt;insert.your.version.no&gt; #6	Tessa-Vis-PC@desktop-t7rv54h 2022-06-22 17:18:30	(10.2 fh@obelix.ipg 2021-10-26 11:17:53)
SIM	1657541376	DESKTOP-T7RV54H			0	0	0
SIM	1657541378	DESKTOP-T7RV54H	Tessa-Vis-PC	scenario_1_and_2	0	46.629	247.531
SIM	1657541460	DESKTOP-T7RV54H	Tessa-Vis-PC	scenario_1_and_2	0	62.505	463.154
SIM	1657544570	DESKTOP-T7RV54H	Tessa-Vis-PC	scenario_1_and_2	0	39.77	163.957
SIM	1657544716	DESKTOP-T7RV54H	Tessa-Vis-PC	scenario_1_and_2	0	22.806	92.2245
SIM	1657544744	DESKTOP-T7RV54H	Tessa-Vis-PC	scenario_1_and_2	0	58.276	408.553
SIM	1657545243	DESKTOP-T7RV54H	Tessa-Vis-PC	scenario_1_and_2	0	3.922	13.3082
SIM	1657545274	DESKTOP-T7RV54H	Tessa-Vis-PC	scenario_1_and_2	0	37.62	153.95
SIM	1657545464	DESKTOP-T7RV54H	Tessa-Vis-PC	scenario_1_and_2	0	42.702	194.81
SIM	1657545749	DESKTOP-T7RV54H	Tessa-Vis-PC	scenario_1_and_2	0	41.297	177.813
SIM	1657545842	DESKTOP-T7RV54H	Tessa-Vis-PC	scenario_1_and_2	0	34.15	139.492
SIM	1657545981	DESKTOP-T7RV54H	Tessa-Vis-PC	scenario_1_and_2	0	33.346	136.142
SIM	1657546106	DESKTOP-T7RV54H	Tessa-Vis-PC	scenario_1_and_2	0	37.65	154.075
SIM	1657546389	DESKTOP-T7RV54H	Tessa-Vis-PC	scenario_1_and_2	0	37.513	153.504
SIM	1657546484	DESKTOP-T7RV54H	Tessa-Vis-PC	scenario_1_and_2	0	29.109	118.488
SIM	1657546564	DESKTOP-T7RV54H	Tessa-Vis-PC	scenario_1_and_2	0	44.029	211.973
SIM	1657546653	DESKTOP-T7RV54H	Tessa-Vis-PC	scenario_1_and_2	0	80.55	597.924


SYSTEM_START	-	DESKTOP-T7RV54H	DESKTOP-T7RV54H	2022-07-12 09:41:39


SYSTEM_INFO	Car_Generic &lt;insert.your.version.no&gt; #6	Tessa-Vis-PC@desktop-t7rv54h 2022-06-22 17:18:30	(10.2 fh@obelix.ipg 2021-10-26 11:17:53)
SIM	1657611699	DESKTOP-T7RV54H			0	0	0
SIM	1657611701	DESKTOP-T7RV54H	Tessa-Vis-PC	scenario_1_and_2	0	39.09	160.184
SIM	1657611746	DESKTOP-T7RV54H	Tessa-Vis-PC	scenario_1_and_2	0	28.451	115.746
SIM	1657618089	DESKTOP-T7RV54H	Tessa-Vis-PC	scenario_1_and_2	0	70.315	526.71
SIM	1657618537	DESKTOP-T7RV54H	Tessa-Vis-PC	scenario_1_and_2	0	10.269	39.9899
SIM	1657618556	DESKTOP-T7RV54H	Tessa-Vis-PC	scenario_1_and_2	0	14.714	58.5076
SIM	1657618810	DESKTOP-T7RV54H	Tessa-Vis-PC	scenario_1_and_2	0	1.483	4.12724
SIM	1657619805	DESKTOP-T7RV54H	Tessa-Vis-PC	scenario_1_and_2	0	2.305	6.86357
SIM	1657619823	DESKTOP-T7RV54H	Tessa-Vis-PC	scenario_1_and_2	0	40.844	172.951
SIM	1657623506	DESKTOP-T7RV54H	Tessa-Vis-PC	scenario_1_and_2	0	4.638	16.362
SIM	1657623517	DESKTOP-T7RV54H	Tessa-Vis-PC	scenario_1_and_2	0	74.349	555.992
SIM	1657623659	DESKTOP-T7RV54H	Tessa-Vis-PC	scenario_1_and_2	0	74.891	560.307
SIM	1657623745	DESKTOP-T7RV54H	Tessa-Vis-PC	scenario_1_and_2	0	2.667	8.20183
SIM	1657623804	DESKTOP-T7RV54H	Tessa-Vis-PC	scenario_1_and_2	0	37.876	155.017
SIM	1657623845	DESKTOP-T7RV54H	Tessa-Vis-PC	scenario_1_and_2	0	71.351	534.663
SIM	1657624439	DESKTOP-T7RV54H	Tessa-Vis-PC	scenario_1_and_2	0	69.364	517.529
SIM	1657624541	DESKTOP-T7RV54H	Tessa-Vis-PC	scenario_1_and_2	0	80.55	597.924
SIM	1657624809	DESKTOP-T7RV54H	Tessa-Vis-PC	scenario_1_and_2	0	42.691	194.676
SIM	1657625023	DESKTOP-T7RV54H	Tessa-Vis-PC	scenario_1_and_2	0	50.866	305.739
SIM	1657625181	DESKTOP-T7RV54H	Tessa-Vis-PC	scenario_1_and_2	0	30.661	124.954
SIM	1657625279	DESKTOP-T7RV54H	Tessa-Vis-PC	scenario_1_and_2	0	10.43	40.6603
SIM	1657625377	DESKTOP-T7RV54H	Tessa-Vis-PC	scenario_1_and_2	0	80.55	597.924


SYSTEM_START	-	DESKTOP-T7RV54H	DESKTOP-T7RV54H	2022-07-13 15:25:46


SYSTEM_INFO	Car_Generic &lt;insert.your.version.no&gt; #6	Tessa-Vis-PC@desktop-t7rv54h 2022-06-22 17:18:30	(10.2 fh@obelix.ipg 2021-10-26 11:17:53)
SIM	1657718746	DESKTOP-T7RV54H			0	0	0
SIM	1657718748	DESKTOP-T7RV54H	Tessa-Vis-PC	scenario_1_and_2	1	0	0
SIM	1657718777	DESKTOP-T7RV54H	Tessa-Vis-PC	scenario_1_and_2	1	0	0
SIM	1657719185	DESKTOP-T7RV54H	Tessa-Vis-PC	scenario_1_and_2	0	48.727	22.1797
SIM	1657719348	DESKTOP-T7RV54H	Tessa-Vis-PC	scenario_1_and_2	0	80.55	497.466
SIM	1657719635	DESKTOP-T7RV54H	Tessa-Vis-PC	scenario_1_and_2	0	60.852	378.137
SIM	1657722592	DESKTOP-T7RV54H	Tessa-Vis-PC	scenario_1_and_2	0	80.55	503.066
SIM	1657722844	DESKTOP-T7RV54H	Tessa-Vis-PC	scenario_1_and_2	0	2.861	6.57336
SIM	1657722870	DESKTOP-T7RV54H	Tessa-Vis-PC	scenario_1_and_2	0	17.071	68.3287
SIM	1657723043	DESKTOP-T7RV54H	Tessa-Vis-PC	scenario_1_and_2	0	36.546	149.467


SYSTEM_START	-	DESKTOP-T7RV54H	DESKTOP-T7RV54H	2022-07-14 09:38:23


SYSTEM_INFO	Car_Generic &lt;insert.your.version.no&gt; #6	Tessa-Vis-PC@desktop-t7rv54h 2022-06-22 17:18:30	(10.2 fh@obelix.ipg 2021-10-26 11:17:53)
SIM	1657784303	DESKTOP-T7RV54H			0	0	0
SIM	1657784306	DESKTOP-T7RV54H	Tessa-Vis-PC	scenario_1_and_2_extended	0	80.55	503.581
SIM	1657784427	DESKTOP-T7RV54H	Tessa-Vis-PC	scenario_1_and_2_extended	0	66.924	413.517
SIM	1657784503	DESKTOP-T7RV54H	Tessa-Vis-PC	scenario_1_and_2_extended	0	172.906	717.827
SIM	1657784799	DESKTOP-T7RV54H	Tessa-Vis-PC	scenario_1_and_2_extended	0	172.719	1026.51
SIM	1657784982	DESKTOP-T7RV54H	Tessa-Vis-PC	scenario_1_and_2_extended	0	32.852	134.084
SIM	1657785055	DESKTOP-T7RV54H	Tessa-Vis-PC	scenario_1_and_2_extended	0	62.199	225.845
SIM	1657785119	DESKTOP-T7RV54H	Tessa-Vis-PC	scenario_1_and_2_extended	0	102.082	383.712
SIM	1657785483	DESKTOP-T7RV54H	Tessa-Vis-PC	scenario_1_and_2_extended	0	14.975	59.5954
SIM	1657785605	DESKTOP-T7RV54H	Tessa-Vis-PC	scenario_1_and_2_extended	0	58.864	211.625
SIM	1657785676	DESKTOP-T7RV54H	Tessa-Vis-PC	scenario_1_and_2_extended	0	94.23	359.313
SIM	1657785772	DESKTOP-T7RV54H	Tessa-Vis-PC	scenario_1_and_2_extended	0	56.061	200.27
SIM	1657785902	DESKTOP-T7RV54H	Tessa-Vis-PC	scenario_1_and_2_extended	0	41.62	140.089
SIM	1657785951	DESKTOP-T7RV54H	Tessa-Vis-PC	scenario_1_and_2_extended	0	58.149	222.198
SIM	1657786031	DESKTOP-T7RV54H	Tessa-Vis-PC	scenario_1_and_2_extended	0	50.934	192.132
SIM	1657786123	DESKTOP-T7RV54H	Tessa-Vis-PC	scenario_1_and_2_extended	0	55.981	212.464
SIM	1657786190	DESKTOP-T7RV54H	Tessa-Vis-PC	scenario_1_and_2_extended	0	71.435	277.557
SIM	1657786453	DESKTOP-T7RV54H	Tessa-Vis-PC	scenario_1_and_2_extended	0	56.543	232.797
SIM	1657786513	DESKTOP-T7RV54H	Tessa-Vis-PC	scenario_1_and_2_extended	0	39.658	144.324
SIM	1657786630	DESKTOP-T7RV54H	Tessa-Vis-PC	scenario_1_and_2_extended	0	177.151	1026.51
SIM	1657787316	DESKTOP-T7RV54H	Tessa-Vis-PC	scenario_1_and_2_extended	0	21.951	88.6626
SIM	1657787542	DESKTOP-T7RV54H	Tessa-Vis-PC	scenario_1_and_2_extended	0	73.369	284.44
SIM	1657787752	DESKTOP-T7RV54H	Tessa-Vis-PC	scenario_1_and_2_extended	0	32.16	115.305
SIM	1657788631	DESKTOP-T7RV54H	Tessa-Vis-PC	scenario_1_and_2_extended	0	7.66	27.5213
SIM	1657789133	DESKTOP-T7RV54H	Tessa-Vis-PC	scenario_1_and_2_extended	0	32.131	115.313
SIM	1657790513	DESKTOP-T7RV54H	Tessa-Vis-PC	scenario_1_and_2_extended	0	63.718	224.629
SIM	1657802246	DESKTOP-T7RV54H	Tessa-Vis-PC	scenario_1_and_2_extended	0	38.005	138.245
SIM	1657802553	DESKTOP-T7RV54H	Tessa-Vis-PC	scenario_1_and_2_extended	0	41.812	157.386
SIM	1657802841	DESKTOP-T7RV54H	Tessa-Vis-PC	scenario_1_and_2_extended	0	11.259	44.1127
SIM	1657804585	DESKTOP-T7RV54H	Tessa-Vis-PC	scenario_1_and_2_extended	0	63.276	242.389
SIM	1657804651	DESKTOP-T7RV54H	Tessa-Vis-PC	scenario_1_and_2_extended	0	33.082	118.623
SIM	1657805697	DESKTOP-T7RV54H	Tessa-Vis-PC	scenario_1_and_2_extended	0	40.755	167.013
SIM	1657808342	DESKTOP-T7RV54H	Tessa-Vis-PC	scenario_1_and_2_extended	0	172.679	965.432
SIM	1657809215	DESKTOP-T7RV54H	Tessa-Vis-PC	scenario_1_and_2_extended	0	15.663	62.4621
SIM	1657809267	DESKTOP-T7RV54H	Tessa-Vis-PC	scenario_1_and_2_extended	0	58.045	220.618
SIM	1657811010	DESKTOP-T7RV54H	Tessa-Vis-PC	scenario_1_and_2_extended	0	31.295	127.625
SIM	1657811051	DESKTOP-T7RV54H	Tessa-Vis-PC	scenario_1_and_2_extended	0	59.733	227.936


SYSTEM_START	-	DESKTOP-T7RV54H	DESKTOP-T7RV54H	2022-07-15 13:42:31


SYSTEM_INFO	Car_Generic &lt;insert.your.version.no&gt; #6	Tessa-Vis-PC@desktop-t7rv54h 2022-06-22 17:18:30	(10.2 fh@obelix.ipg 2021-10-26 11:17:53)
SIM	1657885351	DESKTOP-T7RV54H			0	0	0
SIM	1657885353	DESKTOP-T7RV54H	Tessa-Vis-PC	scenario_1_and_2_extended	0	51.05	191.454
SIM	1657885773	DESKTOP-T7RV54H	Tessa-Vis-PC	scenario_1_and_2_extended	0	80.528	314.566


SYSTEM_START	-	DESKTOP-T7RV54H	DESKTOP-T7RV54H	2022-07-18 11:41:12


SYSTEM_INFO	Car_Generic &lt;insert.your.version.no&gt; #6	Tessa-Vis-PC@desktop-t7rv54h 2022-06-22 17:18:30	(10.2 fh@obelix.ipg 2021-10-26 11:17:53)
SIM	1658137272	DESKTOP-T7RV54H			0	0	0
SIM	1658137273	DESKTOP-T7RV54H	Tessa-Vis-PC	scenario_3_and_4	0	107.3	1049.64
SIM	1658143254	DESKTOP-T7RV54H	Tessa-Vis-PC	scenario_3_and_4	0	97.3	1036.53
SIM	1658143476	DESKTOP-T7RV54H	Tessa-Vis-PC	scenario_3_and_4	0	28.126	221.391
SIM	1658143507	DESKTOP-T7RV54H	Tessa-Vis-PC	scenario_3_and_4	0	30.735	256.648
SIM	1658143611	DESKTOP-T7RV54H	Tessa-Vis-PC	scenario_3_and_4	0	34.939	319.043
SIM	1658143654	DESKTOP-T7RV54H	Tessa-Vis-PC	scenario_3_and_4	0	93.922	1005.73
SIM	1658143804	DESKTOP-T7RV54H	Tessa-Vis-PC	scenario_3_and_4	0	26.338	208.558
SIM	1658143850	DESKTOP-T7RV54H	Tessa-Vis-PC	scenario_3_and_4	0	25.644	177.981
SIM	1658143889	DESKTOP-T7RV54H	Tessa-Vis-PC	scenario_3_and_4	0	30.645	246.462
SIM	1658143934	DESKTOP-T7RV54H	Tessa-Vis-PC	scenario_3_and_4	0	91.45	925.093
SIM	1658144037	DESKTOP-T7RV54H	Tessa-Vis-PC	scenario_3_and_4	0	90.927	946.017
SIM	1658144135	DESKTOP-T7RV54H	Tessa-Vis-PC	scenario_3_and_4	0	92.306	973.935
SIM	1658144238	DESKTOP-T7RV54H	Tessa-Vis-PC	scenario_3_and_4	0	98.104	1020.09
SIM	1658144352	DESKTOP-T7RV54H	Tessa-Vis-PC	scenario_3_and_4	0	105.372	1091.39
SIM	1658145238	DESKTOP-T7RV54H	Tessa-Vis-PC	scenario_3_and_4	0	105.278	1091.37
SIM	1658145906	DESKTOP-T7RV54H	Tessa-Vis-PC	scenario_3_and_4	0	22.605	161.412
SIM	1658145937	DESKTOP-T7RV54H	Tessa-Vis-PC	scenario_3_and_4	0	79.033	856.536
SIM	1658146067	DESKTOP-T7RV54H	Tessa-Vis-PC	scenario_3_and_4	0	36.376	266.357
SIM	1658146157	DESKTOP-T7RV54H	Tessa-Vis-PC	scenario_3_and_4	0	39.403	312.607
SIM	1658146896	DESKTOP-T7RV54H	Tessa-Vis-PC	scenario_3_and_4	0	105.365	1091.39
SIM	1658147047	DESKTOP-T7RV54H	Tessa-Vis-PC	scenario_3_and_4	0	14.398	120.823
SIM	1658147076	DESKTOP-T7RV54H	Tessa-Vis-PC	scenario_3_and_4	0	112.808	1091.33
SIM	1658147367	DESKTOP-T7RV54H	Tessa-Vis-PC	scenario_3_and_4	0	112.55	1091.35
SIM	1658147632	DESKTOP-T7RV54H	Tessa-Vis-PC	scenario_3_and_4	0	112.537	1091.33
SIM	1658147935	DESKTOP-T7RV54H	Tessa-Vis-PC	scenario_3_and_4	0	106.886	1091.39
SIM	1658148073	DESKTOP-T7RV54H	Tessa-Vis-PC	scenario_3_and_4	0	97.278	1070.11
SIM	1658148393	DESKTOP-T7RV54H	Tessa-Vis-PC	scenario_3_and_4	0	106.14	1070.09
SIM	1658148613	DESKTOP-T7RV54H	Tessa-Vis-PC	scenario_3_and_4	0	105.824	1070.08
SIM	1658148942	DESKTOP-T7RV54H	Tessa-Vis-PC	scenario_3_and_4	0	37.916	292.005
SIM	1658148995	DESKTOP-T7RV54H	Tessa-Vis-PC	scenario_3_and_4	0	117.837	1091.64
SIM	1658149497	DESKTOP-T7RV54H	Tessa-Vis-PC	scenario_3_and_4	0	109.553	1091.39
SIM	1658149765	DESKTOP-T7RV54H	Tessa-Vis-PC	scenario_1_and_2_extended	0	78.892	307.766
SIM	1658149870	DESKTOP-T7RV54H	Tessa-Vis-PC	scenario_1_and_2_extended	0	9.349	36.102
SIM	1658149916	DESKTOP-T7RV54H	Tessa-Vis-PC	scenario_1_and_2_extended	0	177.038	966.786
SIM	1658150207	DESKTOP-T7RV54H	Tessa-Vis-PC	scenario_1_and_2_extended	0	72.064	511.939
SIM	1658150306	DESKTOP-T7RV54H	Tessa-Vis-PC	scenario_1_and_2_extended	0	72.458	494.524
SIM	1658150395	DESKTOP-T7RV54H	Tessa-Vis-PC	scenario_1_and_2_extended	0	101.053	733.087
SIM	1658150565	DESKTOP-T7RV54H	Tessa-Vis-PC	scenario_1_and_2_extended	0	115.417	883.069
SIM	1658153216	DESKTOP-T7RV54H	Tessa-Vis-PC	scenario_3_and_4	0	108.977	1091.39
SIM	1658153392	DESKTOP-T7RV54H	Tessa-Vis-PC	scenario_1_and_2_extended	0	115.407	883.068


SYSTEM_START	-	DESKTOP-T7RV54H	DESKTOP-T7RV54H	2022-10-05 13:40:17


SYSTEM_INFO	Car_Generic &lt;insert.your.version.no&gt; #6	Tessa-Vis-PC@desktop-t7rv54h 2022-06-22 17:18:30	(10.2 fh@obelix.ipg 2021-10-26 11:17:53)
SIM	1664970017	DESKTOP-T7RV54H			0	0	0
SIM	1664970019	DESKTOP-T7RV54H	Tessa-Vis-PC	scenario_1_and_2_extended	0	115.397	883.073


SYSTEM_START	-	DESKTOP-T7RV54H	DESKTOP-T7RV54H	2022-10-11 09:59:14


SYSTEM_INFO	Car_Generic &lt;insert.your.version.no&gt; #6	Tessa-Vis-PC@desktop-t7rv54h 2022-06-22 17:18:30	(10.2 fh@obelix.ipg 2021-10-26 11:17:53)
SIM	1665475154	DESKTOP-T7RV54H			0	0	0
SIM	1665475154	DESKTOP-T7RV54H	Tessa-Vis-PC	scenario_1_and_2	0	8.924	34.3906
SIM	1665477328	DESKTOP-T7RV54H	Tessa-Vis-PC	scenario_1_and_2	0	7.312	27.6699
SIM	1665477337	DESKTOP-T7RV54H	Tessa-Vis-PC	scenario_1_and_2	0	0.53	1.38542
SIM	1665479121	DESKTOP-T7RV54H	Tessa-Vis-PC	scenario_1_and_2	0	3.685	12.3082
SIM	1665479127	DESKTOP-T7RV54H	Tessa-Vis-PC	scenario_1_and_2	0	80.55	597.924
SIM	1665481522	DESKTOP-T7RV54H	Tessa-Vis-PC	scenario_1_and_2	0	64.373	476.32
SIM	1665481778	DESKTOP-T7RV54H	Tessa-Vis-PC	scenario_1_and_2	0	80.55	597.924
SIM	1665481868	DESKTOP-T7RV54H	Tessa-Vis-PC	scenario_1_and_2	0	80.55	597.924
SIM	1665482308	DESKTOP-T7RV54H	Tessa-Vis-PC	scenario_1_and_2	0	80.55	597.924
SIM	1665482419	DESKTOP-T7RV54H	Tessa-Vis-PC	scenario_1_and_2	0	80.55	597.924
SIM	1665482723	DESKTOP-T7RV54H	Tessa-Vis-PC	scenario_1_and_2	0	63.612	471.48
SIM	1665482790	DESKTOP-T7RV54H	Tessa-Vis-PC	scenario_1_and_2	0	80.55	597.924
SIM	1665482905	DESKTOP-T7RV54H	Tessa-Vis-PC	scenario_1_and_2	0	80.55	597.924
SIM	1665483006	DESKTOP-T7RV54H	Tessa-Vis-PC	scenario_1_and_2	0	80.55	597.924
SIM	1665483150	DESKTOP-T7RV54H	Tessa-Vis-PC	scenario_1_and_2	0	45.8	236.094
SIM	1665483204	DESKTOP-T7RV54H	Tessa-Vis-PC	scenario_1_and_2	0	80.55	597.924


SYSTEM_START	-	DESKTOP-T7RV54H	DESKTOP-T7RV54H	2022-10-13 14:25:58


SYSTEM_INFO	Car_Generic &lt;insert.your.version.no&gt; #6	Tessa-Vis-PC@desktop-t7rv54h 2022-06-22 17:18:30	(10.2 fh@obelix.ipg 2021-10-26 11:17:53)
SIM	1665663958	DESKTOP-T7RV54H			0	0	0
SIM	1665663961	DESKTOP-T7RV54H	Tessa-Vis-PC	scenario_1_and_2	0	80.55	597.924
SIM	1665665254	DESKTOP-T7RV54H	Tessa-Vis-PC	scenario_1_and_2	0	80.55	597.924
SIM	1665665922	DESKTOP-T7RV54H	Tessa-Vis-PC	scenario_1_and_2	0	80.55	597.924


SYSTEM_START	-	DESKTOP-T7RV54H	DESKTOP-T7RV54H	2022-10-17 15:35:38


SYSTEM_INFO	Car_Generic &lt;insert.your.version.no&gt; #6	Tessa-Vis-PC@desktop-t7rv54h 2022-06-22 17:18:30	(10.2 fh@obelix.ipg 2021-10-26 11:17:53)
SIM	1666013738	DESKTOP-T7RV54H			0	0	0
SIM	1666013742	DESKTOP-T7RV54H	Tessa-Vis-PC	scenario_1_and_2	0	67.734	499.348
SIM	1666013842	DESKTOP-T7RV54H	Tessa-Vis-PC	scenario_1_and_2	0	80.55	597.924
SIM	1666013947	DESKTOP-T7RV54H	Tessa-Vis-PC	scenario_1_and_2	0	60.354	437.393
SIM	1666014035	DESKTOP-T7RV54H	Tessa-Vis-PC	scenario_1_and_2	0	66.27	487.848


SYSTEM_START	-	DESKTOP-T7RV54H	DESKTOP-T7RV54H	2022-10-18 10:16:22


SYSTEM_INFO	Car_Generic &lt;insert.your.version.no&gt; #6	Tessa-Vis-PC@desktop-t7rv54h 2022-06-22 17:18:30	(10.2 fh@obelix.ipg 2021-10-26 11:17:53)
SIM	1666080982	DESKTOP-T7RV54H			0	0	0
SIM	1666080983	DESKTOP-T7RV54H	Tessa-Vis-PC	scenario_1_and_2	0	80.55	597.924


SYSTEM_START	-	DESKTOP-T7RV54H	DESKTOP-T7RV54H	2022-10-24 17:41:17


SYSTEM_INFO	Car_Generic &lt;insert.your.version.no&gt; #6	Tessa-Vis-PC@desktop-t7rv54h 2022-06-22 17:18:30	(10.2 fh@obelix.ipg 2021-10-26 11:17:53)
SIM	1666626077	DESKTOP-T7RV54H			0	0	0
SIM	1666626081	DESKTOP-T7RV54H	Tessa-Vis-PC	scenario_1_and_2	0	80.55	580.148
SIM	1666626853	DESKTOP-T7RV54H	Tessa-Vis-PC	scenario_1_and_2	0	80.55	580.36


SYSTEM_START	-	DESKTOP-T7RV54H	DESKTOP-T7RV54H	2022-10-25 14:11:22


SYSTEM_INFO	Car_Generic &lt;insert.your.version.no&gt; #6	Tessa-Vis-PC@desktop-t7rv54h 2022-06-22 17:18:30	(10.2 fh@obelix.ipg 2021-10-26 11:17:53)
SIM	1666699882	DESKTOP-T7RV54H			0	0	0
SIM	1666699883	DESKTOP-T7RV54H	Tessa-Vis-PC	scenario_1_and_2	0	80.55	580.366
SIM	1666700037	DESKTOP-T7RV54H	Tessa-Vis-PC	scenario_1_and_2	0	26.313	106.838
SIM	1666700086	DESKTOP-T7RV54H	Tessa-Vis-PC	scenario_1_and_2	0	36.483	131.185
SIM	1666700461	DESKTOP-T7RV54H	Tessa-Vis-PC	scenario_1_and_2	0	80.55	580.286
SIM	1666701074	DESKTOP-T7RV54H	Tessa-Vis-PC	scenario_1_and_2	0	80.55	580.252
SIM	1666701185	DESKTOP-T7RV54H	Tessa-Vis-PC	scenario_1_and_2	0	11.583	45.4622
SIM	1666701215	DESKTOP-T7RV54H	Tessa-Vis-PC	scenario_1_and_2	0	39.792	146.041
SIM	1666701348	DESKTOP-T7RV54H	Tessa-Vis-PC	scenario_1_and_2	0	55.548	353.336
SIM	1666701614	DESKTOP-T7RV54H	Tessa-Vis-PC	scenario_1_and_2	0	80.55	580.285


SYSTEM_START	-	DESKTOP-T7RV54H	DESKTOP-T7RV54H	2022-10-26 16:10:27


SYSTEM_INFO	Car_Generic &lt;insert.your.version.no&gt; #6	Tessa-Vis-PC@desktop-t7rv54h 2022-06-22 17:18:30	(10.2 fh@obelix.ipg 2021-10-26 11:17:53)
SIM	1666793427	DESKTOP-T7RV54H			0	0	0
SIM	1666793428	DESKTOP-T7RV54H	Tessa-Vis-PC	scenario_1_and_2	0	41.403	161.465


SYSTEM_START	-	DESKTOP-T7RV54H	DESKTOP-T7RV54H	2022-11-09 19:28:52


SYSTEM_INFO	Car_Generic &lt;insert.your.version.no&gt; #6	Tessa-Vis-PC@desktop-t7rv54h 2022-06-22 17:18:30	(10.2 fh@obelix.ipg 2021-10-26 11:17:53)
SIM	1668018533	DESKTOP-T7RV54H			0	0	0
SIM	1668018537	DESKTOP-T7RV54H	Tessa-Vis-PC	scenario_1_and_2	0	80.55	580.305


SYSTEM_START	-	DESKTOP-T7RV54H	DESKTOP-T7RV54H	2022-11-21 17:02:56


SYSTEM_INFO	Car_Generic &lt;insert.your.version.no&gt; #6	Tessa-Vis-PC@desktop-t7rv54h 2022-06-22 17:18:30	(10.2 fh@obelix.ipg 2021-10-26 11:17:53)
SIM	1669046577	DESKTOP-T7RV54H			0	0	0
SIM	1669046579	DESKTOP-T7RV54H	Tessa-Vis-PC	scenario_1_and_2_extended	0	117.332	883.096
SIM	1669046731	DESKTOP-T7RV54H	Tessa-Vis-PC	scenario_1_and_2_extended	0	123.389	881.434
SIM	1669046788	DESKTOP-T7RV54H	Tessa-Vis-PC	scenario_1_and_2_extended	0	110.309	740.486
SIM	1669046840	DESKTOP-T7RV54H	Tessa-Vis-PC	scenario_1_and_2_extended	0	142.248	1083.08
SIM	1669046968	DESKTOP-T7RV54H	Tessa-Vis-PC	scenario_1_and_2_extended	0	162.344	1233.08
SIM	1669047268	DESKTOP-T7RV54H	Tessa-Vis-PC	scenario_1_and_2_extended	0	153.939	1233.1
SIM	1669047366	DESKTOP-T7RV54H	Tessa-Vis-PC	scenario_1_and_2_extended	0	109.932	819.689
SIM	1669047492	DESKTOP-T7RV54H	Tessa-Vis-PC	scenario_1_and_2_extended	0	126.134	790.577
SIM	1669047620	DESKTOP-T7RV54H	Tessa-Vis-PC	scenario_1_and_2_extended	0	171.657	1273.1
SIM	1669047751	DESKTOP-T7RV54H	Tessa-Vis-PC	scenario_1_and_2_extended	0	161.004	1173.09
SIM	1669047872	DESKTOP-T7RV54H	Tessa-Vis-PC	scenario_1_and_2_extended	0	148.358	1073.07
SIM	1669048036	DESKTOP-T7RV54H	Tessa-Vis-PC	scenario_1_and_2_extended	0	148.441	1073.07
SIM	1669048144	DESKTOP-T7RV54H	Tessa-Vis-PC	scenario_1_and_2_extended	0	156.878	1173.09
SIM	1669048253	DESKTOP-T7RV54H	Tessa-Vis-PC	scenario_1_and_2_extended	0	157.853	1123.09
SIM	1669048369	DESKTOP-T7RV54H	Tessa-Vis-PC	scenario_1_and_2_extended	0	159.363	1173.1
SIM	1669048500	DESKTOP-T7RV54H	Tessa-Vis-PC	scenario_1_and_2_extended	0	157.839	1155.08
SIM	1669049114	DESKTOP-T7RV54H	Tessa-Vis-PC	scenario_1_and_2_extended	0	157.841	1155.09
SIM	1669050881	DESKTOP-T7RV54H	Tessa-Vis-PC	scenario_1_and_2_extended	0	173.133	1155.09
SIM	1669051117	DESKTOP-T7RV54H	Tessa-Vis-PC	scenario_1_and_2_extended	0	173.083	1155.08
SIM	1669052610	DESKTOP-T7RV54H	Tessa-Vis-PC	scenario_1_and_2_extended	0	157.921	1155.09
SIM	1669052875	DESKTOP-T7RV54H	Tessa-Vis-PC	scenario_1_and_2_extended	0	157.921	1155.09
SIM	1669053131	DESKTOP-T7RV54H	Tessa-Vis-PC	scenario_1_and_2_extended	1	0	1155.09


SYSTEM_START	-	DESKTOP-T7RV54H	DESKTOP-T7RV54H	2022-11-21 19:07:54


SYSTEM_INFO	Car_Generic &lt;insert.your.version.no&gt; #6	Tessa-Vis-PC@desktop-t7rv54h 2022-06-22 17:18:30	(10.2 fh@obelix.ipg 2021-10-26 11:17:53)
SIM	1669054074	DESKTOP-T7RV54H			0	0	0
SIM	1669054079	DESKTOP-T7RV54H	Tessa-Vis-PC	scenario_1_and_2_extended	0	162.199	1155.08
SIM	1669057485	DESKTOP-T7RV54H	Tessa-Vis-PC	scenario_1_and_2_extended	0	22.262	151.475
SIM	1669057520	DESKTOP-T7RV54H	Tessa-Vis-PC	scenario_1_and_2_extended	0	157.849	1155.09
SIM	1669059630	DESKTOP-T7RV54H	Tessa-Vis-PC	scenario_1_and_2_extended	0	124.577	775.159
SIM	1669059815	DESKTOP-T7RV54H	Tessa-Vis-PC	scenario_1_and_2_extended	0	160.906	1155.07


SYSTEM_START	-	DESKTOP-T7RV54H	DESKTOP-T7RV54H	2022-11-22 10:35:20


SYSTEM_INFO	Car_Generic &lt;insert.your.version.no&gt; #6	Tessa-Vis-PC@desktop-t7rv54h 2022-06-22 17:18:30	(10.2 fh@obelix.ipg 2021-10-26 11:17:53)
SIM	1669109720	DESKTOP-T7RV54H			0	0	0
SIM	1669109723	DESKTOP-T7RV54H	Tessa-Vis-PC	scenario_1_and_2_extended	0	182.341	1255.09
SIM	1669110857	DESKTOP-T7RV54H	Tessa-Vis-PC	scenario_1_and_2_extended	0	161.236	1105.08
SIM	1669112627	DESKTOP-T7RV54H	Tessa-Vis-PC	scenario_1_and_2_extended	0	73.631	490.801
SIM	1669112719	DESKTOP-T7RV54H	Tessa-Vis-PC	scenario_1_and_2_extended	0	47.542	329.393
SIM	1669122078	DESKTOP-T7RV54H	Tessa-Vis-PC	scenario_1_and_2_extended	0	141.393	1005.07


SYSTEM_START	-	DESKTOP-T7RV54H	DESKTOP-T7RV54H	2022-11-22 14:22:58


SYSTEM_INFO	Car_Generic &lt;insert.your.version.no&gt; #6	Tessa-Vis-PC@desktop-t7rv54h 2022-06-22 17:18:30	(10.2 fh@obelix.ipg 2021-10-26 11:17:53)
SIM	1669123379	DESKTOP-T7RV54H			0	0	0
SIM	1669123383	DESKTOP-T7RV54H	Tessa-Vis-PC	scenario_1_and_2_extended	0	174.871	1255.09
SIM	1669127818	DESKTOP-T7RV54H	Tessa-Vis-PC	scenario_3_and_4	0	109.245	1091.41


SYSTEM_START	-	DESKTOP-T7RV54H	DESKTOP-T7RV54H	2022-11-22 16:06:43


SYSTEM_INFO	Car_Generic &lt;insert.your.version.no&gt; #6	Tessa-Vis-PC@desktop-t7rv54h 2022-06-22 17:18:30	(10.2 fh@obelix.ipg 2021-10-26 11:17:53)
SIM	1669129603	DESKTOP-T7RV54H			0	0	0
SIM	1669129610	DESKTOP-T7RV54H	Tessa-Vis-PC	scenario_3_and_4	0	107.033	1091.4
SIM	1669130044	DESKTOP-T7RV54H	Tessa-Vis-PC	scenario_3_and_4	0	17.557	140.296
SIM	1669130212	DESKTOP-T7RV54H	Tessa-Vis-PC	scenario_3_and_4	0	99.83	1091.38
SIM	1669130743	DESKTOP-T7RV54H	Tessa-Vis-PC	scenario_3_and_4	0	23.53	161.491
SIM	1669130838	DESKTOP-T7RV54H	Tessa-Vis-PC	scenario_3_and_4	0	11.72	96.6109
SIM	1669130863	DESKTOP-T7RV54H	Tessa-Vis-PC	scenario_3_and_4	0	8.685	54.6977
SIM	1669130934	DESKTOP-T7RV54H	Tessa-Vis-PC	scenario_3_and_4	0	99.83	1091.38
SIM	1669131113	DESKTOP-T7RV54H	Tessa-Vis-PC	scenario_3_and_4	0	40.287	320.709
SIM	1669131192	DESKTOP-T7RV54H	Tessa-Vis-PC	scenario_3_and_4	0	20.327	157.228
SIM	1669131229	DESKTOP-T7RV54H	Tessa-Vis-PC	scenario_3_and_4	0	66.784	688.604
SIM	1669131319	DESKTOP-T7RV54H	Tessa-Vis-PC	scenario_3_and_4	0	30.241	184.272
SIM	1669131909	DESKTOP-T7RV54H	Tessa-Vis-PC	scenario_3_and_4	0	63.269	643.901
SIM	1669132071	DESKTOP-T7RV54H	Tessa-Vis-PC	scenario_3_and_4	0	5.501	15.7441
SIM	1669132298	DESKTOP-T7RV54H	Tessa-Vis-PC	scenario_3_and_4	0	102.678	1091.39
SIM	1669132460	DESKTOP-T7RV54H	Tessa-Vis-PC	scenario_3_and_4	0	15.512	127.765
SIM	1669132524	DESKTOP-T7RV54H	Tessa-Vis-PC	scenario_3_and_4	0	18.313	144.918
SIM	1669132568	DESKTOP-T7RV54H	Tessa-Vis-PC	scenario_3_and_4	0	106.709	1091.4
SIM	1669132708	DESKTOP-T7RV54H	Tessa-Vis-PC	scenario_3_and_4	0	99.83	1091.38
SIM	1669132824	DESKTOP-T7RV54H	Tessa-Vis-PC	scenario_3_and_4	0	45.736	396.343
SIM	1669132900	DESKTOP-T7RV54H	Tessa-Vis-PC	scenario_3_and_4	0	42.015	348.898
SIM	1669132959	DESKTOP-T7RV54H	Tessa-Vis-PC	scenario_3_and_4	0	81.799	878.279


SYSTEM_START	-	DESKTOP-T7RV54H	DESKTOP-T7RV54H	2022-12-05 14:54:49


SYSTEM_INFO	Car_Generic &lt;insert.your.version.no&gt; #6	Tessa-Vis-PC@desktop-t7rv54h 2022-06-22 17:18:30	(10.2 fh@obelix.ipg 2021-10-26 11:17:53)
SIM	1670248490	DESKTOP-T7RV54H			0	0	0
SIM	1670248493	DESKTOP-T7RV54H	Tessa-Vis-PC	scenario_1_and_2_extended	0	1.25	3.71421


SYSTEM_START	-	DESKTOP-T7RV54H	DESKTOP-T7RV54H	2022-12-06 16:48:46


SYSTEM_INFO	Car_Generic &lt;insert.your.version.no&gt; #6	Tessa-Vis-PC@desktop-t7rv54h 2022-06-22 17:18:30	(10.2 fh@obelix.ipg 2021-10-26 11:17:53)
SIM	1670341726	DESKTOP-T7RV54H			0	0	0
SIM	1670341730	DESKTOP-T7RV54H	Tessa-Vis-PC	scenario_1_and_2_extended	0	176.159	1203.48
SIM	1670341977	DESKTOP-T7RV54H	Tessa-Vis-PC	scenario_1_and_2_extended	0	139.014	995.146
SIM	1670342578	DESKTOP-T7RV54H	Tessa-Vis-PC	scenario_1_and_2_extended	0	182.261	1255.09
SIM	1670342840	DESKTOP-T7RV54H	Tessa-Vis-PC	scenario_1_and_2_extended	0	101.533	671.945
SIM	1670343065	DESKTOP-T7RV54H	Tessa-Vis-PC	scenario_1_and_2_extended	0	54.662	368.523
SIM	1670343199	DESKTOP-T7RV54H	Tessa-Vis-PC	scenario_1_and_2_extended	0	171.006	1255.09


SYSTEM_START	-	DESKTOP-T7RV54H	DESKTOP-T7RV54H	2022-12-07 16:14:34


SYSTEM_INFO	Car_Generic &lt;insert.your.version.no&gt; #6	Tessa-Vis-PC@desktop-t7rv54h 2022-06-22 17:18:30	(10.2 fh@obelix.ipg 2021-10-26 11:17:53)
SIM	1670426074	DESKTOP-T7RV54H			0	0	0
SIM	1670426077	DESKTOP-T7RV54H	Tessa-Vis-PC	scenario_1_and_2_extended	0	67.589	476.252
SIM	1670426296	DESKTOP-T7RV54H	Tessa-Vis-PC	scenario_1_and_2_extended	0	166.666	1255.1
SIM	1670426475	DESKTOP-T7RV54H	Tessa-Vis-PC	scenario_1_and_2_extended	0	8.985	62.2641
SIM	1670426708	DESKTOP-T7RV54H	Tessa-Vis-PC	scenario_1_and_2_extended	0	166.666	1255.1
SIM	1670427043	DESKTOP-T7RV54H	Tessa-Vis-PC	scenario_1_and_2_extended	0	181.995	1255.1
SIM	1670427248	DESKTOP-T7RV54H	Tessa-Vis-PC	scenario_1_and_2_extended	0	171.018	1255.09
SIM	1670427491	DESKTOP-T7RV54H	Tessa-Vis-PC	scenario_1_and_2_extended	0	182.284	1255.09


SYSTEM_START	-	DESKTOP-T7RV54H	DESKTOP-T7RV54H	2022-12-08 09:37:09


SYSTEM_INFO	Car_Generic &lt;insert.your.version.no&gt; #6	Tessa-Vis-PC@desktop-t7rv54h 2022-06-22 17:18:30	(10.2 fh@obelix.ipg 2021-10-26 11:17:53)
SIM	1670488630	DESKTOP-T7RV54H			0	0	0
SIM	1670488632	DESKTOP-T7RV54H	Tessa-Vis-PC	scenario_1_and_2_extended	0	125.364	807.134
SIM	1670496476	DESKTOP-T7RV54H	Tessa-Vis-PC	scenario_1_and_2_extended	0	177.903	1255.1
SIM	1670496700	DESKTOP-T7RV54H	Tessa-Vis-PC	scenario_1_and_2_extended	0	191.149	1255.09
SIM	1670497238	DESKTOP-T7RV54H	Tessa-Vis-PC	scenario_1_and_2_extended	0	171.092	1255.09
SIM	1670497550	DESKTOP-T7RV54H	Tessa-Vis-PC	scenario_1_and_2_extended	0	174.057	1255.1
SIM	1670497758	DESKTOP-T7RV54H	Tessa-Vis-PC	scenario_1_and_2_extended	0	166.666	1255.1
SIM	1670497944	DESKTOP-T7RV54H	Tessa-Vis-PC	scenario_1_and_2_extended	0	174.768	1255.09
SIM	1670498150	DESKTOP-T7RV54H	Tessa-Vis-PC	scenario_1_and_2_extended	0	166.666	1255.1
SIM	1670498321	DESKTOP-T7RV54H	Tessa-Vis-PC	scenario_1_and_2_extended	0	166.666	1255.1
SIM	1670498508	DESKTOP-T7RV54H	Tessa-Vis-PC	scenario_1_and_2_extended	0	166.666	1255.1
SIM	1670498699	DESKTOP-T7RV54H	Tessa-Vis-PC	scenario_1_and_2_extended	0	166.666	1255.1
SIM	1670509005	DESKTOP-T7RV54H	Tessa-Vis-PC	scenario_1_and_2_extended	0	148.388	1080.77
SIM	1670509322	DESKTOP-T7RV54H	Tessa-Vis-PC	scenario_1_and_2_extended	0	186.666	1255.08
SIM	1670509670	DESKTOP-T7RV54H	Tessa-Vis-PC	scenario_1_and_2_extended	0	179.176	1255.09


SYSTEM_START	-	DESKTOP-T7RV54H	DESKTOP-T7RV54H	2022-12-09 13:12:45


SYSTEM_INFO	Car_Generic &lt;insert.your.version.no&gt; #6	Tessa-Vis-PC@desktop-t7rv54h 2022-06-22 17:18:30	(10.2 fh@obelix.ipg 2021-10-26 11:17:53)
SIM	1670587965	DESKTOP-T7RV54H			0	0	0
SIM	1670587969	DESKTOP-T7RV54H	Tessa-Vis-PC	scenario_1_and_2_extended	0	182.225	1255.08
SIM	1670592024	DESKTOP-T7RV54H	Tessa-Vis-PC	scenario_1_and_2_extended	0	154.078	1130.07
SIM	1670592101	DESKTOP-T7RV54H	Tessa-Vis-PC	scenario_1_and_2_extended	0	122.698	770.037
SIM	1670592133	DESKTOP-T7RV54H	Tessa-Vis-PC	scenario_1_and_2_extended	0	152.633	796.066
SIM	1670592907	DESKTOP-T7RV54H	Tessa-Vis-PC	scenario_3_and_4	0	116.565	1065.43
SIM	1670593029	DESKTOP-T7RV54H	Tessa-Vis-PC	scenario_3_and_4	0	51.157	419.318
SIM	1670593086	DESKTOP-T7RV54H	Tessa-Vis-PC	scenario_3_and_4	0	52.315	454.767
SIM	1670593147	DESKTOP-T7RV54H	Tessa-Vis-PC	scenario_3_and_4	0	124.073	1259.08
SIM	1670593285	DESKTOP-T7RV54H	Tessa-Vis-PC	scenario_3_and_4	0	98.386	896.459
SIM	1670593390	DESKTOP-T7RV54H	Tessa-Vis-PC	scenario_3_and_4	0	135.598	1365.68
SIM	1670593571	DESKTOP-T7RV54H	Tessa-Vis-PC	scenario_3_and_4	0	120.668	1209.52
SIM	1670593695	DESKTOP-T7RV54H	Tessa-Vis-PC	scenario_3_and_4	0	87.767	848.87
SIM	1670593796	DESKTOP-T7RV54H	Tessa-Vis-PC	scenario_3_and_4	0	140.087	1365.66
SIM	1670593897	DESKTOP-T7RV54H	Tessa-Vis-PC	scenario_3_and_4	0	101.745	929.339
SIM	1670594277	DESKTOP-T7RV54H	Tessa-Vis-PC	scenario_3_and_4	0	85.171	904.322
SIM	1670594402	DESKTOP-T7RV54H	Tessa-Vis-PC	scenario_3_and_4	0	53.758	480.07
SIM	1670594480	DESKTOP-T7RV54H	Tessa-Vis-PC	scenario_3_and_4	0	82.985	851.662
