

SYSTEM_START	-	DESKTOP-NV1O1CA	DESKTOP-NV1O1CA	2022-06-13 13:52:39


SYSTEM_INFO	Car_Generic &lt;insert.your.version.no&gt; #24	Students@pc-mib-mobile 2021-07-06 17:16:41	(10.0 fh@obelix.ipg 2021-04-01 16:39:43)
SIM	1655121160	DESKTOP-NV1O1CA			0	0	0
SIM	1655121161	DESKTOP-NV1O1CA	student-i	scenario_1	0	57.342	661.022
SIM	1655121173	DESKTOP-NV1O1CA	student-i	scenario_1	0	33.258	319.004


SYSTEM_START	-	DESKTOP-NV1O1CA	DESKTOP-NV1O1CA	2022-06-13 14:00:29


SYSTEM_INFO	Car_Generic &lt;insert.your.version.no&gt; #24	Students@pc-mib-mobile 2021-07-06 17:16:41	(10.0 fh@obelix.ipg 2021-04-01 16:39:43)
SIM	1655121629	DESKTOP-NV1O1CA			0	0	0
SIM	1655121630	DESKTOP-NV1O1CA	student-i	scenario_1	0	57.342	661.022
SIM	1655121646	DESKTOP-NV1O1CA	student-i	scenario_1	0	57.342	661.022
SIM	1655121652	DESKTOP-NV1O1CA	student-i	scenario_1	0	57.342	661.022
SIM	1655121673	DESKTOP-NV1O1CA	student-i	scenario_1	0	57.342	661.022
SIM	1655121684	DESKTOP-NV1O1CA	student-i	scenario_1	0	57.342	661.022
SIM	1655121803	DESKTOP-NV1O1CA	student-i	scenario_1	0	57.342	661.022
SIM	1655121906	DESKTOP-NV1O1CA	student-i	scenario_1	0	57.342	661.022
SIM	1655121922	DESKTOP-NV1O1CA	student-i	scenario_1	0	57.342	661.022
SIM	1655122110	DESKTOP-NV1O1CA	student-i	scenario_1	0	0	0
SIM	1655122116	DESKTOP-NV1O1CA	student-i	scenario_1	0	57.342	661.022
SIM	1655122128	DESKTOP-NV1O1CA	student-i	scenario_1	1	48.717	513.515
SIM	1655122328	DESKTOP-NV1O1CA	student-i	scenario_1	1	30.031	283.571


SYSTEM_START	-	DESKTOP-NV1O1CA	DESKTOP-NV1O1CA	2022-06-14 09:18:44


SYSTEM_INFO	Car_Generic &lt;insert.your.version.no&gt; #24	Students@pc-mib-mobile 2021-07-06 17:16:41	(10.0 fh@obelix.ipg 2021-04-01 16:39:43)
SIM	1655191124	DESKTOP-NV1O1CA			0	0	0
SIM	1655191126	DESKTOP-NV1O1CA	student-i	scenario_2	0	82.873	902.758
SIM	1655191339	DESKTOP-NV1O1CA	student-i	Scenario_4	1	0	902.758
SIM	1655191366	DESKTOP-NV1O1CA	student-i	scenario_1	0	36.644	341.475
SIM	1655191406	DESKTOP-NV1O1CA	student-i	scenario_1	0	16.437	132.956
SIM	1655191447	DESKTOP-NV1O1CA	student-i	scenario_1	0	8.124	44.8742
SIM	1655191464	DESKTOP-NV1O1CA	student-i	scenario_1	0	6.315	27.5551
SIM	1655191472	DESKTOP-NV1O1CA	student-i	scenario_1	0	53.108	591.309
SIM	1655191529	DESKTOP-NV1O1CA	student-i	scenario_1	0	40.459	374.877
SIM	1655191573	DESKTOP-NV1O1CA	student-i	scenario_1	0	14.413	110.72
SIM	1655191594	DESKTOP-NV1O1CA	student-i	scenario_2	0	82.873	902.758


SYSTEM_START	-	DESKTOP-NV1O1CA	DESKTOP-NV1O1CA	2022-06-14 09:29:38


SYSTEM_INFO	Car_Generic &lt;insert.your.version.no&gt; #24	Students@pc-mib-mobile 2021-07-06 17:16:41	(10.0 fh@obelix.ipg 2021-04-01 16:39:43)
SIM	1655191779	DESKTOP-NV1O1CA			0	0	0
SIM	1655192094	DESKTOP-NV1O1CA	student-i	scenario_1	0	57.342	661.022
SIM	1655192294	DESKTOP-NV1O1CA	student-i	scenario_1	0	54.438	413.375
SIM	1655192351	DESKTOP-NV1O1CA	student-i	scenario_1	0	6.693	31.1558
SIM	1655192391	DESKTOP-NV1O1CA	student-i	scenario_1	0	20.454	177.735
SIM	1655192427	DESKTOP-NV1O1CA	student-i	scenario_2	0	12.167	75.0371
SIM	1655192475	DESKTOP-NV1O1CA	student-i	scenario_2	0	12.757	80.7662
SIM	1655192495	DESKTOP-NV1O1CA	student-i	scenario_1	0	27.595	256.346
SIM	1655192525	DESKTOP-NV1O1CA	student-i	scenario_1	1	23.957	169.58
SIM	1655192576	DESKTOP-NV1O1CA	student-i	scenario_1	1	23.957	169.58
SIM	1655192620	DESKTOP-NV1O1CA	student-i	scenario_1	0	57.342	661.022
SIM	1655192699	DESKTOP-NV1O1CA	student-i	scenario_1	0	15.867	126.664
SIM	1655192717	DESKTOP-NV1O1CA	student-i	scenario_1	0	57.342	661.022
SIM	1655192795	DESKTOP-NV1O1CA	student-i	scenario_1	0	50	256.911
SIM	1655192862	DESKTOP-NV1O1CA	student-i	scenario_1	0	38.099	190.789
SIM	1655192902	DESKTOP-NV1O1CA	student-i	scenario_1	1	4.493	11.1562
SIM	1655193166	DESKTOP-NV1O1CA	student-i	scenario_1	0	50	536.106
SIM	1655193243	DESKTOP-NV1O1CA	student-i	scenario_1	0	18.067	6.45935e-006
SIM	1655193263	DESKTOP-NV1O1CA	student-i	scenario_1	0	14.647	113.313
SIM	1655193287	DESKTOP-NV1O1CA	student-i	scenario_1	1	17.901	149.231
SIM	1655193331	DESKTOP-NV1O1CA	student-i	scenario_1	0	50	536.106
SIM	1655193494	DESKTOP-NV1O1CA	student-i	scenario_1	0	50	536.106
SIM	1655193902	DESKTOP-NV1O1CA	student-i	scenario_1	0	50	536.106
SIM	1655193911	DESKTOP-NV1O1CA	student-i	scenario_1	0	50	536.106
SIM	1655193920	DESKTOP-NV1O1CA	student-i	scenario_1	0	29.798	280.966
SIM	1655193952	DESKTOP-NV1O1CA	student-i	scenario_1	0	50	536.106
SIM	1655194018	DESKTOP-NV1O1CA	student-i	scenario_1	0	50	536.106
SIM	1655194078	DESKTOP-NV1O1CA	student-i	scenario_1	0	50	536.106
SIM	1655194139	DESKTOP-NV1O1CA	student-i	scenario_1	0	50	376.338
SIM	1655194203	DESKTOP-NV1O1CA	student-i	scenario_1	0	84.189	661.303
SIM	1655194390	DESKTOP-NV1O1CA	student-i	scenario_1	0	84.189	661.303
SIM	1655194524	DESKTOP-NV1O1CA	student-i	scenario_1	0	84.189	661.303
SIM	1655194667	DESKTOP-NV1O1CA	student-i	scenario_1	0	100	534.71
SIM	1655194781	DESKTOP-NV1O1CA	student-i	scenario_1	0	100	534.71
SIM	1655197536	DESKTOP-NV1O1CA	student-i	scenario_1	0	100	480.399
SIM	1655197710	DESKTOP-NV1O1CA	student-i	scenario_1	0	0	0
SIM	1655197715	DESKTOP-NV1O1CA	student-i	scenario_1	0	100	399.638
SIM	1655197839	DESKTOP-NV1O1CA	student-i	scenario_1	1	130.085	524.993
SIM	1655198142	DESKTOP-NV1O1CA	student-i	scenario_1	1	130.085	524.993
SIM	1655198564	DESKTOP-NV1O1CA	student-i	scenario_1	1	60.177	233.683
SIM	1655198780	DESKTOP-NV1O1CA	student-i	scenario_1	0	135.747	548.585
SIM	1655198926	DESKTOP-NV1O1CA	student-i	scenario_1	0	0	0
SIM	1655198928	DESKTOP-NV1O1CA	student-i	scenario_1	0	116.829	469.76
SIM	1655199067	DESKTOP-NV1O1CA	student-i	scenario_1	0	0	0
SIM	1655199104	DESKTOP-NV1O1CA	student-i	scenario_1	0	116.8	469.639
SIM	1655199227	DESKTOP-NV1O1CA	student-i	scenario_1	0	116.8	469.639
SIM	1655199754	DESKTOP-NV1O1CA	student-i	scenario_2	0	24.216	164.235
SIM	1655199846	DESKTOP-NV1O1CA	student-i	Scenario_4	1	0	164.235
SIM	1655199854	DESKTOP-NV1O1CA	student-i	Scenario_4	1	0	164.235
SIM	1655203404	DESKTOP-NV1O1CA	student-i	scenario_3	1	0	164.235


SYSTEM_START	-	DESKTOP-NV1O1CA	DESKTOP-NV1O1CA	2022-06-14 12:48:22


SYSTEM_INFO	Car_Generic &lt;insert.your.version.no&gt; #24	Students@pc-mib-mobile 2021-07-06 17:16:41	(10.0 fh@obelix.ipg 2021-04-01 16:39:43)
SIM	1655203703	DESKTOP-NV1O1CA			0	0	0
SIM	1655203705	DESKTOP-NV1O1CA	student-i	scenario_3	1	0	0
SIM	1655203963	DESKTOP-NV1O1CA	student-i	scenario_3	1	0	0
SIM	1655204096	DESKTOP-NV1O1CA	student-i	scenario_3	1	0	0
SIM	1655204415	DESKTOP-NV1O1CA	student-i	Scenario_4	1	0	0
SIM	1655204567	DESKTOP-NV1O1CA	student-i	Scenario_4	1	0	0
SIM	1655205021	DESKTOP-NV1O1CA	student-i	Scenario_3_4	1	0	0


SYSTEM_START	-	DESKTOP-NV1O1CA	DESKTOP-NV1O1CA	2022-06-14 15:03:49


SYSTEM_INFO	Car_Generic &lt;insert.your.version.no&gt; #24	Students@pc-mib-mobile 2021-07-06 17:16:41	(10.0 fh@obelix.ipg 2021-04-01 16:39:43)
SIM	1655211830	DESKTOP-NV1O1CA			0	0	0
SIM	1655211831	DESKTOP-NV1O1CA	student-i	scenario_3	1	0	0
SIM	1655212115	DESKTOP-NV1O1CA	student-i	scenario_3	1	0	0
SIM	1655212778	DESKTOP-NV1O1CA	student-i	scenario_3	1	0	0
SIM	1655212858	DESKTOP-NV1O1CA	student-i	scenario_3	1	0	0
SIM	1655213052	DESKTOP-NV1O1CA	student-i	scenario_3	1	0	0
SIM	1655213078	DESKTOP-NV1O1CA	student-i	scenario_3	1	0	0
SIM	1655213250	DESKTOP-NV1O1CA	student-i	scenario_1	0	0	0
SIM	1655213265	DESKTOP-NV1O1CA	student-i	scenario_1	0	116.8	469.639
SIM	1655213635	DESKTOP-NV1O1CA	student-i	scenario_3	1	0	469.639
SIM	1655213763	DESKTOP-NV1O1CA	student-i	scenario_3	1	0	469.639
SIM	1655213775	DESKTOP-NV1O1CA	student-i	scenario_3	1	0	469.639
SIM	1655213784	DESKTOP-NV1O1CA	student-i	scenario_3	1	0	469.639
SIM	1655213822	DESKTOP-NV1O1CA	student-i	scenario_3	1	0	469.639


SYSTEM_START	-	DESKTOP-NV1O1CA	DESKTOP-NV1O1CA	2022-06-14 15:42:41


SYSTEM_INFO	Car_Generic &lt;insert.your.version.no&gt; #24	Students@pc-mib-mobile 2021-07-06 17:16:41	(10.0 fh@obelix.ipg 2021-04-01 16:39:43)
SIM	1655214161	DESKTOP-NV1O1CA			0	0	0
SIM	1655214164	DESKTOP-NV1O1CA	student-i	scenario_3	1	0	0
SIM	1655214678	DESKTOP-NV1O1CA	student-i	Scenario_3_4	1	0	0
SIM	1655214693	DESKTOP-NV1O1CA	student-i	Test	0	0	0
SIM	1655214720	DESKTOP-NV1O1CA	student-i	Test	0	35.192	246.465
SIM	1655214791	DESKTOP-NV1O1CA	student-i	Test	0	25.382	130.325
SIM	1655214940	DESKTOP-NV1O1CA	student-i	Scenario_4	1	0	130.325


SYSTEM_START	-	DESKTOP-NV1O1CA	DESKTOP-NV1O1CA	2022-06-14 16:06:49


SYSTEM_INFO	Car_Generic &lt;insert.your.version.no&gt; #24	Students@pc-mib-mobile 2021-07-06 17:16:41	(10.0 fh@obelix.ipg 2021-04-01 16:39:43)
SIM	1655215609	DESKTOP-NV1O1CA			0	0	0
SIM	1655215610	DESKTOP-NV1O1CA	student-i	scenario_1	0	26.284	92.4615
SIM	1655215643	DESKTOP-NV1O1CA	student-i	scenario_1	0	116.8	469.639


SYSTEM_START	-	DESKTOP-NV1O1CA	DESKTOP-NV1O1CA	2022-06-14 16:14:37


SYSTEM_INFO	Car_Generic &lt;insert.your.version.no&gt; #24	Students@pc-mib-mobile 2021-07-06 17:16:41	(10.0 fh@obelix.ipg 2021-04-01 16:39:43)
SIM	1655216077	DESKTOP-NV1O1CA			0	0	0
SIM	1655216079	DESKTOP-NV1O1CA	student-i	scenario_1	0	116.8	469.639


SYSTEM_START	-	DESKTOP-NV1O1CA	DESKTOP-NV1O1CA	2022-06-15 12:28:47


SYSTEM_INFO	Car_Generic &lt;insert.your.version.no&gt; #24	Students@pc-mib-mobile 2021-07-06 17:16:41	(10.0 fh@obelix.ipg 2021-04-01 16:39:43)
SIM	1655288928	DESKTOP-NV1O1CA			0	0	0
SIM	1655288929	DESKTOP-NV1O1CA	student-i	scenario_1	0	94.446	376.497
SIM	1655289051	DESKTOP-NV1O1CA	student-i	scenario_3	1	0	376.497
SIM	1655289091	DESKTOP-NV1O1CA	student-i	scenario_3	1	0	376.497
SIM	1655289120	DESKTOP-NV1O1CA	student-i	scenario_3	1	0	376.497
SIM	1655289141	DESKTOP-NV1O1CA	student-i	scenario_3	1	0	376.497


SYSTEM_START	-	DESKTOP-NV1O1CA	DESKTOP-NV1O1CA	2022-06-15 14:00:15


SYSTEM_INFO	Car_Generic &lt;insert.your.version.no&gt; #24	Students@pc-mib-mobile 2021-07-06 17:16:41	(10.0 fh@obelix.ipg 2021-04-01 16:39:43)


SYSTEM_START	-	DESKTOP-NV1O1CA	DESKTOP-NV1O1CA	2022-06-15 14:00:41


SYSTEM_INFO	Car_Generic &lt;insert.your.version.no&gt; #24	Students@pc-mib-mobile 2021-07-06 17:16:41	(10.0 fh@obelix.ipg 2021-04-01 16:39:43)


SYSTEM_START	-	DESKTOP-NV1O1CA	DESKTOP-NV1O1CA	2022-06-15 14:01:02


SYSTEM_INFO	Car_Generic &lt;insert.your.version.no&gt; #24	Students@pc-mib-mobile 2021-07-06 17:16:41	(10.0 fh@obelix.ipg 2021-04-01 16:39:43)


SYSTEM_START	-	DESKTOP-NV1O1CA	DESKTOP-NV1O1CA	2022-06-15 14:01:34


SYSTEM_INFO	Car_Generic &lt;insert.your.version.no&gt; #24	Students@pc-mib-mobile 2021-07-06 17:16:41	(10.0 fh@obelix.ipg 2021-04-01 16:39:43)
SIM	1655294495	DESKTOP-NV1O1CA			0	0	0
SIM	1655294496	DESKTOP-NV1O1CA	student-i	scenario_1	0	1.631	8.41861e-005
SIM	1655294511	DESKTOP-NV1O1CA	student-i	scenario_1	0	41.474	388.132
SIM	1655294568	DESKTOP-NV1O1CA	student-i	scenario_1	0	59.808	437.103
SIM	1655294648	DESKTOP-NV1O1CA	student-i	scenario_1	0	60	437.903
SIM	1655294765	DESKTOP-NV1O1CA	student-i	scenario_1	0	76.029	504.691
SIM	1655294863	DESKTOP-NV1O1CA	student-i	scenario_1	1	80.865	524.841
SIM	1655295086	DESKTOP-NV1O1CA	student-i	scenario_1	0	67.1	467.487
SIM	1655296349	DESKTOP-NV1O1CA	student-i	scenario_1	0	67.1	467.487
SIM	1655297159	DESKTOP-NV1O1CA	student-i	scenario_3	1	0	467.487
SIM	1655298289	DESKTOP-NV1O1CA	student-i	scenario_1	0	67.1	467.487
SIM	1655298570	DESKTOP-NV1O1CA	student-i	scenario_1	0	67.9	470.82
SIM	1655298806	DESKTOP-NV1O1CA	student-i	scenario_1	0	67.3	468.32
SIM	1655298950	DESKTOP-NV1O1CA	student-i	scenario_1	0	67.7	469.987
SIM	1655299180	DESKTOP-NV1O1CA	student-i	scenario_1	0	67.6	469.57
SIM	1655299332	DESKTOP-NV1O1CA	student-i	scenario_1	0	59.239	434.732
SIM	1655299470	DESKTOP-NV1O1CA	student-i	scenario_1	0	67.6	469.57


SYSTEM_START	-	DESKTOP-NV1O1CA	DESKTOP-NV1O1CA	2022-06-20 10:04:37


SYSTEM_INFO	Car_Generic &lt;insert.your.version.no&gt; #24	Students@pc-mib-mobile 2021-07-06 17:16:41	(10.0 fh@obelix.ipg 2021-04-01 16:39:43)
SIM	1655712278	DESKTOP-NV1O1CA			0	0	0
SIM	1655712283	DESKTOP-NV1O1CA	student-i	scenario_1	0	67.9	470.82
SIM	1655712377	DESKTOP-NV1O1CA	student-i	scenario_2	0	82.873	902.758
SIM	1655712599	DESKTOP-NV1O1CA	student-i	scenario_1	0	67.9	470.82
SIM	1655712709	DESKTOP-NV1O1CA	student-i	scenario_3	1	0	470.82
SIM	1655712787	DESKTOP-NV1O1CA	student-i	scenario_3	1	0	470.82
SIM	1655712873	DESKTOP-NV1O1CA	student-i	scenario_3	1	0	470.82
SIM	1655712941	DESKTOP-NV1O1CA	student-i	scenario_3	1	0	470.82
SIM	1655713059	DESKTOP-NV1O1CA	student-i	scenario_3_test	1	0	470.82
SIM	1655713104	DESKTOP-NV1O1CA	student-i	scenario_3_test	1	0	470.82
SIM	1655713172	DESKTOP-NV1O1CA	student-i	scenario_3_test	0	15.973	155.757
SIM	1655713210	DESKTOP-NV1O1CA	student-i	scenario_3_test	1	0	155.757
SIM	1655713264	DESKTOP-NV1O1CA	student-i	scenario_3_test	1	0	155.757
SIM	1655713275	DESKTOP-NV1O1CA	student-i	scenario_3_test	0	25.465	218.197
SIM	1655713371	DESKTOP-NV1O1CA	student-i	scenario_3_test	0	30	281.177
SIM	1655713421	DESKTOP-NV1O1CA	student-i	scenario_3_test	0	30	281.177
SIM	1655713539	DESKTOP-NV1O1CA	student-i	scenario_3_test	0	183.979	1951.2
SIM	1655713727	DESKTOP-NV1O1CA	student-i	scenario_3_test	0	41.251	505.148
SIM	1655714266	DESKTOP-NV1O1CA	student-i	scenario_3_test	2	0	505.148
SIM	1655714290	DESKTOP-NV1O1CA	student-i	scenario_3_test	0	23.203	256.174
SIM	1655714319	DESKTOP-NV1O1CA	student-i	scenario_3_test	0	38.756	470.495
SIM	1655714392	DESKTOP-NV1O1CA	student-i	scenario_3_test	0	41.251	505.147
SIM	1655714486	DESKTOP-NV1O1CA	student-i	scenario_3_test	0	19.206	200.66
SIM	1655715369	DESKTOP-NV1O1CA	student-i	scenario_1	0	63.279	451.566
SIM	1655715435	DESKTOP-NV1O1CA	student-i	scenario_1	0	67.9	470.82
SIM	1655715923	DESKTOP-NV1O1CA	student-i	scenario_1	0	61.808	445.436
SIM	1655716815	DESKTOP-NV1O1CA	student-i	scenario_1	0	67.9	470.82
SIM	1655717138	DESKTOP-NV1O1CA	student-i	scenario_1	0	67.9	470.82
SIM	1655717994	DESKTOP-NV1O1CA	student-i	scenario_1	0	67.9	470.82
SIM	1655718094	DESKTOP-NV1O1CA	student-i	scenario_1	0	67.9	470.82
SIM	1655718175	DESKTOP-NV1O1CA	student-i	scenario_1	0	67.9	470.82
SIM	1655718328	DESKTOP-NV1O1CA	student-i	scenario_1	0	67.9	470.82
SIM	1655718539	DESKTOP-NV1O1CA	student-i	scenario_1	0	67.9	470.82
SIM	1655718627	DESKTOP-NV1O1CA	student-i	scenario_1	0	65.883	462.416
SIM	1655718749	DESKTOP-NV1O1CA	student-i	scenario_1	0	67.9	470.82
SIM	1655718834	DESKTOP-NV1O1CA	student-i	scenario_1	0	67.9	470.82
SIM	1655719145	DESKTOP-NV1O1CA	student-i	scenario_1	0	67.9	470.82
SIM	1655719368	DESKTOP-NV1O1CA	student-i	scenario_1	0	67.9	470.82
SIM	1655719489	DESKTOP-NV1O1CA	student-i	scenario_1	0	60.473	439.874


SYSTEM_START	-	DESKTOP-NV1O1CA	DESKTOP-NV1O1CA	2022-06-20 12:57:02


SYSTEM_INFO	Car_Generic &lt;insert.your.version.no&gt; #24	Students@pc-mib-mobile 2021-07-06 17:16:41	(10.0 fh@obelix.ipg 2021-04-01 16:39:43)
SIM	1655722622	DESKTOP-NV1O1CA			0	0	0
SIM	1655722623	DESKTOP-NV1O1CA	student-i	scenario_1	0	65.993	462.874
SIM	1655722946	DESKTOP-NV1O1CA	student-i	scenario_1	0	59.03	433.861
SIM	1655723283	DESKTOP-NV1O1CA	student-i	scenario_1	0	67.9	470.82
SIM	1655723733	DESKTOP-NV1O1CA	student-i	scenario_1	0	67.9	470.82
SIM	1655724661	DESKTOP-NV1O1CA	student-i	scenario_1	0	67.9	470.82
SIM	1655724944	DESKTOP-NV1O1CA	student-i	scenario_1	0	67.9	470.82
SIM	1655725060	DESKTOP-NV1O1CA	student-i	scenario_1	0	67.9	470.82
SIM	1655725153	DESKTOP-NV1O1CA	student-i	scenario_1	0	67.9	470.82
SIM	1655725256	DESKTOP-NV1O1CA	student-i	scenario_1	0	67	483.614
SIM	1655725341	DESKTOP-NV1O1CA	student-i	scenario_1	0	67.2	476.233
SIM	1655725422	DESKTOP-NV1O1CA	student-i	scenario_1	0	14.496	111.644
SIM	1655725438	DESKTOP-NV1O1CA	student-i	scenario_1	0	67.2	467.903
SIM	1655725524	DESKTOP-NV1O1CA	student-i	scenario_1	0	67.5	469.153
SIM	1655725607	DESKTOP-NV1O1CA	student-i	scenario_1	0	67.5	469.153
SIM	1655725695	DESKTOP-NV1O1CA	student-i	scenario_1	0	67.4	468.737
SIM	1655725861	DESKTOP-NV1O1CA	student-i	scenario_3	1	0	468.737
SIM	1655725871	DESKTOP-NV1O1CA	student-i	scenario_3_test	0	2.229	0.167353
SIM	1655725923	DESKTOP-NV1O1CA	student-i	scenario_3_test	0	22.991	251.592
SIM	1655726309	DESKTOP-NV1O1CA	student-i	scenario_3_test	0	22.991	251.592
SIM	1655726567	DESKTOP-NV1O1CA	student-i	scenario_3_test	0	21.993	237.731
SIM	1655726678	DESKTOP-NV1O1CA	student-i	scenario_3_test	0	22	237.828
SIM	1655727907	DESKTOP-NV1O1CA	student-i	scenario_3_test	0	22	237.828
SIM	1655728129	DESKTOP-NV1O1CA	student-i	scenario_3_test	0	22	237.828
SIM	1655728367	DESKTOP-NV1O1CA	student-i	scenario_3_test	0	22	237.828
SIM	1655728479	DESKTOP-NV1O1CA	student-i	scenario_3_test	0	22	237.828
SIM	1655728527	DESKTOP-NV1O1CA	student-i	scenario_3_test	0	24.709	251.608
SIM	1655728567	DESKTOP-NV1O1CA	student-i	scenario_3_test	0	23.859	240.983
SIM	1655728612	DESKTOP-NV1O1CA	student-i	scenario_3_test	0	23.7	238.995
SIM	1655728649	DESKTOP-NV1O1CA	student-i	scenario_3_test	0	15.556	137.189
SIM	1655728684	DESKTOP-NV1O1CA	student-i	scenario_3_test	1	5.571	16.3016
SIM	1655728715	DESKTOP-NV1O1CA	student-i	scenario_3_test	0	23.7	238.995
SIM	1655728751	DESKTOP-NV1O1CA	student-i	scenario_3_test	0	23.9	241.495
SIM	1655728912	DESKTOP-NV1O1CA	student-i	scenario_3_test	0	23.9	241.495
SIM	1655728985	DESKTOP-NV1O1CA	student-i	scenario_3_test	0	23.9	241.495
SIM	1655729086	DESKTOP-NV1O1CA	student-i	scenario_3_test	0	23.9	241.495
SIM	1655729129	DESKTOP-NV1O1CA	student-i	scenario_3_test	0	23.8	240.245
SIM	1655729898	DESKTOP-NV1O1CA	student-i	scenario_3_test	0	23.8	240.245
SIM	1655729964	DESKTOP-NV1O1CA	student-i	scenario_3_test	0	23.8	240.245
SIM	1655730079	DESKTOP-NV1O1CA	student-i	scenario_3_test	0	15.18	132.451
SIM	1655730097	DESKTOP-NV1O1CA	student-i	scenario_3_test	0	15.18	132.451
SIM	1655730119	DESKTOP-NV1O1CA	student-i	scenario_3_test	0	14.611	125.34
SIM	1655730156	DESKTOP-NV1O1CA	student-i	scenario_3_test	0	14.5	123.953
SIM	1655730335	DESKTOP-NV1O1CA	student-i	Scenario_4	1	0	123.953
SIM	1655730436	DESKTOP-NV1O1CA	student-i	Scenario_4_test	1	0	123.953
SIM	1655730468	DESKTOP-NV1O1CA	student-i	scenario_3_test	0	14.299	132.455


SYSTEM_START	-	DESKTOP-NV1O1CA	DESKTOP-NV1O1CA	2022-06-20 15:08:59


SYSTEM_INFO	Car_Generic &lt;insert.your.version.no&gt; #24	Students@pc-mib-mobile 2021-07-06 17:16:41	(10.0 fh@obelix.ipg 2021-04-01 16:39:43)
SIM	1655730539	DESKTOP-NV1O1CA			0	0	0
SIM	1655730546	DESKTOP-NV1O1CA	student-i	scenario_3_test	0	10.615	75.5184
SIM	1655730592	DESKTOP-NV1O1CA	student-i	scenario_3_test	2	0	75.5184
SIM	1655730612	DESKTOP-NV1O1CA	student-i	scenario_3_test	2	0	0
SIM	1655730637	DESKTOP-NV1O1CA	student-i	scenario_3_test	2	0	0
SIM	1655730676	DESKTOP-NV1O1CA	student-i	scenario_3_test	2	0	0
SIM	1655730694	DESKTOP-NV1O1CA	student-i	Scenario_3_4	1	0	0
SIM	1655730708	DESKTOP-NV1O1CA	student-i	scenario_3_test	2	0	0
SIM	1655730757	DESKTOP-NV1O1CA	student-i	scenario_3_test	0	14.3	121.453
SIM	1655730868	DESKTOP-NV1O1CA	student-i	scenario_3_test	2	0	121.453
SIM	1655730881	DESKTOP-NV1O1CA	student-i	scenario_3_test	2	0	0
SIM	1655730899	DESKTOP-NV1O1CA	student-i	scenario_3_test	0	2.192	0.146086
SIM	1655731206	DESKTOP-NV1O1CA	student-i	scenario_3_test	2	0	0.146086
SIM	1655731229	DESKTOP-NV1O1CA	student-i	scenario_3_test	0	14.3	121.453
SIM	1655731254	DESKTOP-NV1O1CA	student-i	scenario_3_test	0	14.3	121.453
SIM	1655731291	DESKTOP-NV1O1CA	student-i	scenario_3_test	0	5.871	19.3134
SIM	1655731299	DESKTOP-NV1O1CA	student-i	scenario_3_test	0	2.426	0.311495
SIM	1655731340	DESKTOP-NV1O1CA	student-i	scenario_3_test	0	14.3	121.496
SIM	1655731421	DESKTOP-NV1O1CA	student-i	scenario_3_test	0	22.96	252.799
SIM	1655731446	DESKTOP-NV1O1CA	student-i	scenario_3_test	0	16.116	157.741
SIM	1655731691	DESKTOP-NV1O1CA	student-i	scenario_3_test	0	16.1	157.519
SIM	1655731742	DESKTOP-NV1O1CA	student-i	scenario_3_test	0	16.1	157.519
SIM	1655731796	DESKTOP-NV1O1CA	student-i	scenario_3_test	0	25	175.321
SIM	1655731836	DESKTOP-NV1O1CA	student-i	scenario_3_test	0	25	146.564
SIM	1655731868	DESKTOP-NV1O1CA	student-i	scenario_3_test	0	16	113.982
SIM	1655731896	DESKTOP-NV1O1CA	student-i	scenario_3_test	0	20	152.369
SIM	1655731932	DESKTOP-NV1O1CA	student-i	scenario_3_test	0	20	141.093
SIM	1655731962	DESKTOP-NV1O1CA	student-i	scenario_3_test	0	23.072	158.16
SIM	1655732008	DESKTOP-NV1O1CA	student-i	scenario_3_test	0	23.1	158.316
SIM	1655732044	DESKTOP-NV1O1CA	student-i	scenario_3_test	0	23.1	164.45
SIM	1655732077	DESKTOP-NV1O1CA	student-i	scenario_3_test	0	22.564	161.174
SIM	1655732105	DESKTOP-NV1O1CA	student-i	scenario_3_test	0	23.1	164.45
SIM	1655732137	DESKTOP-NV1O1CA	student-i	scenario_3_test	0	23.1	164.45
SIM	1655732169	DESKTOP-NV1O1CA	student-i	scenario_3_test	0	23.1	164.45
SIM	1655732208	DESKTOP-NV1O1CA	student-i	scenario_3_test	0	22.5	160.783
SIM	1655732244	DESKTOP-NV1O1CA	student-i	scenario_3_test	0	22.5	160.783


SYSTEM_START	-	DESKTOP-NV1O1CA	DESKTOP-NV1O1CA	2022-06-20 15:42:46


SYSTEM_INFO	Car_Generic &lt;insert.your.version.no&gt; #24	Students@pc-mib-mobile 2021-07-06 17:16:41	(10.0 fh@obelix.ipg 2021-04-01 16:39:43)
SIM	1655732566	DESKTOP-NV1O1CA			0	0	0
SIM	1655732568	DESKTOP-NV1O1CA	student-i	scenario_3_test	0	22.5	160.783
SIM	1655732682	DESKTOP-NV1O1CA	student-i	scenario_3_test	0	22.6	161.394
SIM	1655732726	DESKTOP-NV1O1CA	student-i	scenario_3_test	0	22.5	160.783
SIM	1655732777	DESKTOP-NV1O1CA	student-i	scenario_3_test	0	22.55	161.089
SIM	1655732826	DESKTOP-NV1O1CA	student-i	scenario_3_test	0	22.6	161.394
SIM	1655732985	DESKTOP-NV1O1CA	student-i	scenario_2	0	82.873	902.758
SIM	1655733171	DESKTOP-NV1O1CA	student-i	scenario_2	0	18.737	273.103
SIM	1655733197	DESKTOP-NV1O1CA	student-i	scenario_2	0	18.737	273.103
SIM	1655733271	DESKTOP-NV1O1CA	student-i	scenario_2	0	15.178	209.542
SIM	1655733288	DESKTOP-NV1O1CA	student-i	scenario_2	0	34.291	273.095
SIM	1655733343	DESKTOP-NV1O1CA	student-i	scenario_2	0	11	79.0069
SIM	1655733363	DESKTOP-NV1O1CA	student-i	scenario_2	0	11	68.429
SIM	1655733871	DESKTOP-NV1O1CA	student-i	scenario_2	0	11	68.429
SIM	1655734446	DESKTOP-NV1O1CA	student-i	scenario_2	0	11	68.429
SIM	1655735314	DESKTOP-NV1O1CA	student-i	scenario_2	0	11	68.429
SIM	1655735395	DESKTOP-NV1O1CA	student-i	scenario_2	0	11	68.429
SIM	1655735514	DESKTOP-NV1O1CA	student-i	scenario_1	0	67.9	470.82
SIM	1655735799	DESKTOP-NV1O1CA	student-i	scenario_1	0	67.9	470.82
SIM	1655735875	DESKTOP-NV1O1CA	student-i	scenario_1	0	67.9	470.82
SIM	1655736235	DESKTOP-NV1O1CA	student-i	scenario_1	0	67.9	470.82


SYSTEM_START	-	DESKTOP-NV1O1CA	DESKTOP-NV1O1CA	2022-06-21 09:29:01


SYSTEM_INFO	Car_Generic &lt;insert.your.version.no&gt; #24	Students@pc-mib-mobile 2021-07-06 17:16:41	(10.0 fh@obelix.ipg 2021-04-01 16:39:43)
SIM	1655796541	DESKTOP-NV1O1CA			0	0	0
SIM	1655796543	DESKTOP-NV1O1CA	student-i	scenario_1	0	67.9	470.82
SIM	1655796710	DESKTOP-NV1O1CA	student-i	scenario_1	0	60.728	440.936
SIM	1655796929	DESKTOP-NV1O1CA	student-i	scenario_1	0	67.9	470.82
SIM	1655797024	DESKTOP-NV1O1CA	student-i	scenario_1	0	67.9	470.82
SIM	1655797247	DESKTOP-NV1O1CA	student-i	scenario_1	0	67.9	470.82
SIM	1655797323	DESKTOP-NV1O1CA	student-i	scenario_1	0	67.9	470.82
SIM	1655797516	DESKTOP-NV1O1CA	student-i	scenario_1	0	67.9	470.82
SIM	1655797590	DESKTOP-NV1O1CA	student-i	scenario_1	0	67.9	470.82
SIM	1655797670	DESKTOP-NV1O1CA	student-i	scenario_1	0	67.9	470.82
SIM	1655797890	DESKTOP-NV1O1CA	student-i	scenario_2	0	11	68.429
SIM	1655797909	DESKTOP-NV1O1CA	student-i	scenario_2	0	11	68.429
SIM	1655798205	DESKTOP-NV1O1CA	student-i	scenario_2	0	11	68.429
SIM	1655798893	DESKTOP-NV1O1CA	student-i	scenario_2	0	11	68.429
SIM	1655798923	DESKTOP-NV1O1CA	student-i	scenario_2	0	11	68.429
SIM	1655798938	DESKTOP-NV1O1CA	student-i	scenario_2	0	11	68.429
SIM	1655798996	DESKTOP-NV1O1CA	student-i	scenario_2	0	11	68.429
SIM	1655799029	DESKTOP-NV1O1CA	student-i	scenario_2	0	11	68.429
SIM	1655799060	DESKTOP-NV1O1CA	student-i	scenario_2	0	11	68.429
SIM	1655799147	DESKTOP-NV1O1CA	student-i	scenario_2	0	11	68.429
SIM	1655799189	DESKTOP-NV1O1CA	student-i	scenario_2	0	11	68.429
SIM	1655799357	DESKTOP-NV1O1CA	student-i	scenario_2	0	11	68.429
SIM	1655799433	DESKTOP-NV1O1CA	student-i	scenario_2	0	11	68.429
SIM	1655799659	DESKTOP-NV1O1CA	student-i	scenario_2	0	11	68.429
SIM	1655799695	DESKTOP-NV1O1CA	student-i	scenario_2	0	11	68.429
SIM	1655799800	DESKTOP-NV1O1CA	student-i	scenario_2	0	11	68.429
SIM	1655799813	DESKTOP-NV1O1CA	student-i	scenario_2	0	0	0
SIM	1655799815	DESKTOP-NV1O1CA	student-i	scenario_2	0	11	68.429
SIM	1655799860	DESKTOP-NV1O1CA	student-i	scenario_2	0	11	68.429
SIM	1655799916	DESKTOP-NV1O1CA	student-i	scenario_2	0	11	68.429
SIM	1655799962	DESKTOP-NV1O1CA	student-i	scenario_2	0	11	68.429
SIM	1655800006	DESKTOP-NV1O1CA	student-i	scenario_2	0	11	68.429
SIM	1655800045	DESKTOP-NV1O1CA	student-i	scenario_2	0	11	68.429
SIM	1655800084	DESKTOP-NV1O1CA	student-i	scenario_2	0	11	68.429
SIM	1655800118	DESKTOP-NV1O1CA	student-i	scenario_2	0	11	68.429
SIM	1655800134	DESKTOP-NV1O1CA	student-i	scenario_2	0	11	68.429
SIM	1655800179	DESKTOP-NV1O1CA	student-i	scenario_2	0	11	68.429
SIM	1655800322	DESKTOP-NV1O1CA	student-i	scenario_2	0	11	68.429
SIM	1655800509	DESKTOP-NV1O1CA	student-i	scenario_2	0	11	68.429
SIM	1655800635	DESKTOP-NV1O1CA	student-i	scenario_2	0	11	68.429
SIM	1655800719	DESKTOP-NV1O1CA	student-i	scenario_2	0	11	68.429
SIM	1655800923	DESKTOP-NV1O1CA	student-i	scenario_2	0	5.392	29.4829
SIM	1655800930	DESKTOP-NV1O1CA	student-i	scenario_2	0	11	68.429
SIM	1655801109	DESKTOP-NV1O1CA	student-i	scenario_2	0	11	68.429
SIM	1655801220	DESKTOP-NV1O1CA	student-i	scenario_2	0	11	68.429
SIM	1655801339	DESKTOP-NV1O1CA	student-i	scenario_2	0	11	68.429
SIM	1655801381	DESKTOP-NV1O1CA	student-i	scenario_2	0	11	68.429
SIM	1655801469	DESKTOP-NV1O1CA	student-i	scenario_2	0	11	68.429
SIM	1655801613	DESKTOP-NV1O1CA	student-i	scenario_2	0	11	68.429
SIM	1655801742	DESKTOP-NV1O1CA	student-i	scenario_2	0	11	68.429
SIM	1655801825	DESKTOP-NV1O1CA	student-i	scenario_2	0	11	68.429
SIM	1655801884	DESKTOP-NV1O1CA	student-i	scenario_2	0	11	68.429
SIM	1655801933	DESKTOP-NV1O1CA	student-i	scenario_2	0	11	68.429
SIM	1655801989	DESKTOP-NV1O1CA	student-i	scenario_2	0	11	68.429
SIM	1655802062	DESKTOP-NV1O1CA	student-i	scenario_2	0	11	68.429
SIM	1655802177	DESKTOP-NV1O1CA	student-i	scenario_2	0	11	68.429
SIM	1655802192	DESKTOP-NV1O1CA	student-i	scenario_2	0	3.657	17.461
SIM	1655802202	DESKTOP-NV1O1CA	student-i	scenario_2	0	11	68.429
SIM	1655802269	DESKTOP-NV1O1CA	student-i	scenario_2	0	11	68.429
SIM	1655802438	DESKTOP-NV1O1CA	student-i	scenario_2	0	11	68.429
SIM	1655802507	DESKTOP-NV1O1CA	student-i	scenario_2	0	11	68.429
SIM	1655802588	DESKTOP-NV1O1CA	student-i	scenario_2	0	11	68.429
SIM	1655802814	DESKTOP-NV1O1CA	student-i	scenario_2	0	11	68.429
SIM	1655802867	DESKTOP-NV1O1CA	student-i	scenario_2	0	11	68.429
SIM	1655803143	DESKTOP-NV1O1CA	student-i	scenario_2	0	11	68.429
SIM	1655803344	DESKTOP-NV1O1CA	student-i	scenario_2	0	11	68.429
SIM	1655803373	DESKTOP-NV1O1CA	student-i	scenario_2	0	11	68.429
SIM	1655803491	DESKTOP-NV1O1CA	student-i	scenario_2	0	11	68.429
SIM	1655803545	DESKTOP-NV1O1CA	student-i	scenario_2	0	11	68.429
SIM	1655803607	DESKTOP-NV1O1CA	student-i	scenario_2	0	11	68.429
SIM	1655803683	DESKTOP-NV1O1CA	student-i	scenario_2	0	11	68.429
SIM	1655803811	DESKTOP-NV1O1CA	student-i	scenario_2	0	11	68.429
SIM	1655803865	DESKTOP-NV1O1CA	student-i	scenario_2	0	11	68.429
SIM	1655803895	DESKTOP-NV1O1CA	student-i	scenario_2	0	11	68.429
SIM	1655803951	DESKTOP-NV1O1CA	student-i	scenario_2	0	11	68.429
SIM	1655804006	DESKTOP-NV1O1CA	student-i	scenario_2	0	11	68.429
SIM	1655804346	DESKTOP-NV1O1CA	student-i	scenario_2	0	11	68.429
SIM	1655804426	DESKTOP-NV1O1CA	student-i	scenario_2	0	11	68.429
SIM	1655804471	DESKTOP-NV1O1CA	student-i	scenario_2	0	11	68.429
SIM	1655804505	DESKTOP-NV1O1CA	student-i	scenario_2	0	11	68.429
SIM	1655804530	DESKTOP-NV1O1CA	student-i	scenario_2	0	11	68.429
SIM	1655805029	DESKTOP-NV1O1CA	student-i	scenario_2	0	11	68.429
SIM	1655805088	DESKTOP-NV1O1CA	student-i	scenario_2	0	11	68.429
SIM	1655805123	DESKTOP-NV1O1CA	student-i	scenario_2	0	11.1	69.1234
SIM	1655805156	DESKTOP-NV1O1CA	student-i	scenario_2	0	11.4	71.2068
SIM	1655805185	DESKTOP-NV1O1CA	student-i	scenario_2	0	11.1	69.1234
SIM	1655805259	DESKTOP-NV1O1CA	student-i	scenario_2	0	11.1	69.1234
SIM	1655805300	DESKTOP-NV1O1CA	student-i	scenario_2	0	11.1	69.1234
SIM	1655805365	DESKTOP-NV1O1CA	student-i	scenario_2	0	11.1	69.1234
SIM	1655805389	DESKTOP-NV1O1CA	student-i	scenario_2	0	11.1	69.1234
SIM	1655805427	DESKTOP-NV1O1CA	student-i	scenario_2	0	11.1	69.1234
SIM	1655805533	DESKTOP-NV1O1CA	student-i	scenario_1	0	67.9	470.82
SIM	1655805628	DESKTOP-NV1O1CA	student-i	scenario_2	0	11.1	69.1234
SIM	1655805680	DESKTOP-NV1O1CA	student-i	scenario_2	0	11.1	69.1234
SIM	1655805772	DESKTOP-NV1O1CA	student-i	scenario_2	0	11.1	69.1234
SIM	1655805826	DESKTOP-NV1O1CA	student-i	scenario_2	0	11.1	69.1234
SIM	1655805860	DESKTOP-NV1O1CA	student-i	scenario_2	0	11.1	69.1234
SIM	1655805915	DESKTOP-NV1O1CA	student-i	scenario_2	0	11.1	69.1234
SIM	1655805952	DESKTOP-NV1O1CA	student-i	scenario_2	0	10.8	67.0401
SIM	1655806290	DESKTOP-NV1O1CA	student-i	scenario_3_test	0	22.6	161.394
SIM	1655806365	DESKTOP-NV1O1CA	student-i	scenario_3_test	0	22.6	161.394
SIM	1655806430	DESKTOP-NV1O1CA	student-i	scenario_3_test	0	22.6	161.394
SIM	1655806497	DESKTOP-NV1O1CA	student-i	scenario_3_test	0	22.6	161.394
SIM	1655806580	DESKTOP-NV1O1CA	student-i	scenario_3_test	0	22.6	161.394
SIM	1655806732	DESKTOP-NV1O1CA	student-i	scenario_3_test	0	10.882	84.5639
SIM	1655806783	DESKTOP-NV1O1CA	student-i	scenario_3_test	0	14.3	121.453
SIM	1655806973	DESKTOP-NV1O1CA	student-i	scenario_3_test	0	14.3	121.453
SIM	1655807063	DESKTOP-NV1O1CA	student-i	scenario_3_test	0	14.3	121.453
SIM	1655807134	DESKTOP-NV1O1CA	student-i	scenario_3_test	0	14.3	121.453
SIM	1655807217	DESKTOP-NV1O1CA	student-i	scenario_3_test	0	14.3	121.453
SIM	1655807250	DESKTOP-NV1O1CA	student-i	scenario_3_test	0	14.3	121.453
SIM	1655807279	DESKTOP-NV1O1CA	student-i	scenario_3_test	0	14.3	121.453
SIM	1655807308	DESKTOP-NV1O1CA	student-i	scenario_3_test	0	14.3	121.453
SIM	1655807335	DESKTOP-NV1O1CA	student-i	scenario_3_test	0	14.3	121.453
SIM	1655807373	DESKTOP-NV1O1CA	student-i	scenario_3_test	0	14.2	120.204
SIM	1655807404	DESKTOP-NV1O1CA	student-i	scenario_3_test	0	9.668	63.7356
SIM	1655807415	DESKTOP-NV1O1CA	student-i	scenario_3_test	0	14.25	120.829
SIM	1655807793	DESKTOP-NV1O1CA	student-i	scenario_3_test	0	14.25	120.829
SIM	1655807829	DESKTOP-NV1O1CA	student-i	scenario_3_test	0	10.783	77.5653
SIM	1655807841	DESKTOP-NV1O1CA	student-i	scenario_3_test	0	14.25	120.829
SIM	1655807884	DESKTOP-NV1O1CA	student-i	scenario_3_test	0	14.25	120.829
SIM	1655807926	DESKTOP-NV1O1CA	student-i	scenario_3_test	0	14.25	120.829
SIM	1655808285	DESKTOP-NV1O1CA	student-i	scenario_4_testt	0	20.007	145.548
SIM	1655808315	DESKTOP-NV1O1CA	student-i	scenario_3_test	0	14.25	120.829
SIM	1655808350	DESKTOP-NV1O1CA	student-i	scenario_3_test	0	14.3	121.453
SIM	1655808378	DESKTOP-NV1O1CA	student-i	scenario_3_test	0	14.3	121.453
SIM	1655808522	DESKTOP-NV1O1CA	student-i	scenario_3_test	0	14.3	121.453
SIM	1655808562	DESKTOP-NV1O1CA	student-i	scenario_4_testt	0	22.6	161.394
SIM	1655808653	DESKTOP-NV1O1CA	student-i	scenario_4_testt	0	22.4	160.172
SIM	1655808718	DESKTOP-NV1O1CA	student-i	scenario_4_testt	0	22.4	160.172
SIM	1655808766	DESKTOP-NV1O1CA	student-i	scenario_4_testt	0	22.4	160.172
SIM	1655808842	DESKTOP-NV1O1CA	student-i	scenario_4_testt	0	22.4	160.172
SIM	1655808939	DESKTOP-NV1O1CA	student-i	scenario_4_testt	0	22.4	160.172
SIM	1655808993	DESKTOP-NV1O1CA	student-i	scenario_4_testt	0	22.4	160.172
SIM	1655809471	DESKTOP-NV1O1CA	student-i	scenario_4_testt	0	22.4	160.172
SIM	1655809784	DESKTOP-NV1O1CA	student-i	scenario_4_testt	0	22.4	160.172
SIM	1655809845	DESKTOP-NV1O1CA	student-i	scenario_4_testt	0	22.4	160.172
SIM	1655810002	DESKTOP-NV1O1CA	student-i	scenario_3_test	0	0.992	0.000912744
SIM	1655810082	DESKTOP-NV1O1CA	student-i	scenario_3_test	0	14.3	121.453
SIM	1655810264	DESKTOP-NV1O1CA	student-i	scenario_1	0	67.9	470.82
SIM	1655810457	DESKTOP-NV1O1CA	student-i	scenario_1	0	17.095	54.1573
SIM	1655810515	DESKTOP-NV1O1CA	student-i	scenario_1	0	33.371	121.974
SIM	1655810579	DESKTOP-NV1O1CA	student-i	scenario_1	0	33.5	122.511
SIM	1655810741	DESKTOP-NV1O1CA	student-i	scenario_2	0	10.8	67.0401
SIM	1655810808	DESKTOP-NV1O1CA	student-i	scenario_2	0	10.8	67.0401
SIM	1655810850	DESKTOP-NV1O1CA	student-i	scenario_2	0	10.8	67.0401
SIM	1655811035	DESKTOP-NV1O1CA	student-i	scenario_1	0	33.5	122.511
SIM	1655811094	DESKTOP-NV1O1CA	student-i	scenario_2	0	10.8	67.0401
SIM	1655812869	DESKTOP-NV1O1CA	student-i	scenario_3_test	0	95.476	1091.32
SIM	1655813119	DESKTOP-NV1O1CA	student-i	scenario_3_test	0	18.843	138.433
SIM	1655813145	DESKTOP-NV1O1CA	student-i	scenario_3_test	0	35.649	180.371
SIM	1655813193	DESKTOP-NV1O1CA	student-i	scenario_3_test	0	31.681	171.424
SIM	1655813238	DESKTOP-NV1O1CA	student-i	scenario_3_test	0	95.285	953.47
SIM	1655813388	DESKTOP-NV1O1CA	student-i	scenario_3_test	0	105.226	1091.32
SIM	1655813548	DESKTOP-NV1O1CA	student-i	scenario_3_test	0	106.211	1091.33
SIM	1655813679	DESKTOP-NV1O1CA	student-i	scenario_3_test	0	30.391	159.219
SIM	1655813721	DESKTOP-NV1O1CA	student-i	scenario_3_test	0	103.6	1058.69
SIM	1655813857	DESKTOP-NV1O1CA	student-i	scenario_3_test	0	103.8	1061.19
SIM	1655814066	DESKTOP-NV1O1CA	student-i	scenario_3_and_4	0	6.028	21.1461
SIM	1655814091	DESKTOP-NV1O1CA	student-i	scenario_3_and_4	0	103.8	1061.19
SIM	1655814355	DESKTOP-NV1O1CA	student-i	scenario_3_and_4	0	103.8	1061.19
SIM	1655814890	DESKTOP-NV1O1CA	student-i	scenario_1_and_2	0	6.471	54.9888
SIM	1655814983	DESKTOP-NV1O1CA	student-i	scenario_1_and_2	0	76.366	859.378
SIM	1655815090	DESKTOP-NV1O1CA	student-i	scenario_1_and_2	0	53.714	585.797
SIM	1655815174	DESKTOP-NV1O1CA	student-i	scenario_1_and_2	0	59.875	632.365
SIM	1655815344	DESKTOP-NV1O1CA	student-i	scenario_1_and_2	0	63.773	803.494
SIM	1655815516	DESKTOP-NV1O1CA	student-i	scenario_1_and_2	0	97.605	676.419
SIM	1655815658	DESKTOP-NV1O1CA	student-i	scenario_1_and_2	0	85.071	597.665
SIM	1655815791	DESKTOP-NV1O1CA	student-i	scenario_1_and_2	0	85.2	606.417
SIM	1655815930	DESKTOP-NV1O1CA	student-i	scenario_1_and_2	0	85.2	577.404
SIM	1655816066	DESKTOP-NV1O1CA	student-i	scenario_1_and_2	0	83.2	592.831
SIM	1655816185	DESKTOP-NV1O1CA	student-i	scenario_1_and_2	0	83.2	592.831
SIM	1655816293	DESKTOP-NV1O1CA	student-i	scenario_1_and_2	0	83.7	596.303
SIM	1655816403	DESKTOP-NV1O1CA	student-i	scenario_1_and_2	0	84.3	600.47


SYSTEM_START	-	DESKTOP-NV1O1CA	DESKTOP-NV1O1CA	2022-06-22 08:45:58


SYSTEM_INFO	Car_Generic &lt;insert.your.version.no&gt; #24	Students@pc-mib-mobile 2021-07-06 17:16:41	(10.0 fh@obelix.ipg 2021-04-01 16:39:43)
SIM	1655880358	DESKTOP-NV1O1CA			0	0	0
SIM	1655880360	DESKTOP-NV1O1CA	student-i	scenario_1_and_2	0	84.3	600.47
SIM	1655880494	DESKTOP-NV1O1CA	student-i	scenario_1_and_2	0	30.34	123.292
SIM	1655880565	DESKTOP-NV1O1CA	student-i	scenario_1_and_2	0	84.5	601.555
SIM	1655880772	DESKTOP-NV1O1CA	student-i	scenario_1_and_2	0	40.109	151.334
SIM	1655880815	DESKTOP-NV1O1CA	student-i	scenario_1_and_2	0	84.5	601.859
SIM	1655881027	DESKTOP-NV1O1CA	student-i	scenario_1_and_2	0	84.4	601.164
SIM	1655881131	DESKTOP-NV1O1CA	student-i	scenario_1_and_2	0	84.3	600.47
SIM	1655881233	DESKTOP-NV1O1CA	student-i	scenario_1_and_2	0	84.1	599.081
SIM	1655881346	DESKTOP-NV1O1CA	student-i	scenario_1_and_2	0	84.2	599.775
SIM	1655881457	DESKTOP-NV1O1CA	student-i	scenario_1_and_2	0	84.3	600.47
SIM	1655881563	DESKTOP-NV1O1CA	student-i	scenario_1_and_2	0	84.25	600.122
SIM	1655881677	DESKTOP-NV1O1CA	student-i	scenario_1_and_2	0	84.3	625.132
SIM	1655881785	DESKTOP-NV1O1CA	student-i	scenario_1_and_2	0	78.5	584.854
SIM	1655881884	DESKTOP-NV1O1CA	student-i	scenario_1_and_2	0	81.5	605.688
SIM	1655881999	DESKTOP-NV1O1CA	student-i	scenario_1_and_2	0	80.5	598.743
SIM	1655882104	DESKTOP-NV1O1CA	student-i	scenario_1_and_2	0	86.5	617.913
SIM	1655882205	DESKTOP-NV1O1CA	student-i	scenario_1_and_2	0	86.5	631.424
SIM	1655882359	DESKTOP-NV1O1CA	student-i	scenario_1_and_2	0	81.268	601.028
SIM	1655882491	DESKTOP-NV1O1CA	student-i	scenario_1_and_2	0	81.3	601.241
SIM	1655882781	DESKTOP-NV1O1CA	student-i	scenario_1_and_2	0	81.3	601.241
SIM	1655882880	DESKTOP-NV1O1CA	student-i	scenario_1_and_2	0	81.1	599.908
SIM	1655882979	DESKTOP-NV1O1CA	student-i	scenario_1_and_2	0	81.2	600.575
SIM	1655883083	DESKTOP-NV1O1CA	student-i	scenario_1_and_2	0	81.15	600.241
SIM	1655883275	DESKTOP-NV1O1CA	student-i	scenario_1_and_2	0	81.15	600.241
SIM	1655883489	DESKTOP-NV1O1CA	student-i	scenario_1_and_2	0	81.1	599.908
SIM	1655883616	DESKTOP-NV1O1CA	student-i	scenario_1_and_2	0	87.916	692.538
SIM	1655883716	DESKTOP-NV1O1CA	student-i	scenario_1_and_2	0	85.568	652.438
SIM	1655883843	DESKTOP-NV1O1CA	student-i	scenario_1_and_2	0	81.5	610.4
SIM	1655883953	DESKTOP-NV1O1CA	student-i	scenario_1_and_2	0	81.5	604.92
SIM	1655884058	DESKTOP-NV1O1CA	student-i	scenario_1_and_2	0	80.5	595.287
SIM	1655884157	DESKTOP-NV1O1CA	student-i	scenario_1_and_2	0	80.5	597.913
SIM	1655884253	DESKTOP-NV1O1CA	student-i	scenario_1_and_2	0	80.5	597.913
SIM	1655884357	DESKTOP-NV1O1CA	student-i	scenario_1_and_2	0	80.5	597.913
SIM	1655884471	DESKTOP-NV1O1CA	student-i	scenario_1_and_2	0	80	595.452
SIM	1655884579	DESKTOP-NV1O1CA	student-i	scenario_1_and_2	0	81	602.236
SIM	1655884680	DESKTOP-NV1O1CA	student-i	scenario_1_and_2	0	80.5	598.051
SIM	1655884781	DESKTOP-NV1O1CA	student-i	scenario_1_and_2	0	80.8	599.657
SIM	1655884942	DESKTOP-NV1O1CA	student-i	scenario_1_and_2	0	80.8	599.047
SIM	1655885045	DESKTOP-NV1O1CA	student-i	scenario_1_and_2	0	80	595.348
SIM	1655885145	DESKTOP-NV1O1CA	student-i	scenario_1_and_2	0	80.4	597.233
SIM	1655885238	DESKTOP-NV1O1CA	student-i	scenario_1_and_2	0	80.4	597.233
SIM	1655885334	DESKTOP-NV1O1CA	student-i	scenario_1_and_2	0	80.45	597.463
SIM	1655885535	DESKTOP-NV1O1CA	student-i	scenario_1_and_2	0	54.504	356.166
SIM	1655885591	DESKTOP-NV1O1CA	student-i	scenario_1_and_2	0	31.575	128.763
SIM	1655885709	DESKTOP-NV1O1CA	student-i	scenario_1_and_2	0	80.45	597.463
SIM	1655885803	DESKTOP-NV1O1CA	student-i	scenario_1_and_2	0	80.45	597.463
SIM	1655886013	DESKTOP-NV1O1CA	student-i	scenario_1_and_2	0	80.45	597.463


SYSTEM_START	-	DESKTOP-NV1O1CA	DESKTOP-NV1O1CA	2022-06-22 10:22:53


SYSTEM_INFO	Car_Generic &lt;insert.your.version.no&gt; #24	Students@pc-mib-mobile 2021-07-06 17:16:41	(10.0 fh@obelix.ipg 2021-04-01 16:39:43)
SIM	1655886173	DESKTOP-NV1O1CA			0	0	0
SIM	1655886175	DESKTOP-NV1O1CA	student-i	scenario_3_and_4	0	103.8	1061.19
SIM	1655886678	DESKTOP-NV1O1CA	student-i	scenario_3_and_4	0	103.8	1061.19
SIM	1655887156	DESKTOP-NV1O1CA	student-i	scenario_3_and_4	0	103.8	1061.19
SIM	1655887311	DESKTOP-NV1O1CA	student-i	scenario_3_and_4	0	103.8	1061.19
SIM	1655887440	DESKTOP-NV1O1CA	student-i	scenario_3_and_4	0	103.8	1061.19
SIM	1655887679	DESKTOP-NV1O1CA	student-i	scenario_3_and_4	0	103.8	1028.95
SIM	1655887795	DESKTOP-NV1O1CA	student-i	scenario_3_and_4	0	103.8	1028.95
SIM	1655887942	DESKTOP-NV1O1CA	student-i	scenario_3_and_4	0	108.6	1071.64
SIM	1655888097	DESKTOP-NV1O1CA	student-i	scenario_3_and_4	0	107.8	1061.64
SIM	1655888502	DESKTOP-NV1O1CA	student-i	scenario_3_and_4	0	107.8	1061.64
SIM	1655890019	DESKTOP-NV1O1CA	student-i	scenario_3_and_4	0	107.8	1061.64
SIM	1655890166	DESKTOP-NV1O1CA	student-i	scenario_3_and_4	0	107.8	1061.64
SIM	1655890343	DESKTOP-NV1O1CA	student-i	scenario_3_and_4	0	107.8	1061.64
SIM	1655890730	DESKTOP-NV1O1CA	student-i	scenario_3_and_4	0	107.8	1061.64
SIM	1655890851	DESKTOP-NV1O1CA	student-i	scenario_3_and_4	0	18.992	139.344
SIM	1655890901	DESKTOP-NV1O1CA	student-i	scenario_3_and_4	0	107.8	1061.64
SIM	1655899448	DESKTOP-NV1O1CA	student-i	scenario_3_and_4	0	107.8	1061.64
