

SYSTEM_START	-	JAKOBPEINTND505	JAKOBPEINTND505	2021-05-11 14:02:58


SYSTEM_INFO	CarMaker 9.0 - Car_Generic #1244	fh@obelix.ipg 2020-05-15 16:23:44	(9.0 fh@obelix.ipg 2020-05-15 16:23:39)


SYSTEM_START	-	JAKOBPEINTND505	JAKOBPEINTND505	2021-05-11 14:05:50


SYSTEM_INFO	CarMaker 9.0 - Car_Generic #1244	fh@obelix.ipg 2020-05-15 16:23:44	(9.0 fh@obelix.ipg 2020-05-15 16:23:39)
SIM	1620734750	JAKOBPEINTND505			0	0	0
SIM	1620734751	JAKOBPEINTND505	Jake	Scenario_4	0	0.835	5.50354e-005
SIM	1620734777	JAKOBPEINTND505	Jake	Scenario_4	0	33.229	500.068


SYSTEM_START	-	JAKOBPEINTND505	JAKOBPEINTND505	2021-05-11 14:14:56


SYSTEM_INFO	Car_Generic &lt;insert.your.version.no&gt; #95	Jake@jakobpeintnd505 2021-04-27 09:54:10	(9.0 fh@obelix.ipg 2020-05-15 16:23:39)


SYSTEM_START	-	JAKOBPEINTND505	JAKOBPEINTND505	2021-05-11 14:15:28


SYSTEM_INFO	Car_Generic &lt;insert.your.version.no&gt; #120	Jake@jakobpeintnd505 2020-11-09 11:57:33	(9.0 fh@obelix.ipg 2020-05-15 16:23:39)


SYSTEM_START	-	JAKOBPEINTND505	JAKOBPEINTND505	2022-02-03 09:38:35


SYSTEM_INFO	CarMaker 10.0 - Car_Generic #603	fh@obelix.ipg 2021-04-01 16:39:49	(10.0 fh@obelix.ipg 2021-04-01 16:39:43)
SIM	1643877517	JAKOBPEINTND505			0	0	0
SIM	1643877518	JAKOBPEINTND505	Jake	Scenario_1_2	0	30	292.229


SYSTEM_START	-	JAKOBPEINTND505	JAKOBPEINTND505	2022-02-11 15:46:56


SYSTEM_INFO	CarMaker 10.0 - Car_Generic #603	fh@obelix.ipg 2021-04-01 16:39:49	(10.0 fh@obelix.ipg 2021-04-01 16:39:43)
SIM	1644590816	JAKOBPEINTND505			0	0	0
SIM	1644590818	JAKOBPEINTND505	Jake	scenario_2	0	63.725	638.513


SYSTEM_START	-	JAKOBPEINTND505	JAKOBPEINTND505	2022-02-11 15:48:40


SYSTEM_INFO	CarMaker 10.0 - Car_Generic #603	fh@obelix.ipg 2021-04-01 16:39:49	(10.0 fh@obelix.ipg 2021-04-01 16:39:43)
SIM	1644590920	JAKOBPEINTND505			0	0	0
SIM	1644590924	JAKOBPEINTND505	Jake	scenario_2	0	16.714	109.765
