

SYSTEM_START	-	LAPTOP-K9DNOGBK	LAPTOP-K9DNOGBK	2021-04-18 13:22:13


SYSTEM_INFO	CarMaker 9.1.1 - Car_Generic #475	fh@obelix.ipg 2020-12-18 15:49:20	(9.1.1 fh@obelix.ipg 2020-12-18 15:49:12)
SIM	1618744933	LAPTOP-K9DNOGBK			0	0	0
SIM	1618744935	LAPTOP-K9DNOGBK	rabad	unknown	0	25.986	200.93
SIM	1618744941	LAPTOP-K9DNOGBK	rabad	unknown	0	25.986	200.93
SIM	1618744946	LAPTOP-K9DNOGBK	rabad	unknown	0	25.986	200.93
SIM	1618744966	LAPTOP-K9DNOGBK	rabad	unknown	0	25.986	200.93
SIM	1618745212	LAPTOP-K9DNOGBK	rabad	unknown	0	57.687	660.797
SIM	1618745287	LAPTOP-K9DNOGBK	rabad	unknown	0	57.28	660.899
SIM	1618745297	LAPTOP-K9DNOGBK	rabad	unknown	0	57.28	660.899
SIM	1618745303	LAPTOP-K9DNOGBK	rabad	unknown	0	57.28	660.899
SIM	1618745327	LAPTOP-K9DNOGBK	rabad	unknown	0	57.28	660.899
SIM	1618749020	LAPTOP-K9DNOGBK	rabad	unknown	0	57.28	660.899
SIM	1618749038	LAPTOP-K9DNOGBK	rabad	unknown	0	57.28	660.899
SIM	1618751926	LAPTOP-K9DNOGBK	rabad	unknown	0	2.824	3.07866
SIM	1618751956	LAPTOP-K9DNOGBK	rabad	unknown	0	57.28	660.899
SIM	1618755238	LAPTOP-K9DNOGBK	rabad	unknown	0	14.375	95.4718
SIM	1618755275	LAPTOP-K9DNOGBK	rabad	unknown	0	22.269	183.59
SIM	1618761422	LAPTOP-K9DNOGBK	rabad	unknown	0	32.412	296.834
SIM	1618761529	LAPTOP-K9DNOGBK	rabad	unknown	0	32.412	296.834


SYSTEM_START	-	LAPTOP-K9DNOGBK	LAPTOP-K9DNOGBK	2021-04-21 17:08:02


SYSTEM_INFO	CarMaker 9.1.1 - Car_Generic #475	fh@obelix.ipg 2020-12-18 15:49:20	(9.1.1 fh@obelix.ipg 2020-12-18 15:49:12)
SIM	1619017683	LAPTOP-K9DNOGBK			0	0	0
SIM	1619017685	LAPTOP-K9DNOGBK	rabad	unknown	0	33.739	322.785
SIM	1619017744	LAPTOP-K9DNOGBK	rabad	unknown	0	57.687	660.797


SYSTEM_START	-	LAPTOP-K9DNOGBK	LAPTOP-K9DNOGBK	2021-04-21 18:05:44


SYSTEM_INFO	CarMaker 9.1.1 - Car_Generic #475	fh@obelix.ipg 2020-12-18 15:49:20	(9.1.1 fh@obelix.ipg 2020-12-18 15:49:12)
SIM	1619021146	LAPTOP-K9DNOGBK			0	0	0
SIM	1619021147	LAPTOP-K9DNOGBK	rabad	unknown	0	4.278	9.4998
SIM	1619021204	LAPTOP-K9DNOGBK	rabad	unknown	0	4.278	9.4998
SIM	1619021620	LAPTOP-K9DNOGBK	rabad	unknown	0	4.278	9.4998
SIM	1619026014	LAPTOP-K9DNOGBK	rabad	unknown	0	70.035	944.005
SIM	1619026513	LAPTOP-K9DNOGBK	rabad	unknown	0	59.509	844.956
SIM	1619028094	LAPTOP-K9DNOGBK	rabad	unknown	0	22.954	316.737
SIM	1619028162	LAPTOP-K9DNOGBK	rabad	unknown	0	22.954	316.737


SYSTEM_START	-	LAPTOP-K9DNOGBK	LAPTOP-K9DNOGBK	2021-04-26 20:21:18


SYSTEM_INFO	CarMaker 9.1.1 - Car_Generic #475	fh@obelix.ipg 2020-12-18 15:49:20	(9.1.1 fh@obelix.ipg 2020-12-18 15:49:12)
SIM	1619461278	LAPTOP-K9DNOGBK			0	0	0
SIM	1619461288	LAPTOP-K9DNOGBK	rabad	unknown	0	40.086	403.531
SIM	1619461337	LAPTOP-K9DNOGBK	rabad	unknown	0	13.726	110.038
SIM	1619461485	LAPTOP-K9DNOGBK	rabad	unknown	0	75.869	764.038
SIM	1619554846	LAPTOP-K9DNOGBK	rabad	scenario_1	0	70.035	944.005
SIM	1619557352	LAPTOP-K9DNOGBK	rabad	scenario_2	0	39.276	7.35657e-006
SIM	1619557414	LAPTOP-K9DNOGBK	rabad	scenario_2	0	13.428	11.6408
SIM	1619557651	LAPTOP-K9DNOGBK	rabad	scenario_2	0	9.434	11.6395
SIM	1619557753	LAPTOP-K9DNOGBK	rabad	scenario_2	0	14.467	11.6411
SIM	1619557789	LAPTOP-K9DNOGBK	rabad	scenario_2	0	48.44	557.851
SIM	1619557963	LAPTOP-K9DNOGBK	rabad	scenario_2	0	41.001	466.194
SIM	1619561493	LAPTOP-K9DNOGBK	rabad	unknown	0	22.954	316.737
SIM	1619561595	LAPTOP-K9DNOGBK	rabad	unknown	0	22.954	316.737
SIM	1619595934	LAPTOP-K9DNOGBK	rabad	scenario_3	0	48.881	754.309
SIM	1619596465	LAPTOP-K9DNOGBK	rabad	scenario_3	0	59.509	844.956
SIM	1619596997	LAPTOP-K9DNOGBK	rabad	scenario_3	0	20.546	273.668
SIM	1619597025	LAPTOP-K9DNOGBK	rabad	scenario_3	0	47.13	723.064
SIM	1619597527	LAPTOP-K9DNOGBK	rabad	scenario_3	2	0	723.064
SIM	1619598108	LAPTOP-K9DNOGBK	rabad	scenario_3	0	51.311	788.373
SIM	1619598306	LAPTOP-K9DNOGBK	rabad	scenario_3	0	59.509	844.956
SIM	1619598423	LAPTOP-K9DNOGBK	rabad	scenario_3	0	28.976	400.915
SIM	1619598647	LAPTOP-K9DNOGBK	rabad	scenario_3	0	59.509	844.956
SIM	1619599684	LAPTOP-K9DNOGBK	rabad	scenario_2	0	75.775	943.937
SIM	1619600341	LAPTOP-K9DNOGBK	rabad	scenario_2	0	59.951	538.908
SIM	1619600475	LAPTOP-K9DNOGBK	rabad	scenario_2	0	32.818	182.901
SIM	1619600545	LAPTOP-K9DNOGBK	rabad	scenario_2	0	179.695	944.276
SIM	1619608921	LAPTOP-K9DNOGBK	rabad	scenario_3	0	59.509	844.956
SIM	1619609265	LAPTOP-K9DNOGBK	rabad	scenario_3	0	59.509	844.956
SIM	1619610156	LAPTOP-K9DNOGBK	rabad	scenario_3	0	59.509	844.956
SIM	1619611335	LAPTOP-K9DNOGBK	rabad	scenario_1	0	70.035	944.003
SIM	1619611552	LAPTOP-K9DNOGBK	rabad	scenario_2	0	174.584	944.185
SIM	1619611778	LAPTOP-K9DNOGBK	rabad	scenario_3	0	59.509	844.956


SYSTEM_START	-	LAPTOP-K9DNOGBK	LAPTOP-K9DNOGBK	2021-05-04 08:59:09


SYSTEM_INFO	CarMaker 9.1.1 - Car_Generic #475	fh@obelix.ipg 2020-12-18 15:49:20	(9.1.1 fh@obelix.ipg 2020-12-18 15:49:12)
SIM	1620111549	LAPTOP-K9DNOGBK			0	0	0
SIM	1620111553	LAPTOP-K9DNOGBK	rabad	unknown	0	35.906	548.343
SIM	1620113120	LAPTOP-K9DNOGBK	rabad	Scenario_4	0	35.906	548.343


SYSTEM_START	-	LAPTOP-K9DNOGBK	LAPTOP-K9DNOGBK	2021-05-10 17:05:24


SYSTEM_INFO	CarMaker 9.1.1 - Car_Generic #475	fh@obelix.ipg 2020-12-18 15:49:20	(9.1.1 fh@obelix.ipg 2020-12-18 15:49:12)
SIM	1620659125	LAPTOP-K9DNOGBK			0	0	0
SIM	1620659127	LAPTOP-K9DNOGBK	rabad	scenario_2	0	86.578	944.02
SIM	1620659430	LAPTOP-K9DNOGBK	rabad	scenario_2	0	86.578	944.02
SIM	1620659615	LAPTOP-K9DNOGBK	rabad	scenario_1	0	38.025	372.19
SIM	1620659659	LAPTOP-K9DNOGBK	rabad	scenario_1	0	14.991	82.1263
SIM	1620659853	LAPTOP-K9DNOGBK	rabad	scenario_1	0	49.312	524.343
SIM	1620659916	LAPTOP-K9DNOGBK	rabad	scenario_2	0	55.005	572.152
SIM	1620660095	LAPTOP-K9DNOGBK	rabad	scenario_3	2	0	572.152


SYSTEM_START	-	LAPTOP-K9DNOGBK	LAPTOP-K9DNOGBK	2021-05-10 17:22:16


SYSTEM_INFO	CarMaker 9.1.1 - Car_Generic #475	fh@obelix.ipg 2020-12-18 15:49:20	(9.1.1 fh@obelix.ipg 2020-12-18 15:49:12)
SIM	1620660136	LAPTOP-K9DNOGBK			0	0	0
SIM	1620660137	LAPTOP-K9DNOGBK	rabad	scenario_3	2	0	0
SIM	1620661700	LAPTOP-K9DNOGBK	rabad	scenario_3	0	59.014	754.064
SIM	1620662605	LAPTOP-K9DNOGBK	rabad	scenario_3	0	49.295	761.567
SIM	1620662747	LAPTOP-K9DNOGBK	rabad	Scenario_4	0	29.222	428.823
SIM	1620662832	LAPTOP-K9DNOGBK	rabad	scenario_3	0	50.847	783.637
SIM	1620663100	LAPTOP-K9DNOGBK	rabad	scenario_1	0	7.881	42.0684
SIM	1620670185	LAPTOP-K9DNOGBK	rabad	scenario_2	0	82.876	902.792
