

SYSTEM_START	-	PCHGSTGD2	PCHGSTGD2	2023-03-21 17:55:53


SYSTEM_INFO	Car_Generic &lt;insert.your.version.no&gt; #6	Tessa-Vis-PC@desktop-t7rv54h 2022-06-22 17:18:30	(10.2 fh@obelix.ipg 2021-10-26 11:17:53)
SIM	1679417753	PCHGSTGD2			0	0	0
SIM	1679417754	PCHGSTGD2	son5687	Masterarbeit_CarMaker	0	1.116	0.90453
SIM	1679417899	PCHGSTGD2	son5687	Masterarbeit_CarMaker_2023	0	27.138	329.983
SIM	1679417951	PCHGSTGD2	son5687	Masterarbeit_CarMaker_2023	0	27.138	329.983
SIM	1679418000	PCHGSTGD2	son5687	Masterarbeit_CarMaker_2023	0	27.138	329.983


SYSTEM_START	-	PCHGSTGD2	PCHGSTGD2	2023-03-31 10:52:21


SYSTEM_INFO	Car_Generic &lt;insert.your.version.no&gt; #6	Tessa-Vis-PC@desktop-t7rv54h 2022-06-22 17:18:30	(10.2 fh@obelix.ipg 2021-10-26 11:17:53)
SIM	1680252741	PCHGSTGD2			0	0	0
SIM	1680252742	PCHGSTGD2	son5687	Masterarbeit_CarMaker	0	2.282	5.57225
SIM	1680252765	PCHGSTGD2	son5687	Masterarbeit_CarMaker_2023	0	27.138	329.983
SIM	1680267210	PCHGSTGD2	son5687	Masterarbeit_CarMaker_2023	0	27.138	329.983
SIM	1680267268	PCHGSTGD2	son5687	Masterarbeit_CarMaker_2023	0	27.138	329.983
SIM	1680267875	PCHGSTGD2	son5687	Masterarbeit_CarMaker_2023	0	4.895	30.2758
SIM	1680267942	PCHGSTGD2	son5687	Masterarbeit_CarMaker_2023	0	27.138	329.983


SYSTEM_START	-	PCHGSTGD2	PCHGSTGD2	2023-04-13 10:15:23


SYSTEM_INFO	Car_Generic &lt;insert.your.version.no&gt; #6	Tessa-Vis-PC@desktop-t7rv54h 2022-06-22 17:18:30	(10.2 fh@obelix.ipg 2021-10-26 11:17:53)
SIM	1681373724	PCHGSTGD2			0	0	0
SIM	1681373724	PCHGSTGD2	son5687	Masterarbeit_CarMaker	0	0.546	0.0926483
SIM	1681379896	PCHGSTGD2	son5687	Masterarbeit_CarMaker_2023	1	0	0.0926483
SIM	1681379920	PCHGSTGD2	son5687	Masterarbeit_CarMaker_2023	1	0	0
SIM	1681379946	PCHGSTGD2	son5687	Masterarbeit_CarMaker_2023	1	0	0
SIM	1681380006	PCHGSTGD2	son5687	Masterarbeit_CarMaker_2023	0	16.709	189.797
SIM	1681380053	PCHGSTGD2	son5687	Masterarbeit_CarMaker_2023	0	12.947	138.903
SIM	1681380081	PCHGSTGD2	son5687	Masterarbeit_CarMaker_2023	0	4.883	30.128
SIM	1681380103	PCHGSTGD2	son5687	Masterarbeit_CarMaker_2023	0	4.988	31.4274
SIM	1681380120	PCHGSTGD2	son5687	Masterarbeit_CarMaker_2023	0	12.655	136.228
SIM	1681380144	PCHGSTGD2	son5687	Masterarbeit_CarMaker_2023	0	5.17	33.7087
SIM	1681380212	PCHGSTGD2	son5687	Masterarbeit_CarMaker_2023	0	27.138	329.983
SIM	1681380290	PCHGSTGD2	son5687	Masterarbeit_CarMaker_2023	0	27.138	329.983
SIM	1681380382	PCHGSTGD2	son5687	Masterarbeit_CarMaker_2023	0	26.911	329.978
SIM	1681380439	PCHGSTGD2	son5687	Masterarbeit_CarMaker_2023	0	26.911	329.978
SIM	1681380530	PCHGSTGD2	son5687	Masterarbeit_CarMaker_2023	0	27.632	329.944
SIM	1681380571	PCHGSTGD2	son5687	Masterarbeit_CarMaker_2023	0	27.144	329.979
SIM	1681380633	PCHGSTGD2	son5687	Masterarbeit_CarMaker_2023	0	26.911	329.978
SIM	1681380695	PCHGSTGD2	son5687	Masterarbeit_CarMaker_2023	0	27.138	329.983
SIM	1681380731	PCHGSTGD2	son5687	Masterarbeit_CarMaker_2023	0	27.138	329.983
SIM	1681380756	PCHGSTGD2	son5687	Masterarbeit_CarMaker_2023	0	27.146	329.982
SIM	1681380817	PCHGSTGD2	son5687	Masterarbeit_CarMaker_2023	0	26.88	329.967
SIM	1681380845	PCHGSTGD2	son5687	Masterarbeit_CarMaker_2023	0	26.893	329.968
SIM	1681380893	PCHGSTGD2	son5687	Masterarbeit_CarMaker_2023	0	14.016	152.33
SIM	1681380918	PCHGSTGD2	son5687	Masterarbeit_CarMaker_2023	0	3.134	11.5605
SIM	1681380928	PCHGSTGD2	son5687	Masterarbeit_CarMaker_2023	0	2.255	5.41806
SIM	1681380937	PCHGSTGD2	son5687	Masterarbeit_CarMaker_2023	0	27.138	329.983
SIM	1681380984	PCHGSTGD2	son5687	Masterarbeit_CarMaker_2023	0	26.911	329.978
SIM	1681381143	PCHGSTGD2	son5687	Masterarbeit_CarMaker_2023	0	27.164	329.998
SIM	1681382070	PCHGSTGD2	son5687	Masterarbeit_CarMaker_2023	0	27.164	329.998


SYSTEM_START	-	PCHGSTGD2	PCHGSTGD2	2023-04-13 15:57:04


SYSTEM_INFO	Car_Generic &lt;insert.your.version.no&gt; #6	Tessa-Vis-PC@desktop-t7rv54h 2022-06-22 17:18:30	(10.2 fh@obelix.ipg 2021-10-26 11:17:53)
SIM	1681394225	PCHGSTGD2			0	0	0
SIM	1681394227	PCHGSTGD2	son5687	Masterarbeit_CarMaker	0	5.008	31.6763
SIM	1681394266	PCHGSTGD2	son5687	Masterarbeit_CarMaker_2023	0	27.138	329.983


SYSTEM_START	-	PCHGSTGD2	PCHGSTGD2	2023-04-20 11:11:00


SYSTEM_INFO	Car_Generic &lt;insert.your.version.no&gt; #6	Tessa-Vis-PC@desktop-t7rv54h 2022-06-22 17:18:30	(10.2 fh@obelix.ipg 2021-10-26 11:17:53)
SIM	1681981861	PCHGSTGD2			0	0	0
SIM	1681981862	PCHGSTGD2	son5687	Masterarbeit_CarMaker	0	0.209	0.000641283
SIM	1681983453	PCHGSTGD2	son5687	Masterarbeit_CarMaker_2023	0	26.911	329.978
SIM	1681983512	PCHGSTGD2	son5687	Masterarbeit_CarMaker_2023	0	27.164	329.998
SIM	1681983658	PCHGSTGD2	son5687	Masterarbeit_CarMaker_2023	0	27.164	329.998
SIM	1681983680	PCHGSTGD2	son5687	Masterarbeit_CarMaker_2023	0	27.291	329.993
SIM	1681983710	PCHGSTGD2	son5687	Masterarbeit_CarMaker_2023	0	27.225	329.988
SIM	1681983731	PCHGSTGD2	son5687	Masterarbeit_CarMaker_2023	0	27.181	329.992
SIM	1681983785	PCHGSTGD2	son5687	Masterarbeit_CarMaker_2023	1	0	329.992
SIM	1681983796	PCHGSTGD2	son5687	Masterarbeit_CarMaker_2023	0	27.181	329.992
SIM	1681984644	PCHGSTGD2	son5687	Masterarbeit_CarMaker_2023	0	16.55	190.197
SIM	1681984664	PCHGSTGD2	son5687	Masterarbeit_CarMaker_2023	0	27.181	329.992


SYSTEM_START	-	PCHGSTGD2	PCHGSTGD2	2023-04-20 13:40:42


SYSTEM_INFO	Car_Generic &lt;insert.your.version.no&gt; #6	Tessa-Vis-PC@desktop-t7rv54h 2022-06-22 17:18:30	(10.2 fh@obelix.ipg 2021-10-26 11:17:53)
SIM	1681990842	PCHGSTGD2			0	0	0
SIM	1681990843	PCHGSTGD2	son5687	Masterarbeit_CarMaker	0	0.8	0.338988
SIM	1681991038	PCHGSTGD2	son5687	Masterarbeit_CarMaker_2023	0	27.181	329.992
SIM	1681991202	PCHGSTGD2	son5687	Masterarbeit_CarMaker_2023	0	27.181	329.992
SIM	1681991393	PCHGSTGD2	son5687	Masterarbeit_CarMaker_2023	0	27.181	329.992
SIM	1681991585	PCHGSTGD2	son5687	Masterarbeit_CarMaker_2023	0	27.181	329.992
SIM	1681991750	PCHGSTGD2	son5687	Masterarbeit_CarMaker_2023	0	27.181	329.992
SIM	1681991809	PCHGSTGD2	son5687	Masterarbeit_CarMaker_2023	0	27.181	329.992
SIM	1681992166	PCHGSTGD2	son5687	Masterarbeit_CarMaker_2023	0	27.181	329.992
SIM	1681995206	PCHGSTGD2	son5687	Masterarbeit_CarMaker_2023	0	9.55	93.0106
SIM	1681995300	PCHGSTGD2	son5687	Masterarbeit_CarMaker_2023	0	12.494	133.865
SIM	1681995347	PCHGSTGD2	son5687	Masterarbeit_CarMaker_2023	0	8.219	74.6091
SIM	1681995501	PCHGSTGD2	son5687	Masterarbeit_CarMaker_2023	1	0	74.6091
SIM	1681995692	PCHGSTGD2	son5687	Masterarbeit_CarMaker_2023	0	10.217	102.258
SIM	1681995711	PCHGSTGD2	son5687	Masterarbeit_CarMaker_2023	0	8.368	76.6636
SIM	1681995996	PCHGSTGD2	son5687	Masterarbeit_CarMaker_2023	0	6.729	54.2297
SIM	1681996333	PCHGSTGD2	son5687	Masterarbeit_CarMaker_2023	0	6.335	48.9273


SYSTEM_START	-	PCHGSTGD2	PCHGSTGD2	2023-04-20 15:36:26


SYSTEM_INFO	Car_Generic &lt;insert.your.version.no&gt; #6	Tessa-Vis-PC@desktop-t7rv54h 2022-06-22 17:18:30	(10.2 fh@obelix.ipg 2021-10-26 11:17:53)
SIM	1681997786	PCHGSTGD2			0	0	0


SYSTEM_START	-	PCHGSTGD2	PCHGSTGD2	2023-04-20 15:36:40


SYSTEM_INFO	Car_Generic &lt;insert.your.version.no&gt; #6	Tessa-Vis-PC@desktop-t7rv54h 2022-06-22 17:18:30	(10.2 fh@obelix.ipg 2021-10-26 11:17:53)
SIM	1681997800	PCHGSTGD2			0	0	0
SIM	1681997802	PCHGSTGD2	son5687	Masterarbeit_CarMaker	0	0.847	0.404528
SIM	1681997814	PCHGSTGD2	son5687	Masterarbeit_CarMaker_2023	0	27.138	329.983
SIM	1681997846	PCHGSTGD2	son5687	Masterarbeit_CarMaker_2023	0	27.138	329.983


SYSTEM_START	-	PCHGSTGD2	PCHGSTGD2	2023-04-21 10:04:50


SYSTEM_INFO	Car_Generic &lt;insert.your.version.no&gt; #6	Tessa-Vis-PC@desktop-t7rv54h 2022-06-22 17:18:30	(10.2 fh@obelix.ipg 2021-10-26 11:17:53)
SIM	1682064291	PCHGSTGD2			0	0	0
SIM	1682064291	PCHGSTGD2	son5687	Masterarbeit_CarMaker	0	0.998	0.658843
SIM	1682064321	PCHGSTGD2	son5687	Masterarbeit_CarMaker_2023	0	1.261	1.26326
SIM	1682066255	PCHGSTGD2	son5687	Masterarbeit_CarMaker_2023	0	27.181	329.992
SIM	1682066549	PCHGSTGD2	son5687	Masterarbeit_CarMaker_2023	0	27.181	329.992
SIM	1682066600	PCHGSTGD2	son5687	Masterarbeit_CarMaker_2023	0	27.181	329.992
SIM	1682066685	PCHGSTGD2	son5687	Masterarbeit_CarMaker_2023	0	27.181	329.992
SIM	1682066783	PCHGSTGD2	son5687	Masterarbeit_CarMaker_2023	0	27.181	329.992
SIM	1682066823	PCHGSTGD2	son5687	Masterarbeit_CarMaker_2023	0	27.181	329.992
SIM	1682066866	PCHGSTGD2	son5687	Masterarbeit_CarMaker_2023	0	27.181	329.992
SIM	1682066998	PCHGSTGD2	son5687	Masterarbeit_CarMaker_2023	0	27.181	329.992
SIM	1682067058	PCHGSTGD2	son5687	Masterarbeit_CarMaker_2023	0	27.181	329.992
SIM	1682067122	PCHGSTGD2	son5687	Masterarbeit_CarMaker_2023	0	27.181	329.992
SIM	1682067164	PCHGSTGD2	son5687	Masterarbeit_CarMaker_2023	0	27.181	329.992
SIM	1682067240	PCHGSTGD2	son5687	Masterarbeit_CarMaker_2023	0	27.181	329.992
SIM	1682067293	PCHGSTGD2	son5687	Masterarbeit_CarMaker_2023	0	27.181	329.992
SIM	1682067364	PCHGSTGD2	son5687	Masterarbeit_CarMaker_2023	0	27.181	329.992
SIM	1682067420	PCHGSTGD2	son5687	Masterarbeit_CarMaker_2023	0	27.181	329.992
SIM	1682067464	PCHGSTGD2	son5687	Masterarbeit_CarMaker_2023	0	27.181	329.992
SIM	1682067572	PCHGSTGD2	son5687	Masterarbeit_CarMaker_2023	0	27.181	329.992
SIM	1682067644	PCHGSTGD2	son5687	Masterarbeit_CarMaker_2023	0	27.181	329.992
SIM	1682067721	PCHGSTGD2	son5687	Masterarbeit_CarMaker_2023	0	27.181	329.992
SIM	1682067820	PCHGSTGD2	son5687	Masterarbeit_CarMaker_2023	0	27.181	329.992
SIM	1682067884	PCHGSTGD2	son5687	Masterarbeit_CarMaker_2023	0	27.181	329.992
SIM	1682067964	PCHGSTGD2	son5687	Masterarbeit_CarMaker_2023	0	13.486	147.642
SIM	1682067984	PCHGSTGD2	son5687	Masterarbeit_CarMaker_2023	0	27.181	329.992
SIM	1682068031	PCHGSTGD2	son5687	Masterarbeit_CarMaker_2023	0	27.181	329.992
SIM	1682070558	PCHGSTGD2	son5687	Masterarbeit_CarMaker_2023	0	27.181	329.992
SIM	1682070616	PCHGSTGD2	son5687	Masterarbeit_CarMaker_2023	0	27.181	329.992
SIM	1682070664	PCHGSTGD2	son5687	Masterarbeit_CarMaker_2023	0	27.181	329.992
SIM	1682070715	PCHGSTGD2	son5687	Masterarbeit_CarMaker_2023	0	27.181	329.992
SIM	1682070760	PCHGSTGD2	son5687	Masterarbeit_CarMaker_2023	0	27.181	329.992
SIM	1682070801	PCHGSTGD2	son5687	Masterarbeit_CarMaker_2023	0	27.181	329.992
SIM	1682070884	PCHGSTGD2	son5687	Masterarbeit_CarMaker_2023	0	27.181	329.992
SIM	1682070939	PCHGSTGD2	son5687	Masterarbeit_CarMaker_2023	0	27.181	329.992
SIM	1682070985	PCHGSTGD2	son5687	Masterarbeit_CarMaker_2023	0	27.181	329.992
SIM	1682071045	PCHGSTGD2	son5687	Masterarbeit_CarMaker_2023	0	27.181	329.992
SIM	1682072149	PCHGSTGD2	son5687	Masterarbeit_CarMaker_2023	0	27.181	329.992
SIM	1682072267	PCHGSTGD2	son5687	Masterarbeit_CarMaker_2023	0	27.181	329.992
SIM	1682072469	PCHGSTGD2	son5687	Masterarbeit_CarMaker_2023	0	27.181	329.992
SIM	1682072657	PCHGSTGD2	son5687	Masterarbeit_CarMaker_2023	0	27.181	329.992
SIM	1682072770	PCHGSTGD2	son5687	Masterarbeit_CarMaker_2023	0	27.181	329.992
SIM	1682073083	PCHGSTGD2	son5687	Masterarbeit_CarMaker_2023	0	6.64	53.0273
SIM	1682073173	PCHGSTGD2	son5687	Masterarbeit_CarMaker_2023	0	24.948	298.554
SIM	1682073238	PCHGSTGD2	son5687	Masterarbeit_CarMaker_2023	0	27.181	329.992
SIM	1682073275	PCHGSTGD2	son5687	Masterarbeit_CarMaker_2023	0	27.181	329.992
SIM	1682074428	PCHGSTGD2	son5687	Masterarbeit_CarMaker_2023	0	27.181	329.992


SYSTEM_START	-	PCHGSTGD2	PCHGSTGD2	2023-04-21 13:30:02


SYSTEM_INFO	Car_Generic &lt;insert.your.version.no&gt; #6	Tessa-Vis-PC@desktop-t7rv54h 2022-06-22 17:18:30	(10.2 fh@obelix.ipg 2021-10-26 11:17:53)
SIM	1682076603	PCHGSTGD2			0	0	0
SIM	1682076603	PCHGSTGD2	son5687	Masterarbeit_CarMaker	0	0.787	0.321988
SIM	1682081137	PCHGSTGD2	son5687	Masterarbeit_CarMaker_2023	0	27.138	329.983
SIM	1682081624	PCHGSTGD2	son5687	Masterarbeit_CarMaker_2023	0	27.138	329.983
SIM	1682081684	PCHGSTGD2	son5687	Masterarbeit_CarMaker_2023	0	27.138	329.983
SIM	1682082137	PCHGSTGD2	son5687	Masterarbeit_CarMaker_2023	0	27.138	329.983
SIM	1682082494	PCHGSTGD2	son5687	Masterarbeit_CarMaker_2023	0	27.138	329.983
SIM	1682084464	PCHGSTGD2	son5687	Masterarbeit_CarMaker_2023	0	13.755	151.378
SIM	1682084923	PCHGSTGD2	son5687	Masterarbeit_CarMaker_2023	0	27.138	329.983
SIM	1682085043	PCHGSTGD2	son5687	Masterarbeit_CarMaker_2023	0	27.138	329.983
SIM	1682085378	PCHGSTGD2	son5687	Masterarbeit_CarMaker_2023	0	27.138	329.983
SIM	1682085485	PCHGSTGD2	son5687	Masterarbeit_CarMaker_2023	0	27.138	329.983
SIM	1682085907	PCHGSTGD2	son5687	Masterarbeit_CarMaker_2023	0	27.138	329.983
SIM	1682085975	PCHGSTGD2	son5687	Masterarbeit_CarMaker_2023	0	27.138	329.983
SIM	1682086244	PCHGSTGD2	son5687	Masterarbeit_CarMaker_2023	0	27.138	329.983
SIM	1682086322	PCHGSTGD2	son5687	Masterarbeit_CarMaker_2023	0	27.138	329.983
SIM	1682086948	PCHGSTGD2	son5687	Masterarbeit_CarMaker_2023	0	27.138	329.983
SIM	1682086983	PCHGSTGD2	son5687	Masterarbeit_CarMaker_2023	0	27.138	329.983
SIM	1682087051	PCHGSTGD2	son5687	Masterarbeit_CarMaker_2023	0	17.494	203.308
SIM	1682087318	PCHGSTGD2	son5687	Masterarbeit_CarMaker_2023	0	18.865	222.35
SIM	1682087472	PCHGSTGD2	son5687	Masterarbeit_CarMaker_2023	0	3.784	17.5907
SIM	1682087521	PCHGSTGD2	son5687	Masterarbeit_CarMaker_2023	0	8.72	81.5238
SIM	1682087888	PCHGSTGD2	son5687	Masterarbeit_CarMaker_2023	0	27.138	329.983
SIM	1682088023	PCHGSTGD2	son5687	Masterarbeit_CarMaker_2023	0	22.022	264.775


SYSTEM_START	-	PCHGSTGD2	PCHGSTGD2	2023-04-26 10:46:22


SYSTEM_INFO	Car_Generic &lt;insert.your.version.no&gt; #6	Tessa-Vis-PC@desktop-t7rv54h 2022-06-22 17:18:30	(10.2 fh@obelix.ipg 2021-10-26 11:17:53)
SIM	1682498782	PCHGSTGD2			0	0	0
SIM	1682498783	PCHGSTGD2	son5687	Masterarbeit_CarMaker	0	1.226	1.17092
SIM	1682499007	PCHGSTGD2	son5687	Masterarbeit_CarMaker_2023	0	4.1	20.9496
SIM	1682499248	PCHGSTGD2	son5687	Masterarbeit_CarMaker_2023	0	14.086	155.975
SIM	1682499499	PCHGSTGD2	son5687	Masterarbeit_CarMaker_2023	0	27.138	329.983
SIM	1682499564	PCHGSTGD2	son5687	Masterarbeit_CarMaker_2023	0	27.138	329.983
SIM	1682499960	PCHGSTGD2	son5687	Masterarbeit_CarMaker_2023	0	27.181	329.992


SYSTEM_START	-	PCHGSTGD2	PCHGSTGD2	2023-04-27 15:39:02


SYSTEM_INFO	Car_Generic &lt;insert.your.version.no&gt; #6	Tessa-Vis-PC@desktop-t7rv54h 2022-06-22 17:18:30	(10.2 fh@obelix.ipg 2021-10-26 11:17:53)
SIM	1682602742	PCHGSTGD2			0	0	0
SIM	1682602743	PCHGSTGD2	son5687	Masterarbeit_CarMaker	0	5.078	32.5511
SIM	1682602997	PCHGSTGD2	son5687	Masterarbeit_CarMaker_2023	0	26.632	322.462
SIM	1682603151	PCHGSTGD2	son5687	Masterarbeit_CarMaker_2023	0	27.181	329.992
SIM	1682603249	PCHGSTGD2	son5687	Masterarbeit_CarMaker_2023	0	4.084	20.7738
SIM	1682603272	PCHGSTGD2	son5687	Masterarbeit_CarMaker_2023	0	27.181	329.992
SIM	1682603372	PCHGSTGD2	son5687	Masterarbeit_CarMaker_2023	0	27.181	329.992
SIM	1682603546	PCHGSTGD2	son5687	Masterarbeit_CarMaker_2023	0	27.181	329.992


SYSTEM_START	-	PCHGSTGD2	PCHGSTGD2	2023-05-11 11:04:39


SYSTEM_INFO	Car_Generic &lt;insert.your.version.no&gt; #6	Tessa-Vis-PC@desktop-t7rv54h 2022-06-22 17:18:30	(10.2 fh@obelix.ipg 2021-10-26 11:17:53)
SIM	1683795880	PCHGSTGD2			0	0	0
SIM	1683795881	PCHGSTGD2	son5687	Masterarbeit_CarMaker	0	0.128	1.35156e-007
SIM	1683796699	PCHGSTGD2	son5687	Masterarbeit_CarMaker_2023	0	27.181	329.992
SIM	1683796801	PCHGSTGD2	son5687	Masterarbeit_CarMaker_2023	0	11.008	113.234
SIM	1683796828	PCHGSTGD2	son5687	Masterarbeit_CarMaker_2023	0	27.181	329.992


SYSTEM_START	-	PCHGSTGD2	PCHGSTGD2	2023-05-11 13:03:56


SYSTEM_INFO	Car_Generic &lt;insert.your.version.no&gt; #6	Tessa-Vis-PC@desktop-t7rv54h 2022-06-22 17:18:30	(10.2 fh@obelix.ipg 2021-10-26 11:17:53)
SIM	1683803037	PCHGSTGD2			0	0	0
SIM	1683803037	PCHGSTGD2	son5687	Masterarbeit_CarMaker	0	1.958	3.86633
SIM	1683803166	PCHGSTGD2	son5687	Masterarbeit_CarMaker_2023	0	27.181	329.992
SIM	1683804433	PCHGSTGD2	son5687	Masterarbeit_CarMaker_2023	0	27.181	329.992
SIM	1683804846	PCHGSTGD2	son5687	Masterarbeit_CarMaker_2023	0	27.181	329.992
SIM	1683804970	PCHGSTGD2	son5687	Masterarbeit_CarMaker_2023	0	27.181	329.992
SIM	1683805264	PCHGSTGD2	son5687	Masterarbeit_CarMaker_2023	0	27.181	329.992
SIM	1683805449	PCHGSTGD2	son5687	Masterarbeit_CarMaker_2023	0	27.181	329.992
SIM	1683805524	PCHGSTGD2	son5687	Masterarbeit_CarMaker_2023	0	27.181	329.992
SIM	1683805633	PCHGSTGD2	son5687	Masterarbeit_CarMaker_2023	0	27.181	329.992
SIM	1683805671	PCHGSTGD2	son5687	Masterarbeit_CarMaker_2023	0	27.181	329.992
SIM	1683805755	PCHGSTGD2	son5687	Masterarbeit_CarMaker_2023	0	27.181	329.992
SIM	1683805866	PCHGSTGD2	son5687	Masterarbeit_CarMaker_2023	0	27.181	329.992
SIM	1683806112	PCHGSTGD2	son5687	Masterarbeit_CarMaker_2023	0	27.181	329.992
SIM	1683810260	PCHGSTGD2	son5687	Masterarbeit_CarMaker_2023	0	27.181	329.992
SIM	1683810397	PCHGSTGD2	son5687	Masterarbeit_CarMaker_2023	0	27.181	329.992
SIM	1683810467	PCHGSTGD2	son5687	Masterarbeit_CarMaker_2023	0	27.181	329.992
SIM	1683810525	PCHGSTGD2	son5687	Masterarbeit_CarMaker_2023	0	27.181	329.992
SIM	1683810591	PCHGSTGD2	son5687	Masterarbeit_CarMaker_2023	0	27.181	329.992
SIM	1683810644	PCHGSTGD2	son5687	Masterarbeit_CarMaker_2023	0	27.181	329.992
SIM	1683810700	PCHGSTGD2	son5687	Masterarbeit_CarMaker_2023	0	5.122	33.1036
SIM	1683810729	PCHGSTGD2	son5687	Masterarbeit_CarMaker_2023	0	27.181	329.992
SIM	1683810788	PCHGSTGD2	son5687	Masterarbeit_CarMaker_2023	0	27.181	329.992
SIM	1683810860	PCHGSTGD2	son5687	Masterarbeit_CarMaker_2023	0	27.181	329.992
SIM	1683811511	PCHGSTGD2	son5687	Masterarbeit_CarMaker_2023	0	14.083	155.933
SIM	1683811570	PCHGSTGD2	son5687	Masterarbeit_CarMaker_2023	0	27.181	329.992
SIM	1683811777	PCHGSTGD2	son5687	Masterarbeit_CarMaker_2023	0	27.181	329.992
SIM	1683811832	PCHGSTGD2	son5687	Masterarbeit_CarMaker_2023	0	27.181	329.992
SIM	1683811933	PCHGSTGD2	son5687	Masterarbeit_CarMaker_2023	0	27.181	329.992
SIM	1683811960	PCHGSTGD2	son5687	Masterarbeit_CarMaker_2023	0	27.181	329.992
SIM	1683812082	PCHGSTGD2	son5687	Masterarbeit_CarMaker_2023	0	10.732	109.403
SIM	1683812102	PCHGSTGD2	son5687	Masterarbeit_CarMaker_2023	0	27.181	329.992
SIM	1683812179	PCHGSTGD2	son5687	Masterarbeit_CarMaker_2023	0	27.181	329.992
SIM	1683812247	PCHGSTGD2	son5687	Masterarbeit_CarMaker_2023	0	27.181	329.992
SIM	1683812288	PCHGSTGD2	son5687	Masterarbeit_CarMaker_2023	0	27.181	329.992
SIM	1683812325	PCHGSTGD2	son5687	Masterarbeit_CarMaker_2023	0	27.181	329.992
SIM	1683812374	PCHGSTGD2	son5687	Masterarbeit_CarMaker_2023	0	27.181	329.992
SIM	1683812433	PCHGSTGD2	son5687	Masterarbeit_CarMaker_2023	0	27.181	329.992
SIM	1683812460	PCHGSTGD2	son5687	Masterarbeit_CarMaker_2023	0	27.181	329.992
SIM	1683812533	PCHGSTGD2	son5687	Masterarbeit_CarMaker_2023	0	27.181	329.992
SIM	1683812563	PCHGSTGD2	son5687	Masterarbeit_CarMaker_2023	0	27.181	329.992
SIM	1683812602	PCHGSTGD2	son5687	Masterarbeit_CarMaker_2023	0	27.181	329.992
SIM	1683812762	PCHGSTGD2	son5687	Masterarbeit_CarMaker_2023	0	27.181	329.992
SIM	1683812834	PCHGSTGD2	son5687	Masterarbeit_CarMaker_2023	0	27.181	329.992
SIM	1683812870	PCHGSTGD2	son5687	Masterarbeit_CarMaker_2023	0	27.181	329.992
SIM	1683812895	PCHGSTGD2	son5687	Masterarbeit_CarMaker_2023	0	27.181	329.992
SIM	1683812931	PCHGSTGD2	son5687	Masterarbeit_CarMaker_2023	0	27.181	329.992
SIM	1683812975	PCHGSTGD2	son5687	Masterarbeit_CarMaker_2023	0	27.181	329.992
SIM	1683813071	PCHGSTGD2	son5687	Masterarbeit_CarMaker_2023	0	27.181	329.992
SIM	1683813099	PCHGSTGD2	son5687	Masterarbeit_CarMaker_2023	0	27.181	329.992
SIM	1683813301	PCHGSTGD2	son5687	Masterarbeit_CarMaker_2023	0	27.181	329.992
SIM	1683813434	PCHGSTGD2	son5687	Masterarbeit_CarMaker_2023	0	27.181	329.992
SIM	1683813466	PCHGSTGD2	son5687	Masterarbeit_CarMaker_2023	0	27.181	329.992
SIM	1683813498	PCHGSTGD2	son5687	Masterarbeit_CarMaker_2023	0	27.181	329.992
SIM	1683813705	PCHGSTGD2	son5687	Masterarbeit_CarMaker_2023	0	3.45	14.3349
SIM	1683813718	PCHGSTGD2	son5687	Masterarbeit_CarMaker_2023	0	27.181	329.992
SIM	1683813781	PCHGSTGD2	son5687	Masterarbeit_CarMaker_2023	0	27.181	329.992
SIM	1683813977	PCHGSTGD2	son5687	Masterarbeit_CarMaker_2023	0	27.181	329.992


SYSTEM_START	-	PCHGSTGD2	PCHGSTGD2	2023-05-17 09:24:11


SYSTEM_INFO	Car_Generic &lt;insert.your.version.no&gt; #6	Tessa-Vis-PC@desktop-t7rv54h 2022-06-22 17:18:30	(10.2 fh@obelix.ipg 2021-10-26 11:17:53)
SIM	1684308252	PCHGSTGD2			0	0	0
SIM	1684308254	PCHGSTGD2	son5687	Masterarbeit_CarMaker	0	0.344	0.0131942


SYSTEM_START	-	PCHGSTGD2	PCHGSTGD2	2023-05-17 09:34:08


SYSTEM_INFO	Car_Generic &lt;insert.your.version.no&gt; #6	Tessa-Vis-PC@desktop-t7rv54h 2022-06-22 17:18:30	(10.2 fh@obelix.ipg 2021-10-26 11:17:53)
SIM	1684308848	PCHGSTGD2			0	0	0
SIM	1684308852	PCHGSTGD2	son5687	unknown	0	10.786	110.152
SIM	1684308954	PCHGSTGD2	son5687	unknown	0	10.715	110.156
SIM	1684308971	PCHGSTGD2	son5687	unknown	0	8.363	77.4463
SIM	1684309377	PCHGSTGD2	son5687	unknown	0	91.608	38.5492
SIM	1684309478	PCHGSTGD2	son5687	unknown	0	12.028	38.54
SIM	1684309519	PCHGSTGD2	son5687	unknown	0	11.394	38.5396
SIM	1684310353	PCHGSTGD2	son5687	unknown	0	1.095	0.857774
SIM	1684310378	PCHGSTGD2	son5687	unknown	0	3.571	15.3607
SIM	1684310408	PCHGSTGD2	son5687	unknown	0	22.146	53.4269
SIM	1684310446	PCHGSTGD2	son5687	unknown	0	6.871	44.8996
SIM	1684310492	PCHGSTGD2	son5687	unknown	0	18.417	58.4272
SIM	1684310548	PCHGSTGD2	son5687	unknown	0	8.44	52.6657
SIM	1684310568	PCHGSTGD2	son5687	unknown	0	11.129	58.2465
SIM	1684310599	PCHGSTGD2	son5687	unknown	0	11.802	58.4209


SYSTEM_START	-	PCHGSTGD2	PCHGSTGD2	2023-05-17 10:04:27


SYSTEM_INFO	Car_Generic &lt;insert.your.version.no&gt; #6	Tessa-Vis-PC@desktop-t7rv54h 2022-06-22 17:18:30	(10.2 fh@obelix.ipg 2021-10-26 11:17:53)
SIM	1684310668	PCHGSTGD2			0	0	0
SIM	1684310673	PCHGSTGD2	son5687	Masterarbeit_CarMaker	0	3.066	11.0026
SIM	1684310817	PCHGSTGD2	son5687	Masterarbeit_Newalkar_CarMaker	0	24.82	58.4294
SIM	1684310867	PCHGSTGD2	son5687	Masterarbeit_Newalkar_CarMaker	0	16.223	58.416
SIM	1684310898	PCHGSTGD2	son5687	Masterarbeit_Newalkar_CarMaker	0	16.147	58.416
SIM	1684310949	PCHGSTGD2	son5687	Masterarbeit_Newalkar_CarMaker	0	11.805	48.437
SIM	1684310982	PCHGSTGD2	son5687	Masterarbeit_Newalkar_CarMaker	0	11.178	57.4119
SIM	1684311030	PCHGSTGD2	son5687	Masterarbeit_Newalkar_CarMaker	0	9.99	55.0205
SIM	1684311055	PCHGSTGD2	son5687	Masterarbeit_Newalkar_CarMaker	0	12.114	58.4402
SIM	1684311080	PCHGSTGD2	son5687	Masterarbeit_Newalkar_CarMaker	0	13.301	61.4189
SIM	1684311125	PCHGSTGD2	son5687	Masterarbeit_Newalkar_CarMaker	0	12.111	63.8887
SIM	1684311153	PCHGSTGD2	son5687	Masterarbeit_Newalkar_CarMaker	0	14.041	58.954
SIM	1684311178	PCHGSTGD2	son5687	Masterarbeit_Newalkar_CarMaker	0	18.36	59.2455
SIM	1684311253	PCHGSTGD2	son5687	Masterarbeit_CarMaker	0	2.423	6.41295
SIM	1684311276	PCHGSTGD2	son5687	Masterarbeit_CarMaker_2023	0	12.067	64.1678
SIM	1684311318	PCHGSTGD2	son5687	Masterarbeit_CarMaker_2023	0	17.386	205.501
SIM	1684311414	PCHGSTGD2	son5687	new_Masterarbeit_Newalkar_CarMaker	0	23.512	290.572
SIM	1684311460	PCHGSTGD2	son5687	new_Masterarbeit_Newalkar_CarMaker	0	7.789	65.7792
SIM	1684311519	PCHGSTGD2	son5687	new_Masterarbeit_Newalkar_CarMaker	0	15.183	174.973
SIM	1684311564	PCHGSTGD2	son5687	new_Masterarbeit_Newalkar_CarMaker	0	15.796	184.365
SIM	1684311645	PCHGSTGD2	son5687	new_Masterarbeit_Newalkar_CarMaker	2	0	184.365
SIM	1684311676	PCHGSTGD2	son5687	new_Masterarbeit_Newalkar_CarMaker	2	0	0
SIM	1684311702	PCHGSTGD2	son5687	new_Masterarbeit_Newalkar_CarMaker	0	7.901	70.2311
SIM	1684311759	PCHGSTGD2	son5687	new_Masterarbeit_Newalkar_CarMaker	0	15.687	63.4255
SIM	1684311802	PCHGSTGD2	son5687	new_Masterarbeit_Newalkar_CarMaker	0	19.762	63.4272
SIM	1684311846	PCHGSTGD2	son5687	new_Masterarbeit_Newalkar_CarMaker	0	29.407	63.2915
SIM	1684311923	PCHGSTGD2	son5687	new_Masterarbeit_Newalkar_CarMaker	0	7.19	4.63864
SIM	1684311939	PCHGSTGD2	son5687	new_Masterarbeit_Newalkar_CarMaker	0	5.122	9.00877
SIM	1684312035	PCHGSTGD2	son5687	new_Masterarbeit_Newalkar_CarMaker	0	10.967	113.888
SIM	1684312064	PCHGSTGD2	son5687	new_Masterarbeit_Newalkar_CarMaker	0	14.658	168.54
SIM	1684312143	PCHGSTGD2	son5687	new_Masterarbeit_Newalkar_CarMaker	0	9.797	96.1378
SIM	1684312164	PCHGSTGD2	son5687	new_Masterarbeit_Newalkar_CarMaker	0	8.118	71.1042
SIM	1684312180	PCHGSTGD2	son5687	new_Masterarbeit_Newalkar_CarMaker	0	8.796	81.1085
SIM	1684312242	PCHGSTGD2	son5687	new_Masterarbeit_Newalkar_CarMaker	0	9.097	83.1069
SIM	1684312276	PCHGSTGD2	son5687	new_Masterarbeit_Newalkar_CarMaker	0	8.454	76.0375
SIM	1684312308	PCHGSTGD2	son5687	new_Masterarbeit_Newalkar_CarMaker	0	8.93	83.1064
SIM	1684312340	PCHGSTGD2	son5687	new_Masterarbeit_Newalkar_CarMaker	0	8.93	83.1064
SIM	1684312368	PCHGSTGD2	son5687	new_Masterarbeit_Newalkar_CarMaker	0	8.93	83.1064
SIM	1684312387	PCHGSTGD2	son5687	new_Masterarbeit_Newalkar_CarMaker	0	8.93	83.1064
SIM	1684312427	PCHGSTGD2	son5687	new_Masterarbeit_Newalkar_CarMaker	0	8.932	83.1121
SIM	1684312460	PCHGSTGD2	son5687	new_Masterarbeit_Newalkar_CarMaker	0	9.056	84.1204
SIM	1684312531	PCHGSTGD2	son5687	new_Masterarbeit_Newalkar_CarMaker	0	9.056	84.1204


SYSTEM_START	-	PCHGSTGD2	PCHGSTGD2	2023-05-25 10:41:36


SYSTEM_INFO	Car_Generic &lt;insert.your.version.no&gt; #6	Tessa-Vis-PC@desktop-t7rv54h 2022-06-22 17:18:30	(10.2 fh@obelix.ipg 2021-10-26 11:17:53)
SIM	1685004096	PCHGSTGD2			0	0	0


SYSTEM_START	-	PCHGSTGD2	PCHGSTGD2	2023-05-25 10:42:56


SYSTEM_INFO	Car_Generic &lt;insert.your.version.no&gt; #6	Tessa-Vis-PC@desktop-t7rv54h 2022-06-22 17:18:30	(10.2 fh@obelix.ipg 2021-10-26 11:17:53)
SIM	1685004176	PCHGSTGD2			0	0	0
SIM	1685004177	PCHGSTGD2	son5687	Masterarbeit_CarMaker	0	0.899	0.48454
SIM	1685004216	PCHGSTGD2	son5687	Masterarbeit_Newalkar_CarMaker	0	12.08	58.4231
SIM	1685004278	PCHGSTGD2	son5687	Masterarbeit_Newalkar_CarMaker	0	21.83	78.4306
SIM	1685004503	PCHGSTGD2	son5687	Masterarbeit_Newalkar_CarMaker	0	14.776	78.4274
SIM	1685004549	PCHGSTGD2	son5687	Masterarbeit_Newalkar_CarMaker	0	14.374	78.4271
SIM	1685004584	PCHGSTGD2	son5687	Masterarbeit_Newalkar_CarMaker	1	0	78.4271
SIM	1685004596	PCHGSTGD2	son5687	Masterarbeit_Newalkar_CarMaker	0	11.538	76.324
SIM	1685004614	PCHGSTGD2	son5687	Masterarbeit_Newalkar_CarMaker	0	12.381	77.7309
SIM	1685004653	PCHGSTGD2	son5687	Masterarbeit_Newalkar_CarMaker	0	11.149	75.4598
SIM	1685004686	PCHGSTGD2	son5687	Masterarbeit_Newalkar_CarMaker	0	10.786	110.152
SIM	1685004747	PCHGSTGD2	son5687	Masterarbeit_Newalkar_CarMaker	0	14.657	78.4273
SIM	1685004784	PCHGSTGD2	son5687	Masterarbeit_Newalkar_CarMaker	0	11.762	18.4393
SIM	1685004860	PCHGSTGD2	son5687	Masterarbeit_Newalkar_CarMaker	0	7.321	18.436
SIM	1685005066	PCHGSTGD2	son5687	Masterarbeit_Newalkar_CarMaker	0	5.109	16.393
SIM	1685005100	PCHGSTGD2	son5687	Masterarbeit_Newalkar_CarMaker	0	12.74	58.4245
SIM	1685005128	PCHGSTGD2	son5687	Masterarbeit_Newalkar_CarMaker	0	10.732	57.8562
SIM	1685005164	PCHGSTGD2	son5687	Masterarbeit_Newalkar_CarMaker	1	0	57.8562
SIM	1685005181	PCHGSTGD2	son5687	Masterarbeit_Newalkar_CarMaker	0	11.022	58.1603
SIM	1685005214	PCHGSTGD2	son5687	Masterarbeit_Newalkar_CarMaker	0	11.343	58.3712
SIM	1685005254	PCHGSTGD2	son5687	Masterarbeit_Newalkar_CarMaker	0	9.839	56.4226
SIM	1685005314	PCHGSTGD2	son5687	new_Masterarbeit_Newalkar_CarMaker	0	9.056	84.1204
SIM	1685006221	PCHGSTGD2	son5687	unknown	0	10.518	89.8011
SIM	1685006304	PCHGSTGD2	son5687	unknown	0	20.057	58.4264
SIM	1685006334	PCHGSTGD2	son5687	unknown	0	32.698	58.2226
SIM	1685006368	PCHGSTGD2	son5687	unknown	0	33.031	58.1389
SIM	1685006380	PCHGSTGD2	son5687	unknown	0	32.611	58.2225
SIM	1685006476	PCHGSTGD2	son5687	unknown	0	52.133	45.6604
SIM	1685006497	PCHGSTGD2	son5687	unknown	0	23.634	42.9772
SIM	1685006522	PCHGSTGD2	son5687	unknown	0	86.697	63.898
SIM	1685006539	PCHGSTGD2	son5687	unknown	0	18.774	58.4171
SIM	1685006594	PCHGSTGD2	son5687	unknown	0	22.955	58.1678
SIM	1685006614	PCHGSTGD2	son5687	unknown	0	42.843	58.1721
SIM	1685006757	PCHGSTGD2	son5687	new_Masterarbeit_Newalkar_CarMaker	0	9.056	84.1204
SIM	1685006981	PCHGSTGD2	son5687	new_Masterarbeit_Newalkar_CarMaker	0	9.056	84.1204
SIM	1685007002	PCHGSTGD2	son5687	new_Masterarbeit_Newalkar_CarMaker	0	9.056	84.1204
SIM	1685007080	PCHGSTGD2	son5687	new_Masterarbeit_Newalkar_CarMaker	0	9.056	84.1204
SIM	1685007105	PCHGSTGD2	son5687	new_Masterarbeit_Newalkar_CarMaker	0	9.056	84.1204
SIM	1685007171	PCHGSTGD2	son5687	new_Masterarbeit_Newalkar_CarMaker	0	7.427	61.1757
SIM	1685007214	PCHGSTGD2	son5687	new_Masterarbeit_Newalkar_CarMaker	0	5.006	30.642
SIM	1685007239	PCHGSTGD2	son5687	new_Masterarbeit_Newalkar_CarMaker	0	9.056	84.1204
SIM	1685007263	PCHGSTGD2	son5687	new_Masterarbeit_Newalkar_CarMaker	0	9.056	84.1204
SIM	1685007298	PCHGSTGD2	son5687	new_Masterarbeit_Newalkar_CarMaker	0	9.056	84.1204
SIM	1685007329	PCHGSTGD2	son5687	new_Masterarbeit_Newalkar_CarMaker	0	9.056	84.1204
SIM	1685007365	PCHGSTGD2	son5687	new_Masterarbeit_Newalkar_CarMaker	0	9.056	84.1204
SIM	1685007389	PCHGSTGD2	son5687	new_Masterarbeit_Newalkar_CarMaker	0	9.056	84.1204
SIM	1685007410	PCHGSTGD2	son5687	new_Masterarbeit_Newalkar_CarMaker	0	9.056	84.1204
SIM	1685007538	PCHGSTGD2	son5687	new_Masterarbeit_Newalkar_CarMaker	0	9.056	84.1204
SIM	1685007654	PCHGSTGD2	son5687	new_Masterarbeit_Newalkar_CarMaker	0	9.056	84.1204
SIM	1685007714	PCHGSTGD2	son5687	new_Masterarbeit_Newalkar_CarMaker	0	9.056	84.1204
SIM	1685007860	PCHGSTGD2	son5687	new_Masterarbeit_Newalkar_CarMaker	0	57.616	63.4335
SIM	1685008919	PCHGSTGD2	son5687	unknown	0	19.09	141.963
SIM	1685009019	PCHGSTGD2	son5687	unknown	0	23.278	58.3304
SIM	1685009057	PCHGSTGD2	son5687	unknown	0	17.433	68.2496
SIM	1685009085	PCHGSTGD2	son5687	unknown	0	24.525	88.1274
SIM	1685009169	PCHGSTGD2	son5687	unknown	0	15.443	88.0955
SIM	1685009245	PCHGSTGD2	son5687	unknown	0	19.074	141.964
SIM	1685009288	PCHGSTGD2	son5687	unknown	0	16.912	142.967
SIM	1685009312	PCHGSTGD2	son5687	unknown	0	10.018	77.0258
SIM	1685009440	PCHGSTGD2	son5687	unknown	0	14.991	128.143
SIM	1685009473	PCHGSTGD2	son5687	unknown	0	13.876	28.632
SIM	1685009503	PCHGSTGD2	son5687	unknown	0	26.795	31.0046
SIM	1685009572	PCHGSTGD2	son5687	unknown	0	9.455	62.9058
SIM	1685009605	PCHGSTGD2	son5687	unknown	0	11.797	81.1876
SIM	1685009643	PCHGSTGD2	son5687	unknown	0	32.028	88.2848
SIM	1685009681	PCHGSTGD2	son5687	unknown	0	18.759	88.3065
SIM	1685009716	PCHGSTGD2	son5687	unknown	0	8.813	56.3397
SIM	1685009751	PCHGSTGD2	son5687	unknown	0	7.867	48.4749
SIM	1685009766	PCHGSTGD2	son5687	unknown	0	11.231	76.4792
SIM	1685009794	PCHGSTGD2	son5687	unknown	0	10.316	68.8479
SIM	1685009813	PCHGSTGD2	son5687	unknown	0	10.439	69.8724
SIM	1685009833	PCHGSTGD2	son5687	unknown	0	8.931	56.9275
SIM	1685009849	PCHGSTGD2	son5687	unknown	0	9.883	64.2718
SIM	1685009865	PCHGSTGD2	son5687	unknown	0	11.714	79.829
SIM	1685009884	PCHGSTGD2	son5687	unknown	0	16.531	68.3118
SIM	1685009914	PCHGSTGD2	son5687	unknown	0	10.465	59.8552
SIM	1685009931	PCHGSTGD2	son5687	unknown	0	9.175	58.762
SIM	1685009949	PCHGSTGD2	son5687	unknown	0	30.237	60.4865
SIM	1685009992	PCHGSTGD2	son5687	unknown	0	10.9	58.7635
SIM	1685010062	PCHGSTGD2	son5687	unknown	0	14.953	61.9961
SIM	1685010088	PCHGSTGD2	son5687	unknown	0	11.617	59.9096
SIM	1685010175	PCHGSTGD2	son5687	unknown	0	13.441	59.4828
SIM	1685010195	PCHGSTGD2	son5687	unknown	0	13.533	95.0063
SIM	1685010217	PCHGSTGD2	son5687	unknown	0	13.533	59.5088
SIM	1685010243	PCHGSTGD2	son5687	unknown	0	17.123	59.5105
SIM	1685010279	PCHGSTGD2	son5687	unknown	0	5.761	36.1579
SIM	1685010292	PCHGSTGD2	son5687	unknown	0	14.908	59.5098
SIM	1685010370	PCHGSTGD2	son5687	unknown	0	7.777	49.9601
SIM	1685010392	PCHGSTGD2	son5687	unknown	0	10.42	58.1651
SIM	1685010411	PCHGSTGD2	son5687	unknown	0	9.704	56.2159
SIM	1685010433	PCHGSTGD2	son5687	unknown	0	13.876	97.864
SIM	1685010550	PCHGSTGD2	son5687	unknown	0	12.983	90.4237
SIM	1685010951	PCHGSTGD2	son5687	unknown	0	6.058	17.8275
SIM	1685010975	PCHGSTGD2	son5687	unknown	0	5.581	29.6334
SIM	1685010992	PCHGSTGD2	son5687	unknown	0	17.714	129.789
SIM	1685011003	PCHGSTGD2	son5687	unknown	0	16.681	121.225
SIM	1685011013	PCHGSTGD2	son5687	unknown	0	22.081	166.392
SIM	1685011037	PCHGSTGD2	son5687	unknown	0	19.855	147.861
SIM	1685011048	PCHGSTGD2	son5687	unknown	0	23.019	265.418
SIM	1685011185	PCHGSTGD2	son5687	unknown	0	25.83	304.46
SIM	1685011218	PCHGSTGD2	son5687	unknown	0	25.83	304.46
SIM	1685011272	PCHGSTGD2	son5687	unknown	0	8.097	65.8767
SIM	1685012495	PCHGSTGD2	son5687	unknown	0	13.316	145.281
SIM	1685012522	PCHGSTGD2	son5687	unknown	0	26.64	315.516
SIM	1685012549	PCHGSTGD2	son5687	unknown	0	20.27	227.043
SIM	1685012712	PCHGSTGD2	son5687	unknown	0	16.112	169.301
SIM	1685012731	PCHGSTGD2	son5687	unknown	0	8.107	65.9778
SIM	1685012743	PCHGSTGD2	son5687	unknown	0	1.936	3.76191
SIM	1685012788	PCHGSTGD2	son5687	unknown	0	1.417	1.71943
SIM	1685012830	PCHGSTGD2	son5687	unknown	0	8.589	70.5432
SIM	1685012850	PCHGSTGD2	son5687	unknown	0	13.606	134.579
SIM	1685012898	PCHGSTGD2	son5687	unknown	0	12.637	123.281
SIM	1685013008	PCHGSTGD2	son5687	unknown	0	12.279	118.329
SIM	1685013041	PCHGSTGD2	son5687	unknown	0	4.89	29.7333
SIM	1685013085	PCHGSTGD2	son5687	unknown	0	11.299	104.818
SIM	1685013100	PCHGSTGD2	son5687	unknown	0	10.975	100.374
SIM	1685013138	PCHGSTGD2	son5687	unknown	0	9.057	74.6437
SIM	1685013285	PCHGSTGD2	son5687	unknown	0	11.19	103.322
SIM	1685013314	PCHGSTGD2	son5687	unknown	0	13.309	132.59
SIM	1685013467	PCHGSTGD2	son5687	unknown	0	15.54	163.552
SIM	1685013506	PCHGSTGD2	son5687	unknown	0	13.257	133.072
SIM	1685013996	PCHGSTGD2	son5687	04Newalkar_CarMaker	0	9.902	85.9981
SIM	1685014066	PCHGSTGD2	son5687	04Newalkar_CarMaker	0	9.758	84.309
SIM	1685014107	PCHGSTGD2	son5687	04Newalkar_CarMaker	0	10.002	83.3024
SIM	1685014150	PCHGSTGD2	son5687	04Newalkar_CarMaker	0	9.758	83.3042
SIM	1685014171	PCHGSTGD2	son5687	04Newalkar_CarMaker	0	9.696	83.3165
SIM	1685014193	PCHGSTGD2	son5687	04Newalkar_CarMaker	0	9.651	83.3107


SYSTEM_START	-	PCHGSTGD2	PCHGSTGD2	2023-05-25 14:28:42


SYSTEM_INFO	Car_Generic &lt;insert.your.version.no&gt; #6	Tessa-Vis-PC@desktop-t7rv54h 2022-06-22 17:18:30	(10.2 fh@obelix.ipg 2021-10-26 11:17:53)
SIM	1685017722	PCHGSTGD2			0	0	0
SIM	1685017723	PCHGSTGD2	son5687	04Newalkar_CarMaker	0	1.364	1.55628
SIM	1685017850	PCHGSTGD2	son5687	04Newalkar_CarMaker	0	9.651	83.3107
SIM	1685017868	PCHGSTGD2	son5687	04Newalkar_CarMaker	0	9.651	83.3107
SIM	1685017887	PCHGSTGD2	son5687	04Newalkar_CarMaker	0	9.651	83.3107
SIM	1685017931	PCHGSTGD2	son5687	04Newalkar_CarMaker	0	9.651	83.3107
SIM	1685017947	PCHGSTGD2	son5687	04Newalkar_CarMaker	0	2.766	8.70696
SIM	1685017957	PCHGSTGD2	son5687	04Newalkar_CarMaker	0	9.651	83.3107
SIM	1685017977	PCHGSTGD2	son5687	04Newalkar_CarMaker	0	2.321	5.79881
SIM	1685017984	PCHGSTGD2	son5687	04Newalkar_CarMaker	0	9.651	83.3107
SIM	1685018087	PCHGSTGD2	son5687	04Newalkar_CarMaker	0	9.651	83.3107
SIM	1685018143	PCHGSTGD2	son5687	04Newalkar_CarMaker	0	9.651	83.3107
SIM	1685018160	PCHGSTGD2	son5687	04Newalkar_CarMaker	0	9.651	83.3107
SIM	1685018197	PCHGSTGD2	son5687	04Newalkar_CarMaker	0	7.242	52.8358
SIM	1685018263	PCHGSTGD2	son5687	04Newalkar_CarMaker	0	5.251	33.0881
SIM	1685018303	PCHGSTGD2	son5687	04Newalkar_CarMaker	0	5.429	34.8328
SIM	1685018327	PCHGSTGD2	son5687	04Newalkar_CarMaker	0	2.744	8.54923
SIM	1685018361	PCHGSTGD2	son5687	04Newalkar_CarMaker	0	9.651	83.3107
SIM	1685018433	PCHGSTGD2	son5687	04Newalkar_CarMaker	0	9.651	83.3107
SIM	1685018464	PCHGSTGD2	son5687	04Newalkar_CarMaker	0	9.651	83.3107
SIM	1685018493	PCHGSTGD2	son5687	04Newalkar_CarMaker	0	9.651	83.3107
SIM	1685018522	PCHGSTGD2	son5687	04Newalkar_CarMaker	0	7.443	55.1427
SIM	1685018551	PCHGSTGD2	son5687	04Newalkar_CarMaker	0	9.651	83.3107
SIM	1685018574	PCHGSTGD2	son5687	04Newalkar_CarMaker	0	9.651	83.3107
SIM	1685018664	PCHGSTGD2	son5687	04Newalkar_CarMaker	0	9.651	83.3107
SIM	1685018701	PCHGSTGD2	son5687	04Newalkar_CarMaker	0	9.651	83.3107
SIM	1685018844	PCHGSTGD2	son5687	04Newalkar_CarMaker	0	9.651	83.3107
SIM	1685018983	PCHGSTGD2	son5687	04Newalkar_CarMaker	0	9.651	83.3107
SIM	1685019015	PCHGSTGD2	son5687	04Newalkar_CarMaker	0	9.651	83.3107
SIM	1685019056	PCHGSTGD2	son5687	04Newalkar_CarMaker	0	9.651	83.3107
SIM	1685019090	PCHGSTGD2	son5687	04Newalkar_CarMaker	0	9.651	83.3107
SIM	1685019114	PCHGSTGD2	son5687	04Newalkar_CarMaker	0	9.651	83.3107
SIM	1685019148	PCHGSTGD2	son5687	04Newalkar_CarMaker	0	9.651	83.3107
SIM	1685019193	PCHGSTGD2	son5687	04Newalkar_CarMaker	0	9.651	83.3107
SIM	1685019235	PCHGSTGD2	son5687	04Newalkar_CarMaker	0	9.651	83.3107
SIM	1685019292	PCHGSTGD2	son5687	04Newalkar_CarMaker	0	9.651	83.3107
SIM	1685019340	PCHGSTGD2	son5687	04Newalkar_CarMaker	0	9.651	83.3107
SIM	1685019420	PCHGSTGD2	son5687	04Newalkar_CarMaker	0	9.651	83.3107
SIM	1685019487	PCHGSTGD2	son5687	04Newalkar_CarMaker	0	9.651	83.3107
SIM	1685019520	PCHGSTGD2	son5687	04Newalkar_CarMaker	0	9.651	83.3107
SIM	1685019574	PCHGSTGD2	son5687	04Newalkar_CarMaker	0	9.651	83.3107
SIM	1685019625	PCHGSTGD2	son5687	04Newalkar_CarMaker	0	9.651	83.3107
SIM	1685019660	PCHGSTGD2	son5687	04Newalkar_CarMaker	0	9.651	83.3107
SIM	1685019703	PCHGSTGD2	son5687	04Newalkar_CarMaker	0	9.651	83.3107
SIM	1685019980	PCHGSTGD2	son5687	04Newalkar_CarMaker	0	9.651	83.3107
SIM	1685020096	PCHGSTGD2	son5687	04Newalkar_CarMaker	0	9.651	83.3107
SIM	1685020129	PCHGSTGD2	son5687	04Newalkar_CarMaker	0	9.651	83.3107
SIM	1685020559	PCHGSTGD2	son5687	04Newalkar_CarMaker	0	9.651	83.3107
SIM	1685020688	PCHGSTGD2	son5687	04Newalkar_CarMaker	0	9.651	83.3107
SIM	1685020802	PCHGSTGD2	son5687	04Newalkar_CarMaker	0	9.651	83.3107


SYSTEM_START	-	PCHGSTGD2	PCHGSTGD2	2023-05-25 15:57:51


SYSTEM_INFO	Car_Generic &lt;insert.your.version.no&gt; #6	Tessa-Vis-PC@desktop-t7rv54h 2022-06-22 17:18:30	(10.2 fh@obelix.ipg 2021-10-26 11:17:53)
SIM	1685023071	PCHGSTGD2			0	0	0
SIM	1685023073	PCHGSTGD2	son5687	04Newalkar_CarMaker	0	9.651	83.3107
SIM	1685024644	PCHGSTGD2	son5687	04Newalkar_CarMaker	0	9.651	83.3107
SIM	1685025761	PCHGSTGD2	son5687	04Newalkar_CarMaker	0	9.651	83.3107
