

SYSTEM_START	-	VWAGWOL38381251	VWAGWOL38381251	2023-02-20 11:38:10


SYSTEM_INFO	Car_Generic &lt;insert.your.version.no&gt; #6	Tessa-Vis-PC@desktop-t7rv54h 2022-06-22 17:18:30	(10.2 fh@obelix.ipg 2021-10-26 11:17:53)
SIM	1676889490	VWAGWOL38381251			0	0	0
SIM	1676889496	VWAGWOL38381251	SIQBKYU	scenario_1_and_2	0	38.441	157.371
SIM	1676889781	VWAGWOL38381251	SIQBKYU	scenario_1_and_2	0	20.951	84.4952
SIM	1676889932	VWAGWOL38381251	SIQBKYU	scenario_1_and_2	0	71.261	503.719


SYSTEM_START	-	VWAGWOL38381251	VWAGWOL38381251	2023-02-24 12:41:28


SYSTEM_INFO	Car_Generic &lt;insert.your.version.no&gt; #6	Tessa-Vis-PC@desktop-t7rv54h 2022-06-22 17:18:30	(10.2 fh@obelix.ipg 2021-10-26 11:17:53)
SIM	1677238888	VWAGWOL38381251			0	0	0
SIM	1677238889	VWAGWOL38381251	SIQBKYU	MA_Trial	0	65.248	442.066
SIM	1677239299	VWAGWOL38381251	SIQBKYU	MA_Trial	0	6.479	24.1781


SYSTEM_START	-	VWAGWOL38381251	VWAGWOL38381251	2023-02-26 12:26:43


SYSTEM_INFO	Car_Generic &lt;insert.your.version.no&gt; #6	Tessa-Vis-PC@desktop-t7rv54h 2022-06-22 17:18:30	(10.2 fh@obelix.ipg 2021-10-26 11:17:53)
SIM	1677410803	VWAGWOL38381251			0	0	0


SYSTEM_START	-	VWAGWOL38381251	VWAGWOL38381251	2023-02-26 12:27:05


SYSTEM_INFO	Car_Generic &lt;insert.your.version.no&gt; #6	Tessa-Vis-PC@desktop-t7rv54h 2022-06-22 17:18:30	(10.2 fh@obelix.ipg 2021-10-26 11:17:53)
SIM	1677410825	VWAGWOL38381251			0	0	0
SIM	1677410826	VWAGWOL38381251	SIQBKYU	MA_Trial	0	71.261	503.719
SIM	1677410957	VWAGWOL38381251	SIQBKYU	MA_Trial	0	24.478	97.4464
SIM	1677411161	VWAGWOL38381251	SIQBKYU	MA_Trial	0	15.4	59.6215
SIM	1677411267	VWAGWOL38381251	SIQBKYU	MA_Trial	0	20.748	81.9047
SIM	1677411314	VWAGWOL38381251	SIQBKYU	MA_Trial	0	46.558	233.51
SIM	1677411443	VWAGWOL38381251	SIQBKYU	MA_Trial	0	48.446	503.213
SIM	1677411510	VWAGWOL38381251	SIQBKYU	MA_Trial	0	25.177	243.159
SIM	1677411757	VWAGWOL38381251	SIQBKYU	MA_Trial	0	44.422	458.241
SIM	1677411949	VWAGWOL38381251	SIQBKYU	MA_Trial	0	28.651	281.985
SIM	1677412013	VWAGWOL38381251	SIQBKYU	MA_Trial	0	9.572	68.0396
SIM	1677412078	VWAGWOL38381251	SIQBKYU	MA_Trial	0	48.288	501.448
SIM	1677421372	VWAGWOL38381251	SIQBKYU	MA_Trial	0	31.869	317.949
SIM	1677421514	VWAGWOL38381251	SIQBKYU	MA_Trial	0	45.382	468.97
SIM	1677421866	VWAGWOL38381251	SIQBKYU	MA_Trial	0	48.446	503.213
SIM	1677422027	VWAGWOL38381251	SIQBKYU	MA_Trial	0	19.572	180.518
SIM	1677422582	VWAGWOL38381251	SIQBKYU	MA_Trial	0	19.051	174.696
SIM	1677422610	VWAGWOL38381251	SIQBKYU	MA_Trial	0	14.103	119.437
SIM	1677422833	VWAGWOL38381251	SIQBKYU	MA_Trial	0	45.734	472.904
SIM	1677423825	VWAGWOL38381251	SIQBKYU	New_MA_CM	0	1.168	3.44572
SIM	1677423899	VWAGWOL38381251	SIQBKYU	New_MA_CM	0	14.709	126.195
SIM	1677423977	VWAGWOL38381251	SIQBKYU	New_MA_CM	0	28.79	283.539
SIM	1677424042	VWAGWOL38381251	SIQBKYU	New_MA_CM	0	48.679	505.819
SIM	1677424281	VWAGWOL38381251	SIQBKYU	New_MA_CM	0	36.287	367.326


SYSTEM_START	-	VWAGWOL38381251	VWAGWOL38381251	2023-03-02 10:39:55


SYSTEM_INFO	Car_Generic &lt;insert.your.version.no&gt; #6	Tessa-Vis-PC@desktop-t7rv54h 2022-06-22 17:18:30	(10.2 fh@obelix.ipg 2021-10-26 11:17:53)
SIM	1677749995	VWAGWOL38381251			0	0	0


SYSTEM_START	-	VWAGWOL38381251	VWAGWOL38381251	2023-03-02 10:40:13


SYSTEM_INFO	Car_Generic &lt;insert.your.version.no&gt; #6	Tessa-Vis-PC@desktop-t7rv54h 2022-06-22 17:18:30	(10.2 fh@obelix.ipg 2021-10-26 11:17:53)
SIM	1677750013	VWAGWOL38381251			0	0	0


SYSTEM_START	-	VWAGWOL38381251	VWAGWOL38381251	2023-03-02 10:41:01


SYSTEM_INFO	Car_Generic &lt;insert.your.version.no&gt; #6	Tessa-Vis-PC@desktop-t7rv54h 2022-06-22 17:18:30	(10.2 fh@obelix.ipg 2021-10-26 11:17:53)
SIM	1677750061	VWAGWOL38381251			0	0	0


SYSTEM_START	-	VWAGWOL38381251	VWAGWOL38381251	2023-03-02 10:43:13


SYSTEM_INFO	Car_Generic &lt;insert.your.version.no&gt; #6	Tessa-Vis-PC@desktop-t7rv54h 2022-06-22 17:18:30	(10.2 fh@obelix.ipg 2021-10-26 11:17:53)
SIM	1677750193	VWAGWOL38381251			0	0	0
SIM	1677750195	VWAGWOL38381251	SIQBKYU	New_MA_CM	0	20.652	192.589
SIM	1677750255	VWAGWOL38381251	SIQBKYU	New_MA_CM	0	44.858	463.115
SIM	1677759610	VWAGWOL38381251	SIQBKYU	New_MA_CM	0	47.102	488.194


SYSTEM_START	-	VWAGWOL38381251	VWAGWOL38381251	2023-03-06 14:17:23


SYSTEM_INFO	Car_Generic &lt;insert.your.version.no&gt; #6	Tessa-Vis-PC@desktop-t7rv54h 2022-06-22 17:18:30	(10.2 fh@obelix.ipg 2021-10-26 11:17:53)
SIM	1678108643	VWAGWOL38381251			0	0	0
SIM	1678108646	VWAGWOL38381251	SIQBKYU	New_MA_CM	0	12.622	102.975
SIM	1678108692	VWAGWOL38381251	SIQBKYU	New_MA_CM	0	36.666	371.561
SIM	1678108858	VWAGWOL38381251	SIQBKYU	New_MA_CM	0	48.679	505.819
SIM	1678109402	VWAGWOL38381251	SIQBKYU	New_MA_CM	0	48.679	505.819


SYSTEM_START	-	VWAGWOL38381251	VWAGWOL38381251	2023-03-09 10:29:19


SYSTEM_INFO	Car_Generic &lt;insert.your.version.no&gt; #6	Tessa-Vis-PC@desktop-t7rv54h 2022-06-22 17:18:30	(10.2 fh@obelix.ipg 2021-10-26 11:17:53)
SIM	1678354160	VWAGWOL38381251			0	0	0
SIM	1678354160	VWAGWOL38381251	SIQBKYU	unknown	0	32.639	337.691


SYSTEM_START	-	VWAGWOL38381251	VWAGWOL38381251	2023-03-09 10:34:44


SYSTEM_INFO	Car_Generic &lt;insert.your.version.no&gt; #6	Tessa-Vis-PC@desktop-t7rv54h 2022-06-22 17:18:30	(10.2 fh@obelix.ipg 2021-10-26 11:17:53)
SIM	1678354484	VWAGWOL38381251			0	0	0
SIM	1678354485	VWAGWOL38381251	SIQBKYU	unknown	0	47.809	507.232


SYSTEM_START	-	VWAGWOL38381251	VWAGWOL38381251	2023-03-09 10:54:39


SYSTEM_INFO	Car_Generic &lt;insert.your.version.no&gt; #6	Tessa-Vis-PC@desktop-t7rv54h 2022-06-22 17:18:30	(10.2 fh@obelix.ipg 2021-10-26 11:17:53)
SIM	1678355679	VWAGWOL38381251			0	0	0
SIM	1678355680	VWAGWOL38381251	SIQBKYU	unknown	0	31.472	324.65
SIM	1678355763	VWAGWOL38381251	SIQBKYU	unknown	0	42.983	453.297


SYSTEM_START	-	VWAGWOL38381251	VWAGWOL38381251	2023-03-09 11:02:46


SYSTEM_INFO	Car_Generic &lt;insert.your.version.no&gt; #6	Tessa-Vis-PC@desktop-t7rv54h 2022-06-22 17:18:30	(10.2 fh@obelix.ipg 2021-10-26 11:17:53)
SIM	1678356166	VWAGWOL38381251			0	0	0


SYSTEM_START	-	VWAGWOL38381251	VWAGWOL38381251	2023-03-09 11:03:16


SYSTEM_INFO	Car_Generic &lt;insert.your.version.no&gt; #6	Tessa-Vis-PC@desktop-t7rv54h 2022-06-22 17:18:30	(10.2 fh@obelix.ipg 2021-10-26 11:17:53)
SIM	1678356196	VWAGWOL38381251			0	0	0


SYSTEM_START	-	VWAGWOL38381251	VWAGWOL38381251	2023-03-09 11:03:34


SYSTEM_INFO	Car_Generic &lt;insert.your.version.no&gt; #6	Tessa-Vis-PC@desktop-t7rv54h 2022-06-22 17:18:30	(10.2 fh@obelix.ipg 2021-10-26 11:17:53)
SIM	1678356214	VWAGWOL38381251			0	0	0
SIM	1678356215	VWAGWOL38381251	SIQBKYU	Masterarbeit_CarMaker	0	2.57	7.3529
SIM	1678356242	VWAGWOL38381251	SIQBKYU	Masterarbeit_CarMaker	0	46.287	507.629
SIM	1678356319	VWAGWOL38381251	SIQBKYU	Masterarbeit_CarMaker	0	48.32	308.162
SIM	1678356400	VWAGWOL38381251	SIQBKYU	Masterarbeit_CarMaker	0	0	0
SIM	1678356411	VWAGWOL38381251	SIQBKYU	Masterarbeit_CarMaker	0	45.905	472.959
SIM	1678356486	VWAGWOL38381251	SIQBKYU	Masterarbeit_CarMaker	0	10.14	86.2508
SIM	1678356549	VWAGWOL38381251	SIQBKYU	Masterarbeit_CarMaker	0	9.782	82.253
SIM	1678356601	VWAGWOL38381251	SIQBKYU	Masterarbeit_CarMaker	0	24.936	228.556
SIM	1678356690	VWAGWOL38381251	SIQBKYU	Masterarbeit_CarMaker	0	10.644	98.2592
SIM	1678356757	VWAGWOL38381251	SIQBKYU	Masterarbeit_CarMaker	0	38.383	472.594
SIM	1678356822	VWAGWOL38381251	SIQBKYU	Masterarbeit_CarMaker	0	37.271	457.149
SIM	1678356938	VWAGWOL38381251	SIQBKYU	Masterarbeit_CarMaker	0	33.747	308.374
SIM	1678357003	VWAGWOL38381251	SIQBKYU	Masterarbeit_CarMaker	0	36.905	471.007
SIM	1678357284	VWAGWOL38381251	SIQBKYU	Masterarbeit_CarMaker	0	39.546	507.684
SIM	1678357329	VWAGWOL38381251	SIQBKYU	Masterarbeit_CarMaker	0	20.976	251.537
SIM	1678357372	VWAGWOL38381251	SIQBKYU	Masterarbeit_CarMaker	0	39.546	507.684
SIM	1678357472	VWAGWOL38381251	SIQBKYU	Masterarbeit_CarMaker	0	39.546	507.684
SIM	1678357557	VWAGWOL38381251	SIQBKYU	Masterarbeit_CarMaker	0	35.207	447.441
SIM	1678357635	VWAGWOL38381251	SIQBKYU	Masterarbeit_CarMaker	0	12.11	128.533
SIM	1678357708	VWAGWOL38381251	SIQBKYU	Masterarbeit_CarMaker	0	33.499	423.782
SIM	1678357794	VWAGWOL38381251	SIQBKYU	Masterarbeit_CarMaker	0	29.449	364.682
SIM	1678357855	VWAGWOL38381251	SIQBKYU	Masterarbeit_CarMaker	0	11.207	115.996
SIM	1678357897	VWAGWOL38381251	SIQBKYU	Masterarbeit_CarMaker	0	27.595	336.58


SYSTEM_START	-	VWAGWOL38381251	VWAGWOL38381251	2023-03-09 11:32:39


SYSTEM_INFO	Car_Generic &lt;insert.your.version.no&gt; #6	Tessa-Vis-PC@desktop-t7rv54h 2022-06-22 17:18:30	(10.2 fh@obelix.ipg 2021-10-26 11:17:53)
SIM	1678357959	VWAGWOL38381251			0	0	0
SIM	1678358012	VWAGWOL38381251	SIQBKYU	Masterarbeit_CarMaker	0	34.313	435.05
SIM	1678358067	VWAGWOL38381251	SIQBKYU	Masterarbeit_CarMaker	0	4.881	30.1033


SYSTEM_START	-	VWAGWOL38381251	VWAGWOL38381251	2023-03-10 12:28:30


SYSTEM_INFO	Car_Generic &lt;insert.your.version.no&gt; #6	Tessa-Vis-PC@desktop-t7rv54h 2022-06-22 17:18:30	(10.2 fh@obelix.ipg 2021-10-26 11:17:53)
SIM	1678447710	VWAGWOL38381251			0	0	0
SIM	1678447712	VWAGWOL38381251	SIQBKYU	Masterarbeit_CarMaker	0	33.839	428.488
SIM	1678447776	VWAGWOL38381251	SIQBKYU	Masterarbeit_CarMaker	0	25.063	299.909
SIM	1678447836	VWAGWOL38381251	SIQBKYU	Masterarbeit_CarMaker	0	33.984	430.495
SIM	1678448156	VWAGWOL38381251	SIQBKYU	Masterarbeit_CarMaker	0	18.557	218.072
SIM	1678448397	VWAGWOL38381251	SIQBKYU	Masterarbeit_CarMaker	0	20.941	251.063
SIM	1678449734	VWAGWOL38381251	SIQBKYU	Masterarbeit_CarMaker	0	23.152	277.206
SIM	1678449788	VWAGWOL38381251	SIQBKYU	Masterarbeit_CarMaker	0	36.154	460.581
SIM	1678451228	VWAGWOL38381251	SIQBKYU	Masterarbeit_CarMaker	0	39.546	507.684
SIM	1678451419	VWAGWOL38381251	SIQBKYU	Masterarbeit_CarMaker	0	39.546	507.684
SIM	1678452024	VWAGWOL38381251	SIQBKYU	Masterarbeit_CarMaker	0	39.546	507.684
SIM	1678452081	VWAGWOL38381251	SIQBKYU	Masterarbeit_CarMaker	0	39.546	507.684
SIM	1678452158	VWAGWOL38381251	SIQBKYU	Masterarbeit_CarMaker	0	14.342	159.53
SIM	1678452188	VWAGWOL38381251	SIQBKYU	Masterarbeit_CarMaker	0	31.175	390.689
SIM	1678452258	VWAGWOL38381251	SIQBKYU	Masterarbeit_CarMaker	0	39.546	507.684
SIM	1678452592	VWAGWOL38381251	SIQBKYU	Masterarbeit_CarMaker	0	39.546	507.684
SIM	1678452677	VWAGWOL38381251	SIQBKYU	Masterarbeit_CarMaker	0	39.546	507.684
SIM	1678452813	VWAGWOL38381251	SIQBKYU	Masterarbeit_CarMaker	0	39.546	507.684
SIM	1678452865	VWAGWOL38381251	SIQBKYU	Masterarbeit_CarMaker	0	36.052	459.165
SIM	1678452966	VWAGWOL38381251	SIQBKYU	Masterarbeit_CarMaker	0	9.311	89.7001
SIM	1678452998	VWAGWOL38381251	SIQBKYU	Masterarbeit_CarMaker	0	12.84	138.67
SIM	1678453037	VWAGWOL38381251	SIQBKYU	Masterarbeit_CarMaker	0	18.416	216.114
SIM	1678453075	VWAGWOL38381251	SIQBKYU	Masterarbeit_CarMaker	0	30.23	376.543
SIM	1678453587	VWAGWOL38381251	SIQBKYU	Masterarbeit_CarMaker	0	11.459	119.494
SIM	1678453643	VWAGWOL38381251	SIQBKYU	Masterarbeit_CarMaker	0	29.471	365.017
SIM	1678453721	VWAGWOL38381251	SIQBKYU	Masterarbeit_CarMaker	0	23.592	281.925
SIM	1678453766	VWAGWOL38381251	SIQBKYU	Masterarbeit_CarMaker	0	24.02	286.758
SIM	1678453809	VWAGWOL38381251	SIQBKYU	Masterarbeit_CarMaker	0	9.285	89.34
SIM	1678453840	VWAGWOL38381251	SIQBKYU	Masterarbeit_CarMaker	0	30.667	383.121
SIM	1678453951	VWAGWOL38381251	SIQBKYU	Masterarbeit_CarMaker	0	35.347	449.383
SIM	1678453995	VWAGWOL38381251	SIQBKYU	Masterarbeit_CarMaker	0	13.297	145.017
SIM	1678454058	VWAGWOL38381251	SIQBKYU	Masterarbeit_CarMaker	0	26.183	315.643
SIM	1678454256	VWAGWOL38381251	SIQBKYU	Masterarbeit_CarMaker	0	9.183	87.9279
SIM	1678454677	VWAGWOL38381251	SIQBKYU	Masterarbeit_CarMaker	0	39.546	507.684
SIM	1678454731	VWAGWOL38381251	SIQBKYU	Masterarbeit_CarMaker	0	3.141	11.6187
SIM	1678454833	VWAGWOL38381251	SIQBKYU	Masterarbeit_CarMaker	0	16.29	186.586
SIM	1678455009	VWAGWOL38381251	SIQBKYU	Masterarbeit_CarMaker	0	38.347	491.032
SIM	1678455714	VWAGWOL38381251	SIQBKYU	Masterarbeit_CarMaker	0	24.611	293.985
SIM	1678455814	VWAGWOL38381251	SIQBKYU	Masterarbeit_CarMaker	0	26.26	316.762


SYSTEM_START	-	VWAGWOL38381251	VWAGWOL38381251	2023-03-11 13:36:21


SYSTEM_INFO	Car_Generic &lt;insert.your.version.no&gt; #6	Tessa-Vis-PC@desktop-t7rv54h 2022-06-22 17:18:30	(10.2 fh@obelix.ipg 2021-10-26 11:17:53)
SIM	1678538181	VWAGWOL38381251			0	0	0
SIM	1678538182	VWAGWOL38381251	SIQBKYU	Masterarbeit_CarMaker_2023	0	25.089	308.794
SIM	1678538222	VWAGWOL38381251	SIQBKYU	Masterarbeit_CarMaker_2023	0	31.553	398.572
SIM	1678538438	VWAGWOL38381251	SIQBKYU	Masterarbeit_CarMaker_2023	0	29.777	373.905
SIM	1678538549	VWAGWOL38381251	SIQBKYU	Masterarbeit_CarMaker_2023	0	29.133	364.961
SIM	1678538695	VWAGWOL38381251	SIQBKYU	Masterarbeit_CarMaker_2023	0	35.236	446.281
SIM	1678538751	VWAGWOL38381251	SIQBKYU	Masterarbeit_CarMaker_2023	0	37.126	472.512
SIM	1678538818	VWAGWOL38381251	SIQBKYU	Masterarbeit_CarMaker_2023	0	6.056	45.2093
SIM	1678538883	VWAGWOL38381251	SIQBKYU	Masterarbeit_CarMaker_2023	0	4.639	27.1625
SIM	1678539211	VWAGWOL38381251	SIQBKYU	Masterarbeit_CarMaker_2023	0	29.132	358.151
SIM	1678539318	VWAGWOL38381251	SIQBKYU	Masterarbeit_CarMaker_2023	0	21.39	257.016
SIM	1678539420	VWAGWOL38381251	SIQBKYU	Masterarbeit_CarMaker_2023	0	25.948	310.818
SIM	1678539685	VWAGWOL38381251	SIQBKYU	Masterarbeit_CarMaker_2023	0	28.73	352.049
SIM	1678539816	VWAGWOL38381251	SIQBKYU	Masterarbeit_CarMaker_2023	0	18.314	214.697
SIM	1678539902	VWAGWOL38381251	SIQBKYU	Masterarbeit_CarMaker_2023	0	15.359	173.655
SIM	1678539972	VWAGWOL38381251	SIQBKYU	Masterarbeit_CarMaker_2023	0	36.909	469.499
SIM	1678540025	VWAGWOL38381251	SIQBKYU	Masterarbeit_CarMaker_2023	0	9.481	92.0547
SIM	1678540046	VWAGWOL38381251	SIQBKYU	Masterarbeit_CarMaker_2023	0	29.324	361.07
SIM	1678540721	VWAGWOL38381251	SIQBKYU	Masterarbeit_CarMaker_2023	0	0	0
SIM	1678540754	VWAGWOL38381251	SIQBKYU	Masterarbeit_CarMaker_2023	0	42.456	310.369
SIM	1678540882	VWAGWOL38381251	SIQBKYU	Masterarbeit_CarMaker_2023	0	43.013	522.501
SIM	1678540970	VWAGWOL38381251	SIQBKYU	Masterarbeit_CarMaker_2023	0	33.724	426.315
SIM	1678541044	VWAGWOL38381251	SIQBKYU	Masterarbeit_CarMaker_2023	0	40.686	522.307
SIM	1678541143	VWAGWOL38381251	SIQBKYU	Masterarbeit_CarMaker_2023	0	27.542	332.414
SIM	1678541187	VWAGWOL38381251	SIQBKYU	Masterarbeit_CarMaker_2023	0	30.826	383.812
SIM	1678541239	VWAGWOL38381251	SIQBKYU	Masterarbeit_CarMaker_2023	0	32.448	407.499
SIM	1678541300	VWAGWOL38381251	SIQBKYU	Masterarbeit_CarMaker_2023	0	30.512	379.097
SIM	1678541387	VWAGWOL38381251	SIQBKYU	Masterarbeit_CarMaker_2023	0	33.755	425.767
SIM	1678541443	VWAGWOL38381251	SIQBKYU	Masterarbeit_CarMaker_2023	0	27.127	327.95
SIM	1678541478	VWAGWOL38381251	SIQBKYU	Masterarbeit_CarMaker_2023	0	29.081	357.376
SIM	1678541531	VWAGWOL38381251	SIQBKYU	Masterarbeit_CarMaker_2023	0	29.126	358.06
SIM	1678547143	VWAGWOL38381251	SIQBKYU	Masterarbeit_CarMaker_2023	0	38.445	490.829
SIM	1678548924	VWAGWOL38381251	SIQBKYU	Masterarbeit_CarMaker_2023	0	12.166	129.311
SIM	1678549098	VWAGWOL38381251	SIQBKYU	Masterarbeit_CarMaker_2023	0	30.771	382.989
SIM	1678549190	VWAGWOL38381251	SIQBKYU	Masterarbeit_CarMaker_2023	0	32.886	413.676
SIM	1678549260	VWAGWOL38381251	SIQBKYU	Masterarbeit_CarMaker_2023	0	29.937	370.391
SIM	1678552594	VWAGWOL38381251	SIQBKYU	Masterarbeit_CarMaker_2023	0	40.711	522.301
SIM	1678552714	VWAGWOL38381251	SIQBKYU	Masterarbeit_CarMaker_2023	0	10.663	108.445
SIM	1678552917	VWAGWOL38381251	SIQBKYU	Masterarbeit_CarMaker_2023	0	12.432	133.004
SIM	1678552963	VWAGWOL38381251	SIQBKYU	Masterarbeit_CarMaker_2023	0	9.178	87.8587
SIM	1678553050	VWAGWOL38381251	SIQBKYU	Masterarbeit_CarMaker_2023	0	29.809	368.446
SIM	1678553115	VWAGWOL38381251	SIQBKYU	Masterarbeit_CarMaker_2023	0	2.768	8.72138
SIM	1678622203	VWAGWOL38381251	SIQBKYU	Masterarbeit_CarMaker_2023	0	40.711	522.301
SIM	1678628922	VWAGWOL38381251	SIQBKYU	Masterarbeit_CarMaker_2023	0	40.711	522.301
SIM	1678628991	VWAGWOL38381251	SIQBKYU	Masterarbeit_CarMaker_2023	0	28.505	348.64
SIM	1678629236	VWAGWOL38381251	SIQBKYU	Masterarbeit_CarMaker_2023	0	20.236	241.387
SIM	1678629311	VWAGWOL38381251	SIQBKYU	Masterarbeit_CarMaker_2023	0	15.114	170.252
SIM	1678629371	VWAGWOL38381251	SIQBKYU	Masterarbeit_CarMaker_2023	0	24.445	291.063
SIM	1678629502	VWAGWOL38381251	SIQBKYU	Masterarbeit_CarMaker_2023	0	40.711	522.301
SIM	1678629616	VWAGWOL38381251	SIQBKYU	Masterarbeit_CarMaker_2023	0	31.92	399.945
SIM	1678629671	VWAGWOL38381251	SIQBKYU	Masterarbeit_CarMaker_2023	0	26.465	318.226
SIM	1678629713	VWAGWOL38381251	SIQBKYU	Masterarbeit_CarMaker_2023	0	28.014	341.223
SIM	1678629756	VWAGWOL38381251	SIQBKYU	Masterarbeit_CarMaker_2023	0	32.24	404.54
SIM	1678629801	VWAGWOL38381251	SIQBKYU	Masterarbeit_CarMaker_2023	0	31.519	394.099
SIM	1678629852	VWAGWOL38381251	SIQBKYU	Masterarbeit_CarMaker_2023	0	31.088	387.722
SIM	1678629892	VWAGWOL38381251	SIQBKYU	Masterarbeit_CarMaker_2023	0	31.509	393.952
SIM	1678633631	VWAGWOL38381251	SIQBKYU	Masterarbeit_CarMaker_2023	0	40.711	522.301
SIM	1678633722	VWAGWOL38381251	SIQBKYU	Masterarbeit_CarMaker_2023	0	6.23	47.5239
SIM	1678633746	VWAGWOL38381251	SIQBKYU	Masterarbeit_CarMaker_2023	0	18.474	216.919
SIM	1678633839	VWAGWOL38381251	SIQBKYU	Masterarbeit_CarMaker_2023	0	0.415	0.0310872
SIM	1678634896	VWAGWOL38381251	SIQBKYU	Masterarbeit_CarMaker_2023	0	15.599	176.989
SIM	1678637104	VWAGWOL38381251	SIQBKYU	Masterarbeit_CarMaker_2023	0	34.327	433.684
SIM	1678637160	VWAGWOL38381251	SIQBKYU	Masterarbeit_CarMaker_2023	0	31.811	398.365


SYSTEM_START	-	VWAGWOL38381251	VWAGWOL38381251	2023-03-13 12:56:27


SYSTEM_INFO	Car_Generic &lt;insert.your.version.no&gt; #6	Tessa-Vis-PC@desktop-t7rv54h 2022-06-22 17:18:30	(10.2 fh@obelix.ipg 2021-10-26 11:17:53)
SIM	1678708587	VWAGWOL38381251			0	0	0


SYSTEM_START	-	VWAGWOL38381251	VWAGWOL38381251	2023-03-13 12:56:44


SYSTEM_INFO	Car_Generic &lt;insert.your.version.no&gt; #6	Tessa-Vis-PC@desktop-t7rv54h 2022-06-22 17:18:30	(10.2 fh@obelix.ipg 2021-10-26 11:17:53)
SIM	1678708605	VWAGWOL38381251			0	0	0


SYSTEM_START	-	VWAGWOL38381251	VWAGWOL38381251	2023-03-13 12:57:04


SYSTEM_INFO	Car_Generic &lt;insert.your.version.no&gt; #6	Tessa-Vis-PC@desktop-t7rv54h 2022-06-22 17:18:30	(10.2 fh@obelix.ipg 2021-10-26 11:17:53)
SIM	1678708624	VWAGWOL38381251			0	0	0


SYSTEM_START	-	VWAGWOL38381251	VWAGWOL38381251	2023-03-13 12:57:20


SYSTEM_INFO	Car_Generic &lt;insert.your.version.no&gt; #6	Tessa-Vis-PC@desktop-t7rv54h 2022-06-22 17:18:30	(10.2 fh@obelix.ipg 2021-10-26 11:17:53)
SIM	1678708640	VWAGWOL38381251			0	0	0


SYSTEM_START	-	VWAGWOL38381251	VWAGWOL38381251	2023-03-13 12:58:08


SYSTEM_INFO	Car_Generic &lt;insert.your.version.no&gt; #6	Tessa-Vis-PC@desktop-t7rv54h 2022-06-22 17:18:30	(10.2 fh@obelix.ipg 2021-10-26 11:17:53)
SIM	1678708688	VWAGWOL38381251			0	0	0


SYSTEM_START	-	VWAGWOL38381251	VWAGWOL38381251	2023-03-13 12:59:36


SYSTEM_INFO	Car_Generic &lt;insert.your.version.no&gt; #6	Tessa-Vis-PC@desktop-t7rv54h 2022-06-22 17:18:30	(10.2 fh@obelix.ipg 2021-10-26 11:17:53)
SIM	1678708776	VWAGWOL38381251			0	0	0


SYSTEM_START	-	VWAGWOL38381251	VWAGWOL38381251	2023-03-13 13:02:58


SYSTEM_INFO	Car_Generic &lt;insert.your.version.no&gt; #6	Tessa-Vis-PC@desktop-t7rv54h 2022-06-22 17:18:30	(10.2 fh@obelix.ipg 2021-10-26 11:17:53)
SIM	1678708978	VWAGWOL38381251			0	0	0


SYSTEM_START	-	VWAGWOL38381251	VWAGWOL38381251	2023-03-13 13:03:30


SYSTEM_INFO	Car_Generic &lt;insert.your.version.no&gt; #6	Tessa-Vis-PC@desktop-t7rv54h 2022-06-22 17:18:30	(10.2 fh@obelix.ipg 2021-10-26 11:17:53)
SIM	1678709010	VWAGWOL38381251			0	0	0


SYSTEM_START	-	VWAGWOL38381251	VWAGWOL38381251	2023-03-13 13:03:55


SYSTEM_INFO	Car_Generic &lt;insert.your.version.no&gt; #6	Tessa-Vis-PC@desktop-t7rv54h 2022-06-22 17:18:30	(10.2 fh@obelix.ipg 2021-10-26 11:17:53)
SIM	1678709035	VWAGWOL38381251			0	0	0


SYSTEM_START	-	VWAGWOL38381251	VWAGWOL38381251	2023-03-13 13:04:17


SYSTEM_INFO	Car_Generic &lt;insert.your.version.no&gt; #6	Tessa-Vis-PC@desktop-t7rv54h 2022-06-22 17:18:30	(10.2 fh@obelix.ipg 2021-10-26 11:17:53)
SIM	1678709058	VWAGWOL38381251			0	0	0
SIM	1678709058	VWAGWOL38381251	SIQBKYU	Masterarbeit_CarMaker	0	12.051	127.714
SIM	1678709078	VWAGWOL38381251	SIQBKYU	Masterarbeit_CarMaker_2023	0	31.978	400.782
SIM	1678709174	VWAGWOL38381251	SIQBKYU	Masterarbeit_CarMaker_2023	0	32.399	406.804
SIM	1678709233	VWAGWOL38381251	SIQBKYU	Masterarbeit_CarMaker_2023	0	32.636	410.158
SIM	1678709291	VWAGWOL38381251	SIQBKYU	Masterarbeit_CarMaker_2023	0	6.303	48.4991
SIM	1678709317	VWAGWOL38381251	SIQBKYU	Masterarbeit_CarMaker_2023	0	13.438	146.975
SIM	1678709353	VWAGWOL38381251	SIQBKYU	Masterarbeit_CarMaker_2023	0	36.737	467.111
SIM	1678710146	VWAGWOL38381251	SIQBKYU	Masterarbeit_CarMaker_2023	0	0.002	1.2763e-010
SIM	1678710152	VWAGWOL38381251	SIQBKYU	Masterarbeit_CarMaker_2023	0	0.002	1.2763e-010
SIM	1678710179	VWAGWOL38381251	SIQBKYU	Masterarbeit_CarMaker_2023	0	20.536	245.525
SIM	1678710240	VWAGWOL38381251	SIQBKYU	Masterarbeit_CarMaker_2023	0	28.31	345.69
SIM	1678710283	VWAGWOL38381251	SIQBKYU	Masterarbeit_CarMaker_2023	0	26.289	315.682
SIM	1678710324	VWAGWOL38381251	SIQBKYU	Masterarbeit_CarMaker_2023	0	26.974	325.684
SIM	1678710366	VWAGWOL38381251	SIQBKYU	Masterarbeit_CarMaker_2023	0	27.177	328.692
SIM	1678710420	VWAGWOL38381251	SIQBKYU	Masterarbeit_CarMaker_2023	0	27.217	329.286
SIM	1678710466	VWAGWOL38381251	SIQBKYU	Masterarbeit_CarMaker_2023	0	27.244	329.688
SIM	1678710517	VWAGWOL38381251	SIQBKYU	Masterarbeit_CarMaker_2023	0	27.264	329.985
SIM	1678710584	VWAGWOL38381251	SIQBKYU	Masterarbeit_CarMaker_2023	0	27.264	329.985
SIM	1678710677	VWAGWOL38381251	SIQBKYU	Masterarbeit_CarMaker_2023	0	27.264	329.985
SIM	1678710731	VWAGWOL38381251	SIQBKYU	Masterarbeit_CarMaker_2023	0	27.264	329.985
SIM	1678710803	VWAGWOL38381251	SIQBKYU	Masterarbeit_CarMaker_2023	0	27.264	329.985
SIM	1678710870	VWAGWOL38381251	SIQBKYU	Masterarbeit_CarMaker_2023	0	27.264	329.985
SIM	1678710964	VWAGWOL38381251	SIQBKYU	Masterarbeit_CarMaker_2023	0	27.264	329.985
SIM	1678711005	VWAGWOL38381251	SIQBKYU	Masterarbeit_CarMaker_2023	0	27.264	329.985
SIM	1678711076	VWAGWOL38381251	SIQBKYU	Masterarbeit_CarMaker_2023	0	27.264	329.985
SIM	1678711780	VWAGWOL38381251	SIQBKYU	Masterarbeit_CarMaker_2023	0	27.264	329.985
SIM	1678711830	VWAGWOL38381251	SIQBKYU	Masterarbeit_CarMaker_2023	0	27.264	329.985
SIM	1678711894	VWAGWOL38381251	SIQBKYU	Masterarbeit_CarMaker_2023	0	4.559	26.2086
SIM	1678711902	VWAGWOL38381251	SIQBKYU	Masterarbeit_CarMaker_2023	0	27.264	329.985
SIM	1678711947	VWAGWOL38381251	SIQBKYU	Masterarbeit_CarMaker_2023	0	27.264	329.985
SIM	1678712001	VWAGWOL38381251	SIQBKYU	Masterarbeit_CarMaker_2023	0	27.264	329.985
SIM	1678714656	VWAGWOL38381251	SIQBKYU	Masterarbeit_CarMaker_2023	0	27.264	329.985
SIM	1678714710	VWAGWOL38381251	SIQBKYU	Masterarbeit_CarMaker_2023	0	27.264	329.985
SIM	1678714780	VWAGWOL38381251	SIQBKYU	Masterarbeit_CarMaker_2023	0	27.264	329.985
SIM	1678714829	VWAGWOL38381251	SIQBKYU	Masterarbeit_CarMaker_2023	0	27.264	329.985
SIM	1678714874	VWAGWOL38381251	SIQBKYU	Masterarbeit_CarMaker_2023	0	27.264	329.985
SIM	1678714920	VWAGWOL38381251	SIQBKYU	Masterarbeit_CarMaker_2023	0	27.264	329.985
SIM	1678714968	VWAGWOL38381251	SIQBKYU	Masterarbeit_CarMaker_2023	0	27.264	329.985
SIM	1678715020	VWAGWOL38381251	SIQBKYU	Masterarbeit_CarMaker_2023	0	27.264	329.985
SIM	1678715065	VWAGWOL38381251	SIQBKYU	Masterarbeit_CarMaker_2023	0	27.264	329.985
SIM	1678715106	VWAGWOL38381251	SIQBKYU	Masterarbeit_CarMaker_2023	0	27.264	329.985
SIM	1678715221	VWAGWOL38381251	SIQBKYU	Masterarbeit_CarMaker_2023	0	27.264	329.985
SIM	1678715342	VWAGWOL38381251	SIQBKYU	Masterarbeit_CarMaker_2023	0	27.264	329.985
SIM	1678715387	VWAGWOL38381251	SIQBKYU	Masterarbeit_CarMaker_2023	0	27.264	329.985


SYSTEM_START	-	VWAGWOL38381251	VWAGWOL38381251	2023-03-17 09:00:52


SYSTEM_INFO	Car_Generic &lt;insert.your.version.no&gt; #6	Tessa-Vis-PC@desktop-t7rv54h 2022-06-22 17:18:30	(10.2 fh@obelix.ipg 2021-10-26 11:17:53)
SIM	1679040052	VWAGWOL38381251			0	0	0


SYSTEM_START	-	VWAGWOL38381251	VWAGWOL38381251	2023-03-17 09:01:03


SYSTEM_INFO	Car_Generic &lt;insert.your.version.no&gt; #6	Tessa-Vis-PC@desktop-t7rv54h 2022-06-22 17:18:30	(10.2 fh@obelix.ipg 2021-10-26 11:17:53)
SIM	1679040063	VWAGWOL38381251			0	0	0
SIM	1679040065	VWAGWOL38381251	SIQBKYU	Masterarbeit_CarMaker	0	0.941	0.554955
SIM	1679042011	VWAGWOL38381251	SIQBKYU	Masterarbeit_CarMaker_2023	0	16.916	195.28
SIM	1679047430	VWAGWOL38381251	SIQBKYU	Masterarbeit_CarMaker_2023	0	27.264	329.985
SIM	1679047494	VWAGWOL38381251	SIQBKYU	Masterarbeit_CarMaker_2023	0	15.356	173.614
SIM	1679047550	VWAGWOL38381251	SIQBKYU	Masterarbeit_CarMaker_2023	0	22.064	265.266
SIM	1679047643	VWAGWOL38381251	SIQBKYU	Masterarbeit_CarMaker_2023	0	18.253	213.85
SIM	1679059096	VWAGWOL38381251	SIQBKYU	Masterarbeit_CarMaker_2023	0	27.264	329.985
SIM	1679059982	VWAGWOL38381251	SIQBKYU	Masterarbeit_CarMaker_2023	0	27.264	329.985
SIM	1679060075	VWAGWOL38381251	SIQBKYU	Masterarbeit_CarMaker_2023	0	27.264	329.985
SIM	1679060155	VWAGWOL38381251	SIQBKYU	Masterarbeit_CarMaker_2023	0	27.264	329.985
SIM	1679060425	VWAGWOL38381251	SIQBKYU	Masterarbeit_CarMaker_2023	0	27.264	329.985
SIM	1679060506	VWAGWOL38381251	SIQBKYU	Masterarbeit_CarMaker_2023	0	27.264	329.985
SIM	1679060549	VWAGWOL38381251	SIQBKYU	Masterarbeit_CarMaker_2023	0	19.088	225.447
SIM	1679060609	VWAGWOL38381251	SIQBKYU	Masterarbeit_CarMaker_2023	0	27.264	329.985
SIM	1679060671	VWAGWOL38381251	SIQBKYU	Masterarbeit_CarMaker_2023	0	12.553	134.685
SIM	1679060704	VWAGWOL38381251	SIQBKYU	Masterarbeit_CarMaker_2023	0	13.913	153.572
SIM	1679060734	VWAGWOL38381251	SIQBKYU	Masterarbeit_CarMaker_2023	0	27.264	329.985
SIM	1679060831	VWAGWOL38381251	SIQBKYU	Masterarbeit_CarMaker_2023	0	27.264	329.985
SIM	1679061111	VWAGWOL38381251	SIQBKYU	Masterarbeit_CarMaker_2023	0	27.264	329.985
SIM	1679061281	VWAGWOL38381251	SIQBKYU	Masterarbeit_CarMaker_2023	0	27.264	329.985
SIM	1679061320	VWAGWOL38381251	SIQBKYU	Masterarbeit_CarMaker_2023	0	27.264	329.985
SIM	1679061480	VWAGWOL38381251	SIQBKYU	Masterarbeit_CarMaker_2023	0	27.264	329.985
SIM	1679061647	VWAGWOL38381251	SIQBKYU	Masterarbeit_CarMaker_2023	0	27.264	329.985
SIM	1679062379	VWAGWOL38381251	SIQBKYU	Masterarbeit_CarMaker_2023	0	27.264	329.985
SIM	1679062455	VWAGWOL38381251	SIQBKYU	Masterarbeit_CarMaker_2023	0	27.264	329.985
SIM	1679062535	VWAGWOL38381251	SIQBKYU	Masterarbeit_CarMaker_2023	0	14.97	168.252
SIM	1679062554	VWAGWOL38381251	SIQBKYU	Masterarbeit_CarMaker_2023	0	27.264	329.985
SIM	1679062643	VWAGWOL38381251	SIQBKYU	Masterarbeit_CarMaker_2023	0	27.264	329.985
SIM	1679062698	VWAGWOL38381251	SIQBKYU	Masterarbeit_CarMaker_2023	0	27.264	329.985
SIM	1679062940	VWAGWOL38381251	SIQBKYU	Masterarbeit_CarMaker_2023	0	27.264	329.985
SIM	1679063044	VWAGWOL38381251	SIQBKYU	Masterarbeit_CarMaker_2023	0	27.264	329.985
SIM	1679063085	VWAGWOL38381251	SIQBKYU	Masterarbeit_CarMaker_2023	0	27.264	329.985
SIM	1679063136	VWAGWOL38381251	SIQBKYU	Masterarbeit_CarMaker_2023	0	27.264	329.985
SIM	1679063947	VWAGWOL38381251	SIQBKYU	Masterarbeit_CarMaker_2023	0	12.497	133.907
SIM	1679063992	VWAGWOL38381251	SIQBKYU	Masterarbeit_CarMaker_2023	0	27.264	329.985
SIM	1679064039	VWAGWOL38381251	SIQBKYU	Masterarbeit_CarMaker_2023	0	14.078	155.864
SIM	1679064155	VWAGWOL38381251	SIQBKYU	Masterarbeit_CarMaker_2023	0	27.264	329.985
SIM	1679064828	VWAGWOL38381251	SIQBKYU	Masterarbeit_CarMaker_2023	0	27.264	329.985
SIM	1679064885	VWAGWOL38381251	SIQBKYU	Masterarbeit_CarMaker_2023	0	27.264	329.985
SIM	1679064935	VWAGWOL38381251	SIQBKYU	Masterarbeit_CarMaker_2023	0	15.73	178.808
SIM	1679064968	VWAGWOL38381251	SIQBKYU	Masterarbeit_CarMaker_2023	0	15.559	176.433
SIM	1679065024	VWAGWOL38381251	SIQBKYU	Masterarbeit_CarMaker_2023	0	27.264	329.985
SIM	1679065109	VWAGWOL38381251	SIQBKYU	Masterarbeit_CarMaker_2023	0	27.264	329.985


SYSTEM_START	-	VWAGWOL38381251	VWAGWOL38381251	2023-03-19 13:52:05


SYSTEM_INFO	Car_Generic &lt;insert.your.version.no&gt; #6	Tessa-Vis-PC@desktop-t7rv54h 2022-06-22 17:18:30	(10.2 fh@obelix.ipg 2021-10-26 11:17:53)
SIM	1679230325	VWAGWOL38381251			0	0	0
SIM	1679230328	VWAGWOL38381251	SIQBKYU	Masterarbeit_CarMaker	0	0.997	0.656937
SIM	1679230346	VWAGWOL38381251	SIQBKYU	Masterarbeit_CarMaker_2023	0	27.264	329.985
SIM	1679230755	VWAGWOL38381251	SIQBKYU	Masterarbeit_CarMaker_2023	1	0	329.985
SIM	1679230805	VWAGWOL38381251	SIQBKYU	Masterarbeit_CarMaker_2023	1	0	0
SIM	1679230824	VWAGWOL38381251	SIQBKYU	Masterarbeit_CarMaker_2023	1	0	0
SIM	1679230857	VWAGWOL38381251	SIQBKYU	Masterarbeit_CarMaker_2023	1	0	0


SYSTEM_START	-	VWAGWOL38381251	VWAGWOL38381251	2023-03-19 14:01:47


SYSTEM_INFO	Car_Generic &lt;insert.your.version.no&gt; #6	Tessa-Vis-PC@desktop-t7rv54h 2022-06-22 17:18:30	(10.2 fh@obelix.ipg 2021-10-26 11:17:53)
SIM	1679230907	VWAGWOL38381251			0	0	0
SIM	1679230910	VWAGWOL38381251	SIQBKYU	Masterarbeit_CarMaker	0	0.695	0.215487
SIM	1679230994	VWAGWOL38381251	SIQBKYU	Masterarbeit_CarMaker_2023	1	0	0.215487
SIM	1679231013	VWAGWOL38381251	SIQBKYU	Masterarbeit_CarMaker_2023	1	0	0
SIM	1679231030	VWAGWOL38381251	SIQBKYU	Masterarbeit_CarMaker_2023	1	0	0
SIM	1679231262	VWAGWOL38381251	SIQBKYU	Masterarbeit_CarMaker_2023	0	1.776	3.04615
SIM	1679231292	VWAGWOL38381251	SIQBKYU	Masterarbeit_CarMaker_2023	0	34.738	329.999
SIM	1679231402	VWAGWOL38381251	SIQBKYU	Masterarbeit_CarMaker_2023	1	0	329.999
SIM	1679231679	VWAGWOL38381251	SIQBKYU	Masterarbeit_CarMaker_2023	0	34.996	329.99
SIM	1679231745	VWAGWOL38381251	SIQBKYU	Masterarbeit_CarMaker_2023	0	27.63	329.977
SIM	1679231808	VWAGWOL38381251	SIQBKYU	Masterarbeit_CarMaker_2023	0	24.484	282.455
SIM	1679231872	VWAGWOL38381251	SIQBKYU	Masterarbeit_CarMaker_2023	0	27.302	329.971
SIM	1679231925	VWAGWOL38381251	SIQBKYU	Masterarbeit_CarMaker_2023	0	22.546	266.862
SIM	1679231960	VWAGWOL38381251	SIQBKYU	Masterarbeit_CarMaker_2023	0	27.102	329.959
SIM	1679232019	VWAGWOL38381251	SIQBKYU	Masterarbeit_CarMaker_2023	0	12.744	133.996
SIM	1679232050	VWAGWOL38381251	SIQBKYU	Masterarbeit_CarMaker_2023	0	26.89	329.974
SIM	1679232093	VWAGWOL38381251	SIQBKYU	Masterarbeit_CarMaker_2023	0	27.102	329.959
SIM	1679234409	VWAGWOL38381251	SIQBKYU	Masterarbeit_CarMaker_2023	0	14.696	161.91
