APPLICATION	Car_Generic &lt;insert.your.version.no&gt; #24 (win64-10.0)
COMPILED	Students@pc-mib-mobile 2021-07-06 17:16:41
 
FIRST_INIT	(internal default used)	2022-06-27 09:17:27
TIME	0.000
		Sender started with UDP Configuration: 
 IP-Adress: 127.0.0.1 
 Port: 8051 
		UDP_Client started on port 8051Connection closed... 
SIM_END			0s	0m
IDLE	09:17:28
SIM_START	scenario_1_and_2	2022-06-27 09:17:28
TIME	0.025
		Connection closed...Sender started with UDP Configuration: 
 IP-Adress: 127.0.0.1 
 Port: 8051 
TIME	0.000
SIMULATE	scenario_1_and_2

TIME	49.806
		UDP_Client started on port 8051Connection closed... 
SIM_END		scenario_1_and_2	49.802s	291.135m
SIM_START	scenario_1_and_2	2022-06-27 09:18:26
TIME	50.562
		Connection closed...Sender started with UDP Configuration: 
 IP-Adress: 127.0.0.1 
 Port: 8051 
TIME	0.000
SIMULATE	scenario_1_and_2

TIME	5.645
		UDP_Client started on port 8051Connection closed... 
SIM_END		scenario_1_and_2	5.641s	20.6384m
SIM_START	scenario_1_and_2	2022-06-27 09:18:35
TIME	5.825
		Connection closed...Sender started with UDP Configuration: 
 IP-Adress: 127.0.0.1 
 Port: 8051 
TIME	0.000
SIMULATE	scenario_1_and_2

TIME	7.382
		UDP_Client started on port 8051Connection closed... 
SIM_END		scenario_1_and_2	7.378s	27.9458m
SIM_START	scenario_1_and_2	2022-06-27 09:18:55
TIME	8.600
		Connection closed...Sender started with UDP Configuration: 
 IP-Adress: 127.0.0.1 
 Port: 8051 
TIME	0.000
SIMULATE	scenario_1_and_2

TIME	14.068
		UDP_Client started on port 8051Connection closed... 
SIM_END		scenario_1_and_2	14.064s	55.7992m
TIME	18.006
SIM_START	scenario_1_and_2	2022-06-27 09:19:50
TIME	18.006
		Connection closed...Sender started with UDP Configuration: 
 IP-Adress: 127.0.0.1 
 Port: 8051 
TIME	0.000
SIMULATE	scenario_1_and_2

TIME	80.554
		UDP_Client started on port 8051Connection closed... 
SIM_END		scenario_1_and_2	80.55s	597.921m
TIME	86.053
SIM_START	scenario_3_and_4	2022-06-27 09:22:06
TIME	86.053
		Connection closed...Sender started with UDP Configuration: 
 IP-Adress: 127.0.0.1 
 Port: 8051 
TIME	0.000
SIMULATE	scenario_3_and_4

TIME	9.804
		UDP_Client started on port 8051Connection closed... 
SIM_END		scenario_3_and_4	9.8s	70.0764m
SIM_START	scenario_3_and_4	2022-06-27 09:22:29
TIME	10.888
		Connection closed...Sender started with UDP Configuration: 
 IP-Adress: 127.0.0.1 
 Port: 8051 
TIME	0.000
SIMULATE	scenario_3_and_4

TIME	8.779
		UDP_Client started on port 8051Connection closed... 
SIM_END		scenario_3_and_4	8.775s	55.9324m
TIME	12.480
SIM_START	scenario_3_and_4	2022-06-27 09:23:16
TIME	12.480
		Connection closed...Sender started with UDP Configuration: 
 IP-Adress: 127.0.0.1 
 Port: 8051 
TIME	0.000
SIMULATE	scenario_3_and_4

TIME	107.753
		UDP_Client started on port 8051Connection closed... 
SIM_END		scenario_3_and_4	107.75s	1061.01m
TIME	483.262
SIM_START	scenario_3_and_4	2022-06-27 10:27:40
TIME	483.262
		Connection closed...Sender started with UDP Configuration: 
 IP-Adress: 127.0.0.1 
 Port: 8051 
TIME	0.000
SIMULATE	scenario_3_and_4

TIME	107.753
		UDP_Client started on port 8051Connection closed... 
SIM_END		scenario_3_and_4	107.75s	1061.01m
TIME	117.057
SIM_START	scenario_3_and_4	2022-06-27 10:31:03
TIME	117.057
		Connection closed...Sender started with UDP Configuration: 
 IP-Adress: 127.0.0.1 
 Port: 8051 
TIME	0.000
SIMULATE	scenario_3_and_4

TIME	107.754
		UDP_Client started on port 8051Connection closed... 
SIM_END		scenario_3_and_4	107.75s	1061.01m
TIME	150.543
SIM_START	scenario_3_and_4	2022-06-27 10:40:00
TIME	150.543
		Connection closed...Sender started with UDP Configuration: 
 IP-Adress: 127.0.0.1 
 Port: 8051 
TIME	0.000
SIMULATE	scenario_3_and_4

TIME	107.753
		UDP_Client started on port 8051Connection closed... 
SIM_END		scenario_3_and_4	107.75s	1061.01m
TIME	313.859
SIM_START	scenario_3_and_4	2022-06-27 11:16:10
TIME	313.859
		Connection closed...Sender started with UDP Configuration: 
 IP-Adress: 127.0.0.1 
 Port: 8051 
TIME	0.000
SIMULATE	scenario_3_and_4

TIME	107.754
		UDP_Client started on port 8051Connection closed... 
SIM_END		scenario_3_and_4	107.75s	1061.01m
TIME	119.492
SIM_START	scenario_3_and_4	2022-06-27 11:19:56
TIME	119.492
		Connection closed...Sender started with UDP Configuration: 
 IP-Adress: 127.0.0.1 
 Port: 8051 
TIME	0.000
SIMULATE	scenario_3_and_4

TIME	107.753
		UDP_Client started on port 8051Connection closed... 
SIM_END		scenario_3_and_4	107.75s	1061.01m
TIME	142.053
SIM_START	scenario_3_and_4	2022-06-27 11:27:29
TIME	142.053
		Connection closed...Sender started with UDP Configuration: 
 IP-Adress: 127.0.0.1 
 Port: 8051 
TIME	0.000
SIMULATE	scenario_3_and_4

TIME	58.679
		UDP_Client started on port 8051Connection closed... 
SIM_END		scenario_3_and_4	58.675s	505.697m
SIM_START	scenario_3_and_4	2022-06-27 11:28:29
TIME	58.760
		Connection closed...Sender started with UDP Configuration: 
 IP-Adress: 127.0.0.1 
 Port: 8051 
TIME	0.000
SIMULATE	scenario_3_and_4

TIME	107.753
		UDP_Client started on port 8051Connection closed... 
SIM_END		scenario_3_and_4	107.75s	1061.01m
TIME	205.020
SIM_START	scenario_3_and_4	2022-06-27 11:46:31
TIME	205.020
		Connection closed...Sender started with UDP Configuration: 
 IP-Adress: 127.0.0.1 
 Port: 8051 
TIME	0.000
SIMULATE	scenario_3_and_4

TIME	107.754
		UDP_Client started on port 8051Connection closed... 
SIM_END		scenario_3_and_4	107.75s	1061.01m
TIME	121.887
SIM_START	scenario_3_and_4	2022-06-27 11:50:42
TIME	121.887
		Connection closed...Sender started with UDP Configuration: 
 IP-Adress: 127.0.0.1 
 Port: 8051 
TIME	0.000
SIMULATE	scenario_3_and_4

TIME	90.467
		UDP_Client started on port 8051Connection closed... 
SIM_END		scenario_3_and_4	90.463s	892.109m
SIM_START	scenario_3_and_4	2022-06-27 11:52:15
TIME	90.573
		Connection closed...Sender started with UDP Configuration: 
 IP-Adress: 127.0.0.1 
 Port: 8051 
TIME	0.000
SIMULATE	scenario_3_and_4

TIME	81.518
		UDP_Client started on port 8051Connection closed... 
SIM_END		scenario_3_and_4	81.514s	822.484m
SIM_START	scenario_3_and_4	2022-06-27 11:53:41
TIME	81.908
		Connection closed...Sender started with UDP Configuration: 
 IP-Adress: 127.0.0.1 
 Port: 8051 
TIME	0.000
SIMULATE	scenario_3_and_4

TIME	37.728
		UDP_Client started on port 8051Connection closed... 
SIM_END		scenario_3_and_4	37.724s	214.865m
SIM_START	scenario_3_and_4	2022-06-27 11:54:23
TIME	37.939
		Connection closed...Sender started with UDP Configuration: 
 IP-Adress: 127.0.0.1 
 Port: 8051 
TIME	0.000
SIMULATE	scenario_3_and_4

TIME	74.127
		UDP_Client started on port 8051Connection closed... 
SIM_END		scenario_3_and_4	74.123s	720.254m
TIME	120.000
SIM_START	scenario_3_and_4	2022-06-27 12:38:50
TIME	0.019
		Connection closed...Sender started with UDP Configuration: 
 IP-Adress: 127.0.0.1 
 Port: 8051 
TIME	0.000
SIMULATE	scenario_3_and_4

TIME	61.420
		UDP_Client started on port 8051Connection closed... 
SIM_END		scenario_3_and_4	61.416s	543.763m
SIM_START	scenario_3_and_4	2022-06-27 12:39:59
TIME	62.036
		Connection closed...Sender started with UDP Configuration: 
 IP-Adress: 127.0.0.1 
 Port: 8051 
TIME	0.000
SIMULATE	scenario_3_and_4

TIME	107.753
		UDP_Client started on port 8051Connection closed... 
SIM_END		scenario_3_and_4	107.75s	1061.01m
TIME	113.000
SIM_START	scenario_3_and_4	2022-06-27 12:42:40
TIME	113.000
		Connection closed...Sender started with UDP Configuration: 
 IP-Adress: 127.0.0.1 
 Port: 8051 
TIME	0.000
SIMULATE	scenario_3_and_4

TIME	107.754
		UDP_Client started on port 8051Connection closed... 
SIM_END		scenario_3_and_4	107.75s	1061.01m
TIME	119.038
SIM_START	scenario_3_and_4	2022-06-27 12:46:22
TIME	119.038
		Connection closed...Sender started with UDP Configuration: 
 IP-Adress: 127.0.0.1 
 Port: 8051 
TIME	0.000
SIMULATE	scenario_3_and_4

TIME	44.710
		UDP_Client started on port 8051Connection closed... 
SIM_END		scenario_3_and_4	44.706s	311.685m
SIM_START	scenario_3_and_4	2022-06-27 12:47:25
TIME	46.363
		Connection closed...Sender started with UDP Configuration: 
 IP-Adress: 127.0.0.1 
 Port: 8051 
TIME	0.000
SIMULATE	scenario_3_and_4

TIME	43.771
		UDP_Client started on port 8051Connection closed... 
SIM_END		scenario_3_and_4	43.767s	298.643m
TIME	92.552
SIM_START	scenario_3_and_4	2022-06-27 12:56:18
TIME	92.552
		Connection closed...Sender started with UDP Configuration: 
 IP-Adress: 127.0.0.1 
 Port: 8051 
TIME	0.000
SIMULATE	scenario_3_and_4

TIME	60.390
		UDP_Client started on port 8051Connection closed... 
SIM_END		scenario_3_and_4	60.386s	529.46m
SIM_START	scenario_3_and_4	2022-06-27 12:57:22
TIME	60.545
		Connection closed...Sender started with UDP Configuration: 
 IP-Adress: 127.0.0.1 
 Port: 8051 
TIME	0.000
SIMULATE	scenario_3_and_4

TIME	107.753
		UDP_Client started on port 8051Connection closed... 
SIM_END		scenario_3_and_4	107.75s	1061.01m
TIME	161.565
SIM_START	scenario_3_and_4	2022-06-27 13:08:09
TIME	161.565
		Connection closed...Sender started with UDP Configuration: 
 IP-Adress: 127.0.0.1 
 Port: 8051 
TIME	0.000
SIMULATE	scenario_3_and_4

TIME	88.524
		UDP_Client started on port 8051Connection closed... 
SIM_END		scenario_3_and_4	88.52s	880.88m
SIM_START	scenario_3_and_4	2022-06-27 13:09:42
TIME	88.855
		Connection closed...Sender started with UDP Configuration: 
 IP-Adress: 127.0.0.1 
 Port: 8051 
TIME	0.000
SIMULATE	scenario_3_and_4

TIME	107.753
		UDP_Client started on port 8051Connection closed... 
SIM_END		scenario_3_and_4	107.75s	1061.01m
TIME	135.913
SIM_START	scenario_3_and_4	2022-06-27 13:16:13
TIME	135.913
		Connection closed...Sender started with UDP Configuration: 
 IP-Adress: 127.0.0.1 
 Port: 8051 
TIME	0.000
SIMULATE	scenario_3_and_4

TIME	107.753
		UDP_Client started on port 8051Connection closed... 
SIM_END		scenario_3_and_4	107.75s	1061.01m
TIME	116.214
SIM_START	scenario_3_and_4	2022-06-27 13:19:27
TIME	116.214
		Connection closed...Sender started with UDP Configuration: 
 IP-Adress: 127.0.0.1 
 Port: 8051 
TIME	0.000
SIMULATE	scenario_3_and_4

TIME	107.754
		UDP_Client started on port 8051Connection closed... 
SIM_END		scenario_3_and_4	107.75s	1061.01m
TIME	161.268
SIM_START	scenario_3_and_4	2022-06-27 13:30:11
TIME	161.268
		Connection closed...Sender started with UDP Configuration: 
 IP-Adress: 127.0.0.1 
 Port: 8051 
TIME	0.000
SIMULATE	scenario_3_and_4

TIME	76.831
		UDP_Client started on port 8051Connection closed... 
SIM_END		scenario_3_and_4	76.827s	757.809m
SIM_START	scenario_3_and_4	2022-06-27 13:31:30
TIME	76.932
		Connection closed...Sender started with UDP Configuration: 
 IP-Adress: 127.0.0.1 
 Port: 8051 
TIME	0.000
SIMULATE	scenario_3_and_4

TIME	84.338
		UDP_Client started on port 8051Connection closed... 
SIM_END		scenario_3_and_4	84.334s	849.517m
SIM_START	scenario_3_and_4	2022-06-27 13:32:57
TIME	84.431
		Connection closed...Sender started with UDP Configuration: 
 IP-Adress: 127.0.0.1 
 Port: 8051 
TIME	0.000
SIMULATE	scenario_3_and_4

TIME	89.770
		UDP_Client started on port 8051Connection closed... 
SIM_END		scenario_3_and_4	89.766s	887.981m
SIM_START	scenario_3_and_4	2022-06-27 13:34:29
TIME	89.865
		Connection closed...Sender started with UDP Configuration: 
 IP-Adress: 127.0.0.1 
 Port: 8051 
TIME	0.000
SIMULATE	scenario_3_and_4

TIME	107.753
		UDP_Client started on port 8051Connection closed... 
SIM_END		scenario_3_and_4	107.75s	1061.01m
TIME	124.265
SIM_START	scenario_3_and_4	2022-06-27 13:39:04
TIME	124.265
		Connection closed...Sender started with UDP Configuration: 
 IP-Adress: 127.0.0.1 
 Port: 8051 
TIME	0.000
SIMULATE	scenario_3_and_4

TIME	70.031
		UDP_Client started on port 8051Connection closed... 
SIM_END		scenario_3_and_4	70.027s	663.369m
SIM_START	scenario_3_and_4	2022-06-27 13:40:17
TIME	70.254
		Connection closed...Sender started with UDP Configuration: 
 IP-Adress: 127.0.0.1 
 Port: 8051 
TIME	0.000
SIMULATE	scenario_3_and_4

TIME	107.753
		UDP_Client started on port 8051Connection closed... 
SIM_END		scenario_3_and_4	107.75s	1061.01m
TIME	123.081
SIM_START	scenario_3_and_4	2022-06-27 13:44:40
TIME	123.081
		Connection closed...Sender started with UDP Configuration: 
 IP-Adress: 127.0.0.1 
 Port: 8051 
TIME	0.000
SIMULATE	scenario_3_and_4

TIME	107.753
		UDP_Client started on port 8051Connection closed... 
SIM_END		scenario_3_and_4	107.75s	1061.01m
TIME	131.147
SHUTDOWN	CarMaker quick shutdown initiated

