APPLICATION	Car_Generic &lt;insert.your.version.no&gt; #24 (win64-10.0)
COMPILED	Students@pc-mib-mobile 2021-07-06 17:16:41
 
FIRST_INIT	(internal default used)	2022-06-29 09:36:32
TIME	0.000
		Sender started with UDP Configuration: 
 IP-Adress: 127.0.0.1 
 Port: 8051 
		UDP_Client started on port 8051Connection closed... 
SIM_END			0s	0m
IDLE	09:36:32
SIM_START	scenario_1_and_2	2022-06-29 09:36:32
TIME	0.041
		Connection closed...Sender started with UDP Configuration: 
 IP-Adress: 127.0.0.1 
 Port: 8051 
TIME	0.000
SIMULATE	scenario_1_and_2

TIME	3.616
		UDP_Client started on port 8051Connection closed... 
SIM_END		scenario_1_and_2	3.612s	12.0023m
SHUTDOWN	CarMaker quick shutdown initiated

