APPLICATION	Car_Generic &lt;insert.your.version.no&gt; #24 (win64-10.0)
COMPILED	Students@pc-mib-mobile 2021-07-06 17:16:41
 
FIRST_INIT	(internal default used)	2022-05-09 14:02:57
TIME	0.000
		Sender started with UDP Configuration: 
 IP-Adress: 127.0.0.1 
 Port: 8051 
		UDP_Client started on port 8051Connection closed... 
SIM_END			0s	0m
IDLE	14:02:57
SIM_START	scenario 1	2022-05-09 14:03:00
TIME	0.250
		Connection closed...Sender started with UDP Configuration: 
 IP-Adress: 127.0.0.1 
 Port: 8051 
TIME	0.019
		UDP_Client started on port 8051Traffic.0.AutoDrv.Lat: Long. autonomous model 'Generic' not recommended
		Current random seed value = 1652097780
TIME	0.000
SIMULATE	scenario 1

TIME	22.361
		Connection closed... 
SIM_END		scenario 1	22.357s	6.30039e-006m
TIME	28.742
SHUTDOWN	CarMaker quick shutdown initiated

